Pro*COBOL: Release 9.2.0.1.0 - Production on 星期六 6月 23 20:23:59 2007

Copyright (c) 1982, 2002, Oracle Corporation.  All rights reserved.

打开文件：OracleLink.PCO
     1  000010 IDENTIFICATION                               DIVISION.
     2  000020 PROGRAM-ID.  OracleLink.
     3        *****************************************************************
     4        *程序ID         ：OracleLink
     5        *程序名         ：数据库连接
     6        *处理概要       ：进行数据库连接，并作相应的错误处理
     7        *
     8        *
     9        *变量           IO       变量名
    10        *
    11        *
    12        *
    13        *日期           作成者            概要
    14        *2007/04/09     张丽娟            作成
    15        *
    16        *
    17        *
    18        *****************************************************************
    19  
    20        *****************************************************************
    21        *
    22        *****************************************************************
    23  000030 ENVIRONMENT                                  DIVISION.
    24  
    25  
    26  
    27  
    28        *****************************************************************
    29        *
    30        *****************************************************************
    31  000040 DATA                                         DIVISION.
    32        *----------------------------------------------------------------
    33        *
    34        *----------------------------------------------------------------
    35         FILE                                         SECTION.
    36  
    37  000050 WORKING-STORAGE                              SECTION.
    38        *数据库连接定义
    39  000051     EXEC  SQL  BEGIN  DECLARE        SECTION  END-EXEC.
    40        *    Oracle 共通函数
    41  000052     EXEC  SQL  INCLUDE  SQLCOM.CBL            END-EXEC.
    42        *    Oracle SQL实行情报
打开文件：D:\ZLJPj\Source\COPYLIB_DB\SQLCOM.CBL
     1  000010*  
     2  000030   01  SQLSTATE                      PIC  X(005).
     3  000040   01  DB-STRING                     PIC  X(020).
     4  000050   01  USERNAME                      PIC  X(010).
     5  000060   01  PASSWD                        PIC  X(010).
     6  000070*
关闭文件：D:\ZLJPj\Source\COPYLIB_DB\SQLCOM.CBL
    43  000055     EXEC  SQL  INCLUDE  SQLCA.CBL             END-EXEC.
    44        *
打开文件：D:\ZLJPj\Source\COPYLIB_DB\SQLCA.CBL
     1        ***************************************************************** 
     2        *                                                               * 
     3        *               S  Q  L  C  A                                   * 
     4        *  (This file in ANSI format.  Do NOT bse it).                  * 
     5        *                                                               * 
     6        * MODIFIED                                                      * 
     7        *   Clare      12/06/84 - Ch SQLCA to not be an EXTERNAL.       * 
     8        ***************************************************************** 
Pro*COBOL: Release 9.2.0.1.0 - Production on 星期六 6月 23 20:23:59 2007

Copyright (c) 1982, 2002, Oracle Corporation.  All rights reserved.

     9         01  SQLCA.                                                       
    10             05  SQLCAID               PIC X(8).                          
    11             05  SQLCABC               PIC S9(9) COMPUTATIONAL.           
    12             05  SQLCODE               PIC S9(9) COMPUTATIONAL.           
    13             05  SQLERRM.                                                 
    14                 49 SQLERRML           PIC S9(4) COMPUTATIONAL.           
    15                 49 SQLERRMC           PIC X(70).                         
    16             05  SQLERRP               PIC X(8).                          
    17             05  SQLERRD OCCURS 6 TIMES                                   
    18                                       PIC S9(9) COMPUTATIONAL.           
    19             05  SQLWARN.                                                 
    20                 10 SQLWARN0           PIC X(1).                          
    21                 10 SQLWARN1           PIC X(1).                          
    22                 10 SQLWARN2           PIC X(1).                          
    23                 10 SQLWARN3           PIC X(1).                          
    24                 10 SQLWARN4           PIC X(1).                          
    25                 10 SQLWARN5           PIC X(1).                          
    26                 10 SQLWARN6           PIC X(1).                          
    27                 10 SQLWARN7           PIC X(1).                          
    28             05  SQLEXT                PIC X(8).                          
关闭文件：D:\ZLJPj\Source\COPYLIB_DB\SQLCA.CBL
    45  000056     EXEC  SQL  END    DECLARE        SECTION  END-EXEC.
    46  
    47        *----------------------------------------------------------------
    48        *WORK变量
    49        *----------------------------------------------------------------
    50         COPY WKAREA.
    51  000070 LINKAGE                                      SECTION.
    52         01 LINKSQLCODE                   PIC S9(9).
    53        *----------------------------------------------------------------
    54        *
    55        *----------------------------------------------------------------
    56  000080 SCREEN                                       SECTION.
    57        *
    58        *****************************************************************
    59        *
    60        *****************************************************************
    61  000120 PROCEDURE                                    DIVISION
    62                     USING LINKSQLCODE.
    63  000130 MainProcess                                  SECTION.
    64             MOVE 'cobol'       TO DB-STRING.
    65             MOVE 'student'      TO USERNAME.
    66             MOVE 'zaq12wsx'    TO PASSWD.
    67             IF DB-STRING = SPACE
    68                 EXEC SQL
    69                     CONNECT :USERNAME IDENTIFIED BY :PASSWD
    70                 END-EXEC
    71             ELSE
    72                 EXEC SQL
    73                     CONNECT :USERNAME IDENTIFIED BY :PASSWD
    74                     USING :DB-STRING
    75                 END-EXEC
    76             END-IF.
    77  
    78  
    79             EVALUATE SQLCODE
    80             WHEN 0
    81        *        连接正常
    82                 CONTINUE
    83             WHEN OTHER
    84        *        连接错误,返回码非“0”，设定错误码
    85                 MOVE 01 TO ERRPOINT
Pro*COBOL: Release 9.2.0.1.0 - Production on 星期六 6月 23 20:23:59 2007

Copyright (c) 1982, 2002, Oracle Corporation.  All rights reserved.

    86                 MOVE SQLCODE TO EMSGSQLCD
    87        *        错误处理
    88                 CALL "ERRORMSG" USING ERRORKEY
    89             END-EVALUATE.
    90             MOVE SQLCODE TO LINKSQLCODE.
    91        *
    92  000190 MainProcessExit.
    93             EXIT PROGRAM.
    94        *
    95         END PROGRAM OracleLink.
关闭文件：OracleLink.PCO
Pro*COBOL: Release 9.2.0.1.0 - Production on 星期六 6月 23 20:23:59 2007

Copyright (c) 1982, 2002, Oracle Corporation.  All rights reserved.


宿主变量
--------------

01  DB-STRING                                           Charf(20)
  D:\ZLJPj\Source\COPYLIB_DB\SQLCOM.CBL      3
  OracleLink.PCO     74

01  PASSWD                                              Charf(10)
  D:\ZLJPj\Source\COPYLIB_DB\SQLCOM.CBL      5
  OracleLink.PCO     69     73

01  SQLSTATE                                            Charf(5)
  D:\ZLJPj\Source\COPYLIB_DB\SQLCOM.CBL      2
  OracleLink.PCO     68     72

01  USERNAME                                            Charf(10)
  D:\ZLJPj\Source\COPYLIB_DB\SQLCOM.CBL      4
  OracleLink.PCO     69     73

Pro*COBOL: Release 9.2.0.1.0 - Production on 星期六 6月 23 20:23:59 2007

Copyright (c) 1982, 2002, Oracle Corporation.  All rights reserved.



                              预编译器选项
-------------------------------------------------------------------------------
选项名称       当前值               设置地点
-------------------------------------------------------------------------------
asacc             否                默认                                        
assume_sqlcode    否                默认                                        
auto_connect      否                默认                                        
close_on_commit   是                mode                                        
comp5             是                d:\oracle\ora92\precomp\admin\pcbcfg.cfg    
config            default config    默认                                        
date_format       local             默认                                        
dbms              native            默认                                        
declare_section   是                mode                                        
define            *none*            默认                                        
dynamic           ansi              mode                                        
end_of_fetch      100               mode                                        
eol_padding       是                默认                                        
errors            是                默认                                        
fips              否                默认                                        
format            ansi              默认                                        
hold_cursor       否                默认                                        
host              cobol             默认                                        
iname             OracleLink.PCO    命令行                                      
include           D:\ZLJPj\Source\COd:\oracle\ora92\precomp\admin\pcbcfg.cfg    
ireclen           132               d:\oracle\ora92\precomp\admin\pcbcfg.cfg    
litdelim          quote             默认                                        
lname             *none*            默认                                        
lreclen           132               默认                                        
ltype             long              默认                                        
maxliteral        160               d:\oracle\ora92\precomp\admin\pcbcfg.cfg    
maxopencursors    10                默认                                        
mode              ANSI              d:\oracle\ora92\precomp\admin\pcbcfg.cfg    
nested            是                默认                                        
nls_local         是                d:\oracle\ora92\precomp\admin\pcbcfg.cfg    
oname             OracleLink.Cbl    命令行                                      
oraca             否                默认                                        
oreclen           80                默认                                        
pagelen           66                默认                                        
picx              charf             默认                                        
prefetch          1                 默认                                        
release_cursor    否                默认                                        
select_error      是                默认                                        
sqlcheck          FULL              d:\oracle\ora92\precomp\admin\pcbcfg.cfg    
threads           否                默认                                        
type_code         ansi              mode                                        
unsafe_null       否                默认                                        
userid            student/zaq12wsx@cd:\oracle\ora92\precomp\admin\pcbcfg.cfg    
varchar           否                默认                                        
xref              是                默认                                        
Pro*COBOL: Release 9.2.0.1.0 - Production on 星期六 6月 23 20:23:59 2007

Copyright (c) 1982, 2002, Oracle Corporation.  All rights reserved.


统计信息
----------

返回代码: 0
严重级 I 的消息数量: 0
严重级 W 的消息数量: 0
严重级 E 的消息数量: 0
严重级 F 的消息数量: 0
输入行数: 101
说明的宿主变量个数: 4
游标名数量: 0
语句名数量: 0
可使用的最大内存 (字节): 80004
