Pro*COBOL: Release 9.2.0.1.0 - Production on y Apr 9 12:10:08 2005

Copyright (c) 1982, 2002, Oracle Corporation.  All rights reserved.

t@C: COBISAOO.PCOI[v
     1  000010******************************************************************
     2  000020*         CP(A)                                     *
     3  000030*      1. vO  : Ǘڍs                       *
     4  000040*      2. vOID  : COBISAOO                               *
     5  000050*      3. Tv      : Ǘ({)ʔԂ *
     6  000060*                         PʂœǍ݁AǗA           *
     7  000070*                         Ǘ_ׂ쐬B      *
     8  000080*      4. 쐬        : ≓                                 *
     9  000090*      5. 쐬        : 2005.04.02                             *
    10  000100******************************************************************
    11  000110*                                                                 
    12  000120******************************************************************
    13  000130*    hcdmshehb`shnm  chuhrhnm              *
    14  000140******************************************************************
    15  000150 IDENTIFICATION                       DIVISION.                   
    16  000160*                                                                 
    17  000170 PROGRAM-ID.                          COBISAOO.                   
    18  000180******************************************************************
    19  000190*    dmuhqnmldms        chuhrhnm              *
    20  000200******************************************************************
    21  000210 ENVIRONMENT                          DIVISION.                   
    22  000220******************************************************************
    23  000230*    c`s`                      chuhrhnm              *
    24  000240******************************************************************
    25  000250 DATA                                 DIVISION.                   
    26  000260******************************************************************
    27  000270*  vnqjhmf|rsnq`fd  rdbshnm                *
    28  000280******************************************************************
    29  000290  WORKING-STORAGE                     SECTION.                    
    30  000300*----------------------------------------------------------------*
    31  000310*    zXgϐ`GA                                        *
    32  000320*----------------------------------------------------------------*
    33  000330     EXEC  SQL  BEGIN  DECLARE        SECTION  END-EXEC.          
    34  000340 01  v|z                         PIC      9(02).             
    35  000350 01  v|ϐ                         PIC      9(01).             
    36  000360*                                                                 
    37  000370*--< nq`bkdʕϐ >                                       
    38  000380     EXEC  SQL  INCLUDE  SQLCOM.CBL            END-EXEC.          
    39  000390*                                                                 
    40  000400*--< nq`bkd  rpks >                               
t@C: Z:\COB97\COPYLIB_DB\SQLCOM.CBLI[v
     1  000010*--rpkʕϐ
     2  000030   01  SQLSTATE                      PIC  X(005).
     3  000040   01  DB-STRING                     PIC  X(020).
     4  000050   01  USERNAME                      PIC  X(010).
     5  000060   01  PASSWD                        PIC  X(010).
     6  000070*
t@C: Z:\COB97\COPYLIB_DB\SQLCOM.CBLN[Y
    41  000410     EXEC  SQL  INCLUDE  SQLCA.COB             END-EXEC.          
    42  000420*                                                                 
    43  000430*--< Ǘ({)>                                  
    44  000440     EXEC  SQL  INCLUDE  LTRNKK.CBL            END-EXEC.          
    45  000450*                                                                 
    46  000460*--< Ǘ >                                               
t@C: Z:\COB97\COPYLIB_DB\LTRNKK.CBLI[v
     1  000010************************************************
     2  000020* Ǘcai{)(LTRNKK)
     3  000030************************************************
     4  000040 01  ksqmjj|ʔ PIC S9(009) COMP-3.
     5  000050 01  ksqmjj| PIC  X(007).
     6  000060 01  ksqmjj|ʔԂP PIC S9(009) COMP-3.
Pro*COBOL: Release 9.2.0.1.0 - Production on y Apr 9 12:10:08 2005

Copyright (c) 1982, 2002, Oracle Corporation.  All rights reserved.

     7  000070 01  ksqmjj|於̂P PIC  X(048).
     8  000080 01  ksqmjj|zP PIC S9(013) COMP-3.
     9  000090 01  ksqmjj|ʔԂQ PIC S9(009) COMP-3.
    10  000100 01  ksqmjj|於̂Q PIC  X(048).
    11  000110 01  ksqmjj|zQ PIC S9(013) COMP-3.
    12  000120 01  ksqmjj|ʔԂR PIC S9(009) COMP-3.
    13  000130 01  ksqmjj|於̂R PIC  X(048).
    14  000140 01  ksqmjj|zR PIC S9(013) COMP-3.
    15  000150 01  ksqmjj|ʔԂS PIC S9(009) COMP-3.
    16  000160 01  ksqmjj|於̂S PIC  X(048).
    17  000170 01  ksqmjj|zS PIC S9(013) COMP-3.
    18  000180 01  ksqmjj|ʔԂT PIC S9(009) COMP-3.
    19  000190 01  ksqmjj|於̂T PIC  X(048).
    20  000200 01  ksqmjj|zT PIC S9(013) COMP-3.
    21  000210 01  ksqmjj|ʔԂU PIC S9(009) COMP-3.
    22  000220 01  ksqmjj|於̂U PIC  X(048).
    23  000230 01  ksqmjj|zU PIC S9(013) COMP-3.
    24  000240 01  ksqmjj|ʔԂV PIC S9(009) COMP-3.
    25  000250 01  ksqmjj|於̂V PIC  X(048).
    26  000260 01  ksqmjj|zV PIC S9(013) COMP-3.
    27  000270 01  ksqmjj|ʔԂW PIC S9(009) COMP-3.
    28  000280 01  ksqmjj|於̂W PIC  X(048).
    29  000290 01  ksqmjj|zW PIC S9(013) COMP-3.
    30  000300 01  ksqmjj|ʔԂX PIC S9(009) COMP-3.
    31  000310 01  ksqmjj|於̂X PIC  X(048).
    32  000320 01  ksqmjj|zX PIC S9(013) COMP-3.
    33  000330 01  ksqmjj|ʔԂPO PIC S9(009) COMP-3.
    34  000340 01  ksqmjj|於̂PO PIC  X(048).
    35  000350 01  ksqmjj|zPO PIC S9(013) COMP-3.
    36  000360 01  ksqmjj|dR[h PIC S9(004) COMP-3.
    37  000370 01  ksqmjj|ݕ|zP PIC S9(013) COMP-3.
    38  000380 01  ksqmjj|ݕ|ېłbcP PIC S9(003) COMP-3.
    39  000390 01  ksqmjj|ݕ|qdemnP PIC  X(016).
    40  000400 01  ksqmjj|ݕ|zQ PIC S9(013) COMP-3.
    41  000410 01  ksqmjj|ݕ|ېłbcQ PIC S9(003) COMP-3.
    42  000420 01  ksqmjj|ݕ|qdemnQ PIC  X(016).
    43  000430 01  ksqmjj|ݕ|zR PIC S9(013) COMP-3.
    44  000440 01  ksqmjj|ݕ|ېłbcR PIC S9(003) COMP-3.
    45  000450 01  ksqmjj|ݕ|qdemnR PIC  X(016).
    46  000460 01  ksqmjj|ݕ|zS PIC S9(013) COMP-3.
    47  000470 01  ksqmjj|ݕ|ېłbcS PIC S9(003) COMP-3.
    48  000480 01  ksqmjj|ݕ|qdemnS PIC  X(016).
    49  000490 01  ksqmjj|ݕ|zT PIC S9(013) COMP-3.
    50  000500 01  ksqmjj|ݕ|ېłbcT PIC S9(003) COMP-3.
    51  000510 01  ksqmjj|ݕ|qdemnT PIC  X(016).
    52  000520 01  ksqmjj|ݕ|zU PIC S9(013) COMP-3.
    53  000530 01  ksqmjj|ݕ|ېłbcU PIC S9(003) COMP-3.
    54  000540 01  ksqmjj|ݕ|qdemnU PIC  X(016).
    55  000550 01  ksqmjj|Ev PIC  X(034).
    56  000560 01  ksqmjj|dZkR[h PIC S9(002) COMP-3.
    57  000570 01  ksqmjj|_~[OOP PIC  X(057).
    58  000580 01  ksqmjj|ʏ PIC  X(035).
t@C: Z:\COB97\COPYLIB_DB\LTRNKK.CBLN[Y
    47  000470     EXEC  SQL  INCLUDE  D57NKK.CBL            END-EXEC.          
    48  000480*                                                                 
    49  000490*--< Ǘ_>                                       
t@C: Z:\COB97\COPYLIB_DB\D57NKK.CBLI[v
     1  000010*****************************************************************
     2  000020*   Ǘ(D57NKK_TBL)
     3  000030*****************************************************************
     4  000040 01  Ǘ.
     5  000050     03  cTVmjj|ʔ      PIC  X(011).
Pro*COBOL: Release 9.2.0.1.0 - Production on y Apr 9 12:10:08 2005

Copyright (c) 1982, 2002, Oracle Corporation.  All rights reserved.

     6  000060     03  cTVmjj|R[h敪  PIC  X(001).
     7  000070     03  cTVmjj|N    PIC  X(008).
     8  000080     03  cTVmjj|      PIC  X(008).
     9  000090     03  cTVmjj|S    PIC  X(020).
    10  000100     03  cTVmjj|dZkR[h
    11  000110                                     PIC  X(002).
    12  000120     03  cTVmjj|Ev          PIC  X(080).
    13  000130     03  cTVmjj|敪  PIC  X(001).
    14  000140     03  cTVmjj|o^N    PIC  X(008).
    15  000150     03  cTVmjj|o^      PIC  X(008).
    16  000160     03  cTVmjj|o^S    PIC  X(008).
    17  000170     03  cTVmjj|XVN    PIC  X(008).
    18  000180     03  cTVmjj|XV      PIC  X(008).
    19  000190     03  cTVmjj|XV        PIC  X(008).
    20  000200     03  cTVmjj|͒S҃R[h
    21  000210                                     PIC  X(008).
t@C: Z:\COB97\COPYLIB_DB\D57NKK.CBLN[Y
    50  000500     EXEC  SQL  INCLUDE  D57NKM.CBL            END-EXEC.          
    51  000510*                                                                 
    52  000520*--< dZkR[hϊe[u>                              
t@C: Z:\COB97\COPYLIB_DB\D57NKM.CBLI[v
     1        *****************************************************************
     2        *   Ǘ|(D57NKM_TBL)
     3        *****************************************************************
     4         01  Ǘ|.
     5             03  cTVmjl|ʔ      PIC  X(011).
     6             03  cTVmjl|ʔ      PIC  X(011).
     7             03  cTVmjl|Ώۊz    PIC S9(013) PACKED-DECIMAL.
     8             03  cTVmjl|敪  PIC  X(001).
     9             03  cTVmjl|o^N    PIC  X(008).
    10             03  cTVmjl|o^      PIC  X(008).
    11             03  cTVmjl|o^S    PIC  X(008).
    12             03  cTVmjl|XVN    PIC  X(008).
    13             03  cTVmjl|XV      PIC  X(008).
    14             03  cTVmjl|XV        PIC  X(008).
    15             03  cTVmjl|͒S҃R[h
    16                                       PIC  X(008).
t@C: Z:\COB97\COPYLIB_DB\D57NKM.CBLN[Y
    53  000530     EXEC  SQL  INCLUDE  IKOTBL008.CBL         END-EXEC.          
    54  000540*                                                                 
t@C: Z:\COB97\COPYLIB_DB\IKOTBL008.CBLI[v
     1  000010************************************************
     2  000020* dZkR[h(IKOTBL008)
     3  000030************************************************
     4  000040 01  hjnOOW|dZkR[h PIC  X(002).
     5  000050 01  hjnOOW|VdZkR[h PIC  X(002).
t@C: Z:\COB97\COPYLIB_DB\IKOTBL008.CBLN[Y
    55  000550     EXEC  SQL  END  DECLARE          SECTION  END-EXEC.          
    56  000560*                                                                 
    57  000570*----------------------------------------------------------------*
    58  000580*    vnqjGA                                              *
    59  000590*----------------------------------------------------------------*
    60  000600 01  vnqj|GA.                                            
    61  000610*--< G[p >                                               
    62  000620     03  v|G[R[h             PIC S9(04).                 
    63  000630*                                                                 
    64  000640*--< tOAA >                                               
    65  000650     03  tOAA.                                            
    66  000660         05  v|I|tO         PIC  X(01).                 
    67  000670         05  v|ُI|tO     PIC  X(01).                 
    68  000680*                                                                 
    69  000690*--< GA >                                                 
Pro*COBOL: Release 9.2.0.1.0 - Production on y Apr 9 12:10:08 2005

Copyright (c) 1982, 2002, Oracle Corporation.  All rights reserved.

    70  000700     03  GA.                                              
    71  000710         05  v|́|           PIC  9(09).                 
    72  000720         05  v|ó|P         PIC  9(09).                 
    73  000730         05  v|ó|Q         PIC  9(09).                 
    74  000740*                                                                 
    75  000750*--< ʏ >                                                   
    76  000760 01  v|ʏ.                                                
    77  000770     03  v|VXet.                                        
    78  000780         05  v|I                 PIC  X(02) VALUE  "20".     
    79  000790         05  v|N               PIC  X(06).                 
    80  000800     03  v|VXe             PIC  X(08).                 
    81  000810     03  v|S                   PIC  X(08) VALUE "IKOPG   ".
    82  000820*                                                                 
    83  000830                                                                  
    84  000840*----------------------------------------------------------------*
    85  000850*    Tu[`                                              *
    86  000860*----------------------------------------------------------------*
    87  000870 01  CALL-AREA.                                                   
    88  000880*--< ʃOTu[` >                                       
    89  000890     03  CLOCO001                     PIC  X(08) VALUE "CLOCO001".
    90  000900     03  COBCO001                     PIC  X(08) VALUE "COBCO001".
    91  000910*                                                                 
    92  000920*----------------------------------------------------------------*
    93  000930*    bnoẍ                                                *
    94  000940*----------------------------------------------------------------*
    95  000950*--< ʃOpp[^ >                                       
    96  000960 01  IF-CHOCO001.                                                 
    97  000970     COPY  CHOCO001  REPLACING  ==()==  BY  ==P|==.           
    98  000980*                                                                 
    99  000990*----------------------------------------------------------------*
   100  001000*    hmht@CǍTu[`pp^̈                *
   101  001010*----------------------------------------------------------------*
   102  001020 01  PARA-AREA.                                                   
   103  001030     COPY CPBCO001.                                               
   104  001040******************************************************************
   105  001050*    萔pf[^`GA                                      *
   106  001060******************************************************************
   107  001070 CONSTANT                             SECTION.                    
   108  001080 01  萔̈.                                                    
   109  001090     03  萔|vOhc         PIC  X(08) VALUE "COBISAOO".
   110  001100     03  萔|vO           PIC  X(80)                  
   111  001110                                      VALUE  "Ǘڍs ". 
   112  001120     03  萔|rpknj             PIC S9(04)  VALUE  ZERO.    
   113  001130     03  萔|rpkdmc           PIC S9(04)  VALUE  0100.    
   114  001140     03  萔|               PIC S9(04)  VALUE  ZERO.    
   115  001150     03  萔|ُ               PIC S9(04)  VALUE  0009.    
   116  001160******************************************************************
   117  001170*    oqnbdctqd            chuhrhnm              *
   118  001180******************************************************************
   119  001190 PROCEDURE                            DIVISION.                   
   120  001200*                                                                 
   121  001210     PERFORM  .                                           
   122  001220*                                                                 
   123  001230     PERFORM  又  UNTIL  v|I|tO  =  "Y".            
   124  001240*                                                                 
   125  001250     PERFORM  I.                                           
   126  001260*                                                                 
   127  001270     STOP     RUN.                                                
   128  001280*                                                                 
   129  001290******************************************************************
   130  001300*                                                        *
   131  001310******************************************************************
Pro*COBOL: Release 9.2.0.1.0 - Production on y Apr 9 12:10:08 2005

Copyright (c) 1982, 2002, Oracle Corporation.  All rights reserved.

   132  001320                              SECTION.                    
   133  001330 |rs`qs.                                            
   134  001340*                                                                 
   135  001350*----------------------------------------------------------------*
   136  001360*    JnbZ[Wo͏                                      *
   137  001370*----------------------------------------------------------------*
   138  001380     INITIALIZE                       IF-CHOCO001.                
   139  001390     MOVE  "3"                        TO  P|Cxg.     
   140  001400     MOVE  萔|vOhc       TO  P|\[Xhc.       
   141  001410     MOVE  "0"                        TO  P|AR[h.       
   142  001420     MOVE  "START"                    TO  P|.         
   143  001430     MOVE  萔|vO         TO  P|̑bZ[W. 
   144  001440     CALL  CLOCO001                USING  IF-CHOCO001.            
   145  001450*                                                                 
   146  001460*----------------------------------------------------------------*
   147  001470*    Ɨ̈̏l                                        *
   148  001480*----------------------------------------------------------------*
   149  001490     MOVE  SPACE                      TO  vnqj|GA.       
   150  001500     INITIALIZE                           vnqj|GA.       
   151  001510*                                                                 
   152  001520*--< bott擾 >                                           
   153  001530     ACCEPT  v|N               FROM  DATE.                 
   154  001540*                                                                 
   155  001550*--< bot擾 >                                           
   156  001560     ACCEPT  v|VXe         FROM  TIME.                 
   157  001570*                                                                 
   158  001580*--< nq`bkdڑ >                                           
   159  001590     PERFORM   nq`bkdڑ.                                  
   160  001600*                                                                 
   161  001610*--< e[uJ[\` >                                   
   162  001620     PERFORM  e[uJ[\`.                           
   163  001630*                                                                 
   164  001640*--< e[uJ[\Ǎ(P) >                           
   165  001650     PERFORM  e[uJ[\Ǎ.                           
   166  001660*                                                                 
   167  001670 |dwhs.                                              
   168  001680     EXIT.                                                        
   169  001690******************************************************************
   170  001700*    nq`bkdڑ                                            *
   171  001710******************************************************************
   172  001720 nq`bkdڑ                     SECTION.                    
   173  001730 nq`bkdڑ|rs`qs.                                    
   174  001740*                                                                 
   175  001750*--< caڑp擾 >                                   
   176  001760     CALL  COBCO001                USING  PARA-AREA.              
   177  001770*                                                                 
   178  001780     MOVE  PARA-DBSTRING              TO  DB-STRING.              
   179  001790     MOVE  PARA-USERNAME              TO  USERNAME.               
   180  001800     MOVE  PARA-PASSWORD              TO  PASSWD.                 
   181  001810*                                                                 
   182  001820*----------------------------------------------------------------*
   183  001830*    Jnڑ                                                    *
   184  001840*----------------------------------------------------------------*
   185  001850     IF    DB-STRING  =  SPACE                                    
   186  001860        EXEC SQL                                                  
   187  001870           CONNECT  :USERNAME IDENTIFIED BY :PASSWD               
   188  001880        END-EXEC                                                  
   189  001890     ELSE                                                         
   190  001900        EXEC SQL                                                  
   191  001910           CONNECT  :USERNAME IDENTIFIED BY :PASSWD               
   192  001920             USING  :DB-STRING                                    
   193  001930        END-EXEC                                                  
Pro*COBOL: Release 9.2.0.1.0 - Production on y Apr 9 12:10:08 2005

Copyright (c) 1982, 2002, Oracle Corporation.  All rights reserved.

   194  001940     END-IF.                                                      
   195  001950*                                                                 
   196  001960*----------------------------------------------------------------*
   197  001970*    ڑmF                                                    *
   198  001980*----------------------------------------------------------------*
   199  001990     EVALUATE  SQLCODE                                            
   200  002000        WHEN   萔|rpknj                                   
   201  002010           CONTINUE                                               
   202  002020        WHEN   OTHER                                              
   203  002030*--<       ڑG[ >                                           
   204  002040           MOVE     -10               TO  v|G[R[h        
   205  002050           PERFORM  G[菈                                
   206  002060     END-EVALUATE.                                                
   207  002070*                                                                 
   208  002080 nq`bkdڑ|dwhs.                                      
   209  002090     EXIT.                                                        
   210  002100******************************************************************
   211  002110*        e[uJ[\`                                *
   212  002120******************************************************************
   213  002130 e[uJ[\`             SECTION.                    
   214  002140 e[uJ[\`|rs`qs.                            
   215  002150*                                                                 
   216  002160*----------------------------------------------------------------*
   217  002170*    J[\nodm                                        *
   218  002180*----------------------------------------------------------------*
   219  002190     EXEC SQL                                                     
   220  002200        DECLARE CUR1  CURSOR FOR                                  
   221  002210           SELECT  LTRNKK.ʔ                                
   222  002220                  ,LTRNKK.                                  
   223  002230                  ,LTRNKK.dZkR[h                          
   224  002240                  ,LTRNKK.Ev                                    
   225  002250                  ,LTRNKK.zP                                  
   226  002260                  ,LTRNKK.zQ                                  
   227  002270                  ,LTRNKK.zR                                  
   228  002280                  ,LTRNKK.zS                                  
   229  002290                  ,LTRNKK.zT                                  
   230  002300                  ,LTRNKK.zU                                  
   231  002310                  ,LTRNKK.zV                                  
   232  002320                  ,LTRNKK.zW                                  
   233  002330                  ,LTRNKK.zX                                  
   234  002340                  ,LTRNKK.zPO                                
   235  002350                  ,LTRNKK.ʔԂP                              
   236  002360                  ,LTRNKK.ʔԂQ                              
   237  002370                  ,LTRNKK.ʔԂR                              
   238  002380                  ,LTRNKK.ʔԂS                              
   239  002390                  ,LTRNKK.ʔԂT                              
   240  002400                  ,LTRNKK.ʔԂU                              
   241  002410                  ,LTRNKK.ʔԂV                              
   242  002420                  ,LTRNKK.ʔԂW                              
   243  002430                  ,LTRNKK.ʔԂX                              
   244  002440                  ,LTRNKK.ʔԂPO                            
   245  002450             FROM  LTRNKK                                         
   246  002460     END-EXEC.                                                    
   247  002470*                                                                 
   248  002480*----------------------------------------------------------------*
   249  002490*    J[\nodm                                        *
   250  002500*----------------------------------------------------------------*
   251  002510     EXEC  SQL                                                    
   252  002520        OPEN  CUR1                                                
   253  002530     END-EXEC.                                                    
   254  002540*                                                                 
   255  002550*----------------------------------------------------------------*
Pro*COBOL: Release 9.2.0.1.0 - Production on y Apr 9 12:10:08 2005

Copyright (c) 1982, 2002, Oracle Corporation.  All rights reserved.

   256  002560*    J[\nodmmF                                        *
   257  002570*----------------------------------------------------------------*
   258  002580     EVALUATE  SQLCODE                                            
   259  002590        WHEN  萔|rpknj                                    
   260  002600*--<        >                                                 
   261  002610           CONTINUE                                               
   262  002620        WHEN  OTHER                                               
   263  002630*--<       J[\nodmG[ >                               
   264  002640           MOVE -20                   TO  v|G[R[h        
   265  002650           PERFORM  G[菈                                
   266  002660     END-EVALUATE.                                                
   267  002670*                                                                 
   268  002680 e[uJ[\`|dwhs.                              
   269  002690     EXIT.                                                        
   270  002700******************************************************************
   271  002710*    e[uJ[\Ǎ                                    *
   272  002720******************************************************************
   273  002730 e[uJ[\Ǎ             SECTION.                    
   274  002740 e[uJ[\Ǎ|rs`qs.                            
   275  002750*                                                                 
   276  002760*--< e[uJ[\Ǎ >                                   
   277  002770     EXEC SQL                                                     
   278  002780         FETCH  CUR1                                              
   279  002790          INTO  :ksqmjj|ʔ                           
   280  002800               ,:ksqmjj|                             
   281  002810               ,:ksqmjj|dZkR[h                     
   282  002820               ,:ksqmjj|Ev                               
   283  002830               ,:ksqmjj|zP                             
   284  002840               ,:ksqmjj|zQ                             
   285  002850               ,:ksqmjj|zR                             
   286  002860               ,:ksqmjj|zS                             
   287  002870               ,:ksqmjj|zT                             
   288  002880               ,:ksqmjj|zU                             
   289  002890               ,:ksqmjj|zV                             
   290  002900               ,:ksqmjj|zW                             
   291  002910               ,:ksqmjj|zX                             
   292  002920               ,:ksqmjj|zPO                           
   293  002930               ,:ksqmjj|ʔԂP                         
   294  002940               ,:ksqmjj|ʔԂQ                         
   295  002950               ,:ksqmjj|ʔԂR                         
   296  002960               ,:ksqmjj|ʔԂS                         
   297  002970               ,:ksqmjj|ʔԂT                         
   298  002980               ,:ksqmjj|ʔԂU                         
   299  002990               ,:ksqmjj|ʔԂV                         
   300  003000               ,:ksqmjj|ʔԂW                         
   301  003010               ,:ksqmjj|ʔԂX                         
   302  003020               ,:ksqmjj|ʔԂPO                       
   303  003030     END-EXEC.                                                    
   304  003040*                                                                 
   305  003050*----------------------------------------------------------------*
   306  003060*    e[uJ[\ǍmF                              *
   307  003070*----------------------------------------------------------------*
   308  003080     EVALUATE   SQLCODE                                           
   309  003090        WHEN   萔|rpknj                                   
   310  003100*--<        >                                                 
   311  003110*                                                                 
   312  003120           COMPUTE  v|́|  =  v|́|  +  1       
   313  003130        WHEN   萔|rpkdmc                                 
   314  003140*--<       ǍI >                                             
   315  003150           MOVE  "Y"                  TO  v|I|tO        
   316  003160        WHEN   OTHER                                              
   317  003170*--<       ǍG[ >                                           
Pro*COBOL: Release 9.2.0.1.0 - Production on y Apr 9 12:10:08 2005

Copyright (c) 1982, 2002, Oracle Corporation.  All rights reserved.

   318  003180           MOVE     -30               TO  v|G[R[h        
   319  003190           PERFORM  G[菈                                
   320  003200     END-EVALUATE.                                                
   321  003210*                                                                 
   322  003220 e[uJ[\Ǎ|dwhs.                              
   323  003230     EXIT.                                                        
   324  003240******************************************************************
   325  003250*    又                                                      *
   326  003260******************************************************************
   327  003270 又                               SECTION.                    
   328  003280 又|rs`qs.                                              
   329  003290*--< ǗҏWo >                                       
   330  003300     PERFORM  ǗҏWo.                               
   331  003310*                                                                 
   332  003320*--< Ǘ_וҏWo >                              
   333  003330     PERFORM  ǗוҏWo.                       
   334  003340*                                                                 
   335  003350*--< e[uJ[\ǍiQڈȍ~j >                     
   336  003360     PERFORM  e[uJ[\Ǎ.                           
   337  003370*                                                                 
   338  003380 又|dwhs.                                                
   339  003390     EXIT.                                                        
   340  003400******************************************************************
   341  003410*     ǗҏWo                                       *
   342  003420******************************************************************
   343  003430 ǗҏWo                 SECTION.                    
   344  003440 ǗҏWó|rs`qs.                                
   345  003450*                                                                 
   346  003460*----------------------------------------------------------------*
   347  003470*       ǗڕҏW                                 *
   348  003480*----------------------------------------------------------------*
   349  003490*--< No.01 >                                                      
   350  003500     MOVE  ksqmjj|ʔ     TO  cTVmjj|ʔ. 
   351  003510*                                                                 
   352  003520*--< No.02 >                                                      
   353  003530     MOVE  ZERO                       TO                          
   354  003540                                      cTVmjj|R[h敪. 
   355  003550*--< No.03 >                                                      
   356  003590     EVALUATE  ksqmjj|                               
   357  003591       WHEN  ZERO                                                 
   358  003592         MOVE  ZERO                   TO  cTVmjj|N
   359  003593       WHEN  OTHER                                                
   360  003594         EVALUATE  ksqmjj|(1:1)                      
   361  003600           WHEN    "0"                                            
   362  003610             MOVE    "19"             TO                          
   363  003620                                     cTVmjj|N(1:2)
   364  003630           WHEN    "1"                                            
   365  003640             MOVE    "20"             TO                          
   366  003650                                     cTVmjj|N(1:2)
   367  003662         END-EVALUATE                                             
   368  003663         MOVE  ksqmjj|(2:6)  TO                      
   369  003664                                    cTVmjj|N(3:6) 
   370  003665     END-EVALUATE.                                                
   371  003710*--< No.04 >                                                      
   372  003720     MOVE  ZERO                       TO  cTVmjj|. 
   373  003730*                                                                 
   374  003740*--< No.05 >                                                      
   375  003750     MOVE  SPACE                      TO                          
   376  003760                                         cTVmjj|S.
   377  003770*                                                                 
   378  003780*--< No.06 >                                                      
   379  003790     EXEC SQL                                                     
Pro*COBOL: Release 9.2.0.1.0 - Production on y Apr 9 12:10:08 2005

Copyright (c) 1982, 2002, Oracle Corporation.  All rights reserved.

   380  003800        SELECT   VdZkR[h                             
   381  003810          INTO  :hjnOOW|VdZkR[h               
   382  003820          FROM   IKOTBL008                                        
   383  003830         WHERE   dZkR[h =                           
   384  003840                                   :ksqmjj|dZkR[h  
   385  003850     END-EXEC.                                                    
   386  003860     EVALUATE   SQLCODE                                           
   387  003870        WHEN   萔|rpknj                                   
   388  003880*--<        >                                                 
   389  003890         MOVE  hjnOOW|VdZkR[h TO              
   390  003900                                      cTVmjj|dZkR[h
   391  003910        WHEN   OTHER                                              
   392  003920*--<       caȂ>                                              
   393  003930         MOVE  ZERO                   TO                          
   394  003940                                      cTVmjj|dZkR[h
   395  003950     DISPLAY "dZkR[hϊe[uȂ dZkR[h:" 
   396  003960                       ksqmjj|dZkR[h               
   397  003970     END-EVALUATE.                                                
   398  003980*                                                                 
   399  003990*--< No.07 >                                                      
   400  004000     MOVE  ksqmjj|Ev         TO  cTVmjj|Ev.     
   401  004010*                                                                 
   402  004020*--< No.08 >                                                      
   403  004030     MOVE  ZERO                       TO                          
   404  004040                                      cTVmjj|敪. 
   405  004050*                                                                 
   406  004060*--< No.09 >                                                      
   407  004070     MOVE  v|VXet           TO cTVmjj|o^N.
   408  004080*                                                                 
   409  004090*--< No.10 >                                                      
   410  004100     MOVE  v|VXe           TO cTVmjj|o^.  
   411  004110*                                                                 
   412  004120*--< No.11 >                                                      
   413  004130     MOVE  v|S                 TO cTVmjj|o^S.
   414  004140*                                                                 
   415  004150*--< No.12 >                                                      
   416  004160     MOVE  v|VXet           TO cTVmjj|XVN.
   417  004170*                                                                 
   418  004180*--< No.13 >                                                      
   419  004190     MOVE  v|VXe           TO cTVmjj|XV.  
   420  004200*                                                                 
   421  004210*--< No.14 >                                                      
   422  004220     MOVE  v|S                 TO cTVmjj|XV.    
   423  004230*                                                                 
   424  004240*--< No.15 >                                                      
   425  004250     MOVE  v|S                 TO                          
   426  004260                                   cTVmjj|͒S҃R[h.
   427  004270*--< Ǘo >                                           
   428  004280     PERFORM  Ǘo.                                   
   429  004290*                                                                 
   430  004300 ǗҏWó|dwhs.                                  
   431  004310     EXIT.                                                        
   432  004320                                                                  
   433  004330******************************************************************
   434  004340*   Ǘ_וҏWo                                *
   435  004350******************************************************************
   436  004360 ǗוҏWo         SECTION.                    
   437  004370 ǗוҏWó|rs`qs.                        
   438  004380*--< ʔԏΏۊzҏW >                                     
   439  004390     PERFORM  ʔԏΏۊzҏW                              
   440  004400     VARYING  v|z  FROM 1 BY 1 UNTIL   v|z > 10 .       
   441  004410 ǗוҏWó|dwhs.                          
Pro*COBOL: Release 9.2.0.1.0 - Production on y Apr 9 12:10:08 2005

Copyright (c) 1982, 2002, Oracle Corporation.  All rights reserved.

   442  004420     EXIT.                                                        
   443  004430******************************************************************
   444  004440*   ʔԏΏۊzҏW                                       *
   445  004450******************************************************************
   446  004460 ʔԏΏۊzҏW               SECTION.                    
   447  004470 ʔԏΏۊzҏW|rs`qs.                              
   448  004480     MOVE      ZERO                   TO    v|ϐ .            
   449  004490     EVALUATE   v|z                                          
   450  004500*----------------------------------------------------------------*
   451  004510*       zP                                                   *
   452  004520*----------------------------------------------------------------*
   453  004530      WHEN 1                                                      
   454  004540       IF  ksqmjj|zP         NOT  =  ZERO              
   455  004550*--< No.02 >                                                      
   456  004560         MOVE  ksqmjj|ʔԂP TO  cTVmjl|ʔ
   457  004570*--< No.03 >                                                      
   458  004580         MOVE  ksqmjj|zP     TO                        
   459  004590                                          cTVmjl|Ώۊz
   460  004600         MOVE   1                       TO  v|ϐ              
   461  004610       END-IF                                                     
   462  004620*----------------------------------------------------------------*
   463  004630*       zQ                                                   *
   464  004640*----------------------------------------------------------------*
   465  004650      WHEN 2                                                      
   466  004660       IF  ksqmjj|zQ         NOT  =  ZERO              
   467  004670*--< No.02 >                                                      
   468  004680         MOVE  ksqmjj|ʔԂQ TO                        
   469  004690                                          cTVmjl|ʔ  
   470  004700*--< No.03 >                                                      
   471  004710         MOVE  ksqmjj|zQ     TO                        
   472  004720                                          cTVmjl|Ώۊz
   473  004730         MOVE   1                       TO  v|ϐ              
   474  004740       END-IF                                                     
   475  004750*----------------------------------------------------------------*
   476  004760*       zR                                                   *
   477  004770*----------------------------------------------------------------*
   478  004780      WHEN 3                                                      
   479  004790       IF  ksqmjj|zR         NOT  =  ZERO              
   480  004800*--< No.02 >                                                      
   481  004810         MOVE  ksqmjj|ʔԂR TO                        
   482  004820                                          cTVmjl|ʔ  
   483  004830*--< No.03 >                                                      
   484  004840         MOVE  ksqmjj|zR     TO                        
   485  004850                                          cTVmjl|Ώۊz
   486  004860         MOVE   1                       TO  v|ϐ              
   487  004870       END-IF                                                     
   488  004880*----------------------------------------------------------------*
   489  004890*       zS                                                   *
   490  004900*----------------------------------------------------------------*
   491  004910      WHEN 4                                                      
   492  004920       IF  ksqmjj|zS         NOT  =  ZERO              
   493  004930*--< No.02 >                                                      
   494  004940         MOVE  ksqmjj|ʔԂS TO                        
   495  004950                                          cTVmjl|ʔ  
   496  004960*--< No.03 >                                                      
   497  004970         MOVE  ksqmjj|zS     TO                        
   498  004980                                          cTVmjl|Ώۊz
   499  004990         MOVE   1                       TO  v|ϐ              
   500  005000       END-IF                                                     
   501  005010*----------------------------------------------------------------*
   502  005020*       zT                                                   *
   503  005030*----------------------------------------------------------------*
Pro*COBOL: Release 9.2.0.1.0 - Production on y Apr 9 12:10:08 2005

Copyright (c) 1982, 2002, Oracle Corporation.  All rights reserved.

   504  005040      WHEN 5                                                      
   505  005050       IF  ksqmjj|zT         NOT  =  ZERO              
   506  005060*--< No.02 >                                                      
   507  005070         MOVE  ksqmjj|ʔԂT TO                        
   508  005080                                          cTVmjl|ʔ  
   509  005090*--< No.03 >                                                      
   510  005100         MOVE  ksqmjj|zT     TO                        
   511  005110                                          cTVmjl|Ώۊz
   512  005120         MOVE   1                       TO  v|ϐ              
   513  005130       END-IF                                                     
   514  005140*----------------------------------------------------------------*
   515  005150*       zU                                                   *
   516  005160*----------------------------------------------------------------*
   517  005170      WHEN 6                                                      
   518  005180       IF  ksqmjj|zU         NOT  =  ZERO              
   519  005190*--< No.02 >                                                      
   520  005200         MOVE  ksqmjj|ʔԂU TO                        
   521  005210                                          cTVmjl|ʔ  
   522  005220*--< No.03 >                                                      
   523  005230         MOVE  ksqmjj|zU     TO                        
   524  005240                                          cTVmjl|Ώۊz
   525  005250         MOVE   1                       TO  v|ϐ              
   526  005260       END-IF                                                     
   527  005270*----------------------------------------------------------------*
   528  005280*       zV                                                   *
   529  005290*----------------------------------------------------------------*
   530  005300      WHEN 7                                                      
   531  005310       IF  ksqmjj|zV         NOT  =  ZERO              
   532  005320*--< No.02 >                                                      
   533  005330         MOVE  ksqmjj|ʔԂV TO                        
   534  005340                                          cTVmjl|ʔ  
   535  005350*--< No.03 >                                                      
   536  005360         MOVE  ksqmjj|zV     TO                        
   537  005370                                          cTVmjl|Ώۊz
   538  005380         MOVE   1                       TO  v|ϐ              
   539  005390       END-IF                                                     
   540  005400*----------------------------------------------------------------*
   541  005410*       zW                                                   *
   542  005420*----------------------------------------------------------------*
   543  005430      WHEN 8                                                      
   544  005440       IF  ksqmjj|zW         NOT  =  ZERO              
   545  005450*--< No.02 >                                                      
   546  005460         MOVE  ksqmjj|ʔԂW TO                        
   547  005470                                          cTVmjl|ʔ  
   548  005480*--< No.03 >                                                      
   549  005490         MOVE  ksqmjj|zW     TO                        
   550  005500                                          cTVmjl|Ώۊz
   551  005510         MOVE   1                       TO  v|ϐ              
   552  005520       END-IF                                                     
   553  005530*----------------------------------------------------------------*
   554  005540*       zX                                                   *
   555  005550*----------------------------------------------------------------*
   556  005560      WHEN 9                                                      
   557  005570       IF  ksqmjj|zX         NOT  =  ZERO              
   558  005580*--< No.02 >                                                      
   559  005590         MOVE  ksqmjj|ʔԂX TO                        
   560  005600                                          cTVmjl|ʔ  
   561  005610*--< No.03 >                                                      
   562  005620         MOVE  ksqmjj|zX     TO                        
   563  005630                                          cTVmjl|Ώۊz
   564  005640         MOVE   1                       TO  v|ϐ              
   565  005650       END-IF                                                     
Pro*COBOL: Release 9.2.0.1.0 - Production on y Apr 9 12:10:08 2005

Copyright (c) 1982, 2002, Oracle Corporation.  All rights reserved.

   566  005660*----------------------------------------------------------------*
   567  005670*       zPO                                                 *
   568  005680*----------------------------------------------------------------*
   569  005690      WHEN 10                                                     
   570  005700       IF  ksqmjj|zPO       NOT  =  ZERO              
   571  005710*--< No.02 >                                                      
   572  005720        MOVE ksqmjj|ʔԂPO TO                        
   573  005730                                          cTVmjl|ʔ  
   574  005740*--< No.03 >                                                      
   575  005750        MOVE  ksqmjj|zPO    TO                        
   576  005760                                          cTVmjl|Ώۊz
   577  005770        MOVE   1                        TO  v|ϐ              
   578  005780       END-IF                                                     
   579  005790     END-EVALUATE.                                                
   580  005800*                                                                 
   581  005810     IF   v|ϐ = 1                                            
   582  005820*--< ҏW >                                                   
   583  005830     PERFORM  ҏW                                            
   584  005840*--< Ǘ_׏o >                                  
   585  005850     PERFORM  Ǘ׏o                            
   586  005860*                                                                 
   587  005870     END-IF.                                                      
   588  005880 ʔԏΏۊzҏW|dwhs.                                
   589  005890     EXIT.                                                        
   590  005900******************************************************************
   591  005910*   ҏW                                                     *
   592  005920******************************************************************
   593  005930 ҏW                             SECTION.                    
   594  005940 ҏW|rs`qs.                                            
   595  005950*--< No.01 >                                                      
   596  005960     MOVE  ksqmjj|ʔ     TO  cTVmjl|ʔ .
   597  005970*                                                                 
   598  005980*--< No.04 >                                                      
   599  005990     MOVE  ZERO                       TO                          
   600  006000                                       cTVmjl|敪.
   601  006010*--< No.05 >                                                      
   602  006020     MOVE  v|VXet           TO cTVmjl|o^N.
   603  006030*                                                                 
   604  006040*--< No.06 >                                                      
   605  006050     MOVE  v|VXe           TO cTVmjl|o^ . 
   606  006060*                                                                 
   607  006070*--< No.07 >                                                      
   608  006080     MOVE  v|S                 TO cTVmjl|o^S.
   609  006090*                                                                 
   610  006100*--< No.08 >                                                      
   611  006110     MOVE  v|VXet           TO cTVmjl|XVN.
   612  006120*                                                                 
   613  006130*--< No.09 >                                                      
   614  006140     MOVE  v|VXe           TO cTVmjl|XV . 
   615  006150*                                                                 
   616  006160*--< No.10 >                                                      
   617  006170     MOVE  v|S                 TO cTVmjl|XV .   
   618  006180*                                                                 
   619  006190*--< No.11 >                                                      
   620  006200     MOVE  v|S                 TO                          
   621  006210                                   cTVmjl|͒S҃R[h.
   622  006220 ҏW|dwhs.                                              
   623  006230     EXIT.                                                        
   624  006240******************************************************************
   625  006250*   Ǘo                                             *
   626  006260******************************************************************
   627  006270 Ǘo                     SECTION.                    
Pro*COBOL: Release 9.2.0.1.0 - Production on y Apr 9 12:10:08 2005

Copyright (c) 1982, 2002, Oracle Corporation.  All rights reserved.

   628  006280 Ǘó|rs`qs.                                    
   629  006290*                                                                 
   630  006300       EXEC  SQL                                                  
   631  006310        INSERT  INTO  D57NKK_TBL                                  
   632  006320           ( ʔ                                             
   633  006330            ,R[h敪                                         
   634  006340            ,N                                           
   635  006350            ,                                             
   636  006360            ,S                                           
   637  006370            ,dZkR[h                                       
   638  006380            ,Ev                                                 
   639  006390            ,敪                                         
   640  006400            ,o^N                                           
   641  006410            ,o^                                             
   642  006420            ,o^S                                           
   643  006430            ,XVN                                           
   644  006440            ,XV                                             
   645  006450            ,XV                                               
   646  006460            ,͒S҃R[h)                                    
   647  006470        VALUES                                                    
   648  006480           ( :cTVmjj|ʔ                              
   649  006490            ,:cTVmjj|R[h敪                          
   650  006500            ,:cTVmjj|N                            
   651  006510            ,:cTVmjj|                              
   652  006520            ,:cTVmjj|S                            
   653  006530            ,:cTVmjj|dZkR[h                        
   654  006540            ,:cTVmjj|Ev                                  
   655  006550            ,:cTVmjj|敪                          
   656  006560            ,:cTVmjj|o^N                            
   657  006570            ,:cTVmjj|o^                              
   658  006580            ,:cTVmjj|o^S                            
   659  006590            ,:cTVmjj|XVN                            
   660  006600            ,:cTVmjj|XV                              
   661  006610            ,:cTVmjj|XV                                
   662  006620            ,:cTVmjj|͒S҃R[h )                    
   663  006630     END-EXEC.                                                    
   664  006640*                                                                 
   665  006650*----------------------------------------------------------------*
   666  006660*    ǉmF                                              *
   667  006670*----------------------------------------------------------------*
   668  006680     EVALUATE  SQLCODE                                            
   669  006690        WHEN   萔|rpknj                                   
   670  006700*--<       ǉ >                                             
   671  006710           COMPUTE  v|ó|P  =  v|ó|P +  1    
   672  006720        WHEN   OTHER                                              
   673  006730*--<       ǉG[ >                                       
   674  006740           MOVE     -40               TO  v|G[R[h        
   675  006750           PERFORM  G[菈                                
   676  006760     END-EVALUATE.                                                
   677  006770*                                                                 
   678  006780 Ǘó|dwhs.                                      
   679  006790     EXIT.                                                        
   680  006800******************************************************************
   681  006810*   Ǘ_׏o                                    *
   682  006820******************************************************************
   683  006830 Ǘ׏o             SECTION.                    
   684  006840 Ǘ׏ó|rs`qs.                            
   685  006850     EXEC  SQL                                                    
   686  006860        INSERT  INTO  D57NKM_TBL                                  
   687  006870           ( ʔ                                             
   688  006880            ,ʔ                                             
   689  006890            ,Ώۊz                                           
Pro*COBOL: Release 9.2.0.1.0 - Production on y Apr 9 12:10:08 2005

Copyright (c) 1982, 2002, Oracle Corporation.  All rights reserved.

   690  006900            ,敪                                         
   691  006910            ,o^N                                           
   692  006920            ,o^                                             
   693  006930            ,o^S                                           
   694  006940            ,XVN                                           
   695  006950            ,XV                                             
   696  006960            ,XV                                               
   697  006970            ,͒S҃R[h)                                    
   698  006980        VALUES                                                    
   699  006990           ( :cTVmjl|ʔ                              
   700  007000            ,:cTVmjl|ʔ                              
   701  007010            ,:cTVmjl|Ώۊz                            
   702  007020            ,:cTVmjl|敪                          
   703  007030            ,:cTVmjl|o^N                            
   704  007040            ,:cTVmjl|o^                              
   705  007050            ,:cTVmjl|o^S                            
   706  007060            ,:cTVmjl|XVN                            
   707  007070            ,:cTVmjl|XV                              
   708  007080            ,:cTVmjl|XV                                
   709  007090            ,:cTVmjl|͒S҃R[h )                    
   710  007100     END-EXEC.                                                    
   711  007110*----------------------------------------------------------------*
   712  007120*    ǉmF                                              *
   713  007130*----------------------------------------------------------------*
   714  007140     EVALUATE  SQLCODE                                            
   715  007150        WHEN   萔|rpknj                                   
   716  007160*--<       ǉ >                                             
   717  007170           COMPUTE  v|ó|Q =  v|ó|Q  +  1    
   718  007180        WHEN   OTHER                                              
   719  007190*--<       ǉG[ >                                       
   720  007200           MOVE     -50               TO  v|G[R[h        
   721  007210           PERFORM  G[菈                                
   722  007220     END-EVALUATE.                                                
   723  007230*                                                                 
   724  007240 Ǘ׏ó|dwhs.                              
   725  007250     EXIT.                                                        
   726  007260******************************************************************
   727  007270*    I                                                    *
   728  007280******************************************************************
   729  007290 I                             SECTION.                    
   730  007300 I|rs`qs.                                            
   731  007310*                                                                 
   732  007320     PERFORM  caN[Y.                                   
   733  007330*                                                                 
   734  007340     PERFORM  caR~bg.                                   
   735  007350*                                                                 
   736  007360     PERFORM  IbZ[Wo.                                 
   737  007370*                                                                 
   738  007380*--< vOI >                                         
   739  007390     MOVE  萔|             TO  PROGRAM-STATUS.         
   740  007400*                                                                 
   741  007410 I|dwhs.                                              
   742  007420     EXIT.                                                        
   743  007430******************************************************************
   744  007440*    IbZ[Wo                                          *
   745  007450******************************************************************
   746  007460 IbZ[Wo                   SECTION.                    
   747  007470 IbZ[Wó|rs`qs.                                  
   748  007480*                                                                 
   749  007490*----------------------------------------------------------------*
   750  007500*    bZ[Wo͏                                      *
   751  007510*----------------------------------------------------------------*
Pro*COBOL: Release 9.2.0.1.0 - Production on y Apr 9 12:10:08 2005

Copyright (c) 1982, 2002, Oracle Corporation.  All rights reserved.

   752  007520     INITIALIZE                       IF-CHOCO001.                
   753  007530     MOVE  "3"                        TO  P|Cxg.     
   754  007540     MOVE  萔|vOhc       TO  P|\[Xhc.       
   755  007550     MOVE  "0"                        TO  P|AR[h.       
   756  007560     MOVE  "LTRNKK"                   TO  P|e[uhc. 
   757  007570     MOVE  "COUNT"                    TO  P|.         
   758  007580     MOVE  v|́|             TO  P|f[^e.       
   759  007590     MOVE  "Ǘi{jǍ"                 
   760  007600                                      TO  P|̑bZ[W. 
   761  007610     CALL  CLOCO001                USING  IF-CHOCO001.            
   762  007620*                                                                 
   763  007630     INITIALIZE                       IF-CHOCO001.                
   764  007640     MOVE  "3"                        TO  P|Cxg.     
   765  007650     MOVE  萔|vOhc       TO  P|\[Xhc.       
   766  007660     MOVE  "0"                        TO  P|AR[h.       
   767  007670     MOVE  "D57NKK"                   TO  P|e[uhc. 
   768  007680     MOVE  "COUNT"                    TO  P|.         
   769  007690     MOVE  v|ó|P           TO  P|f[^e.       
   770  007700     MOVE  "Ǘo͌"     TO  P|̑bZ[W. 
   771  007710     CALL  CLOCO001                USING  IF-CHOCO001.            
   772  007720*                                                                 
   773  007730     INITIALIZE                       IF-CHOCO001.                
   774  007740     MOVE  "3"                        TO  P|Cxg.     
   775  007750     MOVE  萔|vOhc       TO  P|\[Xhc.       
   776  007760     MOVE  "0"                        TO  P|AR[h.       
   777  007770     MOVE  "D57NKM"                   TO  P|e[uhc. 
   778  007780     MOVE  "COUNT"                    TO  P|.         
   779  007790     MOVE  v|ó|Q           TO  P|f[^e.       
   780  007800     MOVE  "Ǘ_׏o͌"                        
   781  007810                                      TO  P|̑bZ[W. 
   782  007820     CALL  CLOCO001                USING  IF-CHOCO001.            
   783  007830                                                                  
   784  007840*                                                                 
   785  007850*----------------------------------------------------------------*
   786  007860*    IbZ[Wo                                          *
   787  007870*----------------------------------------------------------------*
   788  007880     INITIALIZE                       IF-CHOCO001.                
   789  007890     MOVE  "3"                        TO  P|Cxg.     
   790  007900     MOVE  萔|vOhc       TO  P|\[Xhc.       
   791  007910     MOVE  "0"                        TO  P|AR[h.       
   792  007920     MOVE  "END"                      TO  P|.         
   793  007930     MOVE  萔|vO         TO  P|̑bZ[W. 
   794  007940     CALL  CLOCO001                USING  IF-CHOCO001.            
   795  007950*                                                                 
   796  007960 IbZ[Wó|dwhs.                                    
   797  007970     EXIT.                                                        
   798  007980******************************************************************
   799  007990*    caN[Y                                                *
   800  008000******************************************************************
   801  008010 caN[Y                     SECTION.                    
   802  008020 caN[Y|rs`qs.                                    
   803  008030*                                                                 
   804  008040*--< J[\ N[Y >                                          
   805  008050     EXEC SQL                                                     
   806  008060        CLOSE  CUR1                                               
   807  008070     END-EXEC.                                                    
   808  008080*                                                                 
   809  008090 caN[Y|dwhs.                                      
   810  008100     EXIT.                                                        
   811  008110******************************************************************
   812  008120*    caR~bg                                            *
   813  008130******************************************************************
Pro*COBOL: Release 9.2.0.1.0 - Production on y Apr 9 12:10:08 2005

Copyright (c) 1982, 2002, Oracle Corporation.  All rights reserved.

   814  008140 caR~bg                     SECTION.                    
   815  008150 caR~bg|rs`qs.                                    
   816  008160*                                                                 
   817  008170     EXEC  SQL                                                    
   818  008180        COMMIT  WORK  RELEASE                                     
   819  008190     END-EXEC.                                                    
   820  008200*                                                                 
   821  008210     INITIALIZE                       IF-CHOCO001.                
   822  008220     MOVE  "3"                        TO  P|Cxg.     
   823  008230     MOVE  萔|vOhc       TO  P|\[Xhc.       
   824  008240     MOVE  "0"                        TO  P|AR[h.       
   825  008250     MOVE  "COMMIT"                   TO  P|.         
   826  008260     MOVE  "R~bg{"             TO  P|̑bZ[W. 
   827  008270     CALL  CLOCO001                USING  IF-CHOCO001.            
   828  008280*                                                                 
   829  008290 caR~bg|dwhs.                                      
   830  008300     EXIT.                                                        
   831  008310******************************************************************
   832  008320*    ca[obN                                        *
   833  008330******************************************************************
   834  008340 ca[obN                 SECTION.                    
   835  008350 ca[obN|rs`qs.                                
   836  008360*                                                                 
   837  008370     EXEC  SQL                                                    
   838  008380        ROLLBACK WORK  RELEASE                                    
   839  008390     END-EXEC.                                                    
   840  008400*                                                                 
   841  008410     INITIALIZE                       IF-CHOCO001.                
   842  008420     MOVE  "1"                        TO  P|Cxg.     
   843  008430     MOVE  萔|vOhc       TO  P|\[Xhc.       
   844  008440     MOVE  "9"                        TO  P|AR[h.       
   845  008450     MOVE  "ROLLBACK"                 TO  P|.         
   846  008460     MOVE  "[obN{"         TO  P|̑bZ[W. 
   847  008470     CALL  CLOCO001                USING  IF-CHOCO001.            
   848  008480*                                                                 
   849  008490 ca[obN|dwhs.                                  
   850  008500     EXIT.                                                        
   851  008510******************************************************************
   852  008520*    G[                                                  *
   853  008530******************************************************************
   854  008540 G[菈                       SECTION.                    
   855  008550 G[菈|rs`qs.                                      
   856  008560*                                                                 
   857  008570     MOVE  "Y"                        TO v|ُI|tO.    
   858  008580     INITIALIZE                           IF-CHOCO001.            
   859  008590*                                                                 
   860  008600     EVALUATE  v|G[R[h                                   
   861  008610        WHEN  -10                                                 
   862  008620*--<       nq`bkdڑs >                                 
   863  008630           MOVE  "1"                  TO  P|Cxg      
   864  008640           MOVE  萔|vOhc TO  P|\[Xhc        
   865  008650           MOVE  "9"                  TO  P|AR[h        
   866  008660           MOVE  "CONNECT"            TO  P|          
   867  008670           MOVE  SQLCODE              TO  P|f[^e        
   868  008680           MOVE  SQLERRMC             TO  P|̑bZ[W  
   869  008690           CALL  CLOCO001          USING  IF-CHOCO001             
   870  008700*                                                                 
   871  008710        WHEN  -20                                                 
   872  008720*--<       e[uJ[\I[vs >                     
   873  008730           MOVE  "1"                  TO  P|Cxg      
   874  008740           MOVE  萔|vOhc TO  P|\[Xhc        
   875  008750           MOVE  "9"                  TO  P|AR[h        
Pro*COBOL: Release 9.2.0.1.0 - Production on y Apr 9 12:10:08 2005

Copyright (c) 1982, 2002, Oracle Corporation.  All rights reserved.

   876  008760           MOVE  "LTRNKK"             TO  P|e[uhc  
   877  008770           MOVE  "OPEN"               TO  P|          
   878  008780           MOVE  SQLCODE              TO  P|f[^e        
   879  008790           MOVE  SQLERRMC             TO  P|̑bZ[W  
   880  008800           CALL  CLOCO001          USING  IF-CHOCO001             
   881  008810*                                                                 
   882  008820        WHEN  -30                                                 
   883  008830*--<       e[uǍs >                                 
   884  008840           MOVE  "1"                  TO  P|Cxg      
   885  008850           MOVE  萔|vOhc TO  P|\[Xhc        
   886  008860           MOVE  "9"                  TO  P|AR[h        
   887  008870           MOVE  "LTRNKK"             TO  P|e[uhc  
   888  008880           MOVE  "FETCH"              TO  P|          
   889  008890           MOVE  SQLCODE              TO  P|f[^e        
   890  008900           MOVE  SQLERRMC             TO  P|̑bZ[W  
   891  008910           CALL  CLOCO001          USING  IF-CHOCO001             
   892  008920*                                                                 
   893  008930        WHEN  -40                                                 
   894  008940*--<       Ǘǉs >                                 
   895  008950           MOVE  "1"                  TO  P|Cxg      
   896  008960           MOVE  萔|vOhc TO  P|\[Xhc        
   897  008970           MOVE  "9"                  TO  P|AR[h        
   898  008980           MOVE  "D57NKK"             TO  P|e[uhc  
   899  008990           MOVE  "INSERT"             TO  P|          
   900  009000           MOVE  SQLCODE              TO  P|f[^e        
   901  009010           MOVE  SQLERRMC             TO  P|̑bZ[W  
   902  009020           CALL  CLOCO001          USING  IF-CHOCO001             
   903  009030*                                                                 
   904  009040        WHEN  -50                                                 
   905  009050*--<       Ǘ|גǉs >                       
   906  009060           MOVE  "1"                  TO  P|Cxg      
   907  009070           MOVE  萔|vOhc TO  P|\[Xhc        
   908  009080           MOVE  "9"                  TO  P|AR[h        
   909  009090           MOVE  "D57NKM"             TO  P|e[uhc  
   910  009100           MOVE  "INSERT"             TO  P|          
   911  009110           MOVE  SQLCODE              TO  P|f[^e        
   912  009120           MOVE  SQLERRMC             TO  P|̑bZ[W  
   913  009130           CALL  CLOCO001          USING  IF-CHOCO001             
   914  009140                                                                  
   915  009150*                                                                 
   916  009160        WHEN  OTHER                                               
   917  009170           MOVE  "N"                  TO v|ُI|tO     
   918  009180     END-EVALUATE.                                                
   919  009190*                                                                 
   920  009200     IF v|ُI|tO  =  "Y"                              
   921  009210        PERFORM  ca[obN                             
   922  009220*                                                                 
   923  009230        PERFORM  IbZ[Wo                               
   924  009240*                                                                 
   925  009250*--<    vOُĨ^[R[h >                      
   926  009260        MOVE  萔|ُ          TO  PROGRAM-STATUS          
   927  009270*                                                                 
   928  009280        EXIT  PROGRAM                                             
   929  009290     END-IF.                                                      
   930  009300*                                                                 
   931  009310 G[|dwhs.                                            
   932  009320     EXIT.                                                        
   933  009330******************************************************************
   934  009340*                  END OF PROGRAM                                *
   935  009350******************************************************************
t@C: COBISAOO.PCON[Y
Pro*COBOL: Release 9.2.0.1.0 - Production on y Apr 9 12:10:08 2005

Copyright (c) 1982, 2002, Oracle Corporation.  All rights reserved.


zXgϐ
--------------

01  DB-STRING                                           Charf(20)
  Z:\COB97\COPYLIB_DB\SQLCOM.CBL      3
  COBISAOO.PCO    192

01  PASSWD                                              Charf(10)
  Z:\COB97\COPYLIB_DB\SQLCOM.CBL      5
  COBISAOO.PCO    187    191

01  SQLSTATE                                            Charf(5)
  Z:\COB97\COPYLIB_DB\SQLCOM.CBL      2
  COBISAOO.PCO    186    190    251    277    379    630    685    805    817    837

01  USERNAME                                            Charf(10)
  Z:\COB97\COPYLIB_DB\SQLCOM.CBL      4
  COBISAOO.PCO    187    191

03  cTVmjj|R[h敪 OF             Charf(1)
  Z:\COB97\COPYLIB_DB\D57NKK.CBL      6
  COBISAOO.PCO    649

03  cTVmjj|XV OF Ǘ              Charf(8)
  Z:\COB97\COPYLIB_DB\D57NKK.CBL     18
  COBISAOO.PCO    660

03  cTVmjj|XV OF Ǘ                Charf(8)
  Z:\COB97\COPYLIB_DB\D57NKK.CBL     19
  COBISAOO.PCO    661

03  cTVmjj|XVN OF Ǘ            Charf(8)
  Z:\COB97\COPYLIB_DB\D57NKK.CBL     17
  COBISAOO.PCO    659

03  cTVmjj|dZkR[h OF             Charf(2)
  Z:\COB97\COPYLIB_DB\D57NKK.CBL     10
  COBISAOO.PCO    653

03  cTVmjj| OF Ǘ              Charf(8)
  Z:\COB97\COPYLIB_DB\D57NKK.CBL      8
  COBISAOO.PCO    651

03  cTVmjj|敪 OF             Charf(1)
  Z:\COB97\COPYLIB_DB\D57NKK.CBL     13
  COBISAOO.PCO    655

03  cTVmjj|S OF Ǘ            Charf(20)
  Z:\COB97\COPYLIB_DB\D57NKK.CBL      9
  COBISAOO.PCO    652

03  cTVmjj|ʔ OF Ǘ              Charf(11)
  Z:\COB97\COPYLIB_DB\D57NKK.CBL      5
  COBISAOO.PCO    648

03  cTVmjj|N OF Ǘ            Charf(8)
  Z:\COB97\COPYLIB_DB\D57NKK.CBL      7
  COBISAOO.PCO    650

03  cTVmjj|Ev OF Ǘ                  Charf(80)
  Z:\COB97\COPYLIB_DB\D57NKK.CBL     12
Pro*COBOL: Release 9.2.0.1.0 - Production on y Apr 9 12:10:08 2005

Copyright (c) 1982, 2002, Oracle Corporation.  All rights reserved.

  COBISAOO.PCO    654

03  cTVmjj|o^ OF Ǘ              Charf(8)
  Z:\COB97\COPYLIB_DB\D57NKK.CBL     15
  COBISAOO.PCO    657

03  cTVmjj|o^S OF Ǘ            Charf(8)
  Z:\COB97\COPYLIB_DB\D57NKK.CBL     16
  COBISAOO.PCO    658

03  cTVmjj|o^N OF Ǘ            Charf(8)
  Z:\COB97\COPYLIB_DB\D57NKK.CBL     14
  COBISAOO.PCO    656

03  cTVmjj|͒S҃R[h OF             Charf(8)
  Z:\COB97\COPYLIB_DB\D57NKK.CBL     20
  COBISAOO.PCO    662

03  cTVmjl|XV OF Ǘ|            Charf(8)
  Z:\COB97\COPYLIB_DB\D57NKM.CBL     13
  COBISAOO.PCO    707

03  cTVmjl|XV OF Ǘ|            Charf(8)
  Z:\COB97\COPYLIB_DB\D57NKM.CBL     14
  COBISAOO.PCO    708

03  cTVmjl|XVN OF Ǘ            Charf(8)
  Z:\COB97\COPYLIB_DB\D57NKM.CBL     12
  COBISAOO.PCO    706

03  cTVmjl|敪 OF             Charf(1)
  Z:\COB97\COPYLIB_DB\D57NKM.CBL      8
  COBISAOO.PCO    702

03  cTVmjl|Ώۊz OF Ǘ            Decimal(13,0)
  Z:\COB97\COPYLIB_DB\D57NKM.CBL      7
  COBISAOO.PCO    701

03  cTVmjl|ʔ OF Ǘ|            Charf(11)
  Z:\COB97\COPYLIB_DB\D57NKM.CBL      5
  COBISAOO.PCO    699

03  cTVmjl|o^ OF Ǘ|            Charf(8)
  Z:\COB97\COPYLIB_DB\D57NKM.CBL     10
  COBISAOO.PCO    704

03  cTVmjl|o^S OF Ǘ            Charf(8)
  Z:\COB97\COPYLIB_DB\D57NKM.CBL     11
  COBISAOO.PCO    705

03  cTVmjl|o^N OF Ǘ            Charf(8)
  Z:\COB97\COPYLIB_DB\D57NKM.CBL      9
  COBISAOO.PCO    703

03  cTVmjl|ʔ OF Ǘ|            Charf(11)
  Z:\COB97\COPYLIB_DB\D57NKM.CBL      6
  COBISAOO.PCO    700

03  cTVmjl|͒S҃R[h OF             Charf(8)
  Z:\COB97\COPYLIB_DB\D57NKM.CBL     15
  COBISAOO.PCO    709

Pro*COBOL: Release 9.2.0.1.0 - Production on y Apr 9 12:10:08 2005

Copyright (c) 1982, 2002, Oracle Corporation.  All rights reserved.

01  hjnOOW|VdZkR[h                  Charf(2)
  Z:\COB97\COPYLIB_DB\IKOTBL008.CBL      5
  COBISAOO.PCO    381

01  ksqmjj|zP                                Decimal(13,0)
  Z:\COB97\COPYLIB_DB\LTRNKK.CBL      8
  COBISAOO.PCO    283

01  ksqmjj|zPO                              Decimal(13,0)
  Z:\COB97\COPYLIB_DB\LTRNKK.CBL     35
  COBISAOO.PCO    292

01  ksqmjj|zQ                                Decimal(13,0)
  Z:\COB97\COPYLIB_DB\LTRNKK.CBL     11
  COBISAOO.PCO    284

01  ksqmjj|zR                                Decimal(13,0)
  Z:\COB97\COPYLIB_DB\LTRNKK.CBL     14
  COBISAOO.PCO    285

01  ksqmjj|zS                                Decimal(13,0)
  Z:\COB97\COPYLIB_DB\LTRNKK.CBL     17
  COBISAOO.PCO    286

01  ksqmjj|zT                                Decimal(13,0)
  Z:\COB97\COPYLIB_DB\LTRNKK.CBL     20
  COBISAOO.PCO    287

01  ksqmjj|zU                                Decimal(13,0)
  Z:\COB97\COPYLIB_DB\LTRNKK.CBL     23
  COBISAOO.PCO    288

01  ksqmjj|zV                                Decimal(13,0)
  Z:\COB97\COPYLIB_DB\LTRNKK.CBL     26
  COBISAOO.PCO    289

01  ksqmjj|zW                                Decimal(13,0)
  Z:\COB97\COPYLIB_DB\LTRNKK.CBL     29
  COBISAOO.PCO    290

01  ksqmjj|zX                                Decimal(13,0)
  Z:\COB97\COPYLIB_DB\LTRNKK.CBL     32
  COBISAOO.PCO    291

01  ksqmjj|dZkR[h                        Decimal(2,0)
  Z:\COB97\COPYLIB_DB\LTRNKK.CBL     56
  COBISAOO.PCO    281    384

01  ksqmjj|ʔ                              Decimal(9,0)
  Z:\COB97\COPYLIB_DB\LTRNKK.CBL      4
  COBISAOO.PCO    279

01  ksqmjj|                                Charf(7)
  Z:\COB97\COPYLIB_DB\LTRNKK.CBL      5
  COBISAOO.PCO    280

01  ksqmjj|Ev                                  Charf(34)
  Z:\COB97\COPYLIB_DB\LTRNKK.CBL     55
  COBISAOO.PCO    282

01  ksqmjj|ʔԂP                            Decimal(9,0)
  Z:\COB97\COPYLIB_DB\LTRNKK.CBL      6
Pro*COBOL: Release 9.2.0.1.0 - Production on y Apr 9 12:10:08 2005

Copyright (c) 1982, 2002, Oracle Corporation.  All rights reserved.

  COBISAOO.PCO    293

01  ksqmjj|ʔԂPO                          Decimal(9,0)
  Z:\COB97\COPYLIB_DB\LTRNKK.CBL     33
  COBISAOO.PCO    302

01  ksqmjj|ʔԂQ                            Decimal(9,0)
  Z:\COB97\COPYLIB_DB\LTRNKK.CBL      9
  COBISAOO.PCO    294

01  ksqmjj|ʔԂR                            Decimal(9,0)
  Z:\COB97\COPYLIB_DB\LTRNKK.CBL     12
  COBISAOO.PCO    295

01  ksqmjj|ʔԂS                            Decimal(9,0)
  Z:\COB97\COPYLIB_DB\LTRNKK.CBL     15
  COBISAOO.PCO    296

01  ksqmjj|ʔԂT                            Decimal(9,0)
  Z:\COB97\COPYLIB_DB\LTRNKK.CBL     18
  COBISAOO.PCO    297

01  ksqmjj|ʔԂU                            Decimal(9,0)
  Z:\COB97\COPYLIB_DB\LTRNKK.CBL     21
  COBISAOO.PCO    298

01  ksqmjj|ʔԂV                            Decimal(9,0)
  Z:\COB97\COPYLIB_DB\LTRNKK.CBL     24
  COBISAOO.PCO    299

01  ksqmjj|ʔԂW                            Decimal(9,0)
  Z:\COB97\COPYLIB_DB\LTRNKK.CBL     27
  COBISAOO.PCO    300

01  ksqmjj|ʔԂX                            Decimal(9,0)
  Z:\COB97\COPYLIB_DB\LTRNKK.CBL     30
  COBISAOO.PCO    301

Pro*COBOL: Release 9.2.0.1.0 - Production on y Apr 9 12:10:08 2005

Copyright (c) 1982, 2002, Oracle Corporation.  All rights reserved.


SQLʎq
---------------

CUR1                  CURSOR                        
  COBISAOO.PCO    220    252    278    806    220

Pro*COBOL: Release 9.2.0.1.0 - Production on y Apr 9 12:10:08 2005

Copyright (c) 1982, 2002, Oracle Corporation.  All rights reserved.



                              vRpCEIvV
-------------------------------------------------------------------------------
IvV   ݂̐ݒl         ݒ
-------------------------------------------------------------------------------
asacc             no                ftHg                                  
assume_sqlcode    no                ftHg                                  
auto_connect      no                ftHg                                  
close_on_commit   yes               mode                                        
comp5             yes               D:\oracle\ora90\precomp\admin\pcbcfg.cfg    
config            default config    ftHg                                  
date_format       local             ftHg                                  
dbms              native            ftHg                                  
declare_section   yes               mode                                        
define            *Ȃ*            ftHg                                  
dynamic           ansi              mode                                        
end_of_fetch      100               mode                                        
eol_padding       yes               ftHg                                  
errors            yes               ftHg                                  
fips              no                ftHg                                  
format            ansi              ftHg                                  
hold_cursor       no                ftHg                                  
host              cobol             ftHg                                  
iname             COBISAOO.PCO      R}hC                              
include           Z:\COB97\COPYLIB  D:\oracle\ora90\precomp\admin\pcbcfg.cfg    
                  Z:\COB97\COPYLIB_DD:\oracle\ora90\precomp\admin\pcbcfg.cfg    
                  *Ȃ*            D:\oracle\ora90\precomp\admin\pcbcfg.cfg    
ireclen           132               D:\oracle\ora90\precomp\admin\pcbcfg.cfg    
litdelim          quote             ftHg                                  
lname             *Ȃ*            ftHg                                  
lreclen           132               ftHg                                  
ltype             long              ftHg                                  
maxliteral        160               D:\oracle\ora90\precomp\admin\pcbcfg.cfg    
maxopencursors    10                ftHg                                  
mode              ANSI              D:\oracle\ora90\precomp\admin\pcbcfg.cfg    
nested            yes               ftHg                                  
nls_local         yes               D:\oracle\ora90\precomp\admin\pcbcfg.cfg    
oname             COBISAOO.COB      R}hC                              
oraca             no                ftHg                                  
oreclen           80                ftHg                                  
pagelen           66                ftHg                                  
picx              charf             ftHg                                  
prefetch          1                 ftHg                                  
release_cursor    no                ftHg                                  
select_error      yes               ftHg                                  
sqlcheck          FULL              D:\oracle\ora90\precomp\admin\pcbcfg.cfg    
threads           no                ftHg                                  
type_code         ansi              mode                                        
unsafe_null       no                ftHg                                  
userid            ZHAOYF/ZYF@FIP    D:\oracle\ora90\precomp\admin\pcbcfg.cfg    
varchar           no                ftHg                                  
xref              yes               ftHg                                  
Pro*COBOL: Release 9.2.0.1.0 - Production on y Apr 9 12:10:08 2005

Copyright (c) 1982, 2002, Oracle Corporation.  All rights reserved.


v\
----------

^[ER[h: 0
dv Ił̃bZ[W: 0
dv Wł̃bZ[W: 0
dv Eł̃bZ[W: 0
dv Fł̃bZ[W: 0
̓C̐: 1041
錾ꂽzXgϐ̐: 91
J[\̐: 1
̐: 0
gpő僁[(oCg): 195844
