Pro*COBOL: Release 9.2.0.1.0 - Production on  Apr 5 17:03:45 2005

Copyright (c) 1982, 2002, Oracle Corporation.  All rights reserved.

t@C: COBIS490.PCOI[v
     1  000010******************************************************************
     2  000020*         CP(A)                                     *
     3  000030*      1. vO    F_񔄊|׈ڍs                 *
     4  000040*      2. vOID    FCOBIS490                             *
     5  000050*      3. Tv        Frtllhst@N^Oca A*
     6  000060*                           _񔄊|׃e[u쐬B *
     7  000070*      4. 쐬          F                               *
     8  000080*      5. 쐬          F2005.03.31                           *
     9  000090******************************************************************
    10  000100*                                                                 
    11  000110******************************************************************
    12  000120*    cdmshehb`shnm  chuhrhnm                *
    13  000130******************************************************************
    14  000140 IDENTIFICATION                       DIVISION.                   
    15  000150*                                                                 
    16  000160 PROGRAM-ID.                          COBIS490.                   
    17  000170******************************************************************
    18  000180*    dmuhqnmldms        chuhrhnm              *
    19  000190******************************************************************
    20  000200 ENVIRONMENT                          DIVISION.                   
    21  000210******************************************************************
    22  000220*    c`s`                      chuhrhnm              *
    23  000230******************************************************************
    24  000240 DATA                                 DIVISION.                   
    25  000250******************************************************************
    26  000260*  vnqjhmf|rsnq`fd  rdbshnm                *
    27  000270******************************************************************
    28  000280 WORKING-STORAGE                      SECTION.                    
    29  000290*----------------------------------------------------------------*
    30  000300*    zXgϐ`GA                                        *
    31  000310*----------------------------------------------------------------*
    32  000320     EXEC  SQL  BEGIN  DECLARE        SECTION  END-EXEC.          
    33  000330*                                                                 
    34  000340 01  vr|N                   PIC  9(10) VALUE ZERO.      
    35  000350 01  vr|Г敪               PIC  X(01) VALUE ZERO.      
    36  000360 01  vr|                   PIC  X(10) VALUE ZERO.      
    37  000370 01  vr|敪           PIC  X(01) VALUE ZERO.      
    38  000380*                                                                 
    39  000390*--< nq`bkdʕϐ >                                       
    40  000400     EXEC  SQL  INCLUDE  SQLCOM.CBL             END-EXEC.         
    41  000410*                                                                 
    42  000420*--< nq`bkd rpks (SQLCA) >                        
t@C: Z:\COB97\COPYLIB_DB\SQLCOM.CBLI[v
     1  000010*--rpkʕϐ
     2  000030   01  SQLSTATE                      PIC  X(005).
     3  000040   01  DB-STRING                     PIC  X(020).
     4  000050   01  USERNAME                      PIC  X(010).
     5  000060   01  PASSWD                        PIC  X(010).
     6  000070*
t@C: Z:\COB97\COPYLIB_DB\SQLCOM.CBLN[Y
    43  000430     EXEC  SQL  INCLUDE  SQLCA.COB              END-EXEC.         
    44  000440*                                                                 
    45  000450*--< SUMMIŢݸޔ| >                                     
    46  000460     EXEC  SQL  INCLUDE  LTRFCU.CBL             END-EXEC.         
    47  000470*                                                                 
    48  000480*--< SUMMIŢݸފ{ >                                     
t@C: Z:\COB97\COPYLIB_DB\LTRFCU.CBLI[v
     1  000010************************************************
     2  000020* ̧ݸށi|j(LTRFCU)
     3  000030************************************************
     4  000040 01  ksqebt|_ԍ PIC  X(009).
Pro*COBOL: Release 9.2.0.1.0 - Production on  Apr 5 17:03:45 2005

Copyright (c) 1982, 2002, Oracle Corporation.  All rights reserved.

     5  000050 01  ksqebt| PIC  X(007).
     6  000060 01  ksqebt|@ PIC S9(001) COMP-3.
     7  000070 01  ksqebt|㗝敪 PIC S9(001) COMP-3.
     8  000080 01  ksqebt|ԓ PIC S9(004) COMP-3.
     9  000090 01  ksqebt|z PIC S9(013) COMP-3.
    10  000100 01  ksqebt| PIC S9(013) COMP-3.
    11  000110 01  ksqebt| PIC S9(003)V9(8) COMP-3.
    12  000120 01  ksqebt|萔 PIC S9(013) COMP-3.
    13  000130 01  ksqebt|萔œz PIC S9(013) COMP-3.
    14  000140 01  ksqebt|ߗ\ PIC  X(007).
    15  000150 01  ksqebt|x PIC  X(007).
    16  000160 01  ksqebt|\ PIC  X(060).
    17  000170 01  ksqebt|Oٓ PIC  X(007).
    18  000180 01  ksqebt|߂z PIC S9(013) COMP-3.
    19  000190 01  ksqebt|߂ PIC S9(003)V9(8) COMP-3.
    20  000200 01  ksqebt|߂ PIC S9(004) COMP-3.
    21  000210 01  ksqebt|߂E敪 PIC S9(001) COMP-3.
    22  000220 01  ksqebt|ԍώ萔 PIC S9(013) COMP-3.
    23  000230 01  ksqebt|ԍώ萔œz PIC S9(013) COMP-3.
    24  000240 01  ksqebt|\ PIC  X(040).
t@C: Z:\COB97\COPYLIB_DB\LTRFCU.CBLN[Y
    49  000490     EXEC  SQL  INCLUDE  LTRFCK.CBL             END-EXEC.         
    50  000500*                                                                 
    51  000510*--< _񔄊|ׂca >                                       
t@C: Z:\COB97\COPYLIB_DB\LTRFCK.CBLI[v
     1  000010************************************************
     2  000020* ̧ݸށi{j(LTRFCK)
     3  000030************************************************
     4  000040 01  ksqebj|_ԍ PIC  X(009).
     5  000050 01  ksqebj|[U[R[h PIC  X(008).
     6  000060 01  ksqebj|R[h PIC  X(008).
     7  000070 01  ksqebj|ƏR[h PIC S9(004) COMP-3.
     8  000080 01  ksqebj|S҃R[h PIC S9(004) COMP-3.
     9  000090 01  ksqebj|_ PIC  X(007).
    10  000100 01  ksqebj|s PIC  X(007).
    11  000110 01  ksqebj|菈R[h PIC S9(002) COMP-3.
    12  000120 01  ksqebj|Г PIC S9(003)V9(8) COMP-3.
    13  000130 01  ksqebj| PIC S9(003)V9(8) COMP-3.
    14  000140 01  ksqebj|ev PIC S9(013) COMP-3.
    15  000150 01  ksqebj|zʋz PIC S9(013) COMP-3.
    16  000160 01  ksqebj|Ɩ敪 PIC S9(001) COMP-3.
    17  000170 01  ksqebj| PIC  X(007).
    18  000180 01  ksqebj|sR[h PIC  X(007).
    19  000190 01  ksqebj|ԍ PIC  X(007).
    20  000200 01  ksqebj|a PIC S9(001) COMP-3.
    21  000210 01  ksqebj|Č敪 PIC  X(001).
    22  000220 01  ksqebj|gc敪 PIC S9(001) COMP-3.
    23  000230 01  ksqebj|R[h PIC S9(001) COMP-3.
    24  000240 01  ksqebj|[R[h PIC S9(001) COMP-3.
    25  000250 01  ksqebj|O敪 PIC S9(001) COMP-3.
    26  000260 01  ksqebj|В[[敪 PIC S9(001) COMP-3.
    27  000270 01  ksqebj|ϓ敪 PIC S9(001) COMP-3.
    28  000280 01  ksqebj|A敪 PIC S9(002) COMP-3.
    29  000290 01  ksqebj|Xvbh PIC S9(003)V9(8) COMP-3.
    30  000300 01  ksqebj|xΉ敪 PIC S9(001) COMP-3.
    31  000310 01  ksqebj|҃R[h PIC  X(008).
    32  000320 01  ksqebj|ҏP PIC  X(040).
    33  000330 01  ksqebj|ҏQ PIC  X(040).
    34  000340 01  ksqebj|ҏR PIC  X(040).
    35  000350 01  ksqebj|Fmn PIC  X(006).
    36  000360 01  ksqebj|xF PIC  X(007).
    37  000370 01  ksqebj|xF|S҃R[h PIC  X(004).
Pro*COBOL: Release 9.2.0.1.0 - Production on  Apr 5 17:03:45 2005

Copyright (c) 1982, 2002, Oracle Corporation.  All rights reserved.

    38  000380 01  ksqebj|x@R[h PIC S9(002) COMP-3.
    39  000390 01  ksqebj|Ǘs PIC  X(007).
    40  000400 01  ksqebj|cao^ PIC  X(007).
    41  000410 01  ksqebj|\ PIC  X(090).
    42  000420 01  ksqebj|ʏ PIC  X(035).
t@C: Z:\COB97\COPYLIB_DB\LTRFCK.CBLN[Y
    52  000520     EXEC  SQL  INCLUDE  D414USM.CBL            END-EXEC.         
    53  000530*                                                                 
    54  000540*--< ϊe[u >                                               
t@C: Z:\COB97\COPYLIB_DB\D414USM.CBLI[v
     1        *****************************************************************
     2        *   _񔄊|(D414USM_TBL)
     3        *****************************************************************
     4         01  _񔄊|.
     5             03  cSPS|_ԍ    PIC  X(010).
     6             03  cSPS|הԍ    PIC S9(003) PACKED-DECIMAL.
     7             03  cSPS|R[h
     8                                       PIC  X(009).
     9             03  cSPS|_R[h
    10                                       PIC  X(005).
    11             03  cSPS|zʋz    PIC S9(013) PACKED-DECIMAL.
    12             03  cSPS|        PIC  X(008).
    13             03  cSPS|    PIC  X(008).
    14             03  cSPS|        PIC S9(003) PACKED-DECIMAL.
    15             03  cSPS|      PIC S9(002)V9(008) PACKED-DECIMAL.
    16             03  cSPS|      PIC S9(013) PACKED-DECIMAL.
    17             03  cSPS|旧萔
    18                                       PIC S9(013) PACKED-DECIMAL.
    19             03  cSPS|旧萔Ŋz
    20                                       PIC S9(013) PACKED-DECIMAL.
    21             03  cSPS|z  PIC S9(013) PACKED-DECIMAL.
    22             03  cSPS|Г敪
    23                                       PIC  X(001).
    24             03  cSPS|Г    PIC S9(002)V9(008) PACKED-DECIMAL.
    25             03  cSPS|N    PIC S9(002)V9(008) PACKED-DECIMAL.
    26             03  cSPS|e        PIC S9(013) PACKED-DECIMAL.
    27             03  cSPS|R[h
    28                                       PIC  X(005).
    29             03  cSPS|Г|
    30                                       PIC S9(002)V9(008) PACKED-DECIMAL.
    31             03  cSPS|e|  PIC S9(013) PACKED-DECIMAL.
    32             03  cSPS|Oϓ
    33                                       PIC  X(008).
    34             03  cSPS|    PIC  X(010).
    35             03  cSPS|敪
    36                                       PIC  X(001).
    37             03  cSPS|XVN  PIC  X(008).
    38             03  cSPS|XV    PIC  X(008).
    39             03  cSPS|XV      PIC  X(008).
    40             03  cSPS|͒S҃R[h
    41                                       PIC  X(008).
    42             03  cSPS|o^N  PIC  X(008).
    43             03  cSPS|o^    PIC  X(008).
    44             03  cSPS|o^S  PIC  X(008).
t@C: Z:\COB97\COPYLIB_DB\D414USM.CBLN[Y
    55  000550     EXEC  SQL  INCLUDE  IKOTBL001.CBL          END-EXEC.         
    56  000560*                                                                 
t@C: Z:\COB97\COPYLIB_DB\IKOTBL001.CBLI[v
     1  000010************************************************
     2  000020* ϊe[u(IKOTBL001)
     3  000030************************************************
     4  000040 01  hjnOOP|R[h PIC  X(008).
Pro*COBOL: Release 9.2.0.1.0 - Production on  Apr 5 17:03:45 2005

Copyright (c) 1982, 2002, Oracle Corporation.  All rights reserved.

     5  000050 01  hjnOOP|ړIbc PIC  X(001).
     6  000060 01  hjnOOP|VR[h PIC  X(007).
     7  000070 01  hjnOOP|} PIC  X(003).
     8  000080 01  hjnOOP|^MR[h PIC  X(007).
     9  000090 01  hjnOOP|񂹃R[h PIC  X(008).
    10  000100 01  hjnOOP|[UR[h PIC  X(008).
    11  000110 01  hjnOOP|ʂbc PIC  X(001).
t@C: Z:\COB97\COPYLIB_DB\IKOTBL001.CBLN[Y
    57  000570     EXEC  SQL  END      DECLARE      SECTION   END-EXEC.         
    58  000580*----------------------------------------------------------------*
    59  000590*    Ɨ̈`                                                *
    60  000600*----------------------------------------------------------------*
    61  000610 01  vnqj|GA.                                            
    62  000620*                                                                 
    63  000630*--< G[R[h >                                               
    64  000640     03  v|G[R[h             PIC S9(02).                 
    65  000650*                                                                 
    66  000660*--< GA >                                                 
    67  000670     03  GA.                                              
    68  000680        05  v|́|            PIC  9(09).                 
    69  000690        05  v|ó|            PIC  9(09).                 
    70  000700*                                                                 
    71  000710*--< tOAA >                                               
    72  000720     03  tO|GA.                                          
    73  000730        05  v|I|tO          PIC  X(01).                 
    74  000740        05  v|ُI|tO      PIC  X(01).                 
    75  000750*                                                                 
    76  000850*----------------------------------------------------------------*
    77  000860*   Ԓ`                                                 *
    78  000870*----------------------------------------------------------------*
    79  000880*--< ʏ >                                                   
    80  000890 01  v|ʏ.                                                
    81  000900     03  v|VXet.                                        
    82  000910         05  v|I                 PIC  X(02) VALUE  "20".     
    83  000920         05  v|N               PIC  X(06).                 
    84  000930     03  v|VXe             PIC  X(08).                 
    85  000940     03  v|S                   PIC  X(08) VALUE "IKPO    ".
    86  000950*----------------------------------------------------------------*
    87  000960*    Tu[`                                              *
    88  000970*----------------------------------------------------------------*
    89  000980 01  CALL-AREA.                                                   
    90  000990*--< ʃOTu[` >                                       
    91  001000     03  CLOCO001                     PIC  X(08) VALUE "CLOCO001".
    92  001010     03  COBCO001                     PIC  X(08) VALUE "COBCO001".
    93  001020*----------------------------------------------------------------*
    94  001030*    bnoẍ                                                *
    95  001040*----------------------------------------------------------------*
    96  001050*--< ʃOpp[^ >                                       
    97  001060 01  IF-CHOCO001.                                                 
    98  001070     COPY  CHOCO001  REPLACING  ==()==  BY  ==P|==.           
    99  001080*                                                                 
   100  001090*----------------------------------------------------------------*
   101  001100*    hmht@CǍTu[`pp^̈                *
   102  001110*----------------------------------------------------------------*
   103  001120 01  PARA-AREA.                                                   
   104  001130     COPY CPBCO001.                                               
   105  001140******************************************************************
   106  001150*    萔pf[^`GA                                      *
   107  001160******************************************************************
   108  001170 CONSTANT                             SECTION.                    
   109  001180 01  萔̈.                                                    
   110  001190     03  萔|vOhc         PIC  X(08) VALUE "COBIS490".
Pro*COBOL: Release 9.2.0.1.0 - Production on  Apr 5 17:03:45 2005

Copyright (c) 1982, 2002, Oracle Corporation.  All rights reserved.

   111  001200     03  萔|vO           PIC  X(80) VALUE            
   112  001210                                       "_񔄊|׈ڍs".    
   113  001220     03  萔|rpknj             PIC  9(04) VALUE  0000.     
   114  001230     03  萔|rpkdmc           PIC  9(04) VALUE  0100.     
   115  001240     03  萔|               PIC  9(04) VALUE  ZERO.     
   116  001250     03  萔|ُ               PIC  9(04) VALUE  0009.     
   117  001260******************************************************************
   118  001270*    oqnbdctqd            chuhrhnm              *
   119  001280******************************************************************
   120  001290 PROCEDURE                            DIVISION.                   
   121  001300*                                                                 
   122  001310     PERFORM  .                                           
   123  001320*                                                                 
   124  001330     PERFORM  又  UNTIL  v|I|tO  =  "Y".            
   125  001340*                                                                 
   126  001350     PERFORM  I.                                           
   127  001360*                                                                 
   128  001370     STOP RUN.                                                    
   129  001380*                                                                 
   130  001390******************************************************************
   131  001400*                                                        *
   132  001410******************************************************************
   133  001420                              SECTION.                    
   134  001430 |rs`qs.                                            
   135  001440*                                                                 
   136  001450*----------------------------------------------------------------*
   137  001460*     JnbZ[Wo                                         *
   138  001470*----------------------------------------------------------------*
   139  001480     INITIALIZE                       IF-CHOCO001.                
   140  001490     MOVE  "3"                        TO  P|Cxg.     
   141  001500     MOVE  萔|vOhc       TO  P|\[Xhc.       
   142  001510     MOVE  "0"                        TO  P|AR[h.       
   143  001520     MOVE  "START"                    TO  P|.         
   144  001530     MOVE  萔|vO         TO  P|̑bZ[W. 
   145  001540     CALL  CLOCO001                USING  IF-CHOCO001.            
   146  001550*                                                                 
   147  001560*----------------------------------------------------------------*
   148  001570*    Ɨ̈̏lݒ                                        *
   149  001580*----------------------------------------------------------------*
   150  001590     MOVE  SPACE                      TO  vnqj|GA.       
   151  001600     INITIALIZE                           vnqj|GA.       
   152  001610*                                                                 
   153  001620*--< bott擾 >                                           
   154  001630     ACCEPT  v|N               FROM  DATE.                 
   155  001640*                                                                 
   156  001650*--< bot擾 >                                           
   157  001660     ACCEPT  v|VXe         FROM  TIME.                 
   158  001670*----------------------------------------------------------------*
   159  001680*    nq`bkdڑ                                            *
   160  001690*----------------------------------------------------------------*
   161  001700     PERFORM  nq`bkdڑ.                                   
   162  001710*----------------------------------------------------------------*
   163  001720*    e[uJ[\`                                    *
   164  001730*----------------------------------------------------------------*
   165  001740     PERFORM   e[uJ[\`                           
   166  001750*----------------------------------------------------------------*
   167  001760*    e[uJ[\Ǎ(P)                            *
   168  001770*----------------------------------------------------------------*
   169  001780     PERFORM  e[uJ[\Ǎ.                           
   170  001790*----------------------------------------------------------------*
   171  001800  |dwhs.                                             
   172  001810     EXIT.                                                        
Pro*COBOL: Release 9.2.0.1.0 - Production on  Apr 5 17:03:45 2005

Copyright (c) 1982, 2002, Oracle Corporation.  All rights reserved.

   173  001820******************************************************************
   174  001830*    nq`bkdڑ                                            *
   175  001840******************************************************************
   176  001850 nq`bkdڑ                     SECTION.                    
   177  001860 nq`bkdڑ|rs`qs.                                    
   178  001870*                                                                 
   179  001880*--< hmht@CǍTu[`Ăяo >                     
   180  001890     CALL  COBCO001                USING  PARA-AREA.              
   181  001900*                                                                 
   182  001910     MOVE  PARA-DBSTRING              TO  DB-STRING.              
   183  001920     MOVE  PARA-USERNAME              TO  USERNAME.               
   184  001930     MOVE  PARA-PASSWORD              TO  PASSWD.                 
   185  001940*                                                                 
   186  001950*----------------------------------------------------------------*
   187  001960*    Jnڑ                                                    *
   188  001970*----------------------------------------------------------------*
   189  001980     IF  DB-STRING  =  SPACE                                      
   190  001990        EXEC  SQL                                                 
   191  002000           CONNECT  :USERNAME  IDENTIFIED  BY  :PASSWD            
   192  002010        END-EXEC                                                  
   193  002020     ELSE                                                         
   194  002030        EXEC  SQL                                                 
   195  002040           CONNECT  :USERNAME  IDENTIFIED  BY  :PASSWD            
   196  002050             USING  :DB-STRING                                    
   197  002060        END-EXEC                                                  
   198  002070     END-IF.                                                      
   199  002080*                                                                 
   200  002090*----------------------------------------------------------------*
   201  002100*    ڑԔ                                                *
   202  002110*----------------------------------------------------------------*
   203  002120     EVALUATE  SQLCODE                                            
   204  002130        WHEN  萔|rpknj                                    
   205  002140*--<       ڑ >                                             
   206  002150           CONTINUE                                               
   207  002160        WHEN  OTHER                                               
   208  002170*--<       ڑG[ >                                           
   209  002180           MOVE     -1                TO  v|G[R[h        
   210  002190           PERFORM  G[                                    
   211  002200     END-EVALUATE.                                                
   212  002210*                                                                 
   213  002220 nq`bkdڑ|dwhs.                                      
   214  002230     EXIT.                                                        
   215  002240******************************************************************
   216  002250*    e[uJ[\`                                    *
   217  002260******************************************************************
   218  002270*                                                                 
   219  002280 e[uJ[\`             SECTION.                    
   220  002290 e[uJ[\`|rs`qs.                            
   221  002300*--< e[uJ[\`  >                                  
   222  002310     EXEC SQL                                                     
   223  002320        DECLARE CUR1 CURSOR FOR                                   
   224  002330         SELECT  LTRFCU._ԍ                                  
   225  002340                ,LTRFCK.[U[R[h                            
   226  002350                ,LTRFCK.zʋz                                  
   227  002360                ,LTRFCK.                                      
   228  002370                ,LTRFCU.                                  
   229  002380                ,LTRFCU.ԓ                                  
   230  002390                ,LTRFCU.                                    
   231  002400                ,LTRFCU.                                    
   232  002410                ,LTRFCU.萔                                
   233  002420                ,LTRFCU.萔œz                      
   234  002430                ,LTRFCU.z                                  
Pro*COBOL: Release 9.2.0.1.0 - Production on  Apr 5 17:03:45 2005

Copyright (c) 1982, 2002, Oracle Corporation.  All rights reserved.

   235  002440                ,LTRFCK.Г                                  
   236  002450                ,LTRFCK.ev                                    
   237  002460                ,LTRFCK.R[h                              
   238  002470                ,LTRFCK.Г                                  
   239  002480                ,LTRFCK.ev                                    
   240  002490                ,LTRFCU.Oٓ                              
   241  002500           FROM  LTRFCK                                           
   242  002510                ,LTRFCU                                           
   243  002520          WHERE  LTRFCU._ԍ = LTRFCK._ԍ                
   244  002530     END-EXEC.                                                    
   245  002540*                                                                 
   246  002550*----------------------------------------------------------------*
   247  002560*    J[\I[v                                        *
   248  002570*----------------------------------------------------------------*
   249  002580     EXEC  SQL                                                    
   250  002590        OPEN  CUR1                                                
   251  002600     END-EXEC.                                                    
   252  002610*----------------------------------------------------------------*
   253  002620*    J[\I[vmF                                        *
   254  002630*----------------------------------------------------------------*
   255  002640     EVALUATE  SQLCODE                                            
   256  002650        WHEN  萔|rpknj                                    
   257  002660*--<        >                                                 
   258  002670           CONTINUE                                               
   259  002680        WHEN  OTHER                                               
   260  002690*--<       J[\I[vG[ >                               
   261  002700           MOVE     -2                TO  v|G[R[h        
   262  002710           PERFORM  G[                                    
   263  002720     END-EVALUATE.                                                
   264  002730*                                                                 
   265  002740 e[uJ[\`|dwhs.                              
   266  002750     EXIT.                                                        
   267  002760******************************************************************
   268  002770*    e[uJ[\Ǎ                                    *
   269  002780******************************************************************
   270  002790 e[uJ[\Ǎ             SECTION.                    
   271  002800 e[uJ[\Ǎ|rs`qs.                            
   272  002810*                                                                 
   273  002820     EXEC  SQL                                                    
   274  002830        FETCH  CUR1                                               
   275  002840           INTO  :ksqebt|_ԍ                          
   276  002850                ,:ksqebj|[U[R[h                    
   277  002860                ,:ksqebj|zʋz                          
   278  002870                ,:ksqebj|                              
   279  002880                ,:ksqebt|                          
   280  002890                ,:ksqebt|ԓ                          
   281  002900                ,:ksqebt|                            
   282  002910                ,:ksqebt|                            
   283  002920                ,:ksqebt|萔                        
   284  002930                ,:ksqebt|萔œz              
   285  002940                ,:ksqebt|z                          
   286  002950                ,:ksqebj|Г                          
   287  002960                ,:ksqebj|ev                            
   288  002970                ,:ksqebj|R[h                      
   289  002980                ,:ksqebj|Г                          
   290  002990                ,:ksqebj|ev                            
   291  003000                ,:ksqebt|Oٓ                           
   292  003010     END-EXEC.                                                    
   293  003020*----------------------------------------------------------------*
   294  003030*    e[uJ[\ǍG[                              *
   295  003040*----------------------------------------------------------------*
   296  003050     EVALUATE   SQLCODE                                           
Pro*COBOL: Release 9.2.0.1.0 - Production on  Apr 5 17:03:45 2005

Copyright (c) 1982, 2002, Oracle Corporation.  All rights reserved.

   297  003060        WHEN   萔|rpknj                                   
   298  003070*--<        >                                                 
   299  003080           COMPUTE  v|́|    =  v|́|  +  1     
   300  003090        WHEN   萔|rpkdmc                                 
   301  003100*--<       ǍI >                                             
   302  003110           MOVE  "Y"                  TO  v|I|tO        
   303  003120        WHEN   OTHER                                              
   304  003130*--<       ǍG[ >                                           
   305  003140           MOVE     -3                TO  v|G[R[h        
   306  003150           PERFORM  G[                                    
   307  003160     END-EVALUATE.                                                
   308  003170*                                                                 
   309  003180 e[uJ[\Ǎ|dwhs.                              
   310  003190     EXIT.                                                        
   311  003200*                                                                 
   312  003210******************************************************************
   313  003220*    又                                                      *
   314  003230******************************************************************
   315  003240 又                               SECTION.                    
   316  003250 又|rs`qs.                                              
   317  003260*----------------------------------------------------------------*
   318  003270*--<  ҏWo͏ >                                             *
   319  003280*---------------------------------------------------------------- 
   320  003290        PERFORM  ҏW                                         
   321  003300        PERFORM  o͏                                         
   322  003310*                                                                 
   323  003320*--< e[uJ[\ǍiQڈȍ~j >                     
   324  003330     PERFORM  e[uJ[\Ǎ.                           
   325  003340*                                                                 
   326  003350 又|dwhs.                                                
   327  003360     EXIT.                                                        
   328  003370******************************************************************
   329  003380*    ϊP                                                  *
   330  003390******************************************************************
   331  003400 ϊP                           SECTION.                    
   332  003410 ϊP|rs`qs.                                          
   333  003420*                                                                 
   334  003430     EXEC  SQL                                                    
   335  003440           SELECT  VR[h                                 
   336  003450             INTO :hjnOOP|VR[h                   
   337  003460             FROM  IKOTBL001                                      
   338  003470            WHERE  IKOTBL001.R[h                         
   339  003480                                      =                           
   340  003490                                     :ksqebj|[U[R[h
   341  003500              AND  IKOTBL001.ړIbc = '2'                       
   342  003510     END-EXEC.                                                    
   343  003520*                                                                 
   344  003530*----------------------------------------------------------------*
   345  003540*    ϊPmF                                              *
   346  003550*----------------------------------------------------------------*
   347  003560     EVALUATE  SQLCODE                                            
   348  003570        WHEN  萔|rpknj                                    
   349  003580*--<        >                                                 
   350  003590           CONTINUE                                               
   351  003600        WHEN  OTHER                                               
   352  003610*--<       ϊPG[ >                                     
   353  003620           MOVE     SPACE             TO                          
   354  003630                                      hjnOOP|VR[h
   355  003640     END-EVALUATE.                                                
   356  003650*                                                                 
   357  003660  ϊP|dwhs.                                           
   358  003670     EXIT.                                                        
Pro*COBOL: Release 9.2.0.1.0 - Production on  Apr 5 17:03:45 2005

Copyright (c) 1982, 2002, Oracle Corporation.  All rights reserved.

   359  003680*                                                                 
   360  003690******************************************************************
   361  003700*    ϊQ                                                  *
   362  003710******************************************************************
   363  003720 ϊQ                           SECTION.                    
   364  003730 ϊQ|rs`qs.                                          
   365  003740*                                                                 
   366  003750     EXEC  SQL                                                    
   367  003760           SELECT }                                            
   368  003770             INTO :hjnOOP|}                             
   369  003780             FROM  IKOTBL001                                      
   370  003790            WHERE  IKOTBL001.R[h                         
   371  003800                                      =                           
   372  003810                                     :ksqebj|[U[R[h
   373  003820              AND  IKOTBL001.ړIbc = '2'                       
   374  003830     END-EXEC.                                                    
   375  003840*                                                                 
   376  003850*----------------------------------------------------------------*
   377  003860*    ϊQmF                                              *
   378  003870*----------------------------------------------------------------*
   379  003880     EVALUATE  SQLCODE                                            
   380  003890        WHEN  萔|rpknj                                    
   381  003900*--<        >                                                 
   382  003910           CONTINUE                                               
   383  003920        WHEN  OTHER                                               
   384  003930*--<       ϊQG[ >                                     
   385  003940           MOVE     SPACE             TO  hjnOOP|}      
   386  003950     END-EVALUATE.                                                
   387  003960*                                                                 
   388  003970 ϊQ|dwhs.                                            
   389  003980     EXIT.                                                        
   390  003990*                                                                 
   391  004000******************************************************************
   392  004010*    ϊR                                                  *
   393  004020******************************************************************
   394  004030 ϊR                           SECTION.                    
   395  004040 ϊR|rs`qs.                                          
   396  004050*                                                                 
   397  004060     EXEC  SQL                                                    
   398  004070           SELECT  }                                           
   399  004080             INTO :hjnOOP|}                             
   400  004090             FROM  IKOTBL001                                      
   401  004100            WHERE  IKOTBL001.R[h                         
   402  004110                                      =                           
   403  004120                                       :ksqebj|R[h
   404  004130              AND  IKOTBL001.ړIbc = '3'                       
   405  004140     END-EXEC.                                                    
   406  004150*                                                                 
   407  004160*----------------------------------------------------------------*
   408  004170*    ϊRmF                                              *
   409  004180*----------------------------------------------------------------*
   410  004190     EVALUATE  SQLCODE                                            
   411  004200        WHEN  萔|rpknj                                    
   412  004210*--<        >                                                 
   413  004220           CONTINUE                                               
   414  004230        WHEN  OTHER                                               
   415  004240*--<       ϊRG[ >                                     
   416  004250           MOVE     SPACE             TO  hjnOOP|}      
   417  004260     END-EVALUATE.                                                
   418  004270 ϊR|dwhs.                                            
   419  004280      EXIT.                                                       
   420  004290*                                                                 
Pro*COBOL: Release 9.2.0.1.0 - Production on  Apr 5 17:03:45 2005

Copyright (c) 1982, 2002, Oracle Corporation.  All rights reserved.

   421  004300******************************************************************
   422  004310*     ҏW                                                   *
   423  004320******************************************************************
   424  004330 ҏW                             SECTION.                    
   425  004340 ҏW|rs`qs.                                            
   426  004350*                                                                 
   427  004360*----------------------------------------------------------------*
   428  004370*                                                      *
   429  004380*----------------------------------------------------------------*
   430  004390        MOVE  SPACE                   TO  _񔄊|.       
   431  004400        INITIALIZE                        _񔄊|.       
   432  004410*                                                                 
   433  004420*----------------------------------------------------------------*
   434  004430*       ڕҏW                                             *
   435  004440*----------------------------------------------------------------*
   436  004450*--<    No.01 >                                                   
   437  004460        MOVE  ksqebt|_ԍ  TO  cSPS|_ԍ.     
   438  004470*--<    No.02 >                                                   
   439  004480        MOVE  v|ó|          TO  cSPS|הԍ.     
   440  004490*--<    No.03 >                                                   
   441  004500        PERFORM ϊP.                                       
   442  004510        MOVE   hjnOOP|VR[h                       
   443  004520                                      TO  cSPS|R[h. 
   444  004530*--<    No.04 >                                                   
   445  004540        PERFORM ϊQ.                                       
   446  004550        MOVE  hjnOOP|}      TO  cSPS|_R[h. 
   447  004560*--<    No.05 >                                                   
   448  004570        MOVE  ksqebj|zʋz  TO  cSPS|zʋz.     
   449  004580*--<    No.06 >                                                   
   450  004590        MOVE  ksqebj|      TO  cSPS|.         
   451  004600*--<    No.07 >                                                   
   452  004610        MOVE  ksqebt|  TO  cSPS|.     
   453  004620*--<    No.08 >                                                   
   454  004630        MOVE  ksqebt|ԓ  TO  cSPS|.         
   455  004640*--<    No.09 >                                                   
   456  004650        MOVE  ksqebt|    TO  cSPS|.       
   457  004660*--<    No.10 >                                                   
   458  004670        MOVE  ksqebt|    TO  cSPS|.       
   459  004680*--<    No.11 >                                                   
   460  004690        MOVE  ksqebt|萔                            
   461  004700                                      TO  cSPS|旧萔. 
   462  004710*--<    No.12 >                                                   
   463  004720        MOVE  ksqebt|萔œz                  
   464  004730                                      TO                          
   465  004740                                  cSPS|旧萔Ŋz. 
   466  004750*--<    No.13 >                                                   
   467  004760        MOVE  ksqebt|z  TO  cSPS|z.   
   468  004770*--<    No.14 >                                                   
   469  004780        MOVE  vr|Г敪      TO  cSPS|Г敪. 
   470  004790*--<    No.15 >                                                   
   471  004800        MOVE  ksqebj|Г  TO  cSPS|Г.     
   472  004810*--<    No.16 >                                                   
   473  004820        MOVE  vr|N          TO  cSPS|N.     
   474  004830*--<    No.17 >                                                   
   475  004840        MOVE  ksqebj|ev    TO  cSPS|e.         
   476  004850*--<    No.18 >                                                   
   477  004860        PERFORM ϊR.                                       
   478  004870        MOVE  hjnOOP|}      TO  cSPS|R[h. 
   479  004880*--<    No.19 >                                                   
   480  004890        MOVE  ksqebj|Г  TO                          
   481  004900                                        cSPS|Г|. 
   482  004910*--<    No.20 >                                                   
Pro*COBOL: Release 9.2.0.1.0 - Production on  Apr 5 17:03:45 2005

Copyright (c) 1982, 2002, Oracle Corporation.  All rights reserved.

   483  004920        MOVE  ksqebj|ev    TO  cSPS|e|.   
   484  004930*--<    No.21 >                                                   
   485  004940        MOVE  ksqebt|Oٓ                          
   486  004950                                      TO  cSPS|Oϓ. 
   487  004960*--<    No.22 >                                                   
   488  004970        MOVE  vr|          TO  cSPS|.     
   489  004980*--<    No.23 >                                                   
   490  004990        MOVE  vr|敪  TO                          
   491  005000                                      cSPS|敪. 
   492  005010*--<    No.24 >                                                   
   493  005020        MOVE   v|VXet       TO  cSPS|XVN.   
   494  005030*--<    No.25 >                                                   
   495  005040        MOVE   v|VXe       TO  cSPS|XV.     
   496  005050*--<    No.26 >                                                   
   497  005060        MOVE   v|S             TO  cSPS|XV.       
   498  005070*--<    No.27 >                                                   
   499  005080        MOVE   v|S             TO                          
   500  005090                                      cSPS|͒S҃R[h. 
   501  005100*--<    No.28 >                                                   
   502  005110        MOVE   v|VXet       TO  cSPS|o^N.   
   503  005120*--<    No.29 >                                                   
   504  005130        MOVE   v|VXe       TO  cSPS|o^.     
   505  005140*--<    No.30 >                                                   
   506  005150        MOVE   v|S             TO  cSPS|o^S.   
   507  005160*                                                                 
   508  005190 ҏWo͏|dwhs.                                          
   509  005200     EXIT.                                                        
   510  005210******************************************************************
   511  005220*    o͏                                                    *
   512  005230******************************************************************
   513  005240 o͏                             SECTION.                    
   514  005250 o͏|rs`qs.                                            
   515  005260*                                                                 
   516  005270       EXEC  SQL                                                  
   517  005280        INSERT  INTO  D414USM_TBL                                 
   518  005290           ( _ԍ                                             
   519  005300            ,הԍ                                             
   520  005310            ,R[h                                         
   521  005320            ,_R[h                                         
   522  005330            ,zʋz                                             
   523  005340            ,                                                 
   524  005350            ,                                             
   525  005360            ,                                                 
   526  005370            ,                                               
   527  005380            ,                                               
   528  005390            ,旧萔                                         
   529  005400            ,旧萔Ŋz                                 
   530  005410            ,z                                           
   531  005420            ,Г敪                                         
   532  005430            ,Г                                             
   533  005440            ,N                                             
   534  005450            ,e                                                 
   535  005460            ,R[h                                         
   536  005470            ,Г_                                        
   537  005480            ,e_                                            
   538  005490            ,Oϓ                                         
   539  005500            ,                                             
   540  005510            ,敪                                     
   541  005520            ,XVN                                           
   542  005530            ,XV                                             
   543  005540            ,XV                                               
   544  005550            ,͒S҃R[h                                     
Pro*COBOL: Release 9.2.0.1.0 - Production on  Apr 5 17:03:45 2005

Copyright (c) 1982, 2002, Oracle Corporation.  All rights reserved.

   545  005560            ,o^N                                           
   546  005570            ,o^                                             
   547  005580            ,o^S)                                          
   548  005590       VALUES                                                     
   549  005600           ( :cSPS|_ԍ                                  
   550  005610            ,:cSPS|הԍ                                  
   551  005620            ,:cSPS|R[h                              
   552  005630            ,:cSPS|_R[h                              
   553  005640            ,:cSPS|zʋz                                  
   554  005650            ,:cSPS|                                      
   555  005660            ,:cSPS|                                  
   556  005670            ,:cSPS|                                      
   557  005680            ,:cSPS|                                    
   558  005690            ,:cSPS|                                    
   559  005700            ,:cSPS|旧萔                              
   560  005710            ,:cSPS|旧萔Ŋz                      
   561  005720            ,:cSPS|z                                
   562  005730            ,:cSPS|Г敪                              
   563  005740            ,:cSPS|Г                                  
   564  005750            ,:cSPS|N                                  
   565  005760            ,:cSPS|e                                      
   566  005770            ,:cSPS|R[h                              
   567  005780            ,:cSPS|Г|                            
   568  005790            ,:cSPS|e|                                
   569  005800            ,:cSPS|Oϓ                              
   570  005810            ,:cSPS|                                  
   571  005820            ,:cSPS|敪                          
   572  005830            ,:cSPS|XVN                                
   573  005840            ,:cSPS|XV                                  
   574  005850            ,:cSPS|XV                                    
   575  005860            ,:cSPS|͒S҃R[h                          
   576  005870            ,:cSPS|o^N                                
   577  005880            ,:cSPS|o^                                  
   578  005890            ,:cSPS|o^S)                               
   579  005900     END-EXEC.                                                    
   580  005910*                                                                 
   581  005920*----------------------------------------------------------------*
   582  005930*    ǉmF                                              *
   583  005940*----------------------------------------------------------------*
   584  005950     EVALUATE  SQLCODE                                            
   585  005960        WHEN   萔|rpknj                                   
   586  005970*--<       ǉ >                                             
   587  005980           COMPUTE  v|ó|    =  v|ó|  +  1     
   588  005990        WHEN   OTHER                                              
   589  006000*--<       ǉG[ >                                       
   590  006010           MOVE     -4                TO  v|G[R[h        
   591  006020           PERFORM  G[                                    
   592  006030     END-EVALUATE.                                                
   593  006040*                                                                 
   594  006050 o͏|dwhs.                                              
   595  006060     EXIT.                                                        
   596  006070*                                                                 
   597  006080******************************************************************
   598  006090*    I                                                    *
   599  006100******************************************************************
   600  006110 I                             SECTION.                    
   601  006120 I|rs`qs.                                            
   602  006130*                                                                 
   603  006140*----------------------------------------------------------------*
   604  006150*    caN[Y                                            *
   605  006160*----------------------------------------------------------------*
   606  006170     PERFORM caN[Y.                                    
Pro*COBOL: Release 9.2.0.1.0 - Production on  Apr 5 17:03:45 2005

Copyright (c) 1982, 2002, Oracle Corporation.  All rights reserved.

   607  006180*----------------------------------------------------------------*
   608  006190*    caR~bg                                             
   609  006200*----------------------------------------------------------------*
   610  006210     PERFORM  caR~bg                                    
   611  006220*----------------------------------------------------------------*
   612  006230*    bZ[Wo͏                                      *
   613  006240*----------------------------------------------------------------*
   614  006250     PERFORM  bZ[Wo.                                 
   615  006260*----------------------------------------------------------------*
   616  006270*    IbZ[Wo͏                                      *
   617  006280*----------------------------------------------------------------*
   618  006290     PERFORM  IbZ[Wo.                                 
   619  006300*                                                                 
   620  006310*--< vOI >                                         
   621  006320     MOVE  萔|             TO  PROGRAM-STATUS.         
   622  006330*                                                                 
   623  006340 I|dwhs.                                              
   624  006350     EXIT.                                                        
   625  006360******************************************************************
   626  006370*    bZ[Wo͏                                      *
   627  006380******************************************************************
   628  006390 bZ[Wo                   SECTION.                    
   629  006400 bZ[Wó|rs`qs.                                  
   630  006410*                                                                 
   631  006420     INITIALIZE                       IF-CHOCO001.                
   632  006430     MOVE  "3"                        TO  P|Cxg.     
   633  006440     MOVE  萔|vOhc       TO  P|\[Xhc.       
   634  006450     MOVE  "0"                        TO  P|AR[h.       
   635  006460     MOVE  "LTRFCU"                   TO  P|e[uhc. 
   636  006470     MOVE  "COUNT"                    TO  P|.         
   637  006480     MOVE  v|́|             TO  P|f[^e.       
   638  006490     MOVE  "SUMMIŢݸޔ|Ǎ"                       
   639  006500                                      TO  P|̑bZ[W. 
   640  006510     CALL  CLOCO001                USING  IF-CHOCO001.            
   641  006520*                                                                 
   642  006530     INITIALIZE                       IF-CHOCO001.                
   643  006540     MOVE  "3"                        TO  P|Cxg.     
   644  006550     MOVE  萔|vOhc       TO  P|\[Xhc.       
   645  006560     MOVE  "0"                        TO  P|AR[h.       
   646  006570     MOVE  "LTRFCK"                   TO  P|e[uhc. 
   647  006580     MOVE  "COUNT"                    TO  P|.         
   648  006590     MOVE  v|́|             TO  P|f[^e.       
   649  006600     MOVE  "SUMMIŢݸފ{Ǎ"                       
   650  006610                                      TO  P|̑bZ[W. 
   651  006620     CALL  CLOCO001                USING  IF-CHOCO001.            
   652  006630*                                                                 
   653  006640     INITIALIZE                       IF-CHOCO001.                
   654  006650     MOVE  "3"                        TO  P|Cxg.     
   655  006660     MOVE  萔|vOhc       TO  P|\[Xhc.       
   656  006670     MOVE  "0"                        TO  P|AR[h.       
   657  006680     MOVE  "D414USM"                  TO  P|e[uhc. 
   658  006690     MOVE  "COUNT"                    TO  P|.         
   659  006700     MOVE  v|ó|             TO  P|f[^e.       
   660  006710     MOVE  "_񔄊|דo^"                             
   661  006720                                      TO  P|̑bZ[W. 
   662  006730     CALL  CLOCO001                USING  IF-CHOCO001.            
   663  006740*                                                                 
   664  006750 bZ[Wó|dwhs.                                    
   665  006760     EXIT.                                                        
   666  006770*                                                                 
   667  006780******************************************************************
   668  006790*    IbZ[Wo͏                                      *
Pro*COBOL: Release 9.2.0.1.0 - Production on  Apr 5 17:03:45 2005

Copyright (c) 1982, 2002, Oracle Corporation.  All rights reserved.

   669  006800******************************************************************
   670  006810 IbZ[Wo                   SECTION.                    
   671  006820 IbZ[Wó|rs`qs.                                  
   672  006830*                                                                 
   673  006840     INITIALIZE                       IF-CHOCO001.                
   674  006850     MOVE  "3"                        TO  P|Cxg.     
   675  006860     MOVE  萔|vOhc       TO  P|\[Xhc.       
   676  006870     MOVE  "0"                        TO  P|AR[h.       
   677  006880     MOVE  "END"                      TO  P|.         
   678  006890     MOVE  萔|vO         TO  P|̑bZ[W. 
   679  006900     CALL  CLOCO001                USING  IF-CHOCO001.            
   680  006910*                                                                 
   681  006920 IbZ[Wó|dwhs.                                    
   682  006930     EXIT.                                                        
   683  006940*                                                                 
   684  006950******************************************************************
   685  006960*    caN[Y                                                *
   686  006970******************************************************************
   687  006980 caN[Y                     SECTION.                    
   688  006990 caN[Y|rs`qs.                                    
   689  007000*                                                                 
   690  007010*--< J[\ N[Y >                                          
   691  007020     EXEC SQL                                                     
   692  007030        CLOSE  CUR1                                               
   693  007040     END-EXEC.                                                    
   694  007050*                                                                 
   695  007060 caN[Y|dwhs.                                      
   696  007070     EXIT.                                                        
   697  007080******************************************************************
   698  007090*    caR~bg                                            *
   699  007100******************************************************************
   700  007110 caR~bg                     SECTION.                    
   701  007120 caR~bg|rs`qs.                                    
   702  007130*                                                                 
   703  007140     EXEC  SQL                                                    
   704  007150        COMMIT  WORK  RELEASE                                     
   705  007160     END-EXEC.                                                    
   706  007170*                                                                 
   707  007180     INITIALIZE                       IF-CHOCO001.                
   708  007190     MOVE  "3"                        TO  P|Cxg.     
   709  007200     MOVE  萔|vOhc       TO  P|\[Xhc.       
   710  007210     MOVE  "0"                        TO  P|AR[h.       
   711  007220     MOVE  "COMMIT"                   TO  P|.         
   712  007230     MOVE  "R~bg{"             TO  P|̑bZ[W. 
   713  007240     CALL  CLOCO001                USING  IF-CHOCO001.            
   714  007250*                                                                 
   715  007260 caR~bg|dwhs.                                      
   716  007270     EXIT.                                                        
   717  007280******************************************************************
   718  007290*    ca[obN                                        *
   719  007300******************************************************************
   720  007310 ca[obN                 SECTION.                    
   721  007320 ca[obN|rs`qs.                                
   722  007330*                                                                 
   723  007340     EXEC  SQL                                                    
   724  007350        ROLLBACK WORK  RELEASE                                    
   725  007360     END-EXEC.                                                    
   726  007370*                                                                 
   727  007380     INITIALIZE                       IF-CHOCO001.                
   728  007390     MOVE  "1"                        TO  P|Cxg.     
   729  007400     MOVE  萔|vOhc       TO  P|\[Xhc.       
   730  007410     MOVE  "9"                        TO  P|AR[h.       
Pro*COBOL: Release 9.2.0.1.0 - Production on  Apr 5 17:03:45 2005

Copyright (c) 1982, 2002, Oracle Corporation.  All rights reserved.

   731  007420     MOVE  "ROLLBACK"                 TO  P|.         
   732  007430     MOVE  "[obN{"         TO  P|̑bZ[W. 
   733  007440     CALL  CLOCO001                USING  IF-CHOCO001.            
   734  007450*                                                                 
   735  007460 ca[obN|dwhs.                                  
   736  007470     EXIT.                                                        
   737  007480
   738  007490******************************************************************
   739  007500*    G[                                                  *
   740  007510******************************************************************
   741  007520 G[                           SECTION.                    
   742  007530 G[|rs`qs.                                          
   743  007540*                                                                 
   744  007550     MOVE  "Y"                        TO  v|ُI|tO.   
   745  007560     INITIALIZE                       IF-CHOCO001.                
   746  007570*                                                                 
   747  007580     EVALUATE  v|G[R[h                                   
   748  007590        WHEN  -1                                                  
   749  007600*--<       nq`bkdڑs >                                 
   750  007610           MOVE  "1"                  TO  P|Cxg      
   751  007620           MOVE  萔|vOhc TO  P|\[Xhc        
   752  007630           MOVE  "9"                  TO  P|AR[h        
   753  007640           MOVE  "CONNECT"            TO  P|          
   754  007650           MOVE  SQLCODE              TO  P|f[^e        
   755  007660           MOVE  SQLERRMC             TO  P|̑bZ[W  
   756  007670           CALL  CLOCO001          USING  IF-CHOCO001             
   757  007680*                                                                 
   758  007690        WHEN  -2                                                  
   759  007700*--<       J[\I[vG[  >                              
   760  007710           MOVE  "1"                  TO  P|Cxg      
   761  007720           MOVE  萔|vOhc TO  P|\[Xhc        
   762  007730           MOVE  "9"                  TO  P|AR[h        
   763  007740           MOVE  "LTRFCU"             TO  P|e[uhc  
   764  007750           MOVE  "OPEN"               TO  P|          
   765  007760           MOVE  SQLCODE              TO  P|f[^e        
   766  007770           MOVE  SQLERRMC             TO  P|̑bZ[W  
   767  007780           CALL  CLOCO001          USING  IF-CHOCO001             
   768  007790*                                                                 
   769  007800        WHEN  -3                                                  
   770  007810*--<       e[uJ[\ǍG[ >                       
   771  007820           MOVE  "1"                  TO  P|Cxg      
   772  007830           MOVE  萔|vOhc TO  P|\[Xhc        
   773  007840           MOVE  "9"                  TO  P|AR[h        
   774  007850           MOVE  SQLCODE              TO  P|e[uhc  
   775  007860           MOVE  "SELECT"             TO  P|          
   776  007870           MOVE  SQLCODE              TO  P|f[^e        
   777  007880           MOVE  SQLERRMC             TO  P|̑bZ[W  
   778  007890           CALL  CLOCO001          USING  IF-CHOCO001             
   779  007900*                                                                 
   780  007910        WHEN  -4                                                  
   781  007920*--<       ǉG[  >                                      
   782  007930           MOVE  "1"                  TO  P|Cxg      
   783  007940           MOVE  萔|vOhc TO  P|\[Xhc        
   784  007950           MOVE  "9"                  TO  P|AR[h        
   785  007960           MOVE  "D414USM"            TO  P|e[uhc  
   786  007970           MOVE  "INSERT"             TO  P|          
   787  007980           MOVE  SQLCODE              TO  P|f[^e        
   788  007990           MOVE  SQLERRMC             TO  P|̑bZ[W  
   789  008000           CALL  CLOCO001          USING  IF-CHOCO001             
   790  008010*                                                                 
   791  008020        WHEN  OTHER                                               
   792  008030           MOVE  "N"                  TO  v|ُI|tO    
Pro*COBOL: Release 9.2.0.1.0 - Production on  Apr 5 17:03:45 2005

Copyright (c) 1982, 2002, Oracle Corporation.  All rights reserved.

   793  008040     END-EVALUATE.                                                
   794  008050*                                                                 
   795  008060     IF  v|ُI|tO =  "Y"                              
   796  008070*--<    bZ[Wo >                                      
   797  008080        PERFORM  bZ[Wo                               
   798  008090*--<    IbZ[Wo͏ >                                  
   799  008100        PERFORM  IbZ[Wo                               
   800  008110*--<    vO^[R[h >                                
   801  008120        MOVE  萔|ُ          TO  PROGRAM-STATUS          
   802  008130        EXIT  PROGRAM                                             
   803  008140     END-IF.                                                      
   804  008150*                                                                 
   805  008160 G[|dwhs.                                            
   806  008170     EXIT.                                                        
   807  008180******************************************************************
   808  008190*                  END OF PROGRAM                                *
   809  008200******************************************************************
t@C: COBIS490.PCON[Y
Pro*COBOL: Release 9.2.0.1.0 - Production on  Apr 5 17:03:45 2005

Copyright (c) 1982, 2002, Oracle Corporation.  All rights reserved.


zXgϐ
--------------

01  DB-STRING                                           Charf(20)
  Z:\COB97\COPYLIB_DB\SQLCOM.CBL      3
  COBIS490.PCO    196

01  PASSWD                                              Charf(10)
  Z:\COB97\COPYLIB_DB\SQLCOM.CBL      5
  COBIS490.PCO    191    195

01  SQLSTATE                                            Charf(5)
  Z:\COB97\COPYLIB_DB\SQLCOM.CBL      2
  COBIS490.PCO    190    194    249    273    334    366    397    516    691    703    723

01  USERNAME                                            Charf(10)
  Z:\COB97\COPYLIB_DB\SQLCOM.CBL      4
  COBIS490.PCO    191    195

03  cSPS|zʋz OF _񔄊|              Decimal(13,0)
  Z:\COB97\COPYLIB_DB\D414USM.CBL     11
  COBIS490.PCO    553

03  cSPS| OF _񔄊|                Decimal(10,8)
  Z:\COB97\COPYLIB_DB\D414USM.CBL     15
  COBIS490.PCO    557

03  cSPS| OF _񔄊|                Decimal(13,0)
  Z:\COB97\COPYLIB_DB\D414USM.CBL     16
  COBIS490.PCO    558

03  cSPS|Oϓ OF _񔄊|            Charf(8)
  Z:\COB97\COPYLIB_DB\D414USM.CBL     32
  COBIS490.PCO    569

03  cSPS| OF _񔄊|                  Charf(8)
  Z:\COB97\COPYLIB_DB\D414USM.CBL     12
  COBIS490.PCO    554

03  cSPS|_R[h OF _񔄊|            Charf(5)
  Z:\COB97\COPYLIB_DB\D414USM.CBL      9
  COBIS490.PCO    552

03  cSPS|_ԍ OF _񔄊|              Charf(10)
  Z:\COB97\COPYLIB_DB\D414USM.CBL      5
  COBIS490.PCO    549

03  cSPS|XV OF _񔄊|              Charf(8)
  Z:\COB97\COPYLIB_DB\D414USM.CBL     38
  COBIS490.PCO    573

03  cSPS|XV OF _񔄊|                Charf(8)
  Z:\COB97\COPYLIB_DB\D414USM.CBL     39
  COBIS490.PCO    574

03  cSPS|XVN OF _񔄊|            Charf(8)
  Z:\COB97\COPYLIB_DB\D414USM.CBL     37
  COBIS490.PCO    572

03  cSPS|敪 OF _񔄊|            Charf(1)
  Z:\COB97\COPYLIB_DB\D414USM.CBL     35
Pro*COBOL: Release 9.2.0.1.0 - Production on  Apr 5 17:03:45 2005

Copyright (c) 1982, 2002, Oracle Corporation.  All rights reserved.

  COBIS490.PCO    571

03  cSPS|N OF _񔄊|              Decimal(10,8)
  Z:\COB97\COPYLIB_DB\D414USM.CBL     25
  COBIS490.PCO    564

03  cSPS|Г OF _񔄊|              Decimal(10,8)
  Z:\COB97\COPYLIB_DB\D414USM.CBL     24
  COBIS490.PCO    563

03  cSPS|Г| OF _񔄊|            Decimal(10,8)
  Z:\COB97\COPYLIB_DB\D414USM.CBL     29
  COBIS490.PCO    567

03  cSPS|Г敪 OF _񔄊|            Charf(1)
  Z:\COB97\COPYLIB_DB\D414USM.CBL     22
  COBIS490.PCO    562

03  cSPS|R[h OF _񔄊|            Charf(9)
  Z:\COB97\COPYLIB_DB\D414USM.CBL      7
  COBIS490.PCO    551

03  cSPS|旧萔 OF _񔄊|            Decimal(13,0)
  Z:\COB97\COPYLIB_DB\D414USM.CBL     17
  COBIS490.PCO    559

03  cSPS|旧萔Ŋz OF _            Decimal(13,0)
  Z:\COB97\COPYLIB_DB\D414USM.CBL     19
  COBIS490.PCO    560

03  cSPS|R[h OF _񔄊|            Charf(5)
  Z:\COB97\COPYLIB_DB\D414USM.CBL     27
  COBIS490.PCO    566

03  cSPS|e OF _񔄊|                  Decimal(13,0)
  Z:\COB97\COPYLIB_DB\D414USM.CBL     26
  COBIS490.PCO    565

03  cSPS|e| OF _񔄊|            Decimal(13,0)
  Z:\COB97\COPYLIB_DB\D414USM.CBL     31
  COBIS490.PCO    568

03  cSPS|o^ OF _񔄊|              Charf(8)
  Z:\COB97\COPYLIB_DB\D414USM.CBL     43
  COBIS490.PCO    577

03  cSPS|o^S OF _񔄊|            Charf(8)
  Z:\COB97\COPYLIB_DB\D414USM.CBL     44
  COBIS490.PCO    578

03  cSPS|o^N OF _񔄊|            Charf(8)
  Z:\COB97\COPYLIB_DB\D414USM.CBL     42
  COBIS490.PCO    576

03  cSPS| OF _񔄊|                  Decimal(3,0)
  Z:\COB97\COPYLIB_DB\D414USM.CBL     14
  COBIS490.PCO    556

03  cSPS|͒S҃R[h OF _񔄊|            Charf(8)
  Z:\COB97\COPYLIB_DB\D414USM.CBL     40
  COBIS490.PCO    575

Pro*COBOL: Release 9.2.0.1.0 - Production on  Apr 5 17:03:45 2005

Copyright (c) 1982, 2002, Oracle Corporation.  All rights reserved.

03  cSPS|z OF _񔄊|            Decimal(13,0)
  Z:\COB97\COPYLIB_DB\D414USM.CBL     21
  COBIS490.PCO    561

03  cSPS|הԍ OF _񔄊|              Decimal(3,0)
  Z:\COB97\COPYLIB_DB\D414USM.CBL      6
  COBIS490.PCO    550

03  cSPS| OF _񔄊|              Charf(8)
  Z:\COB97\COPYLIB_DB\D414USM.CBL     13
  COBIS490.PCO    555

03  cSPS| OF _񔄊|              Charf(10)
  Z:\COB97\COPYLIB_DB\D414USM.CBL     34
  COBIS490.PCO    570

01  hjnOOP|}                                  Charf(3)
  Z:\COB97\COPYLIB_DB\IKOTBL001.CBL      7
  COBIS490.PCO    368    399

01  hjnOOP|VR[h                        Charf(7)
  Z:\COB97\COPYLIB_DB\IKOTBL001.CBL      6
  COBIS490.PCO    336

01  ksqebj|[U[R[h                        Charf(8)
  Z:\COB97\COPYLIB_DB\LTRFCK.CBL      5
  COBIS490.PCO    276    340    372

01  ksqebj|zʋz                              Decimal(13,0)
  Z:\COB97\COPYLIB_DB\LTRFCK.CBL     15
  COBIS490.PCO    277

01  ksqebj|                                  Charf(7)
  Z:\COB97\COPYLIB_DB\LTRFCK.CBL     17
  COBIS490.PCO    278

01  ksqebj|Г                              Decimal(11,8)
  Z:\COB97\COPYLIB_DB\LTRFCK.CBL     12
  COBIS490.PCO    286    289

01  ksqebj|R[h                          Charf(8)
  Z:\COB97\COPYLIB_DB\LTRFCK.CBL      6
  COBIS490.PCO    288    403

01  ksqebj|ev                                Decimal(13,0)
  Z:\COB97\COPYLIB_DB\LTRFCK.CBL     14
  COBIS490.PCO    287    290

01  ksqebt|                                Decimal(11,8)
  Z:\COB97\COPYLIB_DB\LTRFCU.CBL     11
  COBIS490.PCO    281

01  ksqebt|                                Decimal(13,0)
  Z:\COB97\COPYLIB_DB\LTRFCU.CBL     10
  COBIS490.PCO    282

01  ksqebt|ԓ                              Decimal(4,0)
  Z:\COB97\COPYLIB_DB\LTRFCU.CBL      8
  COBIS490.PCO    280

01  ksqebt|Oٓ                          Charf(7)
  Z:\COB97\COPYLIB_DB\LTRFCU.CBL     17
Pro*COBOL: Release 9.2.0.1.0 - Production on  Apr 5 17:03:45 2005

Copyright (c) 1982, 2002, Oracle Corporation.  All rights reserved.

  COBIS490.PCO    291

01  ksqebt|_ԍ                              Charf(9)
  Z:\COB97\COPYLIB_DB\LTRFCU.CBL      4
  COBIS490.PCO    275

01  ksqebt|萔                            Decimal(13,0)
  Z:\COB97\COPYLIB_DB\LTRFCU.CBL     12
  COBIS490.PCO    283

01  ksqebt|萔œz                  Decimal(13,0)
  Z:\COB97\COPYLIB_DB\LTRFCU.CBL     13
  COBIS490.PCO    284

01  ksqebt|z                              Decimal(13,0)
  Z:\COB97\COPYLIB_DB\LTRFCU.CBL      9
  COBIS490.PCO    285

01  ksqebt|                              Charf(7)
  Z:\COB97\COPYLIB_DB\LTRFCU.CBL      5
  COBIS490.PCO    279

Pro*COBOL: Release 9.2.0.1.0 - Production on  Apr 5 17:03:45 2005

Copyright (c) 1982, 2002, Oracle Corporation.  All rights reserved.


SQLʎq
---------------

CUR1                  CURSOR                        
  COBIS490.PCO    223    250    274    692    223

Pro*COBOL: Release 9.2.0.1.0 - Production on  Apr 5 17:03:45 2005

Copyright (c) 1982, 2002, Oracle Corporation.  All rights reserved.



                              vRpCEIvV
-------------------------------------------------------------------------------
IvV   ݂̐ݒl         ݒ
-------------------------------------------------------------------------------
asacc             no                ftHg                                  
assume_sqlcode    no                ftHg                                  
auto_connect      no                ftHg                                  
close_on_commit   yes               mode                                        
comp5             yes               D:\Oracle\precomp\admin\pcbcfg.cfg          
config            default config    ftHg                                  
date_format       local             ftHg                                  
dbms              native            ftHg                                  
declare_section   yes               mode                                        
define            *Ȃ*            ftHg                                  
dynamic           ansi              mode                                        
end_of_fetch      100               mode                                        
eol_padding       yes               ftHg                                  
errors            yes               ftHg                                  
fips              no                ftHg                                  
format            ansi              ftHg                                  
hold_cursor       no                ftHg                                  
host              cobol             ftHg                                  
iname             COBIS490.PCO      R}hC                              
include           Z:\COB97\COPYLIB  D:\Oracle\precomp\admin\pcbcfg.cfg          
                  Z:\COB97\COPYLIB_DD:\Oracle\precomp\admin\pcbcfg.cfg          
                  *Ȃ*            D:\Oracle\precomp\admin\pcbcfg.cfg          
ireclen           132               D:\Oracle\precomp\admin\pcbcfg.cfg          
litdelim          quote             ftHg                                  
lname             *Ȃ*            ftHg                                  
lreclen           132               ftHg                                  
ltype             long              ftHg                                  
maxliteral        160               D:\Oracle\precomp\admin\pcbcfg.cfg          
maxopencursors    10                ftHg                                  
mode              ANSI              D:\Oracle\precomp\admin\pcbcfg.cfg          
nested            yes               ftHg                                  
nls_local         yes               D:\Oracle\precomp\admin\pcbcfg.cfg          
oname             COBIS490.COB      R}hC                              
oraca             no                ftHg                                  
oreclen           80                ftHg                                  
pagelen           66                ftHg                                  
picx              charf             ftHg                                  
prefetch          1                 ftHg                                  
release_cursor    no                ftHg                                  
select_error      yes               ftHg                                  
sqlcheck          FULL              D:\Oracle\precomp\admin\pcbcfg.cfg          
threads           no                ftHg                                  
type_code         ansi              mode                                        
unsafe_null       no                ftHg                                  
userid            LIDAWEI/LDW@FIP   D:\Oracle\precomp\admin\pcbcfg.cfg          
varchar           no                ftHg                                  
xref              yes               ftHg                                  
Pro*COBOL: Release 9.2.0.1.0 - Production on  Apr 5 17:03:45 2005

Copyright (c) 1982, 2002, Oracle Corporation.  All rights reserved.


v\
----------

^[ER[h: 0
dv Ił̃bZ[W: 0
dv Wł̃bZ[W: 0
dv Eł̃bZ[W: 0
dv Fł̃bZ[W: 0
̓C̐: 936
錾ꂽzXgϐ̐: 107
J[\̐: 1
̐: 0
gpő僁[(oCg): 204159
