COBOL97 診断機能

<<要約>>
 実行時ﾒｯｾｰｼﾞが発生しました:
  ｱﾌﾟﾘｹｰｼｮﾝ  : C:\COB97\SOC\AAASED25\AAASED25.EXE(PID=000001FC)
  例外種別   : JMP0311I-U [PID:000001FC TID:00000418] 'DBMSACS'ファイルが割り当てられていません． PGM=COBCO001 ADR=01701296
  発生時間   : 2005/03/28(16:19:46)
  発生ﾓｼﾞｭｰﾙ : C:\COB97\SOC\AAASED25\COBCO001.DLL
  作成時間   : 2004/06/07(9:15:42)
  ﾌｧｲﾙｻｲｽﾞ   : 49152bytes

<<問題箇所>>
  ｽﾚｯﾄﾞID  : 00000418
  ﾚｼﾞｽﾀ    : EAX=0012D6A0  EBX=1C042688  ECX=E9999999  EDX=00000001  ESI=00000000
           : EDI=0013F558  EIP=77E5A4E1  ESP=0012D698  EBP=0012D6F0  EFL=00000246
           : CS=001B  SS=0023  DS=0023  ES=0023  FS=0038  GS=0000
  ｽﾀｯｸｺﾐｯﾄ : 00004000 (ﾄｯﾌﾟ:00130000, ﾍﾞｰｽ:0012C000)
  命令     :  ｱﾄﾞﾚｽ   +0 +1 +2 +3 +4 +5 +6 +7 +8 +9 +a +b +c +d +e +f
             77E5A4D1 01 8D 7D C4 F3 A5 8D 45 B0 50 FF 15 68 14 E5 77
     ﾌｫｰﾙﾄ ->77E5A4E1 E9 66 17 03 00 FF 74 24 08 FF 74 24 08 E8 62 FB

  ﾓｼﾞｭｰﾙﾌｧｲﾙ : C:\COB97\SOC\AAASED25\COBCO001.DLL
  ｾｸｼｮﾝ相対位置 : .text+00000296
  EXPORT相対位置 : COBCO001+0000025E

 <呼出経路>
[  1]---------------------------------------------------------------------------------
  ﾓｼﾞｭｰﾙﾌｧｲﾙ : E:\Program Files\PCOB97\F3BKATCH.dll
  ｾｸｼｮﾝ相対位置 : .text+000020E0
  EXPORT相対位置 : NotifyExecErrorInfo+00000146
[  2]---------------------------------------------------------------------------------
  ﾓｼﾞｭｰﾙﾌｧｲﾙ : E:\Program Files\PCOB97\F3BIPRCT.dll
  ｾｸｼｮﾝ相対位置 : .text+0000BBD7
  EXPORT相対位置 : JMP1MESS+00000927
[  3]---------------------------------------------------------------------------------
  ﾓｼﾞｭｰﾙﾌｧｲﾙ : E:\Program Files\PCOB97\F3BIPRCT.dll
  ｾｸｼｮﾝ相対位置 : .text+00020F6C
  EXPORT相対位置 : JMP5IOER+00000DEC
[  4]---------------------------------------------------------------------------------
  ﾓｼﾞｭｰﾙﾌｧｲﾙ : E:\Program Files\PCOB97\F3BILPIO.dll
  ｾｸｼｮﾝ相対位置 : .text+0000A88C
  EXPORT相対位置 : JMP5PCHK+00000F5C
[  5]---------------------------------------------------------------------------------
  ﾓｼﾞｭｰﾙﾌｧｲﾙ : C:\COB97\SOC\AAASED25\COBCO001.DLL
  ｾｸｼｮﾝ相対位置 : .text+0000029A
  EXPORT相対位置 : COBCO001+00000262
[  6]---------------------------------------------------------------------------------
  ﾓｼﾞｭｰﾙﾌｧｲﾙ : C:\COB97\SOC\AAASED25\AAASED25.EXE
  ｾｸｼｮﾝ相対位置 : .text+00000689
  ｼﾝﾎﾞﾙ相対位置 : AAASED25+00000689
  翻訳情報 : ShiftJIS, ｼﾝｸﾞﾙｽﾚｯﾄﾞ, NOOPTIMIZE
  外部ﾌﾟﾛｸﾞﾗﾑ/ｸﾗｽ : AAASED25
  ｿｰｽﾌｧｲﾙ : AAASED25.COB
  文位置 : 1451
[  7]---------------------------------------------------------------------------------
  ﾓｼﾞｭｰﾙﾌｧｲﾙ : C:\COB97\SOC\AAASED25\AAASED25.EXE
  ｾｸｼｮﾝ相対位置 : .text+0000000A
  ｼﾝﾎﾞﾙ相対位置 : AAASED25+0000000A
[  8]---------------------------------------------------------------------------------
  ﾓｼﾞｭｰﾙﾌｧｲﾙ : C:\COB97\SOC\AAASED25\AAASED25.EXE
  ｾｸｼｮﾝ相対位置 : .text+00012AD1
  ｼﾝﾎﾞﾙ相対位置 : _mainCRTStartup+000000B4
[  9]---------------------------------------------------------------------------------
  ﾓｼﾞｭｰﾙﾌｧｲﾙ : E:\WINNT\system32\KERNEL32.dll
  ｾｸｼｮﾝ相対位置 : .text+000077F5
  EXPORT相対位置 : DosDateTimeToFileTime+00000C64

<<ｼｽﾃﾑ情報>>
  ｺﾝﾋﾟｭｰﾀ名      : YAQIEDU-216
  ﾕｰｻﾞｰ名        : Administrator
  Windowsﾊﾞｰｼﾞｮﾝ : Microsoft Windows 2000
  ﾊﾞｰｼﾞｮﾝﾅﾝﾊﾞｰ   : 5.0.2195
  ｻｰﾋﾞｽﾊﾟｯｸ      : Service Pack 4

<<ｺﾏﾝﾄﾞﾗｲﾝ>>
  "AAASED25.EXE"

<<環境変数>>
  =::=::\
  ALLUSERSPROFILE=E:\Documents and Settings\All Users
  APPDATA=E:\Documents and Settings\Administrator\Application Data
  CommonProgramFiles=E:\Program Files\Common Files
  COMPUTERNAME=YAQIEDU-216
  ComSpec=E:\WINNT\system32\cmd.exe
  HOMEDRIVE=E:
  HOMEPATH=\
  Include=E:\PROGRA~1\Ocf21\ifaspro\include;E:\Program Files\PCOB97\INCLUDE;E:\Program Files\Microsoft Visual Studio\VC98\include;E:\Program Files\Microsoft Visual Studio\Common\MsDev\include;
  Lib=E:\PROGRA~1\Ocf21\ifaspro\lib;E:\PROGRA~1\Ocf21\WEBCBL\lib;E:\PROGRA~1\Ocf21\SQLEXT\lib;E:\Program Files\PCOB97\LIB;E:\Program Files\PCOB97;E:\PROGRA~1\Ocf21\cbl85pro\lib;E:\Program Files\Microsoft Visual Studio\VC98\lib;E:\Program Files\Microsoft Visual Studio\Common\MsDev\lib
  LOGONSERVER=\\YAQIEDU-216
  NUMBER_OF_PROCESSORS=1
  OS=Windows_NT
  Os2LibPath=E:\WINNT\system32\os2\dll;
  Path=D:\oracle\bin;E:\Program Files\Oracle\jre\1.1.8\bin;E:\PROGRA~1\Ocf21\ifaspro\bin;E:\PROGRA~1\Ocf21\COBOLC~1\bin;E:\PROGRA~1\Ocf21\SQLEXT\bin;E:\Program Files\PCOB97\DBALIB\BIN;E:\Program Files\PCOB97\CLASSCOB\BIN;E:\Program Files\PCOB97;E:\Program Files\PCOB97\MEFTWEB;E:\PROGRA~1\Ocf21\cbl85pro\bin;E:\Program Files\Microsoft Visual Studio\VC98\bin;E:\Program Files\Microsoft Visual Studio\Common\MsDev\bin;E:\WINNT\system32;E:\WINNT;E:\WINNT\System32\Wbem
  PATHEXT=.COM;.EXE;.BAT;.CMD;.VBS;.VBE;.JS;.JSE;.WSF;.WSH
  PROCESSOR_ARCHITECTURE=x86
  PROCESSOR_IDENTIFIER=x86 Family 6 Model 4 Stepping 2, AuthenticAMD
  PROCESSOR_LEVEL=6
  PROCESSOR_REVISION=0402
  ProgramFiles=E:\Program Files
  SystemDrive=E:
  SystemRoot=E:\WINNT
  TEMP=E:\DOCUME~1\ADMINI~1\LOCALS~1\Temp
  TMP=E:\DOCUME~1\ADMINI~1\LOCALS~1\Temp
  USERDOMAIN=YAQIEDU-216
  USERNAME=Administrator
  USERPROFILE=E:\Documents and Settings\Administrator
  WF_RESOURCES=D:\oracle\WF\RES\WFja.RES
  windir=E:\WINNT

<<実行環境情報>>
  実行ﾓｰﾄﾞ   : ShiftJIS, ｼﾝｸﾞﾙｽﾚｯﾄﾞ
  ﾌﾟﾛｸﾞﾗﾑ名  : AAASED25
  初期化ﾌｧｲﾙ : C:\COB97\SOC\AAASED25\COBOL85.CBR
    [COBIS430.ENTRY]
    CLOCO001=Z:\COB97\DLL\CLOCO001.DLL
    COBCO001=Z:\COB97\DLL\COBCO001.DLL
    [COBIS430]
    @IconName=COB85EXE
    @ScrnSize=(80,24)
    @CnslWinSize=(80,24)
    @CnslBufLine=100
    @WinCloseMsg=ON
    @EnvSetWindow=UNUSE
    @AllFileExclusive=NO
    @NoMessage=YES
    @MessOutFile=C:\COB97\SOC\COBIS430\COBIS430_SYS.LOG
    DBMSACS=C:\COB97\SOC\DBMSACS.INI
    LOGFILE=C:\COB97\SOC\COBIS430\COBIS430.LOG
    [EOF]

<<STACK/HEAP情報>>
  ｽﾀｯｸ : 00100000
  ﾋｰﾌﾟ : 00100000

<<ﾀｽｸﾘｽﾄ>>
       0 Idle.exe
       8 System.exe
      88 smss.exe
      A0 csrss.exe
      9C winlogon.exe
      D0 services.exe
      DC lsass.exe
     190 svchost.exe
     1A8 spoolsv.exe
     1C4 COBATSVC.exe
     1D8 svchost.exe
     1E8 IFASINIT.exe
     1F8 KVSrvXP.exe
     20C IFASLOGW.exe
     238 regsvc.exe
     25C MSTask.exe
     280 WinMgmt.exe
     29C svchost.exe
     3C0 Explorer.exe
     2D4 KVMonXP.kxp.exe
     440 ctfmon.exe
     4A4 xdict.exe
     4C4 CWV7hook.exe
     4D4 acrotray.exe
     3C4 ipmsg.exe
     4CC TrojDie.kxp.exe
     4C8 KRegEx.exe
     46C DllHost.exe
     47C F3BXVFRM.exe
     324 F3BXMSRV.exe
     4E8 F3BXTF00.exe
     454 conime.exe
     318 PLSQLDev.exe
     13C mdm.exe
     1FC AAASED25.exe
     3D4 COBSNAP.exe
       0 _Total.exe

<<ﾓｼﾞｭｰﾙﾘｽﾄ>>
  00400000 - 00421000  C:\COB97\SOC\AAASED25\AAASED25.EXE
                         2005/03/28(16:19:42)
  77F80000 - 77FFB000  E:\WINNT\system32\ntdll.dll
                         Microsoft Corporation, Microsoft(R) Windows (R) 2000 Operating System, 5.00.2195.6685
                         2003/06/19(12:05:04)
  62600000 - 62675000  D:\oracle\bin\orasql9.dll
                         2002/04/26(18:56:32)
  610A0000 - 6113F000  D:\oracle\bin\oracore9.dll
                         2002/05/14(17:18:16)
  612A0000 - 61319000  D:\oracle\bin\oranls9.dll
                         2002/04/25(14:03:24)
  613A0000 - 613B1000  D:\oracle\bin\oraunls9.dll
                         2002/04/25(14:03:26)
  78000000 - 78045000  E:\WINNT\system32\MSVCRT.dll
                         Microsoft Corporation, Microsoft (R) Visual C++, 6.10.9844.0
                         2003/06/19(12:05:04)
  77E50000 - 77F38000  E:\WINNT\system32\KERNEL32.dll
                         Microsoft Corporation, Microsoft(R) Windows (R) 2000 Operating System, 5.00.2195.6688
                         2003/06/19(12:05:04)
  74FB0000 - 74FBA000  E:\WINNT\system32\WSOCK32.dll
                         Microsoft Corporation, Microsoft(R) Windows (R) 2000 Operating System, 5.00.2195.6603
                         2003/06/19(12:05:04)
  74F90000 - 74FA4000  E:\WINNT\system32\WS2_32.DLL
                         Microsoft Corporation, Microsoft(R) Windows (R) 2000 Operating System, 5.00.2195.6601
                         2003/06/19(12:05:04)
  79480000 - 794E2000  E:\WINNT\system32\ADVAPI32.DLL
                         Microsoft Corporation, Microsoft(R) Windows (R) 2000 Operating System, 5.00.2195.6710
                         2003/06/19(12:05:04)
  78780000 - 787F1000  E:\WINNT\system32\RPCRT4.DLL
                         Microsoft Corporation, Microsoft(R) Windows (R) 2000 Operating System, 5.00.2195.6701
                         2003/06/19(12:05:04)
  74F80000 - 74F88000  E:\WINNT\system32\WS2HELP.DLL
                         Microsoft Corporation, Microsoft(R) Windows (R) 2000 Operating System, 5.00.2134.1
                         1999/12/17(20:00:00)
  77A20000 - 77B17000  E:\WINNT\system32\ole32.dll
                         Microsoft Corporation, Microsoft(R) Windows (R) 2000 Operating System, 5.00.2195.6692
                         2003/06/19(12:05:04)
  77F40000 - 77F7C000  E:\WINNT\system32\GDI32.DLL
                         Microsoft Corporation, Microsoft(R) Windows (R) 2000 Operating System, 5.00.2195.6660
                         2003/06/19(12:05:04)
  77DE0000 - 77E45000  E:\WINNT\system32\USER32.DLL
                         Microsoft Corporation, Microsoft(R) Windows (R) 2000 Operating System, 5.00.2195.6688
                         2003/06/19(12:05:04)
  77520000 - 77550000  E:\WINNT\system32\WINMM.dll
                         Microsoft Corporation, Microsoft(R) Windows (R) 2000 Operating System, 5.00.2161.1
                         1999/12/17(20:00:00)
  60600000 - 60784000  D:\oracle\bin\oraclient9.dll
                         2002/04/28(16:13:48)
  60800000 - 60806000  D:\oracle\bin\oravsn9.dll
                         2002/04/28(16:13:50)
  60500000 - 60590000  D:\oracle\bin\oracommon9.dll
                         2002/04/28(16:12:16)
  00430000 - 00687000  D:\oracle\bin\orageneric9.dll
                         2002/05/05(17:23:26)
  62FC0000 - 6303D000  D:\oracle\bin\oraxml9.dll
                         2002/04/27(17:50:02)
  780A0000 - 780B2000  E:\WINNT\system32\MSVCIRT.dll
                         Microsoft Corporation, Microsoft (R) Visual C++, 6.10.8637.0
                         1999/12/17(20:00:00)
  630F0000 - 63110000  D:\oracle\bin\oraxsd9.dll
                         2002/04/27(17:50:14)
  615A0000 - 61629000  D:\oracle\bin\orannzsbb9.dll
                         2002/05/04(23:00:36)
  61480000 - 61534000  D:\oracle\bin\oran9.dll
                         2002/04/26(19:31:10)
  61400000 - 6142C000  D:\oracle\bin\oranl9.dll
                         2002/04/26(19:30:18)
  61960000 - 61971000  D:\oracle\bin\oranldap9.dll
                         2002/04/26(19:31:06)
  62000000 - 62024000  D:\oracle\bin\oraldapclnt9.dll
                         2002/04/26(21:19:42)
  616B0000 - 616C7000  D:\oracle\bin\orancrypt9.dll
                         2002/04/26(19:37:34)
  77980000 - 77A1B000  E:\WINNT\system32\OLEAUT32.dll
                         2003/06/19(12:05:04)
  62300000 - 6233E000  D:\oracle\bin\ORATRACE9.dll
                         2002/04/29(14:04:08)
  61730000 - 61766000  D:\oracle\bin\oranro9.dll
                         2002/04/26(19:30:14)
  617C0000 - 617C6000  D:\oracle\bin\oranhost9.dll
                         2002/04/26(19:31:02)
  617D0000 - 617D6000  D:\oracle\bin\oranoname9.dll
                         2002/04/26(19:31:04)
  616A0000 - 616A6000  D:\oracle\bin\orancds9.dll
                         2002/04/26(19:31:24)
  61820000 - 61827000  D:\oracle\bin\orantns9.dll
                         2002/04/26(19:30:58)
  64000000 - 64007000  D:\oracle\bin\oranms.dll
                         2002/04/26(17:29:30)
  64020000 - 64030000  D:\oracle\bin\oranmsp.dll
                         2002/04/26(17:29:30)
  60A00000 - 60D13000  D:\oracle\bin\orapls9.dll
                         2002/04/28(10:45:02)
  62500000 - 62507000  D:\oracle\bin\oraslax9.dll
                         2002/04/26(17:18:00)
  61350000 - 61360000  D:\oracle\bin\orasnls9.dll
                         2002/04/25(14:03:28)
  60810000 - 60816000  D:\oracle\bin\orawtc9.dll
                         2002/04/28(16:13:52)
  1C000000 - 1C04B000  E:\Program Files\PCOB97\F3BIPRCT.dll
                         FUJITSU LIMITED, COBOL97 RUNTIME SYSTEM, 61.20.0.0
                         2001/04/13(10:06:24)
  00690000 - 006CD000  E:\Program Files\PCOB97\F3BISCRN.dll
                         FUJITSU LIMITED, COBOL97 RUNTIME SYSTEM, 61.20.0.0
                         2001/04/03(19:24:58)
  10000000 - 10015000  E:\Program Files\PCOB97\F3BKATCH.dll
                         FUJITSU LIMITED, COBOL97 RUNTIME SYSTEM, 61.20.0.0
                         2001/04/25(14:02:52)
  76AE0000 - 76B1E000  E:\WINNT\system32\comdlg32.dll
                         Microsoft Corporation, Microsoft(R) Windows (R) 2000 Operating System, 5.00.3700.6693
                         2003/06/19(12:05:04)
  77C40000 - 77C8A000  E:\WINNT\system32\SHLWAPI.DLL
                         Microsoft Corporation, Microsoft(R) Windows (R) 2000 Operating System, 5.00.3502.6601
                         2003/06/19(12:05:04)
  77B20000 - 77BA9000  E:\WINNT\system32\COMCTL32.DLL
                         Microsoft Corporation, Microsoft(R) Windows (R) 2000 Operating System, 5.00.3502.6601
                         2003/06/19(12:05:04)
  73CC0000 - 73F08000  E:\WINNT\system32\SHELL32.DLL
                         Microsoft Corporation, Microsoft(R) Windows (R) 2000 Operating System, 5.00.3700.6705
                         2003/06/19(12:05:04)
  777D0000 - 777D7000  E:\WINNT\system32\VERSION.dll
                         Microsoft Corporation, Microsoft(R) Windows (R) 2000 Operating System, 5.00.2195.6623
                         2003/06/19(12:05:04)
  75940000 - 75946000  E:\WINNT\system32\LZ32.DLL
                         Microsoft Corporation, Microsoft(R) Windows (R) 2000 Operating System, 5.00.2195.6611
                         2003/06/19(12:05:04)
  006D0000 - 00704000  E:\Program Files\PCOB97\F3BILPIO.dll
                         FUJITSU LIMITED, COBOL97 RUNTIME SYSTEM, 61.20.0.0
                         2001/04/04(13:51:38)
  00710000 - 00715000  E:\Program Files\PCOB97\F3BIOVLD.dll
                         FUJITSU LIMITED, COBOL97 RUNTIME SYSTEM, 61.20.0.0
                         2001/04/16(20:06:28)
  777B0000 - 777CE000  E:\WINNT\system32\WINSPOOL.DRV
                         Microsoft Corporation, Microsoft(R) Windows (R) 2000 Operating System, 5.00.2195.6659
                         2003/06/19(12:05:04)
  798F0000 - 79901000  E:\WINNT\system32\MPR.DLL
                         Microsoft Corporation, Microsoft(R) Windows (R) 2000 Operating System, 5.00.2195.6611
                         2003/06/19(12:05:04)
  2C000000 - 2C034000  E:\Program Files\PCOB97\F3BIIO.dll
                         FUJITSU LIMITED, COBOL97 RUNTIME SYSTEM, 61.20.0.0
                         2001/04/06(10:49:56)
  3C000000 - 3C03B000  E:\Program Files\PCOB97\F3BIFRM.dll
                         FUJITSU LIMITED, COBOL97 RUNTIME SYSTEM, 61.20.0.0
                         2001/04/05(16:06:40)
  00720000 - 00736000  E:\Program Files\PCOB97\F3BIDBG.dll
                         FUJITSU LIMITED, COBOL97 RUNTIME SYSTEM, 61.20.0.0
                         2001/04/18(11:09:12)
  75DF0000 - 75E0A000  E:\WINNT\system32\IMM32.DLL
                         Microsoft Corporation, Microsoft(R) Windows (R) 2000 Operating System, 5.00.2195.6655
                         2003/06/19(12:05:04)
  012B0000 - 012B5000  E:\Program Files\PCOB97\F3BIPRSJ.DLL
                         FUJITSU LIMITED, COBOL97 RUNTIME SYSTEM, 61.20.0.0
                         2001/04/03(20:10:44)
  012C0000 - 012C4000  E:\Program Files\PCOB97\F3BIODSJ.DLL
                         FUJITSU LIMITED, COBOL97 RUNTIME SYSTEM, 61.20.0.0
                         2001/04/06(19:11:34)
  012D0000 - 012DA000  E:\Program Files\PCOB97\F3BIMSGJ.DLL
                         FUJITSU LIMITED, COBOL97 RUNTIME SYSTEM, 61.20.0.0
                         2001/04/03(20:31:54)
  01340000 - 0134D000  E:\Program Files\PCOB97\F3BILANP.dll
                         FUJITSU LIMITED, COBOL97 RUNTIME SYSTEM, 61.20.0.0
                         2001/05/22(20:09:36)
  60000000 - 6004B000  E:\WINNT\system32\MSCTF.dll
                         Microsoft Corporation, Microsoft(R) Windows NT(R) Operating System, 1.00.2409.34
                         2003/05/21(22:49:06)
  37F00000 - 37F13000  E:\Program Files\Kingsoft\XdictEJC\Cjktl32.dll
                         2000/09/29(12:05:40)
  3A600000 - 3A676000  E:\WINNT\system32\IMJP9.IME
                         Microsoft Corporation, Microsoft IME 2003, 9.0.5516.0
                         2003/07/23(22:40:04)
  3A690000 - 3A760000  E:\WINNT\system32\imjp9k.dll
                         Microsoft Corporation, Microsoft IME 2003, 9.0.5510.0
                         2003/07/14(23:03:54)
  015E0000 - 015EE000  C:\COB97\SOC\AAASED25\CLOCO001.DLL
                         2004/06/07(9:15:50)
  01700000 - 0170C000  C:\COB97\SOC\AAASED25\COBCO001.DLL
                         2004/06/07(9:15:42)

<<ｽﾀｯｸｻﾏﾘ>>
  FramePtr RetAddr  Param-01 Param-02 Param-03 Param-04 Param-05 Param-06 Param-07 Param-08 Module:Program
  0012D6F0 100030E0 E9999999 00000000 00000000 00000000 0013F558 0000006C 0013F558 00000000 KERNEL32.dll:RaiseException
  0012D728 1C00CBD7 01701296 00000010 0013F558 00000137 00000000 0012EAC3 017090F4 0170612C F3BKATCH.dll:NotifyExecErrorInfo
  0012DDE4 1C021F6C 00140058 00120137 00000000 0013F558 0012EEF6 0012EABC 0012F904 01706074 F3BIPRCT.dll:JMP1MESS
  0012EEE4 006DB88C 01706074 00000100 0055612C 0170612C 01709040 7FFDF000 77E6CBEF 001402F0 F3BIPRCT.dll:JMP5IOER
  0012FB6C 0170129A 01706074 00000001 0012FB80 00000001 0170612C 00000010 00419038 0012FC2C F3BILPIO.dll:JMP5PCHK
  0012FC38 00401689 0041BDD0 1F1E1D08 23222120 27262524 2B2A2928 2F2E2D2C 33323130 37363534 COBCO001.DLL:COBCO001
  0012FF74 0040100A 00000000 0012FFC0 00413AD1 00000001 01300E60 01300E88 00000000 0015BAFC AAASED25.EXE:AAASED25
  0012FF80 00413AD1 00000001 01300E60 01300E88 00000000 0015BAFC 7FFDF000 8043138F 00000000 AAASED25.EXE:AAASED25
  0012FFC0 77E587F5 00000000 0015BAFC 7FFDF000 00000000 0012FFC8 00000000 FFFFFFFF 77E6F0B4 AAASED25.EXE:_mainCRTStartup
  0012FFF0 00000000 00413A1D 00000000 000000C8 00000100 EEFFEEFF 00000002 00000000 0000FE00 KERNEL32.dll:DosDateTimeToFileTime

<<ｽﾀｯｸﾀﾞﾝﾌﾟ>>
  0012D690  E1 A4 E5 77 A0 D6 12 00 - 58 F5 13 00 6C 00 00 00  ...w....X...l...
  0012D6A0  99 99 99 E9 00 00 00 00 - 00 00 00 00 E1 A4 E5 77  ...............w
  0012D6B0  00 00 00 00 FF FF FF FF - EC D6 12 00 FE 25 48 79  .............%Hy
  0012D6C0  28 00 00 00 F8 EB FD 7F - 00 00 00 00 19 00 02 00  (...............
  0012D6D0  20 D7 12 00 58 F5 13 00 - 6C 00 00 00 88 26 04 1C   ...X...l....&..
  0012D6E0  26 00 27 00 58 56 00 10 - 00 00 00 00 28 D7 12 00  &.'.XV......(...
  0012D6F0  28 D7 12 00 E0 30 00 10 - 99 99 99 E9 00 00 00 00  (....0..........
  0012D700  00 00 00 00 00 00 00 00 - 58 F5 13 00 6C 00 00 00  ........X...l...
  0012D710  58 F5 13 00 00 00 00 00 - 00 00 00 00 02 00 00 00  X...............
  0012D720  00 00 00 00 B8 CA 00 1C - E4 DD 12 00 D7 CB 00 1C  ................
  0012D730  96 12 70 01 10 00 00 00 - 58 F5 13 00 37 01 00 00  ..p.....X...7...
  0012D740  00 00 00 00 C3 EA 12 00 - F4 90 70 01 2C 61 70 01  ..........p.,ap.
  0012D750  20 50 47 4D 3D 43 4F 42 - 43 4F 30 30 31 20 41 44   PGM=COBCO001 AD
  0012D760  52 3D 30 31 37 30 31 32 - 39 36 00 00 14 D9 12 00  R=01701296......
  0012D770  51 C6 FC 77 9D C5 FC 77 - B4 C5 FC 77 AD C2 FC 77  Q..w...w...w...w
  0012D780  89 01 04 1C 00 00 00 00 - FF FF FF FF 30 D9 12 00  ............0...
  0012D790  5C C3 FC 77 78 13 13 00 - 0A 02 00 00 1A 02 00 00  \..wx...........
  0012D7A0  00 00 00 00 78 01 13 00 - 58 E6 13 00 00 00 00 00  ....x...X.......
  0012D7B0  00 00 00 00 00 00 00 00 - 00 00 00 00 00 00 00 00  ................
  0012D7C0  00 00 00 00 00 00 00 00 - 00 00 00 00 00 00 00 00  ................
  0012D7D0  00 00 00 00 00 00 00 00 - 00 00 00 00 00 00 00 00  ................
  0012D7E0  00 00 00 00 00 00 00 00 - 00 00 00 00 00 00 00 00  ................
  0012D7F0  00 00 00 00 00 00 00 00 - 00 00 00 00 00 00 00 00  ................
  0012D800  00 00 00 00 88 01 13 00 - 88 01 13 00 00 00 00 00  ................
  0012D810  04 00 00 00 88 01 13 00 - 00 00 00 00 00 00 00 00  ................
  0012D820  00 00 00 00 BB 6D F8 77 - 18 00 00 00 5C D8 12 00  .....m.w....\...
  0012D830  00 00 00 00 64 99 F8 77 - 00 00 13 00 B0 BC 13 00  ....d..w........
  0012D840  00 00 00 00 90 D3 13 00 - 88 C3 13 00 00 00 13 00  ................
  0012D850  6C D8 12 00 2E CA FC 77 - 02 00 00 00 01 00 00 00  l......w........
  0012D860  00 00 13 00 88 C3 13 00 - 00 00 00 00 00 00 13 00  ................
  0012D870  00 00 13 00 78 01 13 00 - C0 C9 FC 77 08 06 13 00  ....x......w....
  0012D880  25 C9 FC 77 AD C2 FC 77 - 23 00 00 C0 D3 C7 FC 77  %..w...w#......w
  0012D890  00 00 00 00 00 00 00 00 - 01 00 00 00 22 00 00 00  ............"...
  0012D8A0  00 00 00 00 03 00 00 00 - 00 00 00 00 00 00 00 00  ................
  0012D8B0  10 00 00 00 58 E6 13 00 - 78 01 13 00 58 E6 13 00  ....X...x...X...
  0012D8C0  78 01 13 00 50 E6 13 00 - 38 DA 12 00 40 DA 12 00  x...P...8...@...
  0012D8D0  00 00 00 00 00 D9 12 00 - C2 33 F9 77 00 EC 12 00  .........3.w....
  0012D8E0  0E 00 00 00 0C D9 12 00 - 4C D9 12 00 1C 00 00 00  ........L.......
  0012D8F0  9C 00 00 00 00 EC 12 00 - 00 00 70 01 00 00 00 00  ..........p.....
  0012D900  48 DA 12 00 CD 3C E6 77 - 40 DA 12 00 0E 00 00 00  H....<.w@.......
  0012D910  00 00 00 00 00 00 00 00 - 01 00 00 00 1C 01 00 00  ................
  0012D920  05 00 00 00 00 00 00 00 - 93 08 00 00 02 00 00 00  ................
  0012D930  53 00 65 00 72 00 76 00 - 69 00 63 00 65 00 20 00  S.e.r.v.i.c.e. .
  0012D940  50 00 61 00 63 00 6B 00 - 20 00 34 00 00 00 FE 0F  P.a.c.k. .4.....
  0012D950  90 C3 13 00 74 E9 12 00 - 1E 3F 00 1C 00 01 00 C0  ....t....?......
  0012D960  74 E1 12 00 00 08 00 00 - 60 00 36 01 D8 5E 32 01  t.......`.6..^2.
  0012D970  C8 5E 32 01 40 47 4F 50 - 54 00 00 00 00 00 00 00  .^2.@GOPT.......
  0012D980  00 00 00 00 00 00 00 00 - 00 00 00 00 00 00 00 00  ................
  0012D990  00 00 00 00 00 00 00 00 - 00 00 00 00 00 00 00 00  ................
  0012D9A0  00 00 00 00 00 00 00 00 - 00 00 00 00 00 00 00 00  ................
  0012D9B0  00 00 00 00 00 00 00 00 - 00 00 00 00 00 00 00 00  ................
  0012D9C0  00 00 00 00 00 00 00 00 - 00 00 00 00 00 00 00 00  ................
  0012D9D0  00 00 00 00 00 00 00 00 - 00 00 00 00 00 00 00 00  ................
  0012D9E0  00 00 00 00 00 00 00 00 - 00 00 00 00 00 00 00 00  ................
  0012D9F0  00 00 00 00 00 00 00 00 - 00 00 00 00 00 00 00 00  ................
  0012DA00  00 00 00 00 00 00 00 00 - 00 00 00 00 00 00 00 00  ................
  0012DA10  00 00 00 00 00 00 00 00 - 00 00 00 00 00 00 00 00  ................
  0012DA20  00 00 00 00 00 00 00 00 - 00 00 00 00 00 00 00 00  ................
  0012DA30  04 00 00 00 00 00 01 00 - 1C 00 1E 00 30 D9 12 00  ............0...
  0012DA40  0E 00 80 00 00 EC 12 00 - 84 EC 12 00 1C 18 70 01  ..............p.
  0012DA50  01 00 00 00 00 00 70 01 - 00 00 00 00 00 00 00 00  ......p.........
  0012DA60  00 00 00 00 00 00 00 00 - 00 00 00 00 00 00 00 00  ................
  0012DA70  00 00 00 00 00 00 00 00 - 00 00 00 00 00 00 00 00  ................
  0012DA80  00 00 00 00 00 00 00 00 - 00 00 00 00 00 00 00 00  ................
  0012DA90  00 00 00 00 00 00 00 00 - 00 00 00 00 00 00 00 00  ................
  0012DAA0  00 00 00 00 00 00 00 00 - 00 00 00 00 00 00 00 00  ................
  0012DAB0  00 00 00 00 00 00 00 00 - 00 00 00 00 00 00 00 00  ................
  0012DAC0  00 00 00 00 00 00 00 00 - 00 00 00 00 00 00 00 00  ................
  0012DAD0  00 00 00 00 00 00 00 00 - 00 00 00 00 00 00 00 00  ................
  0012DAE0  00 00 00 00 00 00 00 00 - 00 00 00 00 00 00 00 00  ................
  0012DAF0  00 00 00 00 00 00 00 00 - 00 00 00 00 00 00 00 00  ................
  0012DB00  00 00 00 00 00 00 00 00 - 00 00 00 00 00 00 00 00  ................
  0012DB10  00 00 00 00 00 00 00 00 - 00 00 00 00 00 00 00 00  ................
  0012DB20  00 00 00 00 00 00 00 00 - 00 00 00 00 00 00 00 00  ................
  0012DB30  00 00 00 00 00 00 00 00 - 00 00 00 00 00 00 00 00  ................
  0012DB40  00 00 00 00 00 00 00 00 - 00 00 00 00 00 00 00 00  ................
  0012DB50  00 00 00 00 00 00 00 00 - 00 00 00 00 00 00 00 00  ................
  0012DB60  00 00 00 00 00 00 00 00 - 00 00 00 00 00 00 00 00  ................
  0012DB70  A4 DB 12 00 06 00 00 00 - 54 2A F9 77 B0 DB 12 00  ........T*.w....
  0012DB80  06 00 00 00 54 2A F9 77 - 00 00 13 00 A8 07 13 00  ....T*.w........
  0012DB90  06 00 00 00 B0 DF 13 00 - 88 DB 12 00 00 02 00 00  ................
  0012DBA0  44 DD 12 00 91 81 F9 77 - 98 2A F9 77 FF FF FF FF  D......w.*.w....
  0012DBB0  54 DD 12 00 5C C3 FC 77 - A8 07 13 00 A0 DD 12 00  T...\..w........
  0012DBC0  A8 DD 12 00 00 00 00 00 - 01 02 00 00 00 00 13 00  ................
  0012DBD0  88 C3 13 00 01 02 00 00 - 80 DD 12 00 51 C6 FC 77  ............Q..w
  0012DBE0  9D C5 FC 77 B4 C5 FC 77 - AD C2 FC 77 AA 08 04 1C  ...w...w...w....
  0012DBF0  00 00 00 00 00 00 00 00 - 00 00 00 00 00 00 00 00  ................
  0012DC00  00 00 00 00 78 01 13 00 - 58 E6 13 00 00 00 00 00  ....x...X.......
  0012DC10  78 01 13 00 58 E6 13 00 - 00 00 00 00 00 00 00 00  x...X...........
  0012DC20  00 00 00 00 00 00 00 00 - 00 00 00 00 00 00 00 00  ................
  0012DC30  00 00 00 00 00 00 00 00 - 00 00 00 00 00 00 00 00  ................
  0012DC40  74 DC 12 00 03 00 00 00 - 54 2A F9 77 00 00 13 00  t.......T*.w....
  0012DC50  18 07 13 00 03 00 00 00 - 38 D8 13 00 4C DC 12 00  ........8...L...
  0012DC60  00 02 00 00 08 DE 12 00 - 91 81 F9 77 98 2A F9 77  ...........w.*.w
  0012DC70  FF FF FF FF 18 DE 12 00 - 5C C3 FC 77 18 07 13 00  ........\..w....
  0012DC80  64 DE 12 00 6C DE 12 00 - 00 00 00 00 BC DC 12 00  d...l...........
  0012DC90  00 00 13 00 58 05 14 00 - 78 01 13 00 55 03 00 00  ....X...x...U...
  0012DCA0  80 C7 FC 77 9D C5 FC 77 - B4 C5 FC 77 AD C2 FC 77  ...w...w...w...w
  0012DCB0  F4 90 70 01 00 00 00 00 - 00 00 13 00 D8 DC 12 00  ..p.............
  0012DCC0  2E CA FC 77 02 00 00 00 - 4D 53 47 49 44 5F 30 33  ...w....MSGID_03
  0012DCD0  31 31 00 00 13 00 13 00 - 78 01 13 00 00 00 13 00  11......x.......
  0012DCE0  78 01 13 00 40 06 13 00 - 08 06 13 00 20 5B 50 49  x...@....... [PI
  0012DCF0  44 3A 30 30 30 30 30 31 - 46 43 20 54 49 44 3A 30  D:000001FC TID:0
  0012DD00  30 30 30 30 34 31 38 5D - 00 00 00 00 00 00 00 00  0000418]........
  0012DD10  06 00 00 00 58 E6 13 00 - 78 01 13 00 10 00 00 00  ....X...x.......
  0012DD20  58 E6 13 00 78 01 11 04 - 58 E6 13 00 78 01 03 00  X...x...X...x...
  0012DD30  50 E6 13 00 00 00 13 00 - 06 00 00 00 00 C2 FC 77  P..............w
  0012DD40  AA 08 04 1C 00 00 00 00 - 78 01 13 00 78 01 13 00  ........x...x...
  0012DD50  F6 EE 12 00 BC EA 12 00 - EC DC 12 00 50 D7 12 00  ............P...
  0012DD60  E8 62 04 1C E8 62 04 1C - E8 62 04 1C E8 62 04 1C  .b...b...b...b..
  0012DD70  E8 62 04 1C E8 62 04 1C - 90 DD 12 00 00 00 13 00  .b...b..........
  0012DD80  9C DD 12 00 2E CA FC 77 - 55 03 00 00 58 05 14 00  .......wU...X...
  0012DD90  30 33 31 31 00 F5 13 00 - 00 00 00 00 04 00 00 00  0311............
  0012DDA0  0C 00 CC 00 78 01 FF FE - 00 00 00 00 00 06 13 00  ....x...........
  0012DDB0  37 01 00 A0 AD C2 FC 77 - 58 47 2D 01 D3 C7 FC 77  7......wXG-....w
  0012DDC0  94 06 31 01 58 F5 13 00 - 00 00 00 00 00 00 00 00  ..1.X...........
  0012DDD0  74 60 70 01 03 00 00 00 - 00 00 2D 01 96 12 70 01  t`p.......-...p.
  0012DDE0  6C 00 00 00 E4 EE 12 00 - 6C 1F 02 1C 58 00 14 00  l.......l...X...
  0012DDF0  37 01 12 00 00 00 00 00 - 58 F5 13 00 F6 EE 12 00  7.......X.......
  0012DE00  BC EA 12 00 04 F9 12 00 - 74 60 70 01 2C 61 70 01  ........t`p.,ap.
  0012DE10  00 00 13 00 56 05 00 00 - 01 FF 12 00 B0 FF 12 00  ....V...........
  0012DE20  50 F5 13 00 01 96 F8 77 - AD C2 FC 77 23 00 00 C0  P......w...w#...
  0012DE30  40 DE 12 00 D3 C7 FC 77 - 4A D0 F8 77 00 01 00 C0  @......wJ..w....
  0012DE40  84 DE 12 00 0D BC E5 77 - CB 00 00 00 23 00 00 C0  .......w....#...
  0012DE50  25 62 E5 77 00 01 00 C0 - AB DE 12 00 F4 90 70 01  %b.w..........p.
  0012DE60  C8 56 32 01 07 00 08 00 - A4 DE 12 00 00 00 00 00  .V2.............
  0012DE70  00 00 00 00 1C E0 12 00 - 51 C6 FC 77 9D C5 FE 0F  ........Q..w....
  0012DE80  58 F5 13 00 A4 EE 12 00 - 1E 3F 00 1C 00 01 00 C0  X........?......
