*****************************
***    SAMPLE6-4   START  ***
*****************************
*--------------------*
*-----A-INIT-RTN-----*
*--------------------*
*--------------------*
*-----A-INIT-EXIT----*
*--------------------*
*--------------------*
*-----B-MAIN-RTN-----*
*--------------------*
01  * 01 = 01
*--------------------*
*-----B-MAIN-RTN-----*
*--------------------*
02  * 01 = 02
*--------------------*
*-----B-MAIN-RTN-----*
*--------------------*
03  * 01 = 03
*--------------------*
*-----B-MAIN-RTN-----*
*--------------------*
04  * 01 = 04
*--------------------*
*-----B-MAIN-RTN-----*
*--------------------*
05  * 01 = 05
*--------------------*
*-----B-MAIN-RTN-----*
*--------------------*
06  * 01 = 06
*--------------------*
*-----B-MAIN-RTN-----*
*--------------------*
07  * 01 = 07
*--------------------*
*-----B-MAIN-RTN-----*
*--------------------*
08  * 01 = 08
*--------------------*
*-----B-MAIN-RTN-----*
*--------------------*
09  * 01 = 09
*--------------------*
*-----B-MAIN-RTN-----*
*--------------------*
*--------------------*
*-----B-MAIN-RTN-----*
*--------------------*
02  * 02 = 04
*--------------------*
*-----B-MAIN-RTN-----*
*--------------------*
03  * 02 = 06
*--------------------*
*-----B-MAIN-RTN-----*
*--------------------*
04  * 02 = 08
*--------------------*
*-----B-MAIN-RTN-----*
*--------------------*
05  * 02 = 10
*--------------------*
*-----B-MAIN-RTN-----*
*--------------------*
06  * 02 = 12
*--------------------*
*-----B-MAIN-RTN-----*
*--------------------*
07  * 02 = 14
*--------------------*
*-----B-MAIN-RTN-----*
*--------------------*
08  * 02 = 16
*--------------------*
*-----B-MAIN-RTN-----*
*--------------------*
09  * 02 = 18
*--------------------*
*-----B-MAIN-RTN-----*
*--------------------*
*--------------------*
*-----B-MAIN-RTN-----*
*--------------------*
*--------------------*
*-----B-MAIN-RTN-----*
*--------------------*
03  * 03 = 09
*--------------------*
*-----B-MAIN-RTN-----*
*--------------------*
04  * 03 = 12
*--------------------*
*-----B-MAIN-RTN-----*
*--------------------*
05  * 03 = 15
*--------------------*
*-----B-MAIN-RTN-----*
*--------------------*
06  * 03 = 18
*--------------------*
*-----B-MAIN-RTN-----*
*--------------------*
07  * 03 = 21
*--------------------*
*-----B-MAIN-RTN-----*
*--------------------*
08  * 03 = 24
*--------------------*
*-----B-MAIN-RTN-----*
*--------------------*
09  * 03 = 27
*--------------------*
*-----B-MAIN-RTN-----*
*--------------------*
*--------------------*
*-----B-MAIN-RTN-----*
*--------------------*
*--------------------*
*-----B-MAIN-RTN-----*
*--------------------*
*--------------------*
*-----B-MAIN-RTN-----*
*--------------------*
04  * 04 = 16
*--------------------*
*-----B-MAIN-RTN-----*
*--------------------*
05  * 04 = 20
*--------------------*
*-----B-MAIN-RTN-----*
*--------------------*
06  * 04 = 24
*--------------------*
*-----B-MAIN-RTN-----*
*--------------------*
07  * 04 = 28
*--------------------*
*-----B-MAIN-RTN-----*
*--------------------*
08  * 04 = 32
*--------------------*
*-----B-MAIN-RTN-----*
*--------------------*
09  * 04 = 36
*--------------------*
*-----B-MAIN-RTN-----*
*--------------------*
*--------------------*
*-----B-MAIN-RTN-----*
*--------------------*
*--------------------*
*-----B-MAIN-RTN-----*
*--------------------*
*--------------------*
*-----B-MAIN-RTN-----*
*--------------------*
*--------------------*
*-----B-MAIN-RTN-----*
*--------------------*
05  * 05 = 25
*--------------------*
*-----B-MAIN-RTN-----*
*--------------------*
06  * 05 = 30
*--------------------*
*-----B-MAIN-RTN-----*
*--------------------*
07  * 05 = 35
*--------------------*
*-----B-MAIN-RTN-----*
*--------------------*
08  * 05 = 40
*--------------------*
*-----B-MAIN-RTN-----*
*--------------------*
09  * 05 = 45
*--------------------*
*-----B-MAIN-RTN-----*
*--------------------*
*--------------------*
*-----B-MAIN-RTN-----*
*--------------------*
*--------------------*
*-----B-MAIN-RTN-----*
*--------------------*
*--------------------*
*-----B-MAIN-RTN-----*
*--------------------*
*--------------------*
*-----B-MAIN-RTN-----*
*--------------------*
*--------------------*
*-----B-MAIN-RTN-----*
*--------------------*
06  * 06 = 36
*--------------------*
*-----B-MAIN-RTN-----*
*--------------------*
07  * 06 = 42
*--------------------*
*-----B-MAIN-RTN-----*
*--------------------*
08  * 06 = 48
*--------------------*
*-----B-MAIN-RTN-----*
*--------------------*
09  * 06 = 54
*--------------------*
*-----B-MAIN-RTN-----*
*--------------------*
*--------------------*
*-----B-MAIN-RTN-----*
*--------------------*
*--------------------*
*-----B-MAIN-RTN-----*
*--------------------*
*--------------------*
*-----B-MAIN-RTN-----*
*--------------------*
*--------------------*
*-----B-MAIN-RTN-----*
*--------------------*
*--------------------*
*-----B-MAIN-RTN-----*
*--------------------*
*--------------------*
*-----B-MAIN-RTN-----*
*--------------------*
07  * 07 = 49
*--------------------*
*-----B-MAIN-RTN-----*
*--------------------*
08  * 07 = 56
*--------------------*
*-----B-MAIN-RTN-----*
*--------------------*
09  * 07 = 63
*--------------------*
*-----B-MAIN-RTN-----*
*--------------------*
*--------------------*
*-----B-MAIN-RTN-----*
*--------------------*
*--------------------*
*-----B-MAIN-RTN-----*
*--------------------*
*--------------------*
*-----B-MAIN-RTN-----*
*--------------------*
*--------------------*
*-----B-MAIN-RTN-----*
*--------------------*
*--------------------*
*-----B-MAIN-RTN-----*
*--------------------*
*--------------------*
*-----B-MAIN-RTN-----*
*--------------------*
*--------------------*
*-----B-MAIN-RTN-----*
*--------------------*
08  * 08 = 64
*--------------------*
*-----B-MAIN-RTN-----*
*--------------------*
09  * 08 = 72
*--------------------*
*-----B-MAIN-RTN-----*
*--------------------*
*--------------------*
*-----B-MAIN-RTN-----*
*--------------------*
*--------------------*
*-----B-MAIN-RTN-----*
*--------------------*
*--------------------*
*-----B-MAIN-RTN-----*
*--------------------*
*--------------------*
*-----B-MAIN-RTN-----*
*--------------------*
*--------------------*
*-----B-MAIN-RTN-----*
*--------------------*
*--------------------*
*-----B-MAIN-RTN-----*
*--------------------*
*--------------------*
*-----B-MAIN-RTN-----*
*--------------------*
*--------------------*
*-----B-MAIN-RTN-----*
*--------------------*
09  * 09 = 81
*-------------------*
*-----C-END-RTN-----*
*-------------------*
*-------------------*
*-----C-END-EXIT----*
*-------------------*
*****************************
***    SAMPLE6-4   END    ***
*****************************
