COBOL97 診断機能

<<要約>>
 実行時ﾒｯｾｰｼﾞが発生しました:
  ｱﾌﾟﾘｹｰｼｮﾝ  : Z:\TEAMALL\DENG_XIAODONG\COBIS130\COBIS130.EXE(PID=000004AC)
  例外種別   : JMP0015I-U [PID:000004AC TID:00000074] プログラム'COBCO001'を呼び出すのに失敗しました．CODE=0x7f PGM=COBIS130 LINE=798.1
  発生時間   : 2005/03/24(16:37:29)
  発生ﾓｼﾞｭｰﾙ : Z:\TEAMALL\DENG_XIAODONG\COBIS130\COBIS130.EXE
  作成時間   : 2005/03/24(16:36:12)
  ﾌｧｲﾙｻｲｽﾞ   : 134036bytes

<<問題箇所>>
  ｽﾚｯﾄﾞID  : 00000074
  ﾚｼﾞｽﾀ    : EAX=0012E9C8  EBX=1C042688  ECX=E9999999  EDX=00000001  ESI=00000000
           : EDI=00141118  EIP=77E5A4E1  ESP=0012E9C0  EBP=0012EA18  EFL=00000246
           : CS=001B  SS=0023  DS=0023  ES=0023  FS=0038  GS=0000
  ｽﾀｯｸｺﾐｯﾄ : 00004000 (ﾄｯﾌﾟ:00130000, ﾍﾞｰｽ:0012C000)
  命令     :  ｱﾄﾞﾚｽ   +0 +1 +2 +3 +4 +5 +6 +7 +8 +9 +a +b +c +d +e +f
             77E5A4D1 01 8D 7D C4 F3 A5 8D 45 B0 50 FF 15 68 14 E5 77
     ﾌｫｰﾙﾄ ->77E5A4E1 E9 66 17 03 00 FF 74 24 08 FF 74 24 08 E8 62 FB

  ﾓｼﾞｭｰﾙﾌｧｲﾙ : Z:\TEAMALL\DENG_XIAODONG\COBIS130\COBIS130.EXE
  ｾｸｼｮﾝ相対位置 : .text+00001244
  ｼﾝﾎﾞﾙ相対位置 : COBIS130+00001244
  翻訳情報 : ShiftJIS, ｼﾝｸﾞﾙｽﾚｯﾄﾞ, NOOPTIMIZE
  外部ﾌﾟﾛｸﾞﾗﾑ/ｸﾗｽ : COBIS130
  ｿｰｽﾌｧｲﾙ : COBIS130.COB
  文位置 : 798

 <呼出経路>
[  1]---------------------------------------------------------------------------------
  ﾓｼﾞｭｰﾙﾌｧｲﾙ : E:\Program Files\PCOB97\F3BKATCH.dll
  ｾｸｼｮﾝ相対位置 : .text+000020E0
  EXPORT相対位置 : NotifyExecErrorInfo+00000146
[  2]---------------------------------------------------------------------------------
  ﾓｼﾞｭｰﾙﾌｧｲﾙ : E:\Program Files\PCOB97\F3BIPRCT.dll
  ｾｸｼｮﾝ相対位置 : .text+0000BBD7
  EXPORT相対位置 : JMP1MESS+00000927
[  3]---------------------------------------------------------------------------------
  ﾓｼﾞｭｰﾙﾌｧｲﾙ : E:\Program Files\PCOB97\F3BIPRCT.dll
  ｾｸｼｮﾝ相対位置 : .text+0001DFC5
  EXPORT相対位置 : JMP1DYNA+00001705
[  4]---------------------------------------------------------------------------------
  ﾓｼﾞｭｰﾙﾌｧｲﾙ : Z:\TEAMALL\DENG_XIAODONG\COBIS130\COBIS130.EXE
  ｾｸｼｮﾝ相対位置 : .text+00001248
  ｼﾝﾎﾞﾙ相対位置 : COBIS130+00001248
  翻訳情報 : ShiftJIS, ｼﾝｸﾞﾙｽﾚｯﾄﾞ, NOOPTIMIZE
  外部ﾌﾟﾛｸﾞﾗﾑ/ｸﾗｽ : COBIS130
  ｿｰｽﾌｧｲﾙ : COBIS130.COB
  文位置 : 798
[  5]---------------------------------------------------------------------------------
  ﾓｼﾞｭｰﾙﾌｧｲﾙ : Z:\TEAMALL\DENG_XIAODONG\COBIS130\COBIS130.EXE
  ｾｸｼｮﾝ相対位置 : .text+0000000A
  ｼﾝﾎﾞﾙ相対位置 : COBIS130+0000000A
[  6]---------------------------------------------------------------------------------
  ﾓｼﾞｭｰﾙﾌｧｲﾙ : Z:\TEAMALL\DENG_XIAODONG\COBIS130\COBIS130.EXE
  ｾｸｼｮﾝ相対位置 : .text+0000FD91
  ｼﾝﾎﾞﾙ相対位置 : _mainCRTStartup+000000B4
[  7]---------------------------------------------------------------------------------
  ﾓｼﾞｭｰﾙﾌｧｲﾙ : E:\WINNT\system32\KERNEL32.dll
  ｾｸｼｮﾝ相対位置 : .text+000077F5
  EXPORT相対位置 : DosDateTimeToFileTime+00000C64

<<ｼｽﾃﾑ情報>>
  ｺﾝﾋﾟｭｰﾀ名      : YAQIEDU-213
  ﾕｰｻﾞｰ名        : Administrator
  Windowsﾊﾞｰｼﾞｮﾝ : Microsoft Windows 2000
  ﾊﾞｰｼﾞｮﾝﾅﾝﾊﾞｰ   : 5.0.2195
  ｻｰﾋﾞｽﾊﾟｯｸ      : Service Pack 4

<<ｺﾏﾝﾄﾞﾗｲﾝ>>
  "COBIS130.EXE" 

<<環境変数>>
  =::=::\
  @AllFileExclusive=NO
  @CnslBufLine=100
  @CnslWinSize=(80,24)
  @EnvSetWindow=UNUSE
  @IconName=COB85EXE
  @MessOutFile=Z:\TEAMALL\Deng_Xiaodong\COBIS130\COBIS130_SYS.LOG
  @NoMessage=YES
  @ScrnSize=(80,24)
  @WinCloseMsg=ON
  ALLUSERSPROFILE=E:\Documents and Settings\All Users
  APPDATA=E:\Documents and Settings\Administrator\Application Data
  CommonProgramFiles=E:\Program Files\Common Files
  COMPUTERNAME=YAQIEDU-213
  ComSpec=E:\WINNT\system32\cmd.exe
  DBMSACS=C:\COB97\SOC\DBMSACS.INI
  HOMEDRIVE=E:
  HOMEPATH=\
  Include=E:\Program Files\PCOB97\INCLUDE;E:\Program Files\Microsoft Visual Studio\VC98\include;E:\Program Files\Microsoft Visual Studio\Common\MsDev\include;
  Lib=E:\Program Files\PCOB97\LIB;E:\Program Files\PCOB97;E:\Program Files\Microsoft Visual Studio\VC98\lib;E:\Program Files\Microsoft Visual Studio\Common\MsDev\lib
  LOGFILE=Z:\TEAMALL\Deng_Xiaodong\COBIS130\COBIS130.LOG
  LOGONSERVER=\\YAQIEDU-213
  NUMBER_OF_PROCESSORS=1
  OS=Windows_NT
  Os2LibPath=E:\WINNT\system32\os2\dll;
  Path=D:\oracle\ora90\bin;D:\oracle\ora90\Apache\Perl\5.00503\bin\mswin32-x86;E:\Program Files\Oracle\jre\1.1.8\bin;E:\Program Files\PCOB97\DBALIB\BIN;E:\Program Files\PCOB97\CLASSCOB\BIN;E:\Program Files\PCOB97;E:\Program Files\PCOB97\MEFTWEB;E:\Program Files\Microsoft Visual Studio\VC98\bin;E:\Program Files\Microsoft Visual Studio\Common\MsDev\bin;E:\WINNT\system32;E:\WINNT;E:\WINNT\System32\Wbem
  PATHEXT=.COM;.EXE;.BAT;.CMD;.VBS;.VBE;.JS;.JSE;.WSF;.WSH
  PROCESSOR_ARCHITECTURE=x86
  PROCESSOR_IDENTIFIER=x86 Family 6 Model 4 Stepping 2, AuthenticAMD
  PROCESSOR_LEVEL=6
  PROCESSOR_REVISION=0402
  ProgramFiles=E:\Program Files
  SystemDrive=E:
  SystemRoot=E:\WINNT
  TEMP=E:\DOCUME~1\ADMINI~1\LOCALS~1\Temp
  TMP=E:\DOCUME~1\ADMINI~1\LOCALS~1\Temp
  USERDOMAIN=YAQIEDU-213
  USERNAME=Administrator
  USERPROFILE=E:\Documents and Settings\Administrator
  WF_RESOURCES=D:\oracle\ora90\WF\RES\WFus.RES
  windir=E:\WINNT
  WV_GATEWAY_CFG=D:\oracle\ora90\Apache\modplsql\cfg\wdbsvr.app

<<実行環境情報>>
  実行ﾓｰﾄﾞ   : ShiftJIS, ｼﾝｸﾞﾙｽﾚｯﾄﾞ
  ﾌﾟﾛｸﾞﾗﾑ名  : COBIS130
  初期化ﾌｧｲﾙ : Z:\TEAMALL\DENG_XIAODONG\COBIS130\COBOL85.CBR
    [COBIS130.ENTRY]
    CLOCO001=Z:\COB97\DLL\CLOCO001.DLL
    COBCO001=Z:\COB97\DLL\CLOCO011.DLL
    COBCO001=Z:\COB97\DLL\COBCO001.DLL
    [COBIS130]
    @IconName=COB85EXE
    @ScrnSize=(80,24)
    @CnslWinSize=(80,24)
    @CnslBufLine=100
    @WinCloseMsg=ON
    @EnvSetWindow=UNUSE
    @AllFileExclusive=NO
    @NoMessage=YES
    @MessOutFile=Z:\TEAMALL\Deng_Xiaodong\COBIS130\COBIS130_SYS.LOG
    DBMSACS=C:\COB97\SOC\DBMSACS.INI
    LOGFILE=Z:\TEAMALL\Deng_Xiaodong\COBIS130\COBIS130.LOG
    [EOF]

<<STACK/HEAP情報>>
  ｽﾀｯｸ : 00100000
  ﾋｰﾌﾟ : 00100000

<<ﾀｽｸﾘｽﾄ>>
       0 Idle.exe
       8 System.exe
      88 smss.exe
      A0 csrss.exe
      9C winlogon.exe
      D0 services.exe
      DC lsass.exe
     198 svchost.exe
     1B0 spoolsv.exe
     1CC COBATSVC.exe
     1DC DefWatch.exe
     1F0 svchost.exe
     200 KVSrvXP.exe
     21C Rtvscan.exe
     340 regsvc.exe
     358 MSTask.exe
     384 WinMgmt.exe
     3A8 svchost.exe
     4F8 vptray.exe
     500 KVMonXP.kxp.exe
     6E4 xdict.exe
     6FC IPMSG.exe
     720 TrojDie.kxp.exe
     3CC KRegEx.exe
     740 DllHost.exe
     734 svchost.exe
     374 F3BXMSRV.exe
     6F4 F3BXTF00.exe
     6B0 conime.exe
     694 mdm.exe
     398 ctfmon.exe
     708 ONRSD.exe
     544 explorer.exe
     638 F3BXVFRM.exe
     758 F3BXE000.exe
     644 COBSNAP.exe
     4AC COBIS130.exe
     214 COBSNAP.exe
       0 _Total.exe

<<ﾓｼﾞｭｰﾙﾘｽﾄ>>
  00400000 - 0041C000  Z:\TEAMALL\DENG_XIAODONG\COBIS130\COBIS130.EXE
                         2005/03/24(16:36:12)
  77F80000 - 77FFB000  E:\WINNT\system32\ntdll.dll
                         Microsoft Corporation, Microsoft(R) Windows (R) 2000 Operating System, 5.00.2195.6685
                         2003/06/19(12:05:04)
  62600000 - 62675000  D:\oracle\ora90\bin\orasql9.dll
                         2002/04/26(18:56:32)
  610A0000 - 6113F000  D:\oracle\ora90\bin\oracore9.dll
                         2002/05/14(17:18:16)
  612A0000 - 61319000  D:\oracle\ora90\bin\oranls9.dll
                         2002/04/25(14:03:24)
  613A0000 - 613B1000  D:\oracle\ora90\bin\oraunls9.dll
                         2002/04/25(14:03:26)
  78000000 - 78045000  E:\WINNT\system32\MSVCRT.dll
                         Microsoft Corporation, Microsoft (R) Visual C++, 6.10.9844.0
                         2003/06/19(12:05:04)
  77E50000 - 77F38000  E:\WINNT\system32\KERNEL32.dll
                         Microsoft Corporation, Microsoft(R) Windows (R) 2000 Operating System, 5.00.2195.6688
                         2003/06/19(12:05:04)
  74FB0000 - 74FBA000  E:\WINNT\system32\WSOCK32.dll
                         Microsoft Corporation, Microsoft(R) Windows (R) 2000 Operating System, 5.00.2195.6603
                         2003/06/19(12:05:04)
  74F90000 - 74FA4000  E:\WINNT\system32\WS2_32.DLL
                         Microsoft Corporation, Microsoft(R) Windows (R) 2000 Operating System, 5.00.2195.6601
                         2003/06/19(12:05:04)
  79480000 - 794E2000  E:\WINNT\system32\ADVAPI32.DLL
                         Microsoft Corporation, Microsoft(R) Windows (R) 2000 Operating System, 5.00.2195.6710
                         2003/06/19(12:05:04)
  78780000 - 787F1000  E:\WINNT\system32\RPCRT4.DLL
                         Microsoft Corporation, Microsoft(R) Windows (R) 2000 Operating System, 5.00.2195.6701
                         2003/06/19(12:05:04)
  74F80000 - 74F88000  E:\WINNT\system32\WS2HELP.DLL
                         Microsoft Corporation, Microsoft(R) Windows (R) 2000 Operating System, 5.00.2134.1
                         1999/12/17(20:00:00)
  77A20000 - 77B17000  E:\WINNT\system32\ole32.dll
                         Microsoft Corporation, Microsoft(R) Windows (R) 2000 Operating System, 5.00.2195.6692
                         2003/06/19(12:05:04)
  77F40000 - 77F7C000  E:\WINNT\system32\GDI32.DLL
                         Microsoft Corporation, Microsoft(R) Windows (R) 2000 Operating System, 5.00.2195.6660
                         2003/06/19(12:05:04)
  77DE0000 - 77E45000  E:\WINNT\system32\USER32.DLL
                         Microsoft Corporation, Microsoft(R) Windows (R) 2000 Operating System, 5.00.2195.6688
                         2003/06/19(12:05:04)
  77520000 - 77550000  E:\WINNT\system32\WINMM.dll
                         Microsoft Corporation, Microsoft(R) Windows (R) 2000 Operating System, 5.00.2161.1
                         1999/12/17(20:00:00)
  60600000 - 60784000  D:\oracle\ora90\bin\oraclient9.dll
                         2002/04/28(16:13:48)
  60800000 - 60806000  D:\oracle\ora90\bin\oravsn9.dll
                         2002/04/28(16:13:50)
  60500000 - 60590000  D:\oracle\ora90\bin\oracommon9.dll
                         2002/04/28(16:12:16)
  00420000 - 00677000  D:\oracle\ora90\bin\orageneric9.dll
                         2002/05/05(17:23:26)
  62FC0000 - 6303D000  D:\oracle\ora90\bin\oraxml9.dll
                         2002/04/27(17:50:02)
  780A0000 - 780B2000  E:\WINNT\system32\MSVCIRT.dll
                         Microsoft Corporation, Microsoft (R) Visual C++, 6.10.8637.0
                         1999/12/17(20:00:00)
  630F0000 - 63110000  D:\oracle\ora90\bin\oraxsd9.dll
                         2002/04/27(17:50:14)
  615A0000 - 61629000  D:\oracle\ora90\bin\orannzsbb9.dll
                         2002/05/04(23:00:36)
  61480000 - 61534000  D:\oracle\ora90\bin\oran9.dll
                         2002/04/26(19:31:10)
  61400000 - 6142C000  D:\oracle\ora90\bin\oranl9.dll
                         2002/04/26(19:30:18)
  61960000 - 61971000  D:\oracle\ora90\bin\oranldap9.dll
                         2002/04/26(19:31:06)
  62000000 - 62024000  D:\oracle\ora90\bin\oraldapclnt9.dll
                         2002/04/26(21:19:42)
  616B0000 - 616C7000  D:\oracle\ora90\bin\orancrypt9.dll
                         2002/04/26(19:37:34)
  77980000 - 77A1B000  E:\WINNT\system32\OLEAUT32.dll
                         2003/06/19(12:05:04)
  62300000 - 6233E000  D:\oracle\ora90\bin\ORATRACE9.dll
                         2002/04/29(14:04:08)
  61730000 - 61766000  D:\oracle\ora90\bin\oranro9.dll
                         2002/04/26(19:30:14)
  617C0000 - 617C6000  D:\oracle\ora90\bin\oranhost9.dll
                         2002/04/26(19:31:02)
  617D0000 - 617D6000  D:\oracle\ora90\bin\oranoname9.dll
                         2002/04/26(19:31:04)
  616A0000 - 616A6000  D:\oracle\ora90\bin\orancds9.dll
                         2002/04/26(19:31:24)
  61820000 - 61827000  D:\oracle\ora90\bin\orantns9.dll
                         2002/04/26(19:30:58)
  64000000 - 64007000  D:\oracle\ora90\bin\oranms.dll
                         2002/04/26(17:29:30)
  64020000 - 64030000  D:\oracle\ora90\bin\oranmsp.dll
                         2002/04/26(17:29:30)
  60A00000 - 60D13000  D:\oracle\ora90\bin\orapls9.dll
                         2002/04/28(10:45:02)
  62500000 - 62507000  D:\oracle\ora90\bin\oraslax9.dll
                         2002/04/26(17:18:00)
  61350000 - 61360000  D:\oracle\ora90\bin\orasnls9.dll
                         2002/04/25(14:03:28)
  60810000 - 60816000  D:\oracle\ora90\bin\orawtc9.dll
                         2002/04/28(16:13:52)
  1C000000 - 1C04B000  E:\Program Files\PCOB97\F3BIPRCT.dll
                         FUJITSU LIMITED, COBOL97 RUNTIME SYSTEM, 61.20.0.0
                         2001/04/13(10:06:24)
  00680000 - 006BD000  E:\Program Files\PCOB97\F3BISCRN.dll
                         FUJITSU LIMITED, COBOL97 RUNTIME SYSTEM, 61.20.0.0
                         2001/04/03(19:24:58)
  10000000 - 10015000  E:\Program Files\PCOB97\F3BKATCH.dll
                         FUJITSU LIMITED, COBOL97 RUNTIME SYSTEM, 61.20.0.0
                         2001/04/25(14:02:52)
  76AE0000 - 76B1E000  E:\WINNT\system32\comdlg32.dll
                         Microsoft Corporation, Microsoft(R) Windows (R) 2000 Operating System, 5.00.3700.6693
                         2003/06/19(12:05:04)
  77C40000 - 77C8A000  E:\WINNT\system32\SHLWAPI.DLL
                         Microsoft Corporation, Microsoft(R) Windows (R) 2000 Operating System, 5.00.3502.6601
                         2003/06/19(12:05:04)
  77B20000 - 77BA9000  E:\WINNT\system32\COMCTL32.DLL
                         Microsoft Corporation, Microsoft(R) Windows (R) 2000 Operating System, 5.00.3502.6601
                         2003/06/19(12:05:04)
  73CC0000 - 73F08000  E:\WINNT\system32\SHELL32.DLL
                         Microsoft Corporation, Microsoft(R) Windows (R) 2000 Operating System, 5.00.3700.6705
                         2003/06/19(12:05:04)
  777D0000 - 777D7000  E:\WINNT\system32\VERSION.dll
                         Microsoft Corporation, Microsoft(R) Windows (R) 2000 Operating System, 5.00.2195.6623
                         2003/06/19(12:05:04)
  75940000 - 75946000  E:\WINNT\system32\LZ32.DLL
                         Microsoft Corporation, Microsoft(R) Windows (R) 2000 Operating System, 5.00.2195.6611
                         2003/06/19(12:05:04)
  006C0000 - 006F4000  E:\Program Files\PCOB97\F3BILPIO.dll
                         FUJITSU LIMITED, COBOL97 RUNTIME SYSTEM, 61.20.0.0
                         2001/04/04(13:51:38)
  00700000 - 00705000  E:\Program Files\PCOB97\F3BIOVLD.dll
                         FUJITSU LIMITED, COBOL97 RUNTIME SYSTEM, 61.20.0.0
                         2001/04/16(20:06:28)
  777B0000 - 777CE000  E:\WINNT\system32\WINSPOOL.DRV
                         Microsoft Corporation, Microsoft(R) Windows (R) 2000 Operating System, 5.00.2195.6659
                         2003/06/19(12:05:04)
  798F0000 - 79901000  E:\WINNT\system32\MPR.DLL
                         Microsoft Corporation, Microsoft(R) Windows (R) 2000 Operating System, 5.00.2195.6611
                         2003/06/19(12:05:04)
  2C000000 - 2C034000  E:\Program Files\PCOB97\F3BIIO.dll
                         FUJITSU LIMITED, COBOL97 RUNTIME SYSTEM, 61.20.0.0
                         2001/04/06(10:49:56)
  3C000000 - 3C03B000  E:\Program Files\PCOB97\F3BIFRM.dll
                         FUJITSU LIMITED, COBOL97 RUNTIME SYSTEM, 61.20.0.0
                         2001/04/05(16:06:40)
  00710000 - 00726000  E:\Program Files\PCOB97\F3BIDBG.dll
                         FUJITSU LIMITED, COBOL97 RUNTIME SYSTEM, 61.20.0.0
                         2001/04/18(11:09:12)
  75DF0000 - 75E0A000  E:\WINNT\system32\IMM32.DLL
                         Microsoft Corporation, Microsoft(R) Windows (R) 2000 Operating System, 5.00.2195.6655
                         2003/06/19(12:05:04)
  012A0000 - 012A5000  E:\Program Files\PCOB97\F3BIPRSJ.DLL
                         FUJITSU LIMITED, COBOL97 RUNTIME SYSTEM, 61.20.0.0
                         2001/04/03(20:10:44)
  012B0000 - 012B4000  E:\Program Files\PCOB97\F3BIODSJ.DLL
                         FUJITSU LIMITED, COBOL97 RUNTIME SYSTEM, 61.20.0.0
                         2001/04/06(19:11:34)
  012C0000 - 012CA000  E:\Program Files\PCOB97\F3BIMSGJ.DLL
                         FUJITSU LIMITED, COBOL97 RUNTIME SYSTEM, 61.20.0.0
                         2001/04/03(20:31:54)
  01330000 - 0133D000  E:\Program Files\PCOB97\F3BILANP.dll
                         FUJITSU LIMITED, COBOL97 RUNTIME SYSTEM, 61.20.0.0
                         2001/05/22(20:09:36)
  60000000 - 6004B000  E:\WINNT\system32\MSCTF.dll
                         Microsoft Corporation, Microsoft(R) Windows NT(R) Operating System, 1.00.2409.34
                         2003/05/21(22:49:06)
  37F00000 - 37F13000  E:\Program Files\Kingsoft\XdictEJC\Cjktl32.dll
                         2000/09/29(12:05:40)
  3A600000 - 3A676000  E:\WINNT\system32\IMJP9.IME
                         Microsoft Corporation, Microsoft IME 2003, 9.0.5516.0
                         2003/07/23(22:40:04)
  3A690000 - 3A760000  E:\WINNT\system32\imjp9k.dll
                         Microsoft Corporation, Microsoft IME 2003, 9.0.5510.0
                         2003/07/14(23:03:54)
  015D0000 - 015DE000  Z:\COB97\DLL\CLOCO001.DLL
                         2004/06/07(13:38:24)
  016F0000 - 016F3000  Z:\COB97\DLL\CLOCO011.DLL
                         2004/06/11(8:33:48)

<<ｽﾀｯｸｻﾏﾘ>>
  FramePtr RetAddr  Param-01 Param-02 Param-03 Param-04 Param-05 Param-06 Param-07 Param-08 Module:Program
  0012EA18 100030E0 E9999999 00000000 00000000 00000000 00141118 00000078 00141118 00000000 KERNEL32.dll:RaiseException
  0012EA50 1C00CBD7 00402244 00000010 00141118 0000000F 00000000 00000000 00416288 1C042688 F3BKATCH.dll:NotifyExecErrorInfo
  0012F10C 1C01EFC5 00141C18 0000000F 00000000 00141118 0012FB48 0012FC74 0012FC74 1C04167C F3BIPRCT.dll:JMP1MESS
  0012FC98 00402248 004160FC 00000000 00416288 20202008 20202020 20202020 20202020 20202020 F3BIPRCT.dll:JMP1DYNA
  0012FF74 0040100A 00000000 0012FFC0 00410D91 00000001 012F0DD0 012F0DF8 00000000 0015EA2C COBIS130.EXE:COBIS130
  0012FF80 00410D91 00000001 012F0DD0 012F0DF8 00000000 0015EA2C 7FFDF000 8043138F 00000000 COBIS130.EXE:COBIS130
  0012FFC0 77E587F5 00000000 0015EA2C 7FFDF000 00000000 0012FFC8 00000000 FFFFFFFF 77E6F0B4 COBIS130.EXE:_mainCRTStartup
  0012FFF0 00000000 00410CDD 00000000 000000C8 00000100 EEFFEEFF 00000002 00000000 0000FE00 KERNEL32.dll:DosDateTimeToFileTime

<<ｽﾀｯｸﾀﾞﾝﾌﾟ>>
  0012E9C0  18 11 14 00 78 00 00 00 - 99 99 99 E9 00 00 00 00  ....x...........
  0012E9D0  00 00 00 00 E1 A4 E5 77 - 00 00 00 00 FF FF FF FF  .......w........
  0012E9E0  14 EA 12 00 FE 25 48 79 - 28 00 00 00 F8 EB FD 7F  .....%Hy(.......
  0012E9F0  00 00 00 00 19 00 02 00 - 48 EA 12 00 18 11 14 00  ........H.......
  0012EA00  78 00 00 00 88 26 04 1C - 26 00 27 00 58 56 00 10  x....&..&.'.XV..
  0012EA10  00 00 00 00 50 EA 12 00 - 50 EA 12 00 E0 30 00 10  ....P...P....0..
  0012EA20  99 99 99 E9 00 00 00 00 - 00 00 00 00 00 00 00 00  ................
  0012EA30  18 11 14 00 78 00 00 00 - 18 11 14 00 00 00 00 00  ....x...........
  0012EA40  00 00 00 00 02 00 00 00 - 00 00 00 00 B8 CA 00 1C  ................
  0012EA50  0C F1 12 00 D7 CB 00 1C - 44 22 40 00 10 00 00 00  ........D"@.....
  0012EA60  18 11 14 00 0F 00 00 00 - 00 00 00 00 00 00 00 00  ................
  0012EA70  88 62 41 00 88 26 04 1C - 20 50 47 4D 3D 43 4F 42  .bA..&.. PGM=COB
  0012EA80  49 53 31 33 30 20 4C 49 - 4E 45 3D 37 39 38 2E 31  IS130 LINE=798.1
  0012EA90  00 1B F9 77 00 E0 FD 7F - FC ED 12 00 00 00 00 00  ...w............
  0012EAA0  00 00 00 00 00 00 00 00 - 00 00 00 00 00 00 00 00  ................
  0012EAB0  02 00 00 00 5A 00 3A 00 - 5C 00 43 00 4F 00 42 00  ....Z.:.\.C.O.B.
  0012EAC0  39 00 37 00 5C 00 44 00 - 4C 00 4C 00 5C 00 43 00  9.7.\.D.L.L.\.C.
  0012EAD0  4C 00 4F 00 43 00 4F 00 - 30 00 31 00 31 00 2E 00  L.O.C.O.0.1.1...
  0012EAE0  44 00 4C 00 4C 00 00 00 - 00 00 00 00 00 00 00 00  D.L.L...........
  0012EAF0  00 00 00 00 00 00 00 00 - 00 00 00 00 00 00 00 00  ................
  0012EB00  00 00 00 00 00 00 00 00 - 00 00 00 00 00 00 00 00  ................
  0012EB10  00 00 00 00 00 00 00 00 - 00 00 00 00 00 00 00 00  ................
  0012EB20  00 00 00 00 00 00 00 00 - 00 00 00 00 00 00 00 00  ................
  0012EB30  00 00 00 00 00 00 00 00 - 00 00 00 00 00 00 00 00  ................
  0012EB40  74 EB 12 00 0A 00 00 00 - 54 2A F9 77 00 00 13 00  t.......T*.w....
  0012EB50  68 08 13 00 0A 00 00 00 - 00 00 00 00 4C EB 12 00  h...........L...
  0012EB60  00 02 00 00 00 00 13 00 - 10 11 14 00 78 01 13 00  ............x...
  0012EB70  DE 07 00 00 80 C7 FC 77 - 9D C5 FC 77 B4 C5 FC 77  .......w...w...w
  0012EB80  00 00 6F 01 B0 00 6F 01 - 00 00 00 00 00 00 00 00  ..o...o.........
  0012EB90  00 00 00 00 00 00 00 00 - 00 00 00 00 00 00 00 00  ................
  0012EBA0  00 00 00 00 00 00 00 00 - 78 01 13 00 78 01 13 00  ........x...x...
  0012EBB0  00 00 00 00 00 00 00 00 - 40 06 13 00 00 00 00 00  ........@.......
  0012EBC0  00 00 00 00 00 00 00 00 - 00 00 00 00 00 00 00 00  ................
  0012EBD0  00 00 00 00 00 00 00 00 - 00 00 00 00 00 00 00 00  ................
  0012EBE0  00 00 00 00 00 00 00 00 - 00 00 00 00 00 00 00 00  ................
  0012EBF0  00 00 00 00 00 00 00 00 - 00 00 00 00 00 00 00 00  ................
  0012EC00  00 00 00 00 00 00 00 00 - 00 00 00 00 00 00 00 00  ................
  0012EC10  00 00 00 00 00 00 00 00 - 00 00 00 00 78 01 13 00  ............x...
  0012EC20  78 01 13 00 78 01 13 00 - 78 01 13 00 00 00 00 00  x...x...x.......
  0012EC30  00 00 00 00 00 00 00 00 - 00 00 00 00 00 00 00 00  ................
  0012EC40  00 00 00 00 00 00 00 00 - 00 00 00 00 00 00 00 00  ................
  0012EC50  00 00 00 00 00 00 00 00 - 00 00 00 00 8C EC 12 00  ................
  0012EC60  00 00 00 00 64 99 F8 77 - 00 00 13 00 D0 21 13 00  ....d..w.....!..
  0012EC70  00 00 00 00 68 EC 12 00 - 88 06 13 00 1C ED 12 00  ....h...........
  0012EC80  91 81 F9 77 A0 99 F8 77 - FF FF FF FF 2C ED 12 00  ...w...w....,...
  0012EC90  82 C8 FC 77 78 13 13 00 - D8 21 13 00 00 E0 FD 7F  ...wx....!......
  0012ECA0  00 00 00 00 00 00 00 00 - 00 00 00 00 00 00 00 00  ................
  0012ECB0  00 00 00 00 00 00 00 00 - 00 00 00 00 00 00 13 00  ................
  0012ECC0  00 00 6F 01 00 00 00 10 - 00 00 6F 01 B0 00 6F 01  ..o.......o...o.
  0012ECD0  C0 EC 12 00 00 E0 FD 7F - C8 10 14 00 00 00 00 00  ................
  0012ECE0  B0 00 6F 01 D4 EC 12 00 - 01 01 01 01 40 F0 12 00  ..o.........@...
  0012ECF0  91 81 F9 77 70 02 F9 77 - 5E 65 F8 77 FF FF FF FF  ...wp..w^e.w....
  0012ED00  98 65 F8 77 FF FF FF FF - 00 00 00 00 00 00 00 00  .e.w............
  0012ED10  00 E0 FD 7F C8 10 14 00 - 00 00 00 00 08 00 00 00  ................
  0012ED20  00 00 00 00 C8 10 14 00 - 00 00 6F 01 B0 00 6F 01  ..........o...o.
  0012ED30  20 ED 12 00 00 00 00 00 - C8 10 14 00 00 00 6F 01   .............o.
  0012ED40  B0 00 6F 01 34 ED 12 00 - 0B 00 00 00 0A 6E F8 77  ..o.4........n.w
  0012ED50  00 00 00 00 D0 F0 12 00 - 00 00 00 00 00 00 00 00  ................
  0012ED60  01 00 00 00 01 00 00 00 - A0 ED 12 00 B0 00 6F 01  ..............o.
  0012ED70  00 20 00 00 B4 ED 12 00 - 34 7F F8 77 00 00 6F 01  . ......4..w..o.
  0012ED80  01 00 00 00 01 00 00 00 - A0 ED 12 00 00 00 00 00  ................
  0012ED90  00 00 00 00 00 00 00 00 - C0 01 00 00 00 00 00 00  ................
  0012EDA0  D8 10 14 00 D8 10 14 00 - 40 F0 12 00 91 81 F9 77  ........@......w
  0012EDB0  10 F0 F8 77 FF FF FF FF - 04 34 F8 77 48 F3 FC 77  ...w.....4.wH..w
  0012EDC0  B9 33 F8 77 00 00 00 00 - C8 10 14 00 08 7E 13 00  .3.w.........~..
  0012EDD0  00 E0 FD 7F 00 E0 FD 7F - 44 00 00 00 00 E0 FD 7F  ........D.......
  0012EDE0  91 81 F9 77 58 1C F9 77 - FF FF FF FF AC 1E 13 00  ...wX..w........
  0012EDF0  A8 D7 13 00 08 00 00 00 - A0 F0 12 00 5A 00 3A 00  ............Z.:.
  0012EE00  5C 00 43 00 4F 00 42 00 - 39 00 37 00 5C 00 44 00  \.C.O.B.9.7.\.D.
  0012EE10  4C 00 4C 00 5C 00 43 00 - 4C 00 4F 00 43 00 4F 00  L.L.\.C.L.O.C.O.
  0012EE20  30 00 31 00 31 00 2E 00 - 44 00 4C 00 4C 00 00 00  0.1.1...D.L.L...
  0012EE30  2E 00 5C 00 50 00 49 00 - 50 00 45 00 5C 00 45 00  ..\.P.I.P.E.\.E.
  0012EE40  56 00 45 00 4E 00 54 00 - 4C 00 4F 00 47 00 00 00  V.E.N.T.L.O.G...
  0012EE50  00 00 00 00 00 00 00 00 - 00 00 00 00 00 00 00 00  ................
  0012EE60  00 00 00 00 00 00 00 00 - 00 00 00 00 00 00 00 00  ................
  0012EE70  00 00 00 00 00 00 00 00 - 00 00 00 00 00 00 00 00  ................
  0012EE80  00 00 00 00 00 00 00 00 - 00 00 00 00 00 00 00 00  ................
  0012EE90  00 00 00 00 00 00 00 00 - 00 00 00 00 00 00 00 00  ................
  0012EEA0  00 00 00 00 00 00 00 00 - 00 00 13 00 F0 1F 14 00  ................
  0012EEB0  78 01 13 00 02 06 00 00 - 80 C7 FC 77 9D C5 FC 77  x..........w...w
  0012EEC0  B4 C5 FC 77 24 0F 00 00 - 00 00 01 00 00 00 00 00  ...w$...........
  0012EED0  00 00 00 00 00 00 00 00 - 00 00 00 00 00 00 00 00  ................
  0012EEE0  00 00 00 00 00 00 00 00 - 00 00 00 00 78 01 13 00  ............x...
  0012EEF0  78 01 13 00 00 00 00 00 - 00 00 00 00 40 06 13 00  x...........@...
  0012EF00  00 00 00 00 16 03 00 00 - 98 17 EB 77 00 00 13 00  ...........w....
  0012EF10  68 EF 12 00 15 B2 F8 77 - F6 03 EB 77 68 B2 F8 77  h......w...wh..w
  0012EF20  00 B2 F8 77 78 00 00 00 - 81 B1 F8 77 98 16 EB 77  ...wx......w...w
  0012EF30  00 00 00 00 00 00 00 00 - 16 03 18 03 76 18 14 00  ............v...
  0012EF40  00 F0 FD 7F 08 7E 13 00 - C0 03 00 00 8E 1B 14 00  .....~..........
  0012EF50  B8 03 00 00 B8 03 00 00 - 0C F0 12 00 91 81 F9 77  ...............w
  0012EF60  50 7E 13 00 9B 10 F9 77 - 1C F0 12 00 EF CB E6 77  P~.....w.......w
  0012EF70  50 7E 13 00 A0 03 EB 77 - 6C 03 00 00 00 00 00 00  P~.....wl.......
  0012EF80  C8 10 14 00 00 00 00 00 - 00 00 00 00 00 00 00 00  ................
  0012EF90  F0 1F 14 00 C0 10 14 00 - 00 00 13 00 CC EF 12 00  ................
  0012EFA0  00 00 00 00 64 99 F8 77 - 00 00 13 00 00 7E 13 00  ....d..w.....~..
  0012EFB0  00 00 00 00 A8 EF 12 00 - 88 06 13 00 5C F0 12 00  ............\...
  0012EFC0  91 81 F9 77 A0 99 F8 77 - FF FF FF FF 6C F0 12 00  ...w...w....l...
  0012EFD0  82 C8 FC 77 08 1D 13 00 - 08 7E 13 00 00 00 00 00  ...w.....~......
  0012EFE0  00 00 00 00 80 F0 12 00 - 01 00 00 00 00 00 6F 01  ..............o.
  0012EFF0  4D 53 47 49 44 5F 30 30 - 31 35 00 00 05 00 37 39  MSGID_0015....79
  0012F000  38 2E 31 00 FF FF FF FF - 1B 2D F9 77 48 F3 FC 77  8.1......-.wH..w
  0012F010  87 15 F9 77 20 5B 50 49 - 44 3A 30 30 30 30 30 34  ...w [PID:000004
  0012F020  41 43 20 54 49 44 3A 30 - 30 30 30 30 30 37 34 5D  AC TID:00000074]
  0012F030  00 6C F9 77 D8 F0 12 00 - FF FF FF FF 48 F9 12 00  .l.w........H...
  0012F040  88 62 41 00 FF FF 00 00 - 00 E0 FD 7F 01 FF 11 04  .bA.............
  0012F050  FC F0 12 00 DC EF 03 00 - EC F0 12 00 EC F0 12 00  ................
  0012F060  91 81 F9 77 50 96 F8 77 - FF FF FF FF 80 F0 12 00  ...wP..w........
  0012F070  68 AA E6 77 00 00 13 00 - 48 FB 12 00 74 FC 12 00  h..w....H...t...
  0012F080  14 F0 12 00 78 EA 12 00 - E8 62 04 1C E8 62 04 1C  ....x....b...b..
  0012F090  E8 62 04 1C E8 62 04 1C - E8 62 04 1C E8 62 04 1C  .b...b...b...b..
  0012F0A0  B8 F0 12 00 01 00 00 00 - E8 D8 13 00 00 00 00 00  ................
  0012F0B0  FC F0 12 00 7B FC 12 00 - 30 30 31 35 00 00 00 00  ....{...0015....
  0012F0C0  02 00 00 00 04 00 00 00 - 0C 00 CB 00 7B FC FF FE  ............{...
  0012F0D0  00 00 00 00 00 77 DE 77 - 0F 00 00 E0 7C FC 12 00  .....w.w....|...
  0012F0E0  98 45 2C 01 88 62 41 00 - 94 06 30 01 18 11 14 00  .E,..bA...0.....
  0012F0F0  00 00 00 00 00 00 00 00 - FC 60 41 00 7F 00 00 00  .........`A.....
  0012F100  00 00 2C 01 44 22 40 00 - 78 00 00 00 98 FC 12 00  ..,.D"@.x.......
  0012F110  C5 EF 01 1C 18 1C 14 00 - 0F 00 00 00 00 00 00 00  ................
  0012F120  18 11 14 00 48 FB 12 00 - 74 FC 12 00 74 FC 12 00  ....H...t...t...
  0012F130  7C 16 04 1C 7F 00 00 00 - 88 62 41 00 48 60 41 00  |........bA.H`A.
  0012F140  00 F0 FD 7F 78 01 13 00 - 78 01 13 00 78 01 13 00  ....x...x...x...
  0012F150  5C C3 FC 77 78 07 13 00 - 85 B2 7E 78 3D 00 14 00  \..wx.....~x=...
  0012F160  00 00 00 00 68 E7 13 00 - 00 00 00 00 FF FF FF FF  ....h...........
  0012F170  08 E9 13 00 08 E9 13 00 - 88 F1 12 00 00 00 00 00  ................
  0012F180  4A D0 F8 77 03 01 00 00 - D0 F1 12 00 0D BC E5 77  J..w...........w
  0012F190  E5 03 00 00 08 E9 13 00 - E2 AB E5 77 03 01 00 00  ...........w....
  0012F1A0  08 E9 13 00 D8 E8 13 00 - 68 E7 13 00 FF FF FF FF  ........h.......
  0012F1B0  FF FF FF FF 08 E9 13 00 - EC 91 79 78 08 E9 13 00  ..........yx....
