Pro*COBOL: Release 9.2.0.1.0 - Production on y Apr 9 11:45:48 2005

Copyright (c) 1982, 2002, Oracle Corporation.  All rights reserved.

t@C: C:\COB97\SOC\COBIS560\COBIS560.PCOI[v
     1  000010******************************************************************
     2  000020*         CP(A)                                     *
     3  000030*      1. vO  : ϑڍs                         *
     4  000040*      2. vOID  : COBIS560                               *
     5  000050*      3. Tv      : ڍsixAbvj̍WJA *
     6  000060*                         ϑca쐬B                 *
     7  000070*      4. 쐬        : h                                 *
     8  000080*      5. 쐬        : 2005.04.04                             *
     9  000090******************************************************************
    10  000100*                                                                 
    11  000110******************************************************************
    12  000120*    hcdmshehb`shnm  chuhrhnm              *
    13  000130******************************************************************
    14  000140 IDENTIFICATION                       DIVISION.                   
    15  000150*                                                                 
    16  000160 PROGRAM-ID.                          COBIS560.                   
    17  000170******************************************************************
    18  000180*    dmuhqnmldms        chuhrhnm              *
    19  000190******************************************************************
    20  000200 ENVIRONMENT                          DIVISION.                   
    21  000210******************************************************************
    22  000220*    c`s`                      chuhrhnm              *
    23  000230******************************************************************
    24  000240 DATA                                 DIVISION.                   
    25  000250******************************************************************
    26  000260*  vnqjhmf|rsnq`fd  rdbshnm                *
    27  000270******************************************************************
    28  000280  WORKING-STORAGE                     SECTION.                    
    29  000290*----------------------------------------------------------------*
    30  000300*    zXgϐ`GA                                        *
    31  000310*----------------------------------------------------------------*
    32  000320     EXEC  SQL  BEGIN  DECLARE        SECTION  END-EXEC.          
    33  000330*                                                                 
    34  000340*--< nq`bkdʕϐ >                                       
    35  000350     EXEC  SQL  INCLUDE  SQLCOM.CBL            END-EXEC.          
    36  000360*                                                                 
    37  000370*--< nq`bkd  rpks >                               
t@C: Z:\COB97\COPYLIB_DB\SQLCOM.CBLI[v
     1  000010*--rpkʕϐ
     2  000030   01  SQLSTATE                      PIC  X(005).
     3  000040   01  DB-STRING                     PIC  X(020).
     4  000050   01  USERNAME                      PIC  X(010).
     5  000060   01  PASSWD                        PIC  X(010).
     6  000070*
t@C: Z:\COB97\COPYLIB_DB\SQLCOM.CBLN[Y
    38  000380     EXEC  SQL  INCLUDE  SQLCA.COB             END-EXEC.          
    39  000390*                                                                 
    40  000400*--< ی̃}X^iیںށj>                       
    41  000410     EXEC  SQL  INCLUDE  LTRHJK.CBL            END-EXEC.          
    42  000420*                                                                 
    43  000430*--< _ޓϊe[u>                                      
t@C: Z:\COB97\COPYLIB_DB\LTRHJK.CBLI[v
     1  000010************************************************
     2  000020* ی̃}X^iی)(LTRHJK)
     3  000030************************************************
     4  000040 01  ksqgij|_mn PIC  X(009).
     5  000050 01  ksqgij|} PIC S9(003) COMP-3.
     6  000060 01  ksqgij|ă[XR[h PIC S9(001) COMP-3.
     7  000070 01  ksqgij|̓t|I PIC S9(001) COMP-3.
     8  000080 01  ksqgij|̓t|t PIC  X(006).
     9  000090 01  ksqgij|̓t|ggll PIC  X(004).
Pro*COBOL: Release 9.2.0.1.0 - Production on y Apr 9 11:45:48 2005

Copyright (c) 1982, 2002, Oracle Corporation.  All rights reserved.

    10  000100 01  ksqgij| PIC  X(030).
    11  000110 01  ksqgij|[XJn|I PIC S9(001) COMP-3.
    12  000120 01  ksqgij|[XJn|t PIC  X(006).
    13  000130 01  ksqgij|[XI|I PIC S9(001) COMP-3.
    14  000140 01  ksqgij|[XI|t PIC  X(006).
    15  000150 01  ksqgij| PIC S9(003) COMP-3.
    16  000160 01  ksqgij|wz PIC S9(013) COMP-3.
    17  000170 01  ksqgij|[U[R[h PIC  X(008).
    18  000180 01  ksqgij|[U[t@X PIC  X(012).
    19  000190 01  ksqgij|ݒuꏊ PIC  X(020).
    20  000200 01  ksqgij|][XgR[h PIC  X(002).
    21  000210 01  ksqgij|p[XpΏۊz PIC S9(013) COMP-3.
    22  000220 01  ksqgij|菈R[h PIC  X(002).
    23  000230 01  ksqgij|Ǘmn PIC  X(015).
    24  000240 01  ksqgij|یR[h PIC  X(004).
    25  000250 01  ksqgij|ӔCԎ|I PIC S9(001) COMP-3.
    26  000260 01  ksqgij|ӔCԎ|t PIC  X(006).
    27  000270 01  ksqgij|ӔCԎ|I PIC S9(001) COMP-3.
    28  000280 01  ksqgij|ӔCԎ|t PIC  X(006).
    29  000290 01  ksqgij|ی،ԍ PIC  X(011).
    30  000300 01  ksqgij|یi PIC S9(013) COMP-3.
    31  000310 01  ksqgij|ă[Xtۗ PIC S9(002) COMP-3.
    32  000320 01  ksqgij|_~[OOP PIC  X(012).
    33  000330 01  ksqgij|̐o^|I PIC S9(001) COMP-3.
    34  000340 01  ksqgij|̐o^|t PIC  X(006).
    35  000350 01  ksqgij|̋敪 PIC  X(001).
    36  000360 01  ksqgij|̌ PIC  X(001).
    37  000370 01  ksqgij|Еz PIC S9(013) COMP-3.
    38  000380 01  ksqgij|Еcz PIC S9(013) COMP-3.
    39  000390 01  ksqgij|_~[OOQ PIC  X(017).
    40  000400 01  ksqgij|N|I PIC S9(001) COMP-3.
    41  000410 01  ksqgij|N|t PIC  X(006).
    42  000420 01  ksqgij|qdemn PIC  X(008).
    43  000430 01  ksqgij|ی PIC S9(013) COMP-3.
    44  000440 01  ksqgij|Վpی PIC S9(013) COMP-3.
    45  000450 01  ksqgij|یz PIC S9(013) COMP-3.
    46  000460 01  ksqgij|_~[OOR PIC  X(014).
    47  000470 01  ksqgij|o^|I PIC S9(001) COMP-3.
    48  000480 01  ksqgij|o^|t PIC  X(006).
    49  000490 01  ksqgij||I PIC S9(001) COMP-3.
    50  000500 01  ksqgij||t PIC  X(006).
    51  000510 01  ksqgij|z PIC S9(013) COMP-3.
    52  000520 01  ksqgij|ی敪 PIC  X(001).
    53  000530 01  ksqgij|R[hP PIC S9(002) COMP-3.
    54  000540 01  ksqgij|於P PIC  X(040).
    55  000550 01  ksqgij|zP PIC S9(013) COMP-3.
    56  000560 01  ksqgij|R[hQ PIC S9(002) COMP-3.
    57  000570 01  ksqgij|於Q PIC  X(040).
    58  000580 01  ksqgij|zQ PIC S9(013) COMP-3.
    59  000590 01  ksqgij|R[hR PIC S9(002) COMP-3.
    60  000600 01  ksqgij|於R PIC  X(040).
    61  000610 01  ksqgij|zR PIC S9(013) COMP-3.
    62  000620 01  ksqgij|_~[OOS PIC  X(011).
    63  000630 01  ksqgij|_~[OOT PIC  X(021).
    64  000640 01  ksqgij|ʏ PIC  X(035).
t@C: Z:\COB97\COPYLIB_DB\LTRHJK.CBLN[Y
    44  000440     EXEC  SQL  INCLUDE  IKOTBL002.CBL         END-EXEC.          
    45  000450*                                                                 
    46  000460*--< ڍs_WJ >                                            
t@C: Z:\COB97\COPYLIB_DB\IKOTBL002.CBLI[v
     1  000010************************************************
     2  000020* _ޓϊe[u(IKOTBL002)
Pro*COBOL: Release 9.2.0.1.0 - Production on y Apr 9 11:45:48 2005

Copyright (c) 1982, 2002, Oracle Corporation.  All rights reserved.

     3  000030************************************************
     4  000040 01  hjnOOQ|_mn PIC  X(009).
     5  000050 01  hjnOOQ|ă[XR[h PIC S9(001) COMP-3.
     6  000060 01  hjnOOQ|菈R[h PIC S9(002) COMP-3.
     7  000070 01  hjnOOQ|菈R[h PIC S9(002) COMP-3.
     8  000080 01  hjnOOQ|ă[X PIC S9(002) COMP-3.
     9  000090 01  hjnOOQ|菈R[h PIC S9(002) COMP-3.
    10  000100 01  hjnOOQ|菈R[h PIC S9(002) COMP-3.
    11  000110 01  hjnOOQ|_ PIC  X(003).
    12  000120 01  hjnOOQ|_敪 PIC  X(001).
    13  000130 01  hjnOOQ|菇 PIC  X(001).
t@C: Z:\COB97\COPYLIB_DB\IKOTBL002.CBLN[Y
    47  000470     EXEC  SQL  INCLUDE  D511HJS.CBL           END-EXEC.          
    48  000480*                                                                 
t@C: Z:\COB97\COPYLIB_DB\D511HJS.CBLI[v
     1        *****************************************************************
     2        *   ی̑(D511HJS_TBL)
     3        *****************************************************************
     4         01  ی̑.
     5             03  cTPP|_ԍ    PIC  X(010).
     6             03  cTPP|_    PIC  X(003).
     7             03  cTPP|ԍ    PIC S9(004) PACKED-DECIMAL.
     8             03  cTPP|A        PIC S9(003) PACKED-DECIMAL.
     9             03  cTPP|A    PIC S9(002) PACKED-DECIMAL.
    10             03  cTPP|ă[X
    11                                       PIC S9(002) PACKED-DECIMAL.
    12             03  cTPP|R[h
    13                                       PIC  X(002).
    14             03  cTPP|於    PIC  X(040).
    15             03  cTPP|z      PIC S9(013) PACKED-DECIMAL.
    16             03  cTPP|o^N  PIC  X(008).
    17             03  cTPP|o^    PIC  X(008).
    18             03  cTPP|o^S  PIC  X(008).
    19             03  cTPP|XVN  PIC  X(008).
    20             03  cTPP|XV    PIC  X(008).
    21             03  cTPP|XV      PIC  X(008).
    22             03  cTPP|͒S҃R[h
    23                                       PIC  X(008).
t@C: Z:\COB97\COPYLIB_DB\D511HJS.CBLN[Y
    49  000490     EXEC  SQL  END  DECLARE          SECTION  END-EXEC.          
    50  000500*                                                                 
    51  000510*----------------------------------------------------------------*
    52  000520*    vnqjGA                                              *
    53  000530*----------------------------------------------------------------*
    54  000540*--< G[&TEMPp>                                           
    55  000550*--<TEMPp>                                                       
    56  000560 01  v|JE^                     PIC  9(03)   VALUE  1.      
    57  000570 01  v|tO                       PIC  X(01)   VALUE  "N".    
    58  000580 01  vnqj|GA.                                            
    59  000590*--< G[p >                                               
    60  000600     03  v|G[R[h             PIC S9(04).                 
    61  000610                                                                  
    62  000620*--< tOAA >                                               
    63  000630     03  tOAA.                                            
    64  000640         05  v|I|tO         PIC  X(01).                 
    65  000650         05  v|ُI|tO     PIC  X(01).                 
    66  000660*                                                                 
    67  000670*--< GA >                                                 
    68  000680     03  GA.                                              
    69  000690         05  v|́|           PIC  9(09).                 
    70  000700         05  v|ó|           PIC  9(09).                 
    71  000710*                                                                 
Pro*COBOL: Release 9.2.0.1.0 - Production on y Apr 9 11:45:48 2005

Copyright (c) 1982, 2002, Oracle Corporation.  All rights reserved.

    72  000720*--< Aԏ̃GA >                                           
    73  000730     03  Aԏ.                                                
    74  000740          05  nkc_ԍ          PIC  X(010)  VALUE SPACE.   
    75  000750          05  nkc_          PIC  X(003)  VALUE SPACE.   
    76  000760          05  nkcԍ          PIC  S9(004)  VALUE ZERO.   
    77  000770*                                                                 
    78  000780*--< ʏ >                                                   
    79  000790 01  v|ʏ.                                                
    80  000800     03  v|VXet.                                        
    81  000810         05  v|I                 PIC  X(02) VALUE  "20".     
    82  000820         05  v|N               PIC  X(06).                 
    83  000830     03  v|VXe             PIC  X(08).                 
    84  000840     03  v|S                   PIC  X(08)                  
    85  000850                                             VALUE  "IKOPG   ".   
    86  000860*                                                                 
    87  000870*----------------------------------------------------------------*
    88  000880*    Tu[`                                              *
    89  000890*----------------------------------------------------------------*
    90  000900 01  CALL-AREA.                                                   
    91  000910*--< ʃOTu[` >                                       
    92  000920     03  CLOCO001                     PIC  X(08) VALUE "CLOCO001".
    93  000930     03  COBCO001                     PIC  X(08) VALUE "COBCO001".
    94  000940*                                                                 
    95  000950*----------------------------------------------------------------*
    96  000960*    bnoẍ                                                *
    97  000970*----------------------------------------------------------------*
    98  000980*--< ʃOpp[^ >                                       
    99  000990 01  IF-CHOCO001.                                                 
   100  001000     COPY  CHOCO001  REPLACING  ==()==  BY  ==P|==.           
   101  001010*                                                                 
   102  001020*----------------------------------------------------------------*
   103  001030*    hmht@CǍTu[`pp^̈                *
   104  001040*----------------------------------------------------------------*
   105  001050 01  PARA-AREA.                                                   
   106  001060     COPY CPBCO001.                                               
   107  001070******************************************************************
   108  001080*    萔pf[^`GA                                      *
   109  001090******************************************************************
   110  001100 CONSTANT                             SECTION.                    
   111  001110 01  萔̈.                                                    
   112  001120     03  萔|vOhc         PIC  X(08) VALUE "COBIS560".
   113  001130     03  萔|vO           PIC  X(80)                  
   114  001140                                   VALUE  "ی̑쐬".     
   115  001150     03  萔|rpknj             PIC S9(04)  VALUE  ZERO.    
   116  001160     03  萔|rpkdmc           PIC S9(04)  VALUE  0100.    
   117  001170     03  萔|               PIC S9(04)  VALUE  ZERO.    
   118  001180     03  萔|ُ               PIC S9(04)  VALUE  0009.    
   119  001190******************************************************************
   120  001200*    oqnbdctqd            chuhrhnm              *
   121  001210******************************************************************
   122  001220 PROCEDURE                            DIVISION.                   
   123  001230*                                                                 
   124  001240     PERFORM  .                                           
   125  001250*                                                                 
   126  001260     PERFORM  又  UNTIL  v|I|tO  =  "Y".            
   127  001270*                                                                 
   128  001280     PERFORM  I.                                           
   129  001290*                                                                 
   130  001300     STOP     RUN.                                                
   131  001310*                                                                 
   132  001320******************************************************************
   133  001330*                                                        *
Pro*COBOL: Release 9.2.0.1.0 - Production on y Apr 9 11:45:48 2005

Copyright (c) 1982, 2002, Oracle Corporation.  All rights reserved.

   134  001340******************************************************************
   135  001350                              SECTION.                    
   136  001360 |rs`qs.                                            
   137  001370*                                                                 
   138  001380*----------------------------------------------------------------*
   139  001390*    JnbZ[Wo͏                                      *
   140  001400*----------------------------------------------------------------*
   141  001410     INITIALIZE                       IF-CHOCO001.                
   142  001420     MOVE  "3"                        TO  P|Cxg.     
   143  001430     MOVE  萔|vOhc       TO  P|\[Xhc.       
   144  001440     MOVE  "0"                        TO  P|AR[h.       
   145  001450     MOVE  "START"                    TO  P|.         
   146  001460     MOVE  萔|vO         TO  P|̑bZ[W. 
   147  001470     CALL  CLOCO001                USING  IF-CHOCO001.            
   148  001480*                                                                 
   149  001490*----------------------------------------------------------------*
   150  001500*    Ɨ̈̏l                                        *
   151  001510*----------------------------------------------------------------*
   152  001520     MOVE  SPACE                      TO  vnqj|GA.       
   153  001530     INITIALIZE                           vnqj|GA.       
   154  001540*                                                                 
   155  001550*--< bott擾 >                                           
   156  001560     ACCEPT  v|N               FROM  DATE.                 
   157  001570*                                                                 
   158  001580*--< bot擾 >                                           
   159  001590     ACCEPT  v|VXe         FROM  TIME.                 
   160  001600*                                                                 
   161  001610*--< nq`bkdڑ >          nq`bkdڑ.                
   162  001620     PERFORM   nq`bkdڑ.                                  
   163  001630*                                                                 
   164  001640*--< e[uJ[\` >                                   
   165  001650     PERFORM  e[uJ[\`.                           
   166  001660*                                                                 
   167  001670*--< e[uJ[\Ǎ(P) >                           
   168  001680     PERFORM  e[uJ[\Ǎ.                           
   169  001690*                                                                 
   170  001700 |dwhs.                                              
   171  001710     EXIT.                                                        
   172  001720******************************************************************
   173  001730*    nq`bkdڑ                                            *
   174  001740******************************************************************
   175  001750 nq`bkdڑ                     SECTION.                    
   176  001760 nq`bkdڑ|rs`qs.                                    
   177  001770*                                                                 
   178  001780*--< caڑp擾 >                                   
   179  001790     CALL  COBCO001                USING  PARA-AREA.              
   180  001800*                                                                 
   181  001810     MOVE  PARA-DBSTRING              TO  DB-STRING.              
   182  001820     MOVE  PARA-USERNAME              TO  USERNAME.               
   183  001830     MOVE  PARA-PASSWORD              TO  PASSWD.                 
   184  001840*                                                                 
   185  001850*----------------------------------------------------------------*
   186  001860*    Jnڑ                                                    *
   187  001870*----------------------------------------------------------------*
   188  001880     IF    DB-STRING  =  SPACE                                    
   189  001890        EXEC SQL                                                  
   190  001900           CONNECT  :USERNAME IDENTIFIED BY :PASSWD               
   191  001910        END-EXEC                                                  
   192  001920     ELSE                                                         
   193  001930        EXEC SQL                                                  
   194  001940           CONNECT  :USERNAME IDENTIFIED BY :PASSWD               
   195  001950             USING  :DB-STRING                                    
Pro*COBOL: Release 9.2.0.1.0 - Production on y Apr 9 11:45:48 2005

Copyright (c) 1982, 2002, Oracle Corporation.  All rights reserved.

   196  001960        END-EXEC                                                  
   197  001970     END-IF.                                                      
   198  001980*                                                                 
   199  001990*----------------------------------------------------------------*
   200  002000*    ڑmF                                                    *
   201  002010*----------------------------------------------------------------*
   202  002020     EVALUATE  SQLCODE                                            
   203  002030        WHEN   萔|rpknj                                   
   204  002040           CONTINUE                                               
   205  002050        WHEN   OTHER                                              
   206  002060*--<       ڑG[ >                                           
   207  002070           MOVE     -10               TO  v|G[R[h        
   208  002080           PERFORM  G[菈                                
   209  002090     END-EVALUATE.                                                
   210  002100*                                                                 
   211  002110 nq`bkdڑ|dwhs.                                      
   212  002120     EXIT.                                                        
   213  002130******************************************************************
   214  002140*        e[uJ[\`                                *
   215  002150******************************************************************
   216  002160 e[uJ[\`             SECTION.                    
   217  002170 e[uJ[\`|rs`qs.                            
   218  002180*                                                                 
   219  002190*----------------------------------------------------------------*
   220  002200*    J[\nodm                                        *
   221  002210*----------------------------------------------------------------*
   222  002220     EXEC SQL                                                     
   223  002230        DECLARE CUR1  CURSOR FOR                                  
   224  002240           SELECT                                                 
   225  002250                 _mn                                         
   226  002260                ,ă[XR[h                                   
   227  002270                ,菈R[h                                   
   228  002280                ,}                                         
   229  002290                ,R[hP                                   
   230  002300                ,R[hQ                                   
   231  002310                ,R[hR                                   
   232  002320                ,於P                                       
   233  002330                ,於Q                                       
   234  002340                ,於R                                       
   235  002350                ,zP                                         
   236  002360                ,zQ                                         
   237  002370                ,zR                                         
   238  002380             FROM  LTRHJK                                         
   239  002390     END-EXEC.                                                    
   240  002400*                                                                 
   241  002410*----------------------------------------------------------------*
   242  002420*    J[\nodm                                        *
   243  002430*----------------------------------------------------------------*
   244  002440     EXEC  SQL                                                    
   245  002450        OPEN  CUR1                                                
   246  002460     END-EXEC.                                                    
   247  002470*                                                                 
   248  002480*----------------------------------------------------------------*
   249  002490*    J[\nodmmF                                        *
   250  002500*----------------------------------------------------------------*
   251  002510     EVALUATE  SQLCODE                                            
   252  002520        WHEN  萔|rpknj                                    
   253  002530*--<        >                                                 
   254  002540           CONTINUE                                               
   255  002550        WHEN  OTHER                                               
   256  002560*--<       J[\nodmG[ >                               
   257  002570           MOVE -20                   TO  v|G[R[h        
Pro*COBOL: Release 9.2.0.1.0 - Production on y Apr 9 11:45:48 2005

Copyright (c) 1982, 2002, Oracle Corporation.  All rights reserved.

   258  002580           PERFORM  G[菈                                
   259  002590     END-EVALUATE.                                                
   260  002600*                                                                 
   261  002610 e[uJ[\`|dwhs.                              
   262  002620     EXIT.                                                        
   263  002630******************************************************************
   264  002640*    e[uJ[\Ǎ                                    *
   265  002650******************************************************************
   266  002660 e[uJ[\Ǎ             SECTION.                    
   267  002670 e[uJ[\Ǎ|rs`qs.                            
   268  002680*                                                                 
   269  002690*--< e[uJ[\Ǎ >                                   
   270  002700     EXEC SQL                                                     
   271  002710         FETCH  CUR1                                              
   272  002720          INTO  :ksqgij|_mn                           
   273  002730               ,:ksqgij|ă[XR[h                     
   274  002740               ,:ksqgij|菈R[h                     
   275  002750               ,:ksqgij|}                           
   276  002760               ,:ksqgij|R[hP                     
   277  002770               ,:ksqgij|R[hQ                     
   278  002780               ,:ksqgij|R[hR                     
   279  002790               ,:ksqgij|於P                         
   280  002800               ,:ksqgij|於Q                         
   281  002810               ,:ksqgij|於R                         
   282  002820               ,:ksqgij|zP                           
   283  002830               ,:ksqgij|zQ                           
   284  002840               ,:ksqgij|zR                           
   285  002850     END-EXEC.                                                    
   286  002860*                                                                 
   287  002870*----------------------------------------------------------------*
   288  002880*    e[uJ[\ǍmF                              *
   289  002890*----------------------------------------------------------------*
   290  002900     EVALUATE   SQLCODE                                           
   291  002910        WHEN   萔|rpknj                                   
   292  002920*--<        >                                                 
   293  002930           COMPUTE  v|́|  =  v|́|  +  1       
   294  002940        WHEN   萔|rpkdmc                                 
   295  002950*--<       ǍI >                                             
   296  002960           MOVE  "Y"                  TO  v|I|tO        
   297  002970        WHEN   OTHER                                              
   298  002980*--<       ǍG[ >                                           
   299  002990           MOVE     -30               TO  v|G[R[h        
   300  003000           PERFORM  G[菈                                
   301  003010     END-EVALUATE.                                                
   302  003020*                                                                 
   303  003030 e[uJ[\Ǎ|dwhs.                              
   304  003040     EXIT.                                                        
   305  003050******************************************************************
   306  003060*    又                                                      *
   307  003070******************************************************************
   308  003080 又                               SECTION.                    
   309  003090 又|rs`qs.                                              
   310  003100*                                                                 
   311  003110     PERFORM  ҏWo͏.                                       
   312  003120*--< e[uJ[\ǍiQڈȍ~j >                     
   313  003130     PERFORM  e[uJ[\Ǎ.                           
   314  003140*                                                                 
   315  003150 又|dwhs.                                                
   316  003160     EXIT.                                                        
   317  003170******************************************************************
   318  003180*     ҏWo͏                                               *
   319  003190******************************************************************
Pro*COBOL: Release 9.2.0.1.0 - Production on y Apr 9 11:45:48 2005

Copyright (c) 1982, 2002, Oracle Corporation.  All rights reserved.

   320  003200 ҏWo͏                         SECTION.                    
   321  003210 ҏWo͏|rs`qs.                                        
   322  003220*                                                                 
   323  003230*---<No.01 >                                                      
   324  003240     MOVE  ksqgij|_mn     TO  cTPP|_ԍ.     
   325  003250*-- <No.02,06 >                                                   
   326  003260     PERFORM  ϊe[u.                                   
   327  003270*-- <No.03 >                                                      
   328  003280     MOVE  ksqgij|}     TO  cTPP|ԍ.     
   329  003290*---<No.10>                                                       
   330  003300     MOVE  v|N                 TO  cTPP|o^N.   
   331  003310*---<No.11>                                                       
   332  003320     MOVE  v|VXe           TO  cTPP|o^.     
   333  003330*---<No.12>                                                       
   334  003340     MOVE  v|S                 TO  cTPP|o^S.   
   335  003350*---<No.13>                                                       
   336  003360     MOVE  v|N                 TO  cTPP|XVN.   
   337  003370*---<No.14>                                                       
   338  003380     MOVE  v|VXe           TO  cTPP|XV.     
   339  003390*---<No.15>                                                       
   340  003400     MOVE  v|S                 TO  cTPP|XV.       
   341  003410*---<No.16>                                                       
   342  003420     MOVE  v|S                 TO                          
   343  003430                                     cTPP|͒S҃R[h.  
   344  003440     PERFORM  ҏW  THRU  o͏  3  TIMES.                 
   345  003450******************************************************************
   346  003460*     ҏW                                                   *
   347  003470******************************************************************
   348  003480 ҏW                             SECTION.                    
   349  003490 ҏW|rs`qs.                                            
   350  003500*---<No.04>                                                       
   351  003510     PERFORM  AԕҏW.                                       
   352  003520*---<No.05A07A08A09 >                                          
   353  003530     PERFORM  ҏW.                                           
   354  003540*---<v|JE^  >                                          
   355  003550     PERFORM  JE^.                                       
   356  003560 ҏW|dwhs.                                              
   357  003570     EXIT.                                                        
   358  003580******************************************************************
   359  003590*    o͏                                                    *
   360  003600******************************************************************
   361  003610 o͏                             SECTION.                    
   362  003620 o͏|rs`qs.                                            
   363  003630*                                                                 
   364  003640      EXEC  SQL                                                   
   365  003650        INSERT  INTO  D511HJS_TBL                                 
   366  003660           ( _ԍ                                             
   367  003670            ,_                                             
   368  003680            ,ԍ                                             
   369  003690            ,A                                                 
   370  003700            ,A                                             
   371  003710            ,ă[X                                         
   372  003720            ,R[h                                         
   373  003730            ,於                                             
   374  003740            ,z                                               
   375  003750            ,o^N                                           
   376  003760            ,o^                                             
   377  003770            ,o^S                                           
   378  003780            ,XVN                                           
   379  003790            ,XV                                             
   380  003800            ,XV                                               
   381  003810            ,͒S҃R[h )                                   
Pro*COBOL: Release 9.2.0.1.0 - Production on y Apr 9 11:45:48 2005

Copyright (c) 1982, 2002, Oracle Corporation.  All rights reserved.

   382  003820                                                                  
   383  003830       VALUES                                                     
   384  003840           ( :cTPP|_ԍ                                  
   385  003850            ,:hjnOOQ|_                              
   386  003860            ,:cTPP|ԍ                                  
   387  003870            ,:cTPP|A                                      
   388  003880            ,:cTPP|A                                  
   389  003890            ,:hjnOOQ|ă[X                          
   390  003900            ,:cTPP|R[h                              
   391  003910            ,:cTPP|於                                  
   392  003920            ,:cTPP|z                                    
   393  003930            ,:cTPP|o^N                                
   394  003940            ,:cTPP|o^                                  
   395  003950            ,:cTPP|o^S                                
   396  003960            ,:cTPP|XVN                                
   397  003970            ,:cTPP|XV                                  
   398  003980            ,:cTPP|XV                                    
   399  003990            ,:cTPP|͒S҃R[h )                        
   400  004000     END-EXEC.                                                    
   401  004010*                                                                 
   402  004020*----------------------------------------------------------------*
   403  004030*    ǉmF                                              *
   404  004040*----------------------------------------------------------------*
   405  004050     EVALUATE  SQLCODE                                            
   406  004060        WHEN   萔|rpknj                                   
   407  004070*--<       ǉ >                                             
   408  004080           COMPUTE  v|ó|  =  v|ó|  +  1       
   409  004090        WHEN   OTHER                                              
   410  004100*--<       ǉG[ >                                       
   411  004110           MOVE     -50               TO  v|G[R[h        
   412  004120           PERFORM  G[菈                                
   413  004130     END-EVALUATE.                                                
   414  004140*                                                                 
   415  004150 o͏|dwhs.                                              
   416  004160     EXIT.                                                        
   417  004170******************************************************************
   418  004180*   ϊe[u                                             *
   419  004190******************************************************************
   420  004200 ϊe[u                     SECTION.                    
   421  004210 ϊe[u|rs`qs.                                    
   422  004220     EXEC SQL                                                     
   423  004230           SELECT  _                                       
   424  004240                  ,ă[X                                   
   425  004250             INTO  :hjnOOQ|_                        
   426  004260                  ,:hjnOOQ|ă[X                         
   427  004270             FROM  IKOTBL002                                      
   428  004280            WHERE  _mn = :ksqgij|_mn             
   429  004290              AND  ă[XR[h = :ksqgij|ă[XR[h 
   430  004300              AND  菈R[h =                         
   431  004310                                   :ksqgij|菈R[h  
   432  004320     END-EXEC.                                                    
   433  004330*----------------------------------------------------------------*
   434  004340*   ϊe[umF                                       *
   435  004350*----------------------------------------------------------------*
   436  004360     EVALUATE  SQLCODE                                            
   437  004370        WHEN   萔|rpknj                                   
   438  004380*--<       擾 >                                             
   439  004390           CONTINUE                                               
   440  004400        WHEN   OTHER                                              
   441  004410*--<       擾G[ >                                           
   442  004420           MOVE     -40               TO  v|G[R[h        
   443  004430           PERFORM  G[菈                                
Pro*COBOL: Release 9.2.0.1.0 - Production on y Apr 9 11:45:48 2005

Copyright (c) 1982, 2002, Oracle Corporation.  All rights reserved.

   444  004440     END-EVALUATE.                                                
   445  004450 ϊe[u|dwhs.                                      
   446  004460     EXIT.                                                        
   447  004470******************************************************************
   448  004480*    AԕҏW                                                *
   449  004490******************************************************************
   450  004500 AԕҏW                         SECTION.                    
   451  004510 AԕҏW|rs`qs.                                        
   452  004520        IF v|tO = "N"                                       
   453  004530           MOVE "Y"                   TO v|tO               
   454  004540           MOVE  1                    TO  cTPP|A         
   455  004550        ELSE                                                      
   456  004560           IF  cTPP|_ԍ = nkc_ԍ                
   457  004570           AND cTPP|_ = nkc_                
   458  004580           AND cTPP|ԍ = nkcԍ                
   459  004590              COMPUTE  cTPP|A  =  cTPP|A  + 1     
   460  004600           ELSE                                                   
   461  004610              MOVE  1                 TO  cTPP|A          
   462  004620           END-IF                                                 
   463  004630        END-IF.                                                   
   464  004640 AԕҏW|dwhs.                                          
   465  004650     EXIT.                                                        
   466  004660******************************************************************
   467  004670*    ҏW                                                    *
   468  004680******************************************************************
   469  004690 ҏW                             SECTION.                    
   470  004700 ҏW|rs`qs.                                            
   471  004710     EVALUATE v|JE^                                        
   472  004720       WHEN  1  MOVE  1               TO  cTPP|A      
   473  004730                MOVE  ksqgij|R[hP                
   474  004740                                      TO  cTPP|R[h  
   475  004750                MOVE  ksqgij|於P                    
   476  004760                                      TO  cTPP|於      
   477  004770                MOVE  ksqgij|zP                      
   478  004780                                      TO  cTPP|z        
   479  004790       WHEN  2  MOVE  2               TO  cTPP|A      
   480  004800                MOVE  ksqgij|R[hQ                
   481  004810                                      TO  cTPP|R[h  
   482  004820                MOVE  ksqgij|於Q                    
   483  004830                                      TO  cTPP|於      
   484  004840                MOVE  ksqgij|zQ                      
   485  004850                                      TO  cTPP|z        
   486  004860       WHEN  3  MOVE  3               TO  cTPP|A      
   487  004870                MOVE  ksqgij|R[hR                
   488  004880                                      TO  cTPP|R[h  
   489  004890                MOVE  ksqgij|於R                    
   490  004900                                      TO  cTPP|於      
   491  004910                MOVE  ksqgij|zR                      
   492  004920                                      TO  cTPP|z        
   493  004930     END-EVALUATE.                                                
   494  004940 ҏW|dwhs.                                              
   495  004950     EXIT.                                                        
   496  004960******************************************************************
   497  004970*    JE^                                                *
   498  004980******************************************************************
   499  004990 JE^                         SECTION.                    
   500  005000 JE^|rs`qs.                                        
   501  005010*--<    NEW TO OLD>                                               
   502  005020     MOVE  cTPP|_ԍ         TO  nkc_ԍ.         
   503  005030     MOVE  cTPP|_         TO  nkc_.         
   504  005040     MOVE  cTPP|ԍ         TO  nkcԍ.         
   505  005050*--<    COUNT   COMPUTE >                                       
Pro*COBOL: Release 9.2.0.1.0 - Production on y Apr 9 11:45:48 2005

Copyright (c) 1982, 2002, Oracle Corporation.  All rights reserved.

   506  005060     IF  v|JE^  NOT =  3                                   
   507  005070        MOVE 1                        TO v|JE^             
   508  005080     ELSE                                                         
   509  005090        COMPUTE  v|JE^ = v|JE^ + 1                  
   510  005100     END-IF.                                                      
   511  005110 JE^|dwhs.                                          
   512  005120     EXIT.                                                        
   513  005130******************************************************************
   514  005140*    I                                                    *
   515  005150******************************************************************
   516  005160 I                             SECTION.                    
   517  005170 I|rs`qs.                                            
   518  005180*                                                                 
   519  005190     PERFORM  caN[Y.                                   
   520  005200*                                                                 
   521  005210     PERFORM  caR~bg.                                   
   522  005220*                                                                 
   523  005230     PERFORM  IbZ[Wo.                                 
   524  005240*                                                                 
   525  005250*--< vOI >                                         
   526  005260     MOVE  萔|             TO  PROGRAM-STATUS.         
   527  005270*                                                                 
   528  005280 I|dwhs.                                              
   529  005290     EXIT.                                                        
   530  005300******************************************************************
   531  005310*    IbZ[Wo                                          *
   532  005320******************************************************************
   533  005330 IbZ[Wo                   SECTION.                    
   534  005340 IbZ[Wó|rs`qs.                                  
   535  005350*                                                                 
   536  005360*----------------------------------------------------------------*
   537  005370*    bZ[Wo͏                                      *
   538  005380*----------------------------------------------------------------*
   539  005390     INITIALIZE                       IF-CHOCO001.                
   540  005400     MOVE  "3"                        TO  P|Cxg.     
   541  005410     MOVE  萔|vOhc       TO  P|\[Xhc.       
   542  005420     MOVE  "0"                        TO  P|AR[h.       
   543  005430     MOVE  "LTRHJK"                   TO  P|e[uhc. 
   544  005440     MOVE  "COUNT"                    TO  P|.         
   545  005450     MOVE  v|́|             TO  P|f[^e.       
   546  005460     MOVE  "یǍ"                               
   547  005470                                      TO  P|̑bZ[W. 
   548  005480     CALL  CLOCO001                USING  IF-CHOCO001.            
   549  005490*                                                                 
   550  005500     INITIALIZE                       IF-CHOCO001.                
   551  005510     MOVE  "3"                        TO  P|Cxg.     
   552  005520     MOVE  萔|vOhc       TO  P|\[Xhc.       
   553  005530     MOVE  "0"                        TO  P|AR[h.       
   554  005540     MOVE  "D511HJS"                  TO  P|e[uhc. 
   555  005550     MOVE  "COUNT"                    TO  P|.         
   556  005560     MOVE  v|ó|             TO  P|f[^e.       
   557  005570     MOVE  "ی̑o͌"     TO                          
   558  005580                                      P|̑bZ[W.     
   559  005590     CALL  CLOCO001                USING  IF-CHOCO001.            
   560  005600*                                                                 
   561  005610*----------------------------------------------------------------*
   562  005620*    IbZ[Wo                                          *
   563  005630*----------------------------------------------------------------*
   564  005640     INITIALIZE                       IF-CHOCO001.                
   565  005650     MOVE  "3"                        TO  P|Cxg.     
   566  005660     MOVE  萔|vOhc       TO  P|\[Xhc.       
   567  005670     MOVE  "0"                        TO  P|AR[h.       
Pro*COBOL: Release 9.2.0.1.0 - Production on y Apr 9 11:45:48 2005

Copyright (c) 1982, 2002, Oracle Corporation.  All rights reserved.

   568  005680     MOVE  "END"                      TO  P|.         
   569  005690     MOVE  萔|vO         TO  P|̑bZ[W. 
   570  005700     CALL  CLOCO001                USING  IF-CHOCO001.            
   571  005710*                                                                 
   572  005720 IbZ[Wó|dwhs.                                    
   573  005730     EXIT.                                                        
   574  005740******************************************************************
   575  005750*    caN[Y                                                *
   576  005760******************************************************************
   577  005770 caN[Y                     SECTION.                    
   578  005780 caN[Y|rs`qs.                                    
   579  005790*                                                                 
   580  005800*--< J[\ N[Y >                                          
   581  005810     EXEC SQL                                                     
   582  005820        CLOSE  CUR1                                               
   583  005830     END-EXEC.                                                    
   584  005840*                                                                 
   585  005850 caN[Y|dwhs.                                      
   586  005860     EXIT.                                                        
   587  005870******************************************************************
   588  005880*    caR~bg                                            *
   589  005890******************************************************************
   590  005900 caR~bg                     SECTION.                    
   591  005910 caR~bg|rs`qs.                                    
   592  005920*                                                                 
   593  005930     EXEC  SQL                                                    
   594  005940        COMMIT  WORK  RELEASE                                     
   595  005950     END-EXEC.                                                    
   596  005960*                                                                 
   597  005970     INITIALIZE                       IF-CHOCO001.                
   598  005980     MOVE  "3"                        TO  P|Cxg.     
   599  005990     MOVE  萔|vOhc       TO  P|\[Xhc.       
   600  006000     MOVE  "0"                        TO  P|AR[h.       
   601  006010     MOVE  "COMMIT"                   TO  P|.         
   602  006020     MOVE  "R~bg{"             TO  P|̑bZ[W. 
   603  006030     CALL  CLOCO001                USING  IF-CHOCO001.            
   604  006040*                                                                 
   605  006050 caR~bg|dwhs.                                      
   606  006060     EXIT.                                                        
   607  006070******************************************************************
   608  006080*    ca[obN                                        *
   609  006090******************************************************************
   610  006100 ca[obN                 SECTION.                    
   611  006110 ca[obN|rs`qs.                                
   612  006120*                                                                 
   613  006130     EXEC  SQL                                                    
   614  006140        ROLLBACK WORK  RELEASE                                    
   615  006150     END-EXEC.                                                    
   616  006160*                                                                 
   617  006170     INITIALIZE                       IF-CHOCO001.                
   618  006180     MOVE  "3"                        TO  P|Cxg.     
   619  006190     MOVE  萔|vOhc       TO  P|\[Xhc.       
   620  006200     MOVE  "9"                        TO  P|AR[h.       
   621  006210     MOVE  "ROLLBACK"                 TO  P|.         
   622  006220     MOVE  "[obN{"         TO  P|̑bZ[W. 
   623  006230     CALL  CLOCO001                USING  IF-CHOCO001.            
   624  006240*                                                                 
   625  006250 ca[obN|dwhs.                                  
   626  006260     EXIT.                                                        
   627  006270******************************************************************
   628  006280*    G[                                                  *
   629  006290******************************************************************
Pro*COBOL: Release 9.2.0.1.0 - Production on y Apr 9 11:45:48 2005

Copyright (c) 1982, 2002, Oracle Corporation.  All rights reserved.

   630  006300 G[菈                       SECTION.                    
   631  006310 G[菈|rs`qs.                                      
   632  006320*                                                                 
   633  006330     MOVE  "Y"                        TO v|ُI|tO.    
   634  006340     INITIALIZE                           IF-CHOCO001.            
   635  006350*                                                                 
   636  006360     EVALUATE  v|G[R[h                                   
   637  006370        WHEN  -10                                                 
   638  006380*--<       nq`bkdڑs >                                 
   639  006390           MOVE  "1"                  TO  P|Cxg      
   640  006400           MOVE  萔|vOhc TO  P|\[Xhc        
   641  006410           MOVE  "9"                  TO  P|AR[h        
   642  006420           MOVE  "CONNECT"            TO  P|          
   643  006430           MOVE  SQLCODE              TO  P|f[^e        
   644  006440           MOVE  SQLERRMC             TO  P|̑bZ[W  
   645  006450           CALL  CLOCO001          USING  IF-CHOCO001             
   646  006460*                                                                 
   647  006470        WHEN  -20                                                 
   648  006480*--<       e[uJ[\I[vs >                     
   649  006490           MOVE  "1"                  TO  P|Cxg      
   650  006500           MOVE  萔|vOhc TO  P|\[Xhc        
   651  006510           MOVE  "9"                  TO  P|AR[h        
   652  006520           MOVE  "LTRHJK"             TO  P|e[uhc  
   653  006530           MOVE  "OPEN"               TO  P|          
   654  006540           MOVE  SQLCODE              TO  P|f[^e        
   655  006550           MOVE  SQLERRMC             TO  P|̑bZ[W  
   656  006560           CALL  CLOCO001          USING  IF-CHOCO001             
   657  006570*                                                                 
   658  006580        WHEN  -30                                                 
   659  006590*--<       e[uǍs >                                 
   660  006600           MOVE  "1"                  TO  P|Cxg      
   661  006610           MOVE  萔|vOhc TO  P|\[Xhc        
   662  006620           MOVE  "9"                  TO  P|AR[h        
   663  006630           MOVE  "LTRHJK"             TO  P|e[uhc  
   664  006640           MOVE  "FETCH"              TO  P|          
   665  006650           MOVE  SQLCODE              TO  P|f[^e        
   666  006660           MOVE  SQLERRMC             TO  P|̑bZ[W  
   667  006670           CALL  CLOCO001          USING  IF-CHOCO001             
   668  006680        WHEN  -40                                                 
   669  006690*--<       _ޓϊe[u̎擾 >                         
   670  006700           MOVE  "1"                  TO   P|Cxg     
   671  006710           MOVE  萔|vOhc TO  P|\[Xhc        
   672  006720           MOVE  "9"                  TO  P|AR[h        
   673  006730           MOVE  "LTRHJK"             TO  P|e[uhc  
   674  006740           MOVE  "SELECT"             TO  P|          
   675  006750           MOVE  SQLCODE              TO  P|f[^e        
   676  006760           MOVE  SQLERRMC             TO  P|̑bZ[W  
   677  006770           CALL  CLOCO001          USING  IF-CHOCO001             
   678  006780        WHEN  -50                                                 
   679  006790*--<       ی̑ǉs >                                 
   680  006800           MOVE  "1"                  TO   P|Cxg     
   681  006810           MOVE  萔|vOhc TO  P|\[Xhc        
   682  006820           MOVE  "9"                  TO  P|AR[h        
   683  006830           MOVE  "D511HJS"            TO  P|e[uhc  
   684  006840           MOVE  "INSERT"             TO  P|          
   685  006850           MOVE  SQLCODE              TO  P|f[^e        
   686  006860           MOVE  SQLERRMC             TO  P|̑bZ[W  
   687  006870           CALL  CLOCO001          USING  IF-CHOCO001             
   688  006880*                                                                 
   689  006890        WHEN  OTHER                                               
   690  006900           MOVE  "N"                  TO v|ُI|tO     
   691  006910     END-EVALUATE.                                                
Pro*COBOL: Release 9.2.0.1.0 - Production on y Apr 9 11:45:48 2005

Copyright (c) 1982, 2002, Oracle Corporation.  All rights reserved.

   692  006920*                                                                 
   693  006930     IF v|ُI|tO  =  "Y"                              
   694  006940        PERFORM  ca[obN                             
   695  006950*                                                                 
   696  006960        PERFORM  IbZ[Wo                               
   697  006970*                                                                 
   698  006980*--<    vOُĨ^[R[h >                      
   699  006990        MOVE  萔|ُ          TO  PROGRAM-STATUS          
   700  007000*                                                                 
   701  007010        EXIT  PROGRAM                                             
   702  007020     END-IF.                                                      
   703  007030*                                                                 
   704  007040 G[菈|dwhs.                                        
   705  007050     EXIT.                                                        
   706  007060******************************************************************
   707  007070*                  END OF PROGRAM                                *
   708  007080******************************************************************
t@C: C:\COB97\SOC\COBIS560\COBIS560.PCON[Y
Pro*COBOL: Release 9.2.0.1.0 - Production on y Apr 9 11:45:48 2005

Copyright (c) 1982, 2002, Oracle Corporation.  All rights reserved.


zXgϐ
--------------

01  DB-STRING                                           Charf(20)
  Z:\COB97\COPYLIB_DB\SQLCOM.CBL      3
  C:\COB97\SOC\COBIS560\COBIS560.PCO    195

01  PASSWD                                              Charf(10)
  Z:\COB97\COPYLIB_DB\SQLCOM.CBL      5
  C:\COB97\SOC\COBIS560\COBIS560.PCO    190    194

01  SQLSTATE                                            Charf(5)
  Z:\COB97\COPYLIB_DB\SQLCOM.CBL      2
  C:\COB97\SOC\COBIS560\COBIS560.PCO    189    193    244    270    364    422    581    593    613

01  USERNAME                                            Charf(10)
  Z:\COB97\COPYLIB_DB\SQLCOM.CBL      4
  C:\COB97\SOC\COBIS560\COBIS560.PCO    190    194

03  cTPP|_ԍ OF ی̑                  Charf(10)
  Z:\COB97\COPYLIB_DB\D511HJS.CBL      5
  C:\COB97\SOC\COBIS560\COBIS560.PCO    384

03  cTPP|XV OF ی̑                  Charf(8)
  Z:\COB97\COPYLIB_DB\D511HJS.CBL     20
  C:\COB97\SOC\COBIS560\COBIS560.PCO    397

03  cTPP|XV OF ی̑                    Charf(8)
  Z:\COB97\COPYLIB_DB\D511HJS.CBL     21
  C:\COB97\SOC\COBIS560\COBIS560.PCO    398

03  cTPP|XVN OF ی̑                Charf(8)
  Z:\COB97\COPYLIB_DB\D511HJS.CBL     19
  C:\COB97\SOC\COBIS560\COBIS560.PCO    396

03  cTPP|z OF ی̑                    Decimal(13,0)
  Z:\COB97\COPYLIB_DB\D511HJS.CBL     15
  C:\COB97\SOC\COBIS560\COBIS560.PCO    392

03  cTPP|R[h OF ی̑              Charf(2)
  Z:\COB97\COPYLIB_DB\D511HJS.CBL     12
  C:\COB97\SOC\COBIS560\COBIS560.PCO    390

03  cTPP|於 OF ی̑                  Charf(40)
  Z:\COB97\COPYLIB_DB\D511HJS.CBL     14
  C:\COB97\SOC\COBIS560\COBIS560.PCO    391

03  cTPP|A OF ی̑                  Decimal(2,0)
  Z:\COB97\COPYLIB_DB\D511HJS.CBL      9
  C:\COB97\SOC\COBIS560\COBIS560.PCO    388

03  cTPP|o^ OF ی̑                  Charf(8)
  Z:\COB97\COPYLIB_DB\D511HJS.CBL     17
  C:\COB97\SOC\COBIS560\COBIS560.PCO    394

03  cTPP|o^S OF ی̑                Charf(8)
  Z:\COB97\COPYLIB_DB\D511HJS.CBL     18
  C:\COB97\SOC\COBIS560\COBIS560.PCO    395

03  cTPP|o^N OF ی̑                Charf(8)
  Z:\COB97\COPYLIB_DB\D511HJS.CBL     16
Pro*COBOL: Release 9.2.0.1.0 - Production on y Apr 9 11:45:48 2005

Copyright (c) 1982, 2002, Oracle Corporation.  All rights reserved.

  C:\COB97\SOC\COBIS560\COBIS560.PCO    393

03  cTPP|͒S҃R[h OF ی̑            Charf(8)
  Z:\COB97\COPYLIB_DB\D511HJS.CBL     22
  C:\COB97\SOC\COBIS560\COBIS560.PCO    399

03  cTPP|ԍ OF ی̑                  Decimal(4,0)
  Z:\COB97\COPYLIB_DB\D511HJS.CBL      7
  C:\COB97\SOC\COBIS560\COBIS560.PCO    386

03  cTPP|A OF ی̑                      Decimal(3,0)
  Z:\COB97\COPYLIB_DB\D511HJS.CBL      8
  C:\COB97\SOC\COBIS560\COBIS560.PCO    387

01  hjnOOQ|_                              Charf(3)
  Z:\COB97\COPYLIB_DB\IKOTBL002.CBL     11
  C:\COB97\SOC\COBIS560\COBIS560.PCO    385    425

01  hjnOOQ|ă[X                          Decimal(2,0)
  Z:\COB97\COPYLIB_DB\IKOTBL002.CBL      8
  C:\COB97\SOC\COBIS560\COBIS560.PCO    389    426

01  ksqgij|菈R[h                        Charf(2)
  Z:\COB97\COPYLIB_DB\LTRHJK.CBL     22
  C:\COB97\SOC\COBIS560\COBIS560.PCO    274    431

01  ksqgij|_mn                              Charf(9)
  Z:\COB97\COPYLIB_DB\LTRHJK.CBL      4
  C:\COB97\SOC\COBIS560\COBIS560.PCO    272    428

01  ksqgij|ă[XR[h                        Decimal(1,0)
  Z:\COB97\COPYLIB_DB\LTRHJK.CBL      6
  C:\COB97\SOC\COBIS560\COBIS560.PCO    273    429

01  ksqgij|zP                              Decimal(13,0)
  Z:\COB97\COPYLIB_DB\LTRHJK.CBL     55
  C:\COB97\SOC\COBIS560\COBIS560.PCO    282

01  ksqgij|zQ                              Decimal(13,0)
  Z:\COB97\COPYLIB_DB\LTRHJK.CBL     58
  C:\COB97\SOC\COBIS560\COBIS560.PCO    283

01  ksqgij|zR                              Decimal(13,0)
  Z:\COB97\COPYLIB_DB\LTRHJK.CBL     61
  C:\COB97\SOC\COBIS560\COBIS560.PCO    284

01  ksqgij|R[hP                        Decimal(2,0)
  Z:\COB97\COPYLIB_DB\LTRHJK.CBL     53
  C:\COB97\SOC\COBIS560\COBIS560.PCO    276

01  ksqgij|R[hQ                        Decimal(2,0)
  Z:\COB97\COPYLIB_DB\LTRHJK.CBL     56
  C:\COB97\SOC\COBIS560\COBIS560.PCO    277

01  ksqgij|R[hR                        Decimal(2,0)
  Z:\COB97\COPYLIB_DB\LTRHJK.CBL     59
  C:\COB97\SOC\COBIS560\COBIS560.PCO    278

01  ksqgij|於P                            Charf(40)
  Z:\COB97\COPYLIB_DB\LTRHJK.CBL     54
  C:\COB97\SOC\COBIS560\COBIS560.PCO    279

Pro*COBOL: Release 9.2.0.1.0 - Production on y Apr 9 11:45:48 2005

Copyright (c) 1982, 2002, Oracle Corporation.  All rights reserved.

01  ksqgij|於Q                            Charf(40)
  Z:\COB97\COPYLIB_DB\LTRHJK.CBL     57
  C:\COB97\SOC\COBIS560\COBIS560.PCO    280

01  ksqgij|於R                            Charf(40)
  Z:\COB97\COPYLIB_DB\LTRHJK.CBL     60
  C:\COB97\SOC\COBIS560\COBIS560.PCO    281

01  ksqgij|}                              Decimal(3,0)
  Z:\COB97\COPYLIB_DB\LTRHJK.CBL      5
  C:\COB97\SOC\COBIS560\COBIS560.PCO    275

Pro*COBOL: Release 9.2.0.1.0 - Production on y Apr 9 11:45:48 2005

Copyright (c) 1982, 2002, Oracle Corporation.  All rights reserved.


SQLʎq
---------------

CUR1                  CURSOR                        
  C:\COB97\SOC\COBIS560\COBIS560.PCO    223    245    271    582    223

Pro*COBOL: Release 9.2.0.1.0 - Production on y Apr 9 11:45:48 2005

Copyright (c) 1982, 2002, Oracle Corporation.  All rights reserved.



                              vRpCEIvV
-------------------------------------------------------------------------------
IvV   ݂̐ݒl         ݒ
-------------------------------------------------------------------------------
asacc             no                ftHg                                  
assume_sqlcode    no                ftHg                                  
auto_connect      no                ftHg                                  
close_on_commit   yes               mode                                        
comp5             yes               D:\oracle\ora90\precomp\admin\pcbcfg.cfg    
config            default config    ftHg                                  
date_format       local             ftHg                                  
dbms              native            ftHg                                  
declare_section   yes               mode                                        
define            *Ȃ*            ftHg                                  
dynamic           ansi              mode                                        
end_of_fetch      100               mode                                        
eol_padding       yes               ftHg                                  
errors            yes               ftHg                                  
fips              no                ftHg                                  
format            ansi              ftHg                                  
hold_cursor       no                ftHg                                  
host              cobol             ftHg                                  
iname             C:\COB97\SOC\COBISR}hCCO                            
include           Z:\COB97\COPYLIB  D:\oracle\ora90\precomp\admin\pcbcfg.cfg    
                  Z:\COB97\COPYLIB_DD:\oracle\ora90\precomp\admin\pcbcfg.cfg    
                  *Ȃ*            D:\oracle\ora90\precomp\admin\pcbcfg.cfg    
ireclen           132               D:\oracle\ora90\precomp\admin\pcbcfg.cfg    
litdelim          quote             ftHg                                  
lname             *Ȃ*            ftHg                                  
lreclen           132               ftHg                                  
ltype             long              ftHg                                  
maxliteral        160               D:\oracle\ora90\precomp\admin\pcbcfg.cfg    
maxopencursors    10                ftHg                                  
mode              ANSI              D:\oracle\ora90\precomp\admin\pcbcfg.cfg    
nested            yes               ftHg                                  
nls_local         yes               D:\oracle\ora90\precomp\admin\pcbcfg.cfg    
oname             COBIS560.COB      R}hC                              
oraca             no                ftHg                                  
oreclen           80                ftHg                                  
pagelen           66                ftHg                                  
picx              charf             ftHg                                  
prefetch          1                 ftHg                                  
release_cursor    no                ftHg                                  
select_error      yes               ftHg                                  
sqlcheck          FULL              D:\oracle\ora90\precomp\admin\pcbcfg.cfg    
threads           no                ftHg                                  
type_code         ansi              mode                                        
unsafe_null       no                ftHg                                  
userid            suxiaobo/sxb@FIP  D:\oracle\ora90\precomp\admin\pcbcfg.cfg    
varchar           no                ftHg                                  
xref              yes               ftHg                                  
Pro*COBOL: Release 9.2.0.1.0 - Production on y Apr 9 11:45:48 2005

Copyright (c) 1982, 2002, Oracle Corporation.  All rights reserved.


v\
----------

^[ER[h: 0
dv Ił̃bZ[W: 0
dv Wł̃bZ[W: 0
dv Eł̃bZ[W: 0
dv Fł̃bZ[W: 0
̓C̐: 814
錾ꂽzXgϐ̐: 92
J[\̐: 1
̐: 0
gpő僁[(oCg): 185017
