JMP0828I-U [PID:00000114 TID:000002F0] 属性と異なる形式のデータが格納されています．PGM=COBIS350. LINE=883.1. OPD=ＩＫＯ００２−再リース回数.
JMP0828I-U [PID:0000049C TID:00000520] 属性と異なる形式のデータが格納されています．PGM=COBIS350. LINE=883.1. OPD=ＩＫＯ００２−再リース回数.
JMP0828I-U [PID:00000510 TID:000004D0] 属性と異なる形式のデータが格納されています．PGM=COBIS350. LINE=883.1. OPD=ＩＫＯ００２−再リース回数.
JMP0828I-U [PID:0000049C TID:000004D0] 属性と異なる形式のデータが格納されています．PGM=COBIS350. LINE=883.1. OPD=ＩＫＯ００２−再リース回数.
JMP0828I-U [PID:00000448 TID:00000514] 属性と異なる形式のデータが格納されています．PGM=COBIS350. LINE=883.1. OPD=ＩＫＯ００２−再リース回数.
JMP0828I-U [PID:00000498 TID:000002F0] 属性と異なる形式のデータが格納されています．PGM=COBIS350. LINE=883.1. OPD=ＩＫＯ００２−再リース回数.
JMP0828I-U [PID:0000040C TID:00000508] 属性と異なる形式のデータが格納されています．PGM=COBIS350. LINE=883.1. OPD=ＩＫＯ００２−再リース回数.
JMP0829I-U [PID:000004EC TID:0000040C] 除数にゼロが指定されています．PGM=COBIS350. LINE=944.1. OPD=入力−リース期間
JMP0828I-U [PID:0000040C TID:000002CC] 属性と異なる形式のデータが格納されています．PGM=COBIS350. LINE=1241.1. OPD=ＩＫＯ００２−再リース回数.
JMP0828I-U [PID:000004C4 TID:000003A8] 属性と異なる形式のデータが格納されています．PGM=COBIS350. LINE=1427.1. OPD=ＩＫＯ００２−再リース回数.
JMP0828I-U [PID:000004E8 TID:0000050C] 属性と異なる形式のデータが格納されています．PGM=COBIS350. LINE=1427.1. OPD=ＩＫＯ００２−再リース回数.
JMP0828I-U [PID:0000019C TID:000004E8] 属性と異なる形式のデータが格納されています．PGM=COBIS350. LINE=1427.1. OPD=ＩＫＯ００２−再リース回数.
JMP0828I-U [PID:000004E8 TID:000004BC] 属性と異なる形式のデータが格納されています．PGM=COBIS350. LINE=1427.1. OPD=ＩＫＯ００２−再リース回数.
JMP0828I-U [PID:000001B4 TID:000003BC] 属性と異なる形式のデータが格納されています．PGM=COBIS350. LINE=1427.1. OPD=ＩＫＯ００２−再リース回数.
JMP0828I-U [PID:000004F0 TID:000004CC] 属性と異なる形式のデータが格納されています．PGM=COBIS350. LINE=1426.1. OPD=ＩＫＯ００２−再リース回数.
JMP0828I-U [PID:000003A8 TID:00000398] 属性と異なる形式のデータが格納されています．PGM=COBIS350. LINE=1427.1. OPD=ＩＫＯ００２−再リース回数.
JMP0828I-U [PID:0000052C TID:000003CC] 属性と異なる形式のデータが格納されています．PGM=COBIS350. LINE=1427.1. OPD=ＩＫＯ００２−再リース回数.
JMP0828I-U [PID:000004F0 TID:000003CC] 属性と異なる形式のデータが格納されています．PGM=COBIS350. LINE=1427.1. OPD=ＩＫＯ００２−再リース回数.
JMP0828I-U [PID:000001DC TID:00000374] 属性と異なる形式のデータが格納されています．PGM=COBIS350. LINE=1295.1. OPD=ＩＫＯ００２−再リース回数.
JMP0828I-U [PID:00000158 TID:000004F0] 属性と異なる形式のデータが格納されています．PGM=COBIS350. LINE=1165.1. OPD=ＩＫＯ００２−再リース回数.
JMP0828I-U [PID:00000374 TID:00000524] 属性と異なる形式のデータが格納されています．PGM=COBIS350. LINE=1427.1. OPD=ＩＫＯ００２−再リース回数.
JMP0828I-U [PID:000002FC TID:00000508] 属性と異なる形式のデータが格納されています．PGM=COBIS350. LINE=1391.1. OPD=ＩＫＯ００２−再リース回数.
JMP0828I-U [PID:0000052C TID:000003AC] 属性と異なる形式のデータが格納されています．PGM=COBIS350. LINE=1427.1. OPD=ＩＫＯ００２−再リース回数.
JMP0828I-U [PID:000004E4 TID:00000374] 属性と異なる形式のデータが格納されています．PGM=COBIS350. LINE=1427.1. OPD=ＩＫＯ００２−再リース回数.
JMP0828I-U [PID:000004C8 TID:00000530] 属性と異なる形式のデータが格納されています．PGM=COBIS350. LINE=1426.1. OPD=ＩＫＯ００２−再リース回数.
JMP0828I-U [PID:00000530 TID:00000524] 属性と異なる形式のデータが格納されています．PGM=COBIS350. LINE=1426.1. OPD=ＩＫＯ００２−再リース回数.
JMP0828I-U [PID:00000398 TID:000002FC] 属性と異なる形式のデータが格納されています．PGM=COBIS350. LINE=1426.1. OPD=ＩＫＯ００２−再リース回数.
JMP0828I-U [PID:00000398 TID:00000524] 属性と異なる形式のデータが格納されています．PGM=COBIS350. LINE=1426.1. OPD=ＩＫＯ００２−再リース回数.
JMP0828I-U [PID:000003AC TID:000002CC] 属性と異なる形式のデータが格納されています．PGM=COBIS350. LINE=1426.1. OPD=ＩＫＯ００２−再リース回数.
JMP0828I-U [PID:000002FC TID:000001EC] 属性と異なる形式のデータが格納されています．PGM=COBIS350. LINE=1426.1. OPD=ＩＫＯ００２−再リース回数.
