Pro*COBOL: Release 9.2.0.1.0 - Production on  Apr 7 10:35:19 2005

Copyright (c) 1982, 2002, Oracle Corporation.  All rights reserved.

t@C: C:\COB97\SOC\COBIS430\COBIS430.PCOI[v
     1  000010******************************************************************
     2  000020*         CP(A)                                     *
     3  000030*      1. vO  : ϑڍs                         *
     4  000040*      2. vOID  : COBIS430                               *
     5  000050*      3. Tv      : ڍsixAbvj̍WJA *
     6  000060*                         ϑca쐬B                 *
     7  000070*      4. 쐬        : LӉJ                                 *
     8  000090*      5. 쐬        : 2004.10.10                             *
     9  000100******************************************************************
    10  000110*                                                                 
    11  000120******************************************************************
    12  000130*    hcdmshehb`shnm  chuhrhnm              *
    13  000140******************************************************************
    14  000150 IDENTIFICATION                       DIVISION.                   
    15  000160*                                                                 
    16  000170 PROGRAM-ID.                          COBIS430.                   
    17  000180******************************************************************
    18  000190*    dmuhqnmldms        chuhrhnm              *
    19  000200******************************************************************
    20  000210 ENVIRONMENT                          DIVISION.                   
    21  000220******************************************************************
    22  000230*    c`s`                      chuhrhnm              *
    23  000240******************************************************************
    24  000250 DATA                                 DIVISION.                   
    25  000260******************************************************************
    26  000270*  vnqjhmf|rsnq`fd  rdbshnm                *
    27  000280******************************************************************
    28  000290  WORKING-STORAGE                     SECTION.                    
    29  000300*----------------------------------------------------------------*
    30  000310*    zXgϐ`GA                                        *
    31  000320*----------------------------------------------------------------*
    32  000330     EXEC  SQL  BEGIN  DECLARE        SECTION  END-EXEC.          
    33  000340*                                                                 
    34  000350*--< nq`bkdʕϐ >                                       
    35  000360     EXEC  SQL  INCLUDE  SQLCOM.CBL            END-EXEC.          
    36  000370*                                                                 
    37  000380*--< nq`bkd  rpks >                               
t@C: Z:\COB97\COPYLIB_DB\SQLCOM.CBLI[v
     1  000010*--rpkʕϐ
     2  000030   01  SQLSTATE                      PIC  X(005).
     3  000040   01  DB-STRING                     PIC  X(020).
     4  000050   01  USERNAME                      PIC  X(010).
     5  000060   01  PASSWD                        PIC  X(010).
     6  000070*
t@C: Z:\COB97\COPYLIB_DB\SQLCOM.CBLN[Y
    38  000390     EXEC  SQL  INCLUDE  SQLCA.COB             END-EXEC.          
    39  000400*                                                                 
    40  000410*--< ڍs_WJ >                                            
    41  000420     EXEC  SQL  INCLUDE  D411STK.CBL           END-EXEC.          
    42  000430*                                                                 
    43  000440*--< ڍs_ >                                                
t@C: Z:\COB97\COPYLIB_DB\D411STK.CBLI[v
     1        *****************************************************************
     2        *   WJ(D411STK_TBL)
     3        *****************************************************************
     4         01  WJ.
     5             03  cSPP|_ԍ    PIC  X(010).
     6             03  cSPP|ă[X
     7                                       PIC S9(002) PACKED-DECIMAL.
     8             03  cSPP|_    PIC  X(003).
     9             03  cSPP|A        PIC S9(003) PACKED-DECIMAL.
Pro*COBOL: Release 9.2.0.1.0 - Production on  Apr 7 10:35:19 2005

Copyright (c) 1982, 2002, Oracle Corporation.  All rights reserved.

    10             03  cSPP|ŗ    PIC S9(002)V9(008) PACKED-DECIMAL.
    11             03  cSPP|ŗ敪
    12                                       PIC  X(002).
    13             03  cSPP|N    PIC  X(006).
    14             03  cSPP|z      PIC S9(013) PACKED-DECIMAL.
    15             03  cSPP|  PIC S9(013) PACKED-DECIMAL.
    16             03  cSPP|ŕ␳z
    17                                       PIC S9(013) PACKED-DECIMAL.
    18             03  cSPP|R[h
    19                                       PIC  X(009).
    20             03  cSPP|R[h
    21                                       PIC  X(005).
    22             03  cSPP|N  PIC  X(008).
    23             03  cSPP|z      PIC S9(013) PACKED-DECIMAL.
    24             03  cSPP|  PIC S9(013) PACKED-DECIMAL.
    25             03  cSPP|ŕ␳z
    26                                       PIC S9(013) PACKED-DECIMAL.
    27             03  cSPP|\  PIC  X(008).
    28             03  cSPP|N  PIC  X(008).
    29             03  cSPP|z      PIC S9(013) PACKED-DECIMAL.
    30             03  cSPP|z
    31                                       PIC S9(013) PACKED-DECIMAL.
    32             03  cSPP|sσtO
    33                                       PIC  X(001).
    34             03  cSPP|XVN  PIC  X(008).
    35             03  cSPP|XV    PIC  X(008).
    36             03  cSPP|XV      PIC  X(008).
    37             03  cSPP|s
    38                                       PIC  X(008).
    39             03  cSPP|ԍ  PIC S9(007) PACKED-DECIMAL.
    40             03  cSPP|z    PIC S9(013) PACKED-DECIMAL.
    41             03  cSPP|ϑێ敪
    42                                       PIC  X(001).
    43             03  cSPP|ϑێ痿  PIC S9(013) PACKED-DECIMAL.
    44             03  cSPP|ϑێ
    45                                       PIC S9(013) PACKED-DECIMAL.
    46             03  cSPP|_ԍ
    47                                       PIC  X(015).
    48             03  cSPP|@    PIC  X(001).
    49             03  cSPP|͒S҃R[h
    50                                       PIC  X(008).
    51             03  cSPP|`tO
    52                                       PIC  X(001).
    53             03  cSPP|Љz  PIC S9(013) PACKED-DECIMAL.
    54             03  cSPP|Љz
    55                                       PIC S9(013) PACKED-DECIMAL.
    56             03  cSPP|Аz  PIC S9(013) PACKED-DECIMAL.
    57             03  cSPP|А
    58                                       PIC S9(013) PACKED-DECIMAL.
    59             03  cSPP|R[h
    60                                       PIC  X(003).
    61             03  cSPP|R[h
    62                                       PIC  X(003).
    63             03  cSPP|ʔ    PIC  X(011).
    64             03  cSPP|A    PIC S9(002) PACKED-DECIMAL.
    65             03  cSPP|c  PIC S9(013) PACKED-DECIMAL.
    66             03  cSPP|c
    67                                       PIC S9(013) PACKED-DECIMAL.
    68             03  cSPP|c  PIC S9(013) PACKED-DECIMAL.
    69             03  cSPP|c
    70                                       PIC S9(013) PACKED-DECIMAL.
    71             03  cSPP|Аc
Pro*COBOL: Release 9.2.0.1.0 - Production on  Apr 7 10:35:19 2005

Copyright (c) 1982, 2002, Oracle Corporation.  All rights reserved.

    72                                       PIC S9(013) PACKED-DECIMAL.
    73             03  cSPP|Аc
    74                                       PIC S9(013) PACKED-DECIMAL.
    75             03  cSPP|{    PIC S9(013) PACKED-DECIMAL.
    76             03  cSPP|    PIC S9(013) PACKED-DECIMAL.
    77             03  cSPP|{c
    78                                       PIC S9(013) PACKED-DECIMAL.
    79             03  cSPP|{z  PIC S9(013) PACKED-DECIMAL.
    80             03  cSPP|z  PIC S9(013) PACKED-DECIMAL.
    81             03  cSPP|ЌŒ莑Y
    82                                       PIC S9(013) PACKED-DECIMAL.
    83             03  cSPP|Гی
    84                                       PIC S9(013) PACKED-DECIMAL.
    85             03  cSPP|Јϑێ痿
    86                                       PIC S9(013) PACKED-DECIMAL.
    87             03  cSPP|Д㌳{
    88                                       PIC S9(013) PACKED-DECIMAL.
    89             03  cSPP|Д㗘
    90                                       PIC S9(013) PACKED-DECIMAL.
    91             03  cSPP|Д㌳{c
    92                                       PIC S9(013) PACKED-DECIMAL.
    93             03  cSPP|vWJ
    94                                       PIC S9(002)V9(008) PACKED-DECIMAL.
    95             03  cSPP|Д㌳{
    96                                       PIC S9(013) PACKED-DECIMAL.
    97             03  cSPP|ЕxKp
    98                                       PIC S9(013) PACKED-DECIMAL.
    99             03  cSPP|Еx
   100                                       PIC S9(013) PACKED-DECIMAL.
   101             03  cSPP|        PIC S9(002)V9(008) PACKED-DECIMAL.
   102             03  cSPP|ԍϔN  PIC  X(008).
   103             03  cSPP|Ԍ    PIC S9(003) PACKED-DECIMAL.
   104             03  cSPP|ԓ    PIC S9(003) PACKED-DECIMAL.
   105             03  cSPP|vZJn
   106                                       PIC  X(008).
   107             03  cSPP|vZI
   108                                       PIC  X(008).
   109             03  cSPP|Љz  PIC S9(013) PACKED-DECIMAL.
   110             03  cSPP|Љ
   111                                       PIC S9(013) PACKED-DECIMAL.
   112             03  cSPP|o^N  PIC  X(008).
   113             03  cSPP|o^    PIC  X(008).
   114             03  cSPP|o^S  PIC  X(008).
   115             03  cSPP|  PIC  X(008).
   116             03  cSPP|O[敪
   117                                       PIC  X(001).
   118             03  cSPP|      PIC S9(003) PACKED-DECIMAL.
   119             03  cSPP|N  PIC  X(008).
   120             03  cSPP|Аz  PIC S9(013) PACKED-DECIMAL.
   121             03  cSPP|Аz
   122                                       PIC S9(013) PACKED-DECIMAL.
   123             03  cSPP|Ђ̑p
   124                                       PIC S9(013) PACKED-DECIMAL.
t@C: Z:\COB97\COPYLIB_DB\D411STK.CBLN[Y
    44  000450     EXEC  SQL  INCLUDE  D32SAK.CBL            END-EXEC.          
    45  000460*                                                                 
    46  000470*--< ϑca>                                                  
t@C: Z:\COB97\COPYLIB_DB\D32SAK.CBLI[v
     1        *****************************************************************
     2        *    (D32SAK_TBL)
     3        *****************************************************************
     4         01  .
Pro*COBOL: Release 9.2.0.1.0 - Production on  Apr 7 10:35:19 2005

Copyright (c) 1982, 2002, Oracle Corporation.  All rights reserved.

     5             03  cRQ|_ԍ      PIC  X(010).
     6             03  cRQ|ă[X  PIC S9(002) PACKED-DECIMAL.
     7             03  cRQ|_      PIC  X(003).
     8             03  cRQ|_񌏖      PIC  X(040).
     9             03  cRQ|      PIC  X(060).
    10             03  cRQ|ϑ        PIC  X(001).
    11             03  cRQ|z  PIC S9(013) PACKED-DECIMAL.
    12             03  cRQ|ŋ敪
    13                                       PIC  X(002).
    14             03  cRQ|Ŋz  PIC S9(013) PACKED-DECIMAL.
    15             03  cRQ|_񑍊z  PIC S9(013) PACKED-DECIMAL.
    16             03  cRQ|őz
    17                                       PIC S9(013) PACKED-DECIMAL.
    18             03  cRQ|ŐVz  PIC S9(013) PACKED-DECIMAL.
    19             03  cRQ|ŐVŋ敪
    20                                       PIC  X(002).
    21             03  cRQ|ŐVŊz  PIC S9(013) PACKED-DECIMAL.
    22             03  cRQ|ŐV_񑍊z  PIC S9(013) PACKED-DECIMAL.
    23             03  cRQ|ŐVőz
    24                                       PIC S9(013) PACKED-DECIMAL.
    25             03  cRQ|ێ疳  PIC S9(003) PACKED-DECIMAL.
    26             03  cRQ|ԃtO    PIC  X(001).
    27             03  cRQ|tO    PIC  X(001).
    28             03  cRQ|N    PIC  X(008).
    29             03  cRQ|敪      PIC  X(001).
    30             03  cRQ|񗝗R      PIC  X(002).
    31             03  cRQ|      PIC S9(002) PACKED-DECIMAL.
    32             03  cRQ|ŐV
    33                                       PIC  X(008).
    34             03  cRQ|z        PIC S9(013) PACKED-DECIMAL.
    35             03  cRQ|ŉz  PIC S9(013) PACKED-DECIMAL.
    36             03  cRQ|ŐV    PIC  X(008).
    37             03  cRQ|Ǘx
    38                                       PIC  X(001).
    39             03  cRQ|z  PIC S9(013) PACKED-DECIMAL.
    40             03  cRQ|vz  PIC S9(013) PACKED-DECIMAL.
    41             03  cRQ|擾z      PIC S9(013) PACKED-DECIMAL.
    42             03  cRQ|kytO
    43                                       PIC  X(001).
    44             03  cRQ|񏈗N  PIC  X(006).
    45             03  cRQ|Gg
    46                                       PIC  X(008).
    47             03  cRQ|tO    PIC  X(001).
    48             03  cRQ|N    PIC  X(008).
    49             03  cRQ|\tO
    50                                       PIC  X(001).
    51             03  cRQ|\    PIC  X(008).
    52             03  cRQ|ύXtO
    53                                       PIC  X(001).
    54             03  cRQ|ύX
    55                                       PIC S9(002) PACKED-DECIMAL.
    56             03  cRQ|ύX
    57                                       PIC  X(008).
    58             03  cRQ|O敪      PIC  X(001).
    59             03  cRQ|ă[X
    60                                       PIC S9(013) PACKED-DECIMAL.
    61             03  cRQ|ă[X敪
    62                                       PIC  X(001).
    63             03  cRQ|ێLtO
    64                                       PIC  X(001).
    65             03  cRQ|ă[X쐬tO
    66                                       PIC  X(001).
Pro*COBOL: Release 9.2.0.1.0 - Production on  Apr 7 10:35:19 2005

Copyright (c) 1982, 2002, Oracle Corporation.  All rights reserved.

    67             03  cRQ|ă[X쐬N
    68                                       PIC  X(008).
    69             03  cRQ|XVN    PIC  X(008).
    70             03  cRQ|XV      PIC  X(008).
    71             03  cRQ|XV        PIC  X(008).
    72             03  cRQ|擾z    PIC S9(013) PACKED-DECIMAL.
    73             03  cRQ|擾z    PIC S9(013) PACKED-DECIMAL.
    74             03  cRQ|O      PIC S9(002) PACKED-DECIMAL.
    75             03  cRQ|ă[X
    76                                       PIC S9(013) PACKED-DECIMAL.
    77             03  cRQ|ă[Xŋ敪
    78                                       PIC  X(002).
    79             03  cRQ|      PIC S9(003) PACKED-DECIMAL.
    80             03  cRQ|    PIC S9(003) PACKED-DECIMAL.
    81             03  cRQ|Z_
    82                                       PIC  X(003).
    83             03  cRQ|ă[X敪
    84                                       PIC  X(001).
    85             03  cRQ|ă[X萔
    86                                       PIC S9(013) PACKED-DECIMAL.
    87             03  cRQ|UXgbv\N
    88                                       PIC  X(008).
    89             03  cRQ|UXgbv\
    90                                       PIC  X(004).
    91             03  cRQ|UXgbv\
    92                                       PIC  X(008).
    93             03  cRQ|UXgbvJnN
    94                                       PIC  X(006).
    95             03  cRQ|UXgbvIN
    96                                       PIC  X(006).
    97             03  cRQ|UXgbvR
    98                                       PIC  X(002).
    99             03  cRQ|UXgbvGg
   100                                       PIC  X(008).
   101             03  cRQ|Uʐ\N
   102                                       PIC  X(008).
   103             03  cRQ|Uʐ\
   104                                       PIC  X(004).
   105             03  cRQ|Uʐ\
   106                                       PIC  X(008).
   107             03  cRQ|UʐJnN
   108                                       PIC  X(006).
   109             03  cRQ|UʐIN
   110                                       PIC  X(006).
   111             03  cRQ|Uʐ\z
   112                                       PIC S9(013) PACKED-DECIMAL.
   113             03  cRQ|UʃGg
   114                                       PIC  X(008).
   115             03  cRQ|xă[X
   116                                       PIC S9(013) PACKED-DECIMAL.
   117             03  cRQ|ϑێ敪  PIC  X(001).
   118             03  cRQ|ϑێ瑊z
   119                                       PIC S9(013) PACKED-DECIMAL.
   120             03  cRQ|͒S҃R[h
   121                                       PIC  X(008).
   122             03  cRQ|̑_ދ敪
   123                                       PIC  X(001).
   124             03  cRQ|R[h  PIC  X(009).
   125             03  cRQ|R[h  PIC  X(005).
   126             03  cRQ|evz      PIC S9(013) PACKED-DECIMAL.
   127             03  cRQ|evz|\  PIC S9(013) PACKED-DECIMAL.
   128             03  cRQ|`    PIC  X(008).
Pro*COBOL: Release 9.2.0.1.0 - Production on  Apr 7 10:35:19 2005

Copyright (c) 1982, 2002, Oracle Corporation.  All rights reserved.

   129             03  cRQ|`      PIC S9(003) PACKED-DECIMAL.
   130             03  cRQ|Еz
   131                                       PIC S9(013) PACKED-DECIMAL.
   132             03  cRQ|Еz
   133                                       PIC S9(013) PACKED-DECIMAL.
   134             03  cRQ|Е_񑍊z
   135                                       PIC S9(013) PACKED-DECIMAL.
   136             03  cRQ|Еőz
   137                                       PIC S9(013) PACKED-DECIMAL.
   138             03  cRQ|Ѝwz    PIC S9(013) PACKED-DECIMAL.
   139             03  cRQ|cݒz    PIC S9(013) PACKED-DECIMAL.
   140             03  cRQ|Ўcݒz
   141                                       PIC S9(013) PACKED-DECIMAL.
   142             03  cRQ|Љz    PIC S9(013) PACKED-DECIMAL.
   143             03  cRQ|Љz
   144                                       PIC S9(013) PACKED-DECIMAL.
   145             03  cRQ|Њz
   146                                       PIC S9(013) PACKED-DECIMAL.
   147             03  cRQ|Њvz
   148                                       PIC S9(013) PACKED-DECIMAL.
   149             03  cRQ|ă[X萔z
   150                                       PIC S9(013) PACKED-DECIMAL.
   151             03  cRQ|ă[X萔
   152                                       PIC  X(008).
   153             03  cRQ|p萔  PIC S9(013) PACKED-DECIMAL.
   154             03  cRQ|ă[XЎcݒz
   155                                       PIC S9(013) PACKED-DECIMAL.
   156             03  cRQ|ă[XЎcݒz
   157                                       PIC S9(013) PACKED-DECIMAL.
   158             03  cRQ|z
   159                                       PIC S9(013) PACKED-DECIMAL.
   160             03  cRQ|vz
   161                                       PIC S9(013) PACKED-DECIMAL.
   162             03  cRQ|z
   163                                       PIC S9(013) PACKED-DECIMAL.
   164             03  cRQ|vz
   165                                       PIC S9(013) PACKED-DECIMAL.
   166             03  cRQ|pz
   167                                       PIC S9(013) PACKED-DECIMAL.
   168             03  cRQ|菈R[h
   169                                       PIC  X(002).
   170             03  cRQ|Œ|
   171                                       PIC S9(013) PACKED-DECIMAL.
   172             03  cRQ|菈R[h
   173                                       PIC  X(002).
   174             03  cRQ|敪  PIC  X(001).
   175             03  cRQ|zz
   176                                       PIC S9(013) PACKED-DECIMAL.
   177             03  cRQ|Ŋzz
   178                                       PIC S9(013) PACKED-DECIMAL.
   179             03  cRQ|ŐVzz
   180                                       PIC S9(013) PACKED-DECIMAL.
   181             03  cRQ|ŐVŊzz
   182                                       PIC S9(013) PACKED-DECIMAL.
   183             03  cRQ|ŐV_񑍊zz
   184                                       PIC S9(013) PACKED-DECIMAL.
   185             03  cRQ|ŐVőzz
   186                                       PIC S9(013) PACKED-DECIMAL.
   187             03  cRQ|擾zz
   188                                       PIC S9(013) PACKED-DECIMAL.
   189             03  cRQ|擾zz
   190                                       PIC S9(013) PACKED-DECIMAL.
Pro*COBOL: Release 9.2.0.1.0 - Production on  Apr 7 10:35:19 2005

Copyright (c) 1982, 2002, Oracle Corporation.  All rights reserved.

   191             03  cRQ|ă[Xz
   192                                       PIC S9(013) PACKED-DECIMAL.
   193             03  cRQ|ă[Xőz
   194                                       PIC S9(013) PACKED-DECIMAL.
   195             03  cRQ|cTCg
   196                                       PIC S9(002)V9(002) PACKED-DECIMAL.
   197             03  cRQ|XPO_񑍊z
   198                                       PIC S9(013) PACKED-DECIMAL.
   199             03  cRQ|Œ敪
   200                                       PIC  X(001).
   201             03  cRQ|o^N    PIC  X(008).
   202             03  cRQ|o^      PIC  X(008).
   203             03  cRQ|o^S    PIC  X(008).
   204             03  cRQ|UzύXR
   205                                       PIC  X(002).
   206             03  cRQ|Еă[X
   207                                       PIC S9(013) PACKED-DECIMAL.
   208             03  cRQ|Еă[X
   209                                       PIC S9(013) PACKED-DECIMAL.
   210             03  cRQ|ݒuꏊ敪  PIC S9(001) PACKED-DECIMAL.
   211             03  cRQ|_񑍊zz
   212                                       PIC S9(013) PACKED-DECIMAL.
   213             03  cRQ|őzz
   214                                       PIC S9(013) PACKED-DECIMAL.
   215             03  cRQ|Ѝwz    PIC S9(013) PACKED-DECIMAL.
   216             03  cRQ|Ўcݒz
   217                                       PIC S9(013) PACKED-DECIMAL.
   218             03  cRQ|Ќ{z  PIC S9(013) PACKED-DECIMAL.
   219             03  cRQ|Д㗘z
   220                                       PIC S9(013) PACKED-DECIMAL.
   221             03  cRQ|Зz  PIC S9(013) PACKED-DECIMAL.
   222             03  cRQ|Џpz
   223                                       PIC S9(013) PACKED-DECIMAL.
   224             03  cRQ|ЌŒ莑Yőz
   225                                       PIC S9(013) PACKED-DECIMAL.
   226             03  cRQ|Гیz
   227                                       PIC S9(013) PACKED-DECIMAL.
   228             03  cRQ|Јϑێ痿z
   229                                       PIC S9(013) PACKED-DECIMAL.
   230             03  cRQ|Ђ̑pz
   231                                       PIC S9(013) PACKED-DECIMAL.
   232             03  cRQ|ЕxpKpv
   233                                       PIC S9(013) PACKED-DECIMAL.
   234             03  cRQ|Еxpʍv
   235                                       PIC S9(013) PACKED-DECIMAL.
   236             03  cRQ|{z      PIC S9(013) PACKED-DECIMAL.
   237             03  cRQ|z      PIC S9(013) PACKED-DECIMAL.
   238             03  cRQ|pz    PIC S9(013) PACKED-DECIMAL.
t@C: Z:\COB97\COPYLIB_DB\D32SAK.CBLN[Y
    47  000480     EXEC  SQL  INCLUDE  D34HNS.CBL            END-EXEC.          
    48  000490*                                                                 
t@C: Z:\COB97\COPYLIB_DB\D34HNS.CBLI[v
     1        *****************************************************************
     2        *   ϑ(D34HNS_TBL)
     3        *****************************************************************
     4         01  ϑ.
     5             03  cRS|_ԍ      PIC  X(010).
     6             03  cRS|ă[X  PIC S9(002) PACKED-DECIMAL.
     7             03  cRS|_      PIC  X(003).
     8             03  cRS|Jn        PIC S9(003) PACKED-DECIMAL.
     9             03  cRS|JnN      PIC  X(006).
    10             03  cRS|I        PIC S9(003) PACKED-DECIMAL.
Pro*COBOL: Release 9.2.0.1.0 - Production on  Apr 7 10:35:19 2005

Copyright (c) 1982, 2002, Oracle Corporation.  All rights reserved.

    11             03  cRS|IN      PIC  X(006).
    12             03  cRS|z          PIC S9(013) PACKED-DECIMAL.
    13             03  cRS|        PIC S9(013) PACKED-DECIMAL.
    14             03  cRS|XVN    PIC  X(008).
    15             03  cRS|XV      PIC  X(008).
    16             03  cRS|XV        PIC  X(008).
    17             03  cRS|͒S҃R[h
    18                                       PIC  X(008).
    19             03  cRS|o^N    PIC  X(008).
    20             03  cRS|o^      PIC  X(008).
    21             03  cRS|o^S    PIC  X(008).
t@C: Z:\COB97\COPYLIB_DB\D34HNS.CBLN[Y
    49  000500     EXEC  SQL  END  DECLARE          SECTION  END-EXEC.          
    50  000510*                                                                 
    51  000520*----------------------------------------------------------------*
    52  000530*    vnqjGA                                              *
    53  000540*----------------------------------------------------------------*
    54  000550 01  vnqj|GA.                                            
    55  000560*--< G[p >                                               
    56  000570     03  v|G[R[h             PIC S9(04).                 
    57  000580*                                                                 
    58  000590*--< tOAA >                                               
    59  000600     03  tOAA.                                            
    60  000610         05  v|I|tO         PIC  X(01).                 
    61  000620         05  v|ُI|tO     PIC  X(01).                 
    62  000630*                                                                 
    63  000640*--< GA >                                                 
    64  000650     03  GA.                                              
    65  000660         05  v|́|           PIC  9(09).                 
    66  000670         05  v|ó|           PIC  9(09).                 
    67  000680*                                                                 
    68  000690*--< L[GA >                                                 
    69  000700     03  jdx|GA.                                          
    70  000710        05  mdvL[.                                           
    71  000720            07 m|_ԍ           PIC  X(09).                 
    72  000730            07 m|ă[X       PIC  9(02).                 
    73  000740            07 m|_           PIC  X(03).                 
    74  000750            07 m|z             PIC  9(13).                 
    75  000760        05  nkcL[.                                           
    76  000770            07 n|_ԍ           PIC  X(09).                 
    77  000780            07 n|ă[X       PIC  9(02).                 
    78  000790            07 n|_           PIC  X(03).                 
    79  000800            07 n|z             PIC  9(13).                 
    80  000810*                                                                 
    81  000820*--< ʏ >                                                   
    82  000830 01  v|ʏ.                                                
    83  000840     03  v|VXet.                                        
    84  000850         05  v|I                 PIC  X(02) VALUE  "20".     
    85  000860         05  v|N               PIC  X(06).                 
    86  000870     03  v|VXe             PIC  X(08).                 
    87  000880     03  v|S                   PIC  X(08) VALUE "IKOPG   ".
    88  000890*                                                                 
    89  000900*----------------------------------------------------------------*
    90  000910*    Tu[`                                              *
    91  000920*----------------------------------------------------------------*
    92  000930 01  CALL-AREA.                                                   
    93  000940*--< ʃOTu[` >                                       
    94  000950     03  CLOCO001                     PIC  X(08) VALUE "CLOCO001".
    95  000960     03  COBCO001                     PIC  X(08) VALUE "COBCO001".
    96  000970*                                                                 
    97  000980*----------------------------------------------------------------*
    98  000990*    bnoẍ                                                *
Pro*COBOL: Release 9.2.0.1.0 - Production on  Apr 7 10:35:19 2005

Copyright (c) 1982, 2002, Oracle Corporation.  All rights reserved.

    99  001000*----------------------------------------------------------------*
   100  001010*--< ʃOpp[^ >                                       
   101  001020 01  IF-CHOCO001.                                                 
   102  001030     COPY  CHOCO001  REPLACING  ==()==  BY  ==P|==.           
   103  001040*                                                                 
   104  001050*----------------------------------------------------------------*
   105  001060*    hmht@CǍTu[`pp^̈                *
   106  001070*----------------------------------------------------------------*
   107  001080 01  PARA-AREA.                                                   
   108  001090     COPY CPBCO001.                                               
   109  001100******************************************************************
   110  001110*    萔pf[^`GA                                      *
   111  001120******************************************************************
   112  001130 CONSTANT                             SECTION.                    
   113  001140 01  萔̈.                                                    
   114  001150     03  萔|vOhc         PIC  X(08) VALUE "COBIS430".
   115  001160     03  萔|vO           PIC  X(80)                  
   116  001170                                      VALUE  "ϑڍs".        
   117  001180     03  萔|rpknj             PIC S9(04)  VALUE  ZERO.    
   118  001190     03  萔|rpkdmc           PIC S9(04)  VALUE  0100.    
   119  001200     03  萔|               PIC S9(04)  VALUE  ZERO.    
   120  001210     03  萔|ُ               PIC S9(04)  VALUE  0009.    
   121  001220******************************************************************
   122  001230*    oqnbdctqd            chuhrhnm              *
   123  001240******************************************************************
   124  001250 PROCEDURE                            DIVISION.                   
   125  001260*                                                                 
   126  001270     PERFORM  .                                           
   127  001280*                                                                 
   128  001290     PERFORM  又  UNTIL  v|I|tO  =  "Y".            
   129  001300*                                                                 
   130  001310     PERFORM  I.                                           
   131  001320*                                                                 
   132  001330     STOP     RUN.                                                
   133  001340*                                                                 
   134  001350******************************************************************
   135  001360*                                                        *
   136  001370******************************************************************
   137  001380                              SECTION.                    
   138  001390 |rs`qs.                                            
   139  001400*                                                                 
   140  001410*----------------------------------------------------------------*
   141  001420*    JnbZ[Wo͏                                      *
   142  001430*----------------------------------------------------------------*
   143  001440     INITIALIZE                       IF-CHOCO001.                
   144  001450     MOVE  "3"                        TO  P|Cxg.     
   145  001460     MOVE  萔|vOhc       TO  P|\[Xhc.       
   146  001470     MOVE  "0"                        TO  P|AR[h.       
   147  001480     MOVE  "START"                    TO  P|.         
   148  001490     MOVE  萔|vO         TO  P|̑bZ[W. 
   149  001500     CALL  CLOCO001                USING  IF-CHOCO001.            
   150  001510*                                                                 
   151  001520*----------------------------------------------------------------*
   152  001530*    Ɨ̈̏l                                        *
   153  001540*----------------------------------------------------------------*
   154  001550     MOVE  SPACE                      TO  vnqj|GA.       
   155  001560     INITIALIZE                           vnqj|GA.       
   156  001570*                                                                 
   157  001580     MOVE  LOW-VALUE                  TO  nkcL[.             
   158  001590*                                                                 
   159  001600*--< bott擾 >                                           
   160  001610     ACCEPT  v|N               FROM  DATE.                 
Pro*COBOL: Release 9.2.0.1.0 - Production on  Apr 7 10:35:19 2005

Copyright (c) 1982, 2002, Oracle Corporation.  All rights reserved.

   161  001620*                                                                 
   162  001630*--< bot擾 >                                           
   163  001640     ACCEPT  v|VXe         FROM  TIME.                 
   164  001650*                                                                 
   165  001660*--< nq`bkdڑ >                                           
   166  001670     PERFORM   nq`bkdڑ.                                  
   167  001680*                                                                 
   168  001690*--< e[uJ[\` >                                   
   169  001700     PERFORM  e[uJ[\`.                           
   170  001710*                                                                 
   171  001720*--< e[uJ[\Ǎ(P) >                           
   172  001730     PERFORM  e[uJ[\Ǎ.                           
   173  001740*                                                                 
   174  001750 |dwhs.                                              
   175  001760     EXIT.                                                        
   176  001770******************************************************************
   177  001780*    nq`bkdڑ                                            *
   178  001790******************************************************************
   179  001800 nq`bkdڑ                     SECTION.                    
   180  001810 nq`bkdڑ|rs`qs.                                    
   181  001820*                                                                 
   182  001830*--< caڑp擾 >                                   
   183  001840     CALL  COBCO001                USING  PARA-AREA.              
   184  001850*                                                                 
   185  001860     MOVE  PARA-DBSTRING              TO  DB-STRING.              
   186  001870     MOVE  PARA-USERNAME              TO  USERNAME.               
   187  001880     MOVE  PARA-PASSWORD              TO  PASSWD.                 
   188  001890*                                                                 
   189  001900*----------------------------------------------------------------*
   190  001910*    Jnڑ                                                    *
   191  001920*----------------------------------------------------------------*
   192  001930     IF    DB-STRING  =  SPACE                                    
   193  001940        EXEC SQL                                                  
   194  001950           CONNECT  :USERNAME IDENTIFIED BY :PASSWD               
   195  001960        END-EXEC                                                  
   196  001970     ELSE                                                         
   197  001980        EXEC SQL                                                  
   198  001990           CONNECT  :USERNAME IDENTIFIED BY :PASSWD               
   199  002000             USING  :DB-STRING                                    
   200  002010        END-EXEC                                                  
   201  002020     END-IF.                                                      
   202  002030*                                                                 
   203  002040*----------------------------------------------------------------*
   204  002050*    ڑmF                                                    *
   205  002060*----------------------------------------------------------------*
   206  002070     EVALUATE  SQLCODE                                            
   207  002080        WHEN   萔|rpknj                                   
   208  002090           CONTINUE                                               
   209  002100        WHEN   OTHER                                              
   210  002110*--<       ڑG[ >                                           
   211  002120           MOVE     -10               TO  v|G[R[h        
   212  002130           PERFORM  G[菈                                
   213  002140     END-EVALUATE.                                                
   214  002150*                                                                 
   215  002160 nq`bkdڑ|dwhs.                                      
   216  002170     EXIT.                                                        
   217  002180******************************************************************
   218  002190*        e[uJ[\`                                *
   219  002200******************************************************************
   220  002210 e[uJ[\`             SECTION.                    
   221  002220 e[uJ[\`|rs`qs.                            
   222  002230*                                                                 
Pro*COBOL: Release 9.2.0.1.0 - Production on  Apr 7 10:35:19 2005

Copyright (c) 1982, 2002, Oracle Corporation.  All rights reserved.

   223  002240*----------------------------------------------------------------*
   224  002250*    J[\nodm                                        *
   225  002260*----------------------------------------------------------------*
   226  002270     EXEC SQL                                                     
   227  002280        DECLARE CUR1  CURSOR FOR                                  
   228  002290           SELECT  D411STK_TBL._ԍ                           
   229  002300                  ,D411STK_TBL.ă[X                       
   230  002310                  ,D411STK_TBL._                           
   231  002320                  ,D411STK_TBL.z                             
   232  002330                  ,D411STK_TBL.                         
   233  002340                  ,D411STK_TBL.N                           
   234  002350                  ,D411STK_TBL.A                               
   235  002360             FROM  D32SAK_TBL                                     
   236  002370                  ,D411STK_TBL                                    
   237  002380            WHERE  D32SAK_TBL.ϑ       =  '1'                 
   238  002390              AND  D32SAK_TBL._ԍ     =  D411STK_TBL._ԍ
   239  002400              AND  D32SAK_TBL.ă[X =                      
   240  002410                                          D411STK_TBL.ă[X
   241  002420              AND  D32SAK_TBL._     =  D411STK_TBL._
   242  002430         ORDER BY  D411STK_TBL._ԍ                           
   243  002440                  ,D411STK_TBL.ă[X                       
   244  002450                  ,D411STK_TBL._                           
   245  002460                  ,D411STK_TBL.z                             
   246  002470     END-EXEC.                                                    
   247  002480*                                                                 
   248  002490*----------------------------------------------------------------*
   249  002500*    J[\nodm                                        *
   250  002510*----------------------------------------------------------------*
   251  002520     EXEC  SQL                                                    
   252  002530        OPEN  CUR1                                                
   253  002540     END-EXEC.                                                    
   254  002550*                                                                 
   255  002560*----------------------------------------------------------------*
   256  002570*    J[\nodmmF                                        *
   257  002580*----------------------------------------------------------------*
   258  002590     EVALUATE  SQLCODE                                            
   259  002600        WHEN  萔|rpknj                                    
   260  002610*--<        >                                                 
   261  002620           CONTINUE                                               
   262  002630        WHEN  OTHER                                               
   263  002640*--<       J[\nodmG[ >                               
   264  002650           MOVE -20                   TO  v|G[R[h        
   265  002660           PERFORM  G[菈                                
   266  002670     END-EVALUATE.                                                
   267  002680*                                                                 
   268  002690 e[uJ[\`|dwhs.                              
   269  002700     EXIT.                                                        
   270  002710******************************************************************
   271  002720*    e[uJ[\Ǎ                                    *
   272  002730******************************************************************
   273  002740 e[uJ[\Ǎ             SECTION.                    
   274  002750 e[uJ[\Ǎ|rs`qs.                            
   275  002760*                                                                 
   276  002770*--< e[uJ[\Ǎ >                                   
   277  002780     EXEC SQL                                                     
   278  002790         FETCH  CUR1                                              
   279  002800          INTO  :cSPP|_ԍ                               
   280  002810               ,:cSPP|ă[X                           
   281  002820               ,:cSPP|_                               
   282  002830               ,:cSPP|z                                 
   283  002840               ,:cSPP|                             
   284  002850               ,:cSPP|N                               
Pro*COBOL: Release 9.2.0.1.0 - Production on  Apr 7 10:35:19 2005

Copyright (c) 1982, 2002, Oracle Corporation.  All rights reserved.

   285  002860               ,:cSPP|A                                   
   286  002870     END-EXEC.                                                    
   287  002880*                                                                 
   288  002890*----------------------------------------------------------------*
   289  002900*    e[uJ[\ǍmF                              *
   290  002910*----------------------------------------------------------------*
   291  002920     EVALUATE   SQLCODE                                           
   292  002930        WHEN   萔|rpknj                                   
   293  002940*--<        >                                                 
   294  002950           MOVE  cSPP|_ԍ   TO  m|_ԍ            
   295  002960           MOVE  cSPP|ă[X                           
   296  002970                                      TO  m|ă[X        
   297  002980           MOVE  cSPP|_   TO  m|_            
   298  002990           MOVE  cSPP|z     TO  m|z              
   299  003000*                                                                 
   300  003010           COMPUTE  v|́|  =  v|́|  +  1       
   301  003020        WHEN   萔|rpkdmc                                 
   302  003030*--<       ǍI >                                             
   303  003040           MOVE  "Y"                  TO  v|I|tO        
   304  003050        WHEN   OTHER                                              
   305  003060*--<       ǍG[ >                                           
   306  003070           MOVE     -30               TO  v|G[R[h        
   307  003080           PERFORM  G[菈                                
   308  003090     END-EVALUATE.                                                
   309  003100*                                                                 
   310  003110 e[uJ[\Ǎ|dwhs.                              
   311  003120     EXIT.                                                        
   312  003130******************************************************************
   313  003140*    又                                                      *
   314  003150******************************************************************
   315  003160 又                               SECTION.                    
   316  003170 又|rs`qs.                                              
   317  003180*                                                                 
   318  003190     PERFORM  ҏWo͏.                                       
   319  003200*                                                                 
   320  003210*--< e[uJ[\ǍiQڈȍ~j >                     
   321  003220     PERFORM  e[uJ[\Ǎ.                           
   322  003230*                                                                 
   323  003240     IF  v|I|tO  =  "Y"                                 
   324  003250*--<    ̓f[^I鎞Ōo͏ >                          
   325  003260        PERFORM  o͏                                         
   326  003270     END-IF.                                                      
   327  003280*                                                                 
   328  003290 又|dwhs.                                                
   329  003300     EXIT.                                                        
   330  003310******************************************************************
   331  003320*     ҏWo͏                                               *
   332  003330******************************************************************
   333  003340 ҏWo͏                         SECTION.                    
   334  003350 ҏWo͏|rs`qs.                                        
   335  003360*                                                                 
   336  003370     IF  mdvL[  =  nkcL[                                
   337  003380*--<    No.06 >                                                   
   338  003390        MOVE  cSPP|A          TO  cRS|I          
   339  003400*--<    No.07 >                                                   
   340  003410        MOVE  cSPP|N      TO  cRS|IN        
   341  003420     ELSE                                                         
   342  003430        IF  v|́|  >  1                                  
   343  003440*--<       Qڈȍ~AL[ς鎞Ao͂ >               
   344  003450           PERFORM  o͏                                      
   345  003460        END-IF                                                    
   346  003470*                                                                 
Pro*COBOL: Release 9.2.0.1.0 - Production on  Apr 7 10:35:19 2005

Copyright (c) 1982, 2002, Oracle Corporation.  All rights reserved.

   347  003480*----------------------------------------------------------------*
   348  003490*                                                      *
   349  003500*----------------------------------------------------------------*
   350  003510        MOVE  SPACE                   TO  ϑ                  
   351  003520        INITIALIZE                        ϑ                  
   352  003530*                                                                 
   353  003540*----------------------------------------------------------------*
   354  003550*       ڕҏW                                             *
   355  003560*----------------------------------------------------------------*
   356  003570*--<    No.01 >                                                   
   357  003580        MOVE  cSPP|_ԍ(1:9) TO  cRS|_ԍ        
   358  003590*                                                                 
   359  003600*--<    No.02 >                                                   
   360  003610        MOVE  cSPP|ă[X  TO  cRS|ă[X    
   361  003620                                                                  
   362  003630*--<    No.03 >                                                   
   363  003640        MOVE  cSPP|_      TO  cRS|_        
   364  003650*                                                                 
   365  003660*--<    No.04 >                                                   
   366  003670        MOVE  cSPP|A          TO  cRS|Jn          
   367  003680*                                                                 
   368  003690*--<    No.05 >                                                   
   369  003700        MOVE  cSPP|N      TO  cRS|JnN        
   370  003710*                                                                 
   371  003720*--<    No.06 >                                                   
   372  003730        MOVE  cSPP|A          TO  cRS|I          
   373  003740*                                                                 
   374  003750*--<    No.07 >                                                   
   375  003760        MOVE  cSPP|N      TO  cRS|IN        
   376  003770*                                                                 
   377  003780*--<    No.08 >                                                   
   378  003790        MOVE  cSPP|z        TO  cRS|z            
   379  003800*                                                                 
   380  003810*--<    No.09 >                                                   
   381  003820        MOVE  cSPP|    TO  cRS|          
   382  003830*                                                                 
   383  003840*--<    No.10 >                                                   
   384  003850        MOVE  v|VXet        TO  cRS|XVN      
   385  003860*                                                                 
   386  003870*--<    No.11 >                                                   
   387  003880        MOVE  v|VXe        TO  cRS|XV        
   388  003890*                                                                 
   389  003900*--<    No.12 >                                                   
   390  003910        MOVE  v|S              TO  cRS|XV          
   391  003920*                                                                 
   392  003930*--<    No.13 >                                                   
   393  003940        MOVE  v|S              TO  cRS|͒S҃R[h
   394  003950*                                                                 
   395  003960*--<    No.14 >                                                   
   396  003970        MOVE  v|VXet        TO  cRS|o^N      
   397  003980*                                                                 
   398  003990*--<    No.15 >                                                   
   399  004000        MOVE  v|VXe        TO  cRS|o^        
   400  004010*                                                                 
   401  004020*--<    No.16 >                                                   
   402  004030        MOVE  v|S              TO  cRS|o^S      
   403  004040*                                                                 
   404  004050     END-IF.                                                      
   405  004060*                                                                 
   406  004070     MOVE mdvL[                  TO  nkcL[.             
   407  004080*                                                                 
   408  004090 ҏWo͏|dwhs.                                          
Pro*COBOL: Release 9.2.0.1.0 - Production on  Apr 7 10:35:19 2005

Copyright (c) 1982, 2002, Oracle Corporation.  All rights reserved.

   409  004100     EXIT.                                                        
   410  004110******************************************************************
   411  004120*    o͏                                                    *
   412  004130******************************************************************
   413  004140 o͏                             SECTION.                    
   414  004150 o͏|rs`qs.                                            
   415  004160*                                                                 
   416  004170       EXEC  SQL                                                  
   417  004180        INSERT  INTO  D34HNS_TBL                                  
   418  004190           ( _ԍ                                             
   419  004200            ,ă[X                                         
   420  004210            ,_                                             
   421  004220            ,Jn                                               
   422  004230            ,JnN                                             
   423  004240            ,I                                               
   424  004250            ,IN                                             
   425  004260            ,z                                                 
   426  004270            ,                                               
   427  004280            ,XVN                                           
   428  004290            ,XV                                             
   429  004300            ,XV                                               
   430  004310            ,͒S҃R[h                                     
   431  004320            ,o^N                                           
   432  004330            ,o^                                             
   433  004340            ,o^S)                                          
   434  004350       VALUES                                                     
   435  004360           ( :cRS|_ԍ                                    
   436  004370            ,:cRS|ă[X                                
   437  004380            ,:cRS|_                                    
   438  004390            ,:cRS|Jn                                      
   439  004400            ,:cRS|JnN                                    
   440  004410            ,:cRS|I                                      
   441  004420            ,:cRS|IN                                    
   442  004430            ,:cRS|z                                        
   443  004440            ,:cRS|                                      
   444  004450            ,:cRS|XVN                                  
   445  004460            ,:cRS|XV                                    
   446  004470            ,:cRS|XV                                      
   447  004480            ,:cRS|͒S҃R[h                            
   448  004490            ,:cRS|o^N                                  
   449  004500            ,:cRS|o^                                    
   450  004510            ,:cRS|o^S)                                 
   451  004520     END-EXEC.                                                    
   452  004530*                                                                 
   453  004540*----------------------------------------------------------------*
   454  004550*    ǉmF                                              *
   455  004560*----------------------------------------------------------------*
   456  004570     EVALUATE  SQLCODE                                            
   457  004580        WHEN   萔|rpknj                                   
   458  004590*--<       ǉ >                                             
   459  004600           COMPUTE  v|ó|  =  v|ó|  +  1       
   460  004610        WHEN   OTHER                                              
   461  004620*--<       ǉG[ >                                       
   462  004630           MOVE     -40               TO  v|G[R[h        
   463  004640           PERFORM  G[菈                                
   464  004650     END-EVALUATE.                                                
   465  004660*                                                                 
   466  004670 o͏|dwhs.                                              
   467  004680     EXIT.                                                        
   468  004690******************************************************************
   469  004700*    I                                                    *
   470  004710******************************************************************
Pro*COBOL: Release 9.2.0.1.0 - Production on  Apr 7 10:35:19 2005

Copyright (c) 1982, 2002, Oracle Corporation.  All rights reserved.

   471  004720 I                             SECTION.                    
   472  004730 I|rs`qs.                                            
   473  004740*                                                                 
   474  004750     PERFORM  caN[Y.                                   
   475  004760*                                                                 
   476  004770     PERFORM  caR~bg.                                   
   477  004780*                                                                 
   478  004790     PERFORM  IbZ[Wo.                                 
   479  004800*                                                                 
   480  004810*--< vOI >                                         
   481  004820     MOVE  萔|             TO  PROGRAM-STATUS.         
   482  004830*                                                                 
   483  004840 I|dwhs.                                              
   484  004850     EXIT.                                                        
   485  004860******************************************************************
   486  004870*    IbZ[Wo                                          *
   487  004880******************************************************************
   488  004890 IbZ[Wo                   SECTION.                    
   489  004900 IbZ[Wó|rs`qs.                                  
   490  004910*                                                                 
   491  004920*----------------------------------------------------------------*
   492  004930*    bZ[Wo͏                                      *
   493  004940*----------------------------------------------------------------*
   494  004950     INITIALIZE                       IF-CHOCO001.                
   495  004960     MOVE  "3"                        TO  P|Cxg.     
   496  004970     MOVE  萔|vOhc       TO  P|\[Xhc.       
   497  004980     MOVE  "0"                        TO  P|AR[h.       
   498  004990     MOVE  "D411STK"                  TO  P|e[uhc. 
   499  005000     MOVE  "COUNT"                    TO  P|.         
   500  005010     MOVE  v|́|             TO  P|f[^e.       
   501  005020     MOVE  "xAbvWJ͌"                         
   502  005030                                      TO  P|̑bZ[W. 
   503  005040     CALL  CLOCO001                USING  IF-CHOCO001.            
   504  005050*                                                                 
   505  005060     INITIALIZE                       IF-CHOCO001.                
   506  005070     MOVE  "3"                        TO  P|Cxg.     
   507  005080     MOVE  萔|vOhc       TO  P|\[Xhc.       
   508  005090     MOVE  "0"                        TO  P|AR[h.       
   509  005100     MOVE  "D34HNS"                   TO  P|e[uhc. 
   510  005110     MOVE  "COUNT"                    TO  P|.         
   511  005120     MOVE  v|ó|             TO  P|f[^e.       
   512  005130     MOVE  "ϑDBo͌"         TO  P|̑bZ[W. 
   513  005140     CALL  CLOCO001                USING  IF-CHOCO001.            
   514  005150*                                                                 
   515  005160*----------------------------------------------------------------*
   516  005170*    IbZ[Wo                                          *
   517  005180*----------------------------------------------------------------*
   518  005190     INITIALIZE                       IF-CHOCO001.                
   519  005200     MOVE  "3"                        TO  P|Cxg.     
   520  005210     MOVE  萔|vOhc       TO  P|\[Xhc.       
   521  005220     MOVE  "0"                        TO  P|AR[h.       
   522  005230     MOVE  "END"                      TO  P|.         
   523  005240     MOVE  萔|vO         TO  P|̑bZ[W. 
   524  005250     CALL  CLOCO001                USING  IF-CHOCO001.            
   525  005260*                                                                 
   526  005270 IbZ[Wó|dwhs.                                    
   527  005280     EXIT.                                                        
   528  005290******************************************************************
   529  005300*    caN[Y                                                *
   530  005310******************************************************************
   531  005320 caN[Y                     SECTION.                    
   532  005330 caN[Y|rs`qs.                                    
Pro*COBOL: Release 9.2.0.1.0 - Production on  Apr 7 10:35:19 2005

Copyright (c) 1982, 2002, Oracle Corporation.  All rights reserved.

   533  005340*                                                                 
   534  005350*--< J[\ N[Y >                                          
   535  005360     EXEC SQL                                                     
   536  005370        CLOSE  CUR1                                               
   537  005380     END-EXEC.                                                    
   538  005390*                                                                 
   539  005400 caN[Y|dwhs.                                      
   540  005410     EXIT.                                                        
   541  005420******************************************************************
   542  005430*    caR~bg                                            *
   543  005440******************************************************************
   544  005450 caR~bg                     SECTION.                    
   545  005460 caR~bg|rs`qs.                                    
   546  005470*                                                                 
   547  005480     EXEC  SQL                                                    
   548  005490        COMMIT  WORK  RELEASE                                     
   549  005500     END-EXEC.                                                    
   550  005510*                                                                 
   551  005520     INITIALIZE                       IF-CHOCO001.                
   552  005530     MOVE  "3"                        TO  P|Cxg.     
   553  005540     MOVE  萔|vOhc       TO  P|\[Xhc.       
   554  005550     MOVE  "0"                        TO  P|AR[h.       
   555  005560     MOVE  "COMMIT"                   TO  P|.         
   556  005570     MOVE  "R~bg{"             TO  P|̑bZ[W. 
   557  005580     CALL  CLOCO001                USING  IF-CHOCO001.            
   558  005590*                                                                 
   559  005600 caR~bg|dwhs.                                      
   560  005610     EXIT.                                                        
   561  005620******************************************************************
   562  005630*    ca[obN                                        *
   563  005640******************************************************************
   564  005650 ca[obN                 SECTION.                    
   565  005660 ca[obN|rs`qs.                                
   566  005670*                                                                 
   567  005680     EXEC  SQL                                                    
   568  005690        ROLLBACK WORK  RELEASE                                    
   569  005700     END-EXEC.                                                    
   570  005710*                                                                 
   571  005720     INITIALIZE                       IF-CHOCO001.                
   572  005730     MOVE  "1"                        TO  P|Cxg.     
   573  005740     MOVE  萔|vOhc       TO  P|\[Xhc.       
   574  005750     MOVE  "9"                        TO  P|AR[h.       
   575  005760     MOVE  "ROLLBACK"                 TO  P|.         
   576  005770     MOVE  "[obN{"         TO  P|̑bZ[W. 
   577  005780     CALL  CLOCO001                USING  IF-CHOCO001.            
   578  005790*                                                                 
   579  005800 ca[obN|dwhs.                                  
   580  005810     EXIT.                                                        
   581  005820******************************************************************
   582  005830*    G[                                                  *
   583  005840******************************************************************
   584  005850 G[菈                       SECTION.                    
   585  005860 G[菈|rs`qs.                                      
   586  005870*                                                                 
   587  005880     MOVE  "Y"                        TO v|ُI|tO.    
   588  005890     INITIALIZE                           IF-CHOCO001.            
   589  005900*                                                                 
   590  005910     EVALUATE  v|G[R[h                                   
   591  005920        WHEN  -10                                                 
   592  005930*--<       nq`bkdڑs >                                 
   593  005940           MOVE  "1"                  TO  P|Cxg      
   594  005950           MOVE  萔|vOhc TO  P|\[Xhc        
Pro*COBOL: Release 9.2.0.1.0 - Production on  Apr 7 10:35:19 2005

Copyright (c) 1982, 2002, Oracle Corporation.  All rights reserved.

   595  005960           MOVE  "9"                  TO  P|AR[h        
   596  005970           MOVE  "CONNECT"            TO  P|          
   597  005980           MOVE  SQLCODE              TO  P|f[^e        
   598  005990           MOVE  SQLERRMC             TO  P|̑bZ[W  
   599  006000           CALL  CLOCO001          USING  IF-CHOCO001             
   600  006010*                                                                 
   601  006020        WHEN  -20                                                 
   602  006030*--<       e[uJ[\I[vs >                     
   603  006040           MOVE  "1"                  TO  P|Cxg      
   604  006050           MOVE  萔|vOhc TO  P|\[Xhc        
   605  006060           MOVE  "9"                  TO  P|AR[h        
   606  006070           MOVE  "D32SAK"             TO  P|e[uhc  
   607  006080           MOVE  "OPEN"               TO  P|          
   608  006090           MOVE  SQLCODE              TO  P|f[^e        
   609  006100           MOVE  SQLERRMC             TO  P|̑bZ[W  
   610  006110           CALL  CLOCO001          USING  IF-CHOCO001             
   611  006120*                                                                 
   612  006130        WHEN  -30                                                 
   613  006140*--<       e[uǍs >                                 
   614  006150           MOVE  "1"                  TO  P|Cxg      
   615  006160           MOVE  萔|vOhc TO  P|\[Xhc        
   616  006170           MOVE  "9"                  TO  P|AR[h        
   617  006180           MOVE  "D11STK"             TO  P|e[uhc  
   618  006190           MOVE  "FETCH"              TO  P|          
   619  006200           MOVE  SQLCODE              TO  P|f[^e        
   620  006210           MOVE  SQLERRMC             TO  P|̑bZ[W  
   621  006220           CALL  CLOCO001          USING  IF-CHOCO001             
   622  006230*                                                                 
   623  006240        WHEN  -40                                                 
   624  006250*--<       ϑcaǉs >                                   
   625  006260           MOVE  "1"                  TO  P|Cxg      
   626  006270           MOVE  萔|vOhc TO  P|\[Xhc        
   627  006280           MOVE  "9"                  TO  P|AR[h        
   628  006290           MOVE  "D34HNS"             TO  P|e[uhc  
   629  006300           MOVE  "INSERT"             TO  P|          
   630  006310           MOVE  SQLCODE              TO  P|f[^e        
   631  006320           MOVE  SQLERRMC             TO  P|̑bZ[W  
   632  006330           CALL  CLOCO001          USING  IF-CHOCO001             
   633  006340*                                                                 
   634  006350        WHEN  OTHER                                               
   635  006360           MOVE  "N"                  TO v|ُI|tO     
   636  006370     END-EVALUATE.                                                
   637  006380*                                                                 
   638  006390     IF v|ُI|tO  =  "Y"                              
   639  006400        PERFORM  ca[obN                             
   640  006410*                                                                 
   641  006420        PERFORM  IbZ[Wo                               
   642  006430*                                                                 
   643  006440*--<    vOُĨ^[R[h >                      
   644  006450        MOVE  萔|ُ          TO  PROGRAM-STATUS          
   645  006460*                                                                 
   646  006470        EXIT  PROGRAM                                             
   647  006480     END-IF.                                                      
   648  006490*                                                                 
   649  006500 G[|dwhs.                                            
   650  006510     EXIT.                                                        
   651  006520******************************************************************
   652  006530*                  END OF PROGRAM                                *
   653  006540******************************************************************
t@C: C:\COB97\SOC\COBIS430\COBIS430.PCON[Y
Pro*COBOL: Release 9.2.0.1.0 - Production on  Apr 7 10:35:19 2005

Copyright (c) 1982, 2002, Oracle Corporation.  All rights reserved.


zXgϐ
--------------

01  DB-STRING                                           Charf(20)
  Z:\COB97\COPYLIB_DB\SQLCOM.CBL      3
  C:\COB97\SOC\COBIS430\COBIS430.PCO    199

01  PASSWD                                              Charf(10)
  Z:\COB97\COPYLIB_DB\SQLCOM.CBL      5
  C:\COB97\SOC\COBIS430\COBIS430.PCO    194    198

01  SQLSTATE                                            Charf(5)
  Z:\COB97\COPYLIB_DB\SQLCOM.CBL      2
  C:\COB97\SOC\COBIS430\COBIS430.PCO    193    197    251    277    416    535    547    567

01  USERNAME                                            Charf(10)
  Z:\COB97\COPYLIB_DB\SQLCOM.CBL      4
  C:\COB97\SOC\COBIS430\COBIS430.PCO    194    198

03  cRS|Jn OF ϑ                            Decimal(3,0)
  Z:\COB97\COPYLIB_DB\D34HNS.CBL      8
  C:\COB97\SOC\COBIS430\COBIS430.PCO    438

03  cRS|JnN OF ϑ                          Charf(6)
  Z:\COB97\COPYLIB_DB\D34HNS.CBL      9
  C:\COB97\SOC\COBIS430\COBIS430.PCO    439

03  cRS|z OF ϑ                              Decimal(13,0)
  Z:\COB97\COPYLIB_DB\D34HNS.CBL     12
  C:\COB97\SOC\COBIS430\COBIS430.PCO    442

03  cRS|_ OF ϑ                          Charf(3)
  Z:\COB97\COPYLIB_DB\D34HNS.CBL      7
  C:\COB97\SOC\COBIS430\COBIS430.PCO    437

03  cRS|_ԍ OF ϑ                          Charf(10)
  Z:\COB97\COPYLIB_DB\D34HNS.CBL      5
  C:\COB97\SOC\COBIS430\COBIS430.PCO    435

03  cRS|XV OF ϑ                          Charf(8)
  Z:\COB97\COPYLIB_DB\D34HNS.CBL     15
  C:\COB97\SOC\COBIS430\COBIS430.PCO    445

03  cRS|XV OF ϑ                            Charf(8)
  Z:\COB97\COPYLIB_DB\D34HNS.CBL     16
  C:\COB97\SOC\COBIS430\COBIS430.PCO    446

03  cRS|XVN OF ϑ                        Charf(8)
  Z:\COB97\COPYLIB_DB\D34HNS.CBL     14
  C:\COB97\SOC\COBIS430\COBIS430.PCO    444

03  cRS|ă[X OF ϑ                      Decimal(2,0)
  Z:\COB97\COPYLIB_DB\D34HNS.CBL      6
  C:\COB97\SOC\COBIS430\COBIS430.PCO    436

03  cRS|I OF ϑ                            Decimal(3,0)
  Z:\COB97\COPYLIB_DB\D34HNS.CBL     10
  C:\COB97\SOC\COBIS430\COBIS430.PCO    440

03  cRS|IN OF ϑ                          Charf(6)
  Z:\COB97\COPYLIB_DB\D34HNS.CBL     11
Pro*COBOL: Release 9.2.0.1.0 - Production on  Apr 7 10:35:19 2005

Copyright (c) 1982, 2002, Oracle Corporation.  All rights reserved.

  C:\COB97\SOC\COBIS430\COBIS430.PCO    441

03  cRS| OF ϑ                            Decimal(13,0)
  Z:\COB97\COPYLIB_DB\D34HNS.CBL     13
  C:\COB97\SOC\COBIS430\COBIS430.PCO    443

03  cRS|o^ OF ϑ                          Charf(8)
  Z:\COB97\COPYLIB_DB\D34HNS.CBL     20
  C:\COB97\SOC\COBIS430\COBIS430.PCO    449

03  cRS|o^S OF ϑ                        Charf(8)
  Z:\COB97\COPYLIB_DB\D34HNS.CBL     21
  C:\COB97\SOC\COBIS430\COBIS430.PCO    450

03  cRS|o^N OF ϑ                        Charf(8)
  Z:\COB97\COPYLIB_DB\D34HNS.CBL     19
  C:\COB97\SOC\COBIS430\COBIS430.PCO    448

03  cRS|͒S҃R[h OF ϑ                  Charf(8)
  Z:\COB97\COPYLIB_DB\D34HNS.CBL     17
  C:\COB97\SOC\COBIS430\COBIS430.PCO    447

03  cSPP|_ OF WJ                      Charf(3)
  Z:\COB97\COPYLIB_DB\D411STK.CBL      8
  C:\COB97\SOC\COBIS430\COBIS430.PCO    281

03  cSPP|_ԍ OF WJ                      Charf(10)
  Z:\COB97\COPYLIB_DB\D411STK.CBL      5
  C:\COB97\SOC\COBIS430\COBIS430.PCO    279

03  cSPP|ă[X OF WJ                  Decimal(2,0)
  Z:\COB97\COPYLIB_DB\D411STK.CBL      6
  C:\COB97\SOC\COBIS430\COBIS430.PCO    280

03  cSPP|z OF WJ                        Decimal(13,0)
  Z:\COB97\COPYLIB_DB\D411STK.CBL     23
  C:\COB97\SOC\COBIS430\COBIS430.PCO    282

03  cSPP| OF WJ                    Decimal(13,0)
  Z:\COB97\COPYLIB_DB\D411STK.CBL     24
  C:\COB97\SOC\COBIS430\COBIS430.PCO    283

03  cSPP|N OF WJ                      Charf(6)
  Z:\COB97\COPYLIB_DB\D411STK.CBL     13
  C:\COB97\SOC\COBIS430\COBIS430.PCO    284

03  cSPP|A OF WJ                          Decimal(3,0)
  Z:\COB97\COPYLIB_DB\D411STK.CBL      9
  C:\COB97\SOC\COBIS430\COBIS430.PCO    285

Pro*COBOL: Release 9.2.0.1.0 - Production on  Apr 7 10:35:19 2005

Copyright (c) 1982, 2002, Oracle Corporation.  All rights reserved.


SQLʎq
---------------

CUR1                  CURSOR                        
  C:\COB97\SOC\COBIS430\COBIS430.PCO    227    252    278    536    227

Pro*COBOL: Release 9.2.0.1.0 - Production on  Apr 7 10:35:19 2005

Copyright (c) 1982, 2002, Oracle Corporation.  All rights reserved.



                              vRpCEIvV
-------------------------------------------------------------------------------
IvV   ݂̐ݒl         ݒ
-------------------------------------------------------------------------------
asacc             no                ftHg                                  
assume_sqlcode    no                ftHg                                  
auto_connect      no                ftHg                                  
close_on_commit   yes               mode                                        
comp5             yes               D:\oracle\ora90\precomp\admin\pcbcfg.cfg    
config            default config    ftHg                                  
date_format       local             ftHg                                  
dbms              native            ftHg                                  
declare_section   yes               mode                                        
define            *Ȃ*            ftHg                                  
dynamic           ansi              mode                                        
end_of_fetch      100               mode                                        
eol_padding       yes               ftHg                                  
errors            yes               ftHg                                  
fips              no                ftHg                                  
format            ansi              ftHg                                  
hold_cursor       no                ftHg                                  
host              cobol             ftHg                                  
iname             C:\COB97\SOC\COBISR}hCCO                            
include           Z:\COB97\COPYLIB  D:\oracle\ora90\precomp\admin\pcbcfg.cfg    
                  Z:\COB97\COPYLIB_DD:\oracle\ora90\precomp\admin\pcbcfg.cfg    
                  *Ȃ*            D:\oracle\ora90\precomp\admin\pcbcfg.cfg    
ireclen           132               D:\oracle\ora90\precomp\admin\pcbcfg.cfg    
litdelim          quote             ftHg                                  
lname             *Ȃ*            ftHg                                  
lreclen           132               ftHg                                  
ltype             long              ftHg                                  
maxliteral        160               D:\oracle\ora90\precomp\admin\pcbcfg.cfg    
maxopencursors    10                ftHg                                  
mode              ANSI              D:\oracle\ora90\precomp\admin\pcbcfg.cfg    
nested            yes               ftHg                                  
nls_local         yes               D:\oracle\ora90\precomp\admin\pcbcfg.cfg    
oname             COBIS430.COB      R}hC                              
oraca             no                ftHg                                  
oreclen           80                ftHg                                  
pagelen           66                ftHg                                  
picx              charf             ftHg                                  
prefetch          1                 ftHg                                  
release_cursor    no                ftHg                                  
select_error      yes               ftHg                                  
sqlcheck          FULL              D:\oracle\ora90\precomp\admin\pcbcfg.cfg    
threads           no                ftHg                                  
type_code         ansi              mode                                        
unsafe_null       no                ftHg                                  
userid            yaoxinyu/yxy@FIP  D:\oracle\ora90\precomp\admin\pcbcfg.cfg    
varchar           no                ftHg                                  
xref              yes               ftHg                                  
Pro*COBOL: Release 9.2.0.1.0 - Production on  Apr 7 10:35:19 2005

Copyright (c) 1982, 2002, Oracle Corporation.  All rights reserved.


v\
----------

^[ER[h: 0
dv Ił̃bZ[W: 0
dv Wł̃bZ[W: 0
dv Eł̃bZ[W: 0
dv Fł̃bZ[W: 0
̓C̐: 1042
錾ꂽzXgϐ̐: 251
J[\̐: 1
̐: 0
gpő僁[(oCg): 299087
