Pro*COBOL: Release 9.2.0.1.0 - Production on  Oct 14 10:21:09 2004

Copyright (c) 1982, 2002, Oracle Corporation.  All rights reserved.

t@C: COBIS430.PCOI[v
     1  000010******************************************************************
     2  000020*         ⃊[X                                         *
     3  000030*      1. vO  : ϑڍs                         *
     4  000040*      2. vOID  : COBIS430                               *
     5  000050*      3. Tv      : ڍsixAbvj̍WJA *
     6  000060*                         ϑca쐬B                 *
     7  000070*                                                                *
     8  000080*      4. 쐬        : C嗘                                 *
     9  000090*      5. 쐬        : 2004.10.10                             *
    10  000100******************************************************************
    11  000110*                                                                 
    12  000120******************************************************************
    13  000130*    hcdmshehb`shnm  chuhrhnm              *
    14  000140******************************************************************
    15  000150 IDENTIFICATION                       DIVISION.                   
    16  000160*                                                                 
    17  000170 PROGRAM-ID.                          COBIS430.                   
    18  000180******************************************************************
    19  000190*    dmuhqnmldms        chuhrhnm              *
    20  000200******************************************************************
    21  000210 ENVIRONMENT                          DIVISION.                   
    22  000220******************************************************************
    23  000230*    c`s`                      chuhrhnm              *
    24  000240******************************************************************
    25  000250 DATA                                 DIVISION.                   
    26  000260******************************************************************
    27  000270*  vnqjhmf|rsnq`fd  rdbshnm                *
    28  000280******************************************************************
    29  000290  WORKING-STORAGE                     SECTION.                    
    30  000300*----------------------------------------------------------------*
    31  000310*    zXgϐ`GA                                        *
    32  000320*----------------------------------------------------------------*
    33  000330     EXEC  SQL  BEGIN  DECLARE        SECTION  END-EXEC.          
    34  000340*                                                                 
    35  000350*--< nq`bkdʕϐ >                                       
    36  000360     EXEC  SQL  INCLUDE  SQLCOM.CBL            END-EXEC.          
    37  000370*                                                                 
    38  000380*--< nq`bkd  rpks >                               
t@C: Z:\COB97\COPYLIB_DB\SQLCOM.CBLI[v
     1  000010*--rpkʕϐ
     2  000030   01  SQLSTATE                      PIC  X(005).
     3  000040   01  DB-STRING                     PIC  X(020).
     4  000050   01  USERNAME                      PIC  X(010).
     5  000060   01  PASSWD                        PIC  X(010).
     6  000070*
t@C: Z:\COB97\COPYLIB_DB\SQLCOM.CBLN[Y
    39  000390     EXEC  SQL  INCLUDE  SQLCA.COB             END-EXEC.          
    40  000400*                                                                 
    41  000410*--< ڍs_WJ >                                            
    42  000420     EXEC  SQL  INCLUDE  D411STK.CBL           END-EXEC.          
    43  000430*                                                                 
    44  000440*--< ڍs_ >                                                
t@C: Z:\COB97\COPYLIB_DB\D411STK.CBLI[v
     1        *****************************************************************
     2        *   WJ(D411STK_TBL)
     3        *****************************************************************
     4         01  WJ.
     5             03  cSPP|_ԍ    PIC  X(010).
     6             03  cSPP|ă[X
     7                                       PIC S9(002) PACKED-DECIMAL.
     8             03  cSPP|_    PIC  X(003).
Pro*COBOL: Release 9.2.0.1.0 - Production on  Oct 14 10:21:09 2004

Copyright (c) 1982, 2002, Oracle Corporation.  All rights reserved.

     9             03  cSPP|A        PIC S9(003) PACKED-DECIMAL.
    10             03  cSPP|ŗ    PIC S9(002)V9(008) PACKED-DECIMAL.
    11             03  cSPP|ŗ敪
    12                                       PIC  X(002).
    13             03  cSPP|N    PIC  X(006).
    14             03  cSPP|z      PIC S9(013) PACKED-DECIMAL.
    15             03  cSPP|  PIC S9(013) PACKED-DECIMAL.
    16             03  cSPP|ŕ␳z
    17                                       PIC S9(013) PACKED-DECIMAL.
    18             03  cSPP|R[h
    19                                       PIC  X(009).
    20             03  cSPP|R[h
    21                                       PIC  X(005).
    22             03  cSPP|N  PIC  X(008).
    23             03  cSPP|z      PIC S9(013) PACKED-DECIMAL.
    24             03  cSPP|  PIC S9(013) PACKED-DECIMAL.
    25             03  cSPP|ŕ␳z
    26                                       PIC S9(013) PACKED-DECIMAL.
    27             03  cSPP|\  PIC  X(008).
    28             03  cSPP|N  PIC  X(008).
    29             03  cSPP|z      PIC S9(013) PACKED-DECIMAL.
    30             03  cSPP|z
    31                                       PIC S9(013) PACKED-DECIMAL.
    32             03  cSPP|sσtO
    33                                       PIC  X(001).
    34             03  cSPP|XVN  PIC  X(008).
    35             03  cSPP|XV    PIC  X(008).
    36             03  cSPP|XV      PIC  X(008).
    37             03  cSPP|s
    38                                       PIC  X(008).
    39             03  cSPP|ԍ  PIC S9(007) PACKED-DECIMAL.
    40             03  cSPP|z    PIC S9(013) PACKED-DECIMAL.
    41             03  cSPP|ϑێ敪
    42                                       PIC  X(001).
    43             03  cSPP|ϑێ痿  PIC S9(013) PACKED-DECIMAL.
    44             03  cSPP|ϑێ
    45                                       PIC S9(013) PACKED-DECIMAL.
    46             03  cSPP|_ԍ
    47                                       PIC  X(015).
    48             03  cSPP|@    PIC  X(001).
    49             03  cSPP|͒S҃R[h
    50                                       PIC  X(008).
    51             03  cSPP|`tO
    52                                       PIC  X(001).
    53             03  cSPP|Љz  PIC S9(013) PACKED-DECIMAL.
    54             03  cSPP|Љz
    55                                       PIC S9(013) PACKED-DECIMAL.
    56             03  cSPP|Аz  PIC S9(013) PACKED-DECIMAL.
    57             03  cSPP|А
    58                                       PIC S9(013) PACKED-DECIMAL.
    59             03  cSPP|R[h
    60                                       PIC  X(003).
    61             03  cSPP|R[h
    62                                       PIC  X(003).
    63             03  cSPP|ʔ    PIC  X(011).
    64             03  cSPP|A    PIC S9(002) PACKED-DECIMAL.
    65             03  cSPP|c  PIC S9(013) PACKED-DECIMAL.
    66             03  cSPP|c
    67                                       PIC S9(013) PACKED-DECIMAL.
    68             03  cSPP|c  PIC S9(013) PACKED-DECIMAL.
    69             03  cSPP|c
    70                                       PIC S9(013) PACKED-DECIMAL.
Pro*COBOL: Release 9.2.0.1.0 - Production on  Oct 14 10:21:09 2004

Copyright (c) 1982, 2002, Oracle Corporation.  All rights reserved.

    71             03  cSPP|Аc
    72                                       PIC S9(013) PACKED-DECIMAL.
    73             03  cSPP|Аc
    74                                       PIC S9(013) PACKED-DECIMAL.
    75             03  cSPP|{    PIC S9(013) PACKED-DECIMAL.
    76             03  cSPP|    PIC S9(013) PACKED-DECIMAL.
    77             03  cSPP|{c
    78                                       PIC S9(013) PACKED-DECIMAL.
    79             03  cSPP|{z  PIC S9(013) PACKED-DECIMAL.
    80             03  cSPP|z  PIC S9(013) PACKED-DECIMAL.
    81             03  cSPP|ЌŒ莑Y
    82                                       PIC S9(013) PACKED-DECIMAL.
    83             03  cSPP|Гی
    84                                       PIC S9(013) PACKED-DECIMAL.
    85             03  cSPP|Јϑێ痿
    86                                       PIC S9(013) PACKED-DECIMAL.
    87             03  cSPP|Д㌳{
    88                                       PIC S9(013) PACKED-DECIMAL.
    89             03  cSPP|Д㗘
    90                                       PIC S9(013) PACKED-DECIMAL.
    91             03  cSPP|Д㌳{c
    92                                       PIC S9(013) PACKED-DECIMAL.
    93             03  cSPP|vWJ
    94                                       PIC S9(002)V9(008) PACKED-DECIMAL.
    95             03  cSPP|Д㌳{
    96                                       PIC S9(013) PACKED-DECIMAL.
    97             03  cSPP|ЕxKp
    98                                       PIC S9(013) PACKED-DECIMAL.
    99             03  cSPP|Еx
   100                                       PIC S9(013) PACKED-DECIMAL.
   101             03  cSPP|        PIC S9(002)V9(008) PACKED-DECIMAL.
   102             03  cSPP|ԍϔN  PIC  X(008).
   103             03  cSPP|Ԍ    PIC S9(003) PACKED-DECIMAL.
   104             03  cSPP|ԓ    PIC S9(003) PACKED-DECIMAL.
   105             03  cSPP|vZJn
   106                                       PIC  X(008).
   107             03  cSPP|vZI
   108                                       PIC  X(008).
   109             03  cSPP|Љz  PIC S9(013) PACKED-DECIMAL.
   110             03  cSPP|Љ
   111                                       PIC S9(013) PACKED-DECIMAL.
   112             03  cSPP|o^N  PIC  X(008).
   113             03  cSPP|o^    PIC  X(008).
   114             03  cSPP|o^S  PIC  X(008).
   115             03  cSPP|  PIC  X(008).
   116             03  cSPP|O[敪
   117                                       PIC  X(001).
   118             03  cSPP|      PIC S9(003) PACKED-DECIMAL.
   119             03  cSPP|N  PIC  X(008).
   120             03  cSPP|Аz  PIC S9(013) PACKED-DECIMAL.
   121             03  cSPP|Аz
   122                                       PIC S9(013) PACKED-DECIMAL.
   123             03  cSPP|Ђ̑p
   124                                       PIC S9(013) PACKED-DECIMAL.
t@C: Z:\COB97\COPYLIB_DB\D411STK.CBLN[Y
    45  000450     EXEC  SQL  INCLUDE  D32SAK.CBL            END-EXEC.          
    46  000460*                                                                 
    47  000470*--< ϑca>                                                  
t@C: Z:\COB97\COPYLIB_DB\D32SAK.CBLI[v
     1        *****************************************************************
     2        *    (D32SAK_TBL)
     3        *****************************************************************
Pro*COBOL: Release 9.2.0.1.0 - Production on  Oct 14 10:21:09 2004

Copyright (c) 1982, 2002, Oracle Corporation.  All rights reserved.

     4         01  .
     5             03  cRQ|_ԍ      PIC  X(010).
     6             03  cRQ|ă[X  PIC S9(002) PACKED-DECIMAL.
     7             03  cRQ|_      PIC  X(003).
     8             03  cRQ|_񌏖      PIC  X(040).
     9             03  cRQ|      PIC  X(060).
    10             03  cRQ|ϑ        PIC  X(001).
    11             03  cRQ|z  PIC S9(013) PACKED-DECIMAL.
    12             03  cRQ|ŋ敪
    13                                       PIC  X(002).
    14             03  cRQ|Ŋz  PIC S9(013) PACKED-DECIMAL.
    15             03  cRQ|_񑍊z  PIC S9(013) PACKED-DECIMAL.
    16             03  cRQ|őz
    17                                       PIC S9(013) PACKED-DECIMAL.
    18             03  cRQ|ŐVz  PIC S9(013) PACKED-DECIMAL.
    19             03  cRQ|ŐVŋ敪
    20                                       PIC  X(002).
    21             03  cRQ|ŐVŊz  PIC S9(013) PACKED-DECIMAL.
    22             03  cRQ|ŐV_񑍊z  PIC S9(013) PACKED-DECIMAL.
    23             03  cRQ|ŐVőz
    24                                       PIC S9(013) PACKED-DECIMAL.
    25             03  cRQ|ێ疳  PIC S9(003) PACKED-DECIMAL.
    26             03  cRQ|ԃtO    PIC  X(001).
    27             03  cRQ|tO    PIC  X(001).
    28             03  cRQ|N    PIC  X(008).
    29             03  cRQ|敪      PIC  X(001).
    30             03  cRQ|񗝗R      PIC  X(002).
    31             03  cRQ|      PIC S9(002) PACKED-DECIMAL.
    32             03  cRQ|ŐV
    33                                       PIC  X(008).
    34             03  cRQ|z        PIC S9(013) PACKED-DECIMAL.
    35             03  cRQ|ŉz  PIC S9(013) PACKED-DECIMAL.
    36             03  cRQ|ŐV    PIC  X(008).
    37             03  cRQ|Ǘx
    38                                       PIC  X(001).
    39             03  cRQ|z  PIC S9(013) PACKED-DECIMAL.
    40             03  cRQ|vz  PIC S9(013) PACKED-DECIMAL.
    41             03  cRQ|擾z      PIC S9(013) PACKED-DECIMAL.
    42             03  cRQ|kytO
    43                                       PIC  X(001).
    44             03  cRQ|񏈗N  PIC  X(006).
    45             03  cRQ|Gg
    46                                       PIC  X(008).
    47             03  cRQ|tO    PIC  X(001).
    48             03  cRQ|N    PIC  X(008).
    49             03  cRQ|\tO
    50                                       PIC  X(001).
    51             03  cRQ|\    PIC  X(008).
    52             03  cRQ|ύXtO
    53                                       PIC  X(001).
    54             03  cRQ|ύX
    55                                       PIC S9(002) PACKED-DECIMAL.
    56             03  cRQ|ύX
    57                                       PIC  X(008).
    58             03  cRQ|O敪      PIC  X(001).
    59             03  cRQ|ă[X
    60                                       PIC S9(013) PACKED-DECIMAL.
    61             03  cRQ|ă[X敪
    62                                       PIC  X(001).
    63             03  cRQ|ێLtO
    64                                       PIC  X(001).
    65             03  cRQ|ă[X쐬tO
Pro*COBOL: Release 9.2.0.1.0 - Production on  Oct 14 10:21:09 2004

Copyright (c) 1982, 2002, Oracle Corporation.  All rights reserved.

    66                                       PIC  X(001).
    67             03  cRQ|ă[X쐬N
    68                                       PIC  X(008).
    69             03  cRQ|XVN    PIC  X(008).
    70             03  cRQ|XV      PIC  X(008).
    71             03  cRQ|XV        PIC  X(008).
    72             03  cRQ|擾z    PIC S9(013) PACKED-DECIMAL.
    73             03  cRQ|擾z    PIC S9(013) PACKED-DECIMAL.
    74             03  cRQ|O      PIC S9(002) PACKED-DECIMAL.
    75             03  cRQ|ă[X
    76                                       PIC S9(013) PACKED-DECIMAL.
    77             03  cRQ|ă[Xŋ敪
    78                                       PIC  X(002).
    79             03  cRQ|      PIC S9(003) PACKED-DECIMAL.
    80             03  cRQ|    PIC S9(003) PACKED-DECIMAL.
    81             03  cRQ|Z_
    82                                       PIC  X(003).
    83             03  cRQ|ă[X敪
    84                                       PIC  X(001).
    85             03  cRQ|ă[X萔
    86                                       PIC S9(013) PACKED-DECIMAL.
    87             03  cRQ|UXgbv\N
    88                                       PIC  X(008).
    89             03  cRQ|UXgbv\
    90                                       PIC  X(004).
    91             03  cRQ|UXgbv\
    92                                       PIC  X(008).
    93             03  cRQ|UXgbvJnN
    94                                       PIC  X(006).
    95             03  cRQ|UXgbvIN
    96                                       PIC  X(006).
    97             03  cRQ|UXgbvR
    98                                       PIC  X(002).
    99             03  cRQ|UXgbvGg
   100                                       PIC  X(008).
   101             03  cRQ|Uʐ\N
   102                                       PIC  X(008).
   103             03  cRQ|Uʐ\
   104                                       PIC  X(004).
   105             03  cRQ|Uʐ\
   106                                       PIC  X(008).
   107             03  cRQ|UʐJnN
   108                                       PIC  X(006).
   109             03  cRQ|UʐIN
   110                                       PIC  X(006).
   111             03  cRQ|Uʐ\z
   112                                       PIC S9(013) PACKED-DECIMAL.
   113             03  cRQ|UʃGg
   114                                       PIC  X(008).
   115             03  cRQ|xă[X
   116                                       PIC S9(013) PACKED-DECIMAL.
   117             03  cRQ|ϑێ敪  PIC  X(001).
   118             03  cRQ|ϑێ瑊z
   119                                       PIC S9(013) PACKED-DECIMAL.
   120             03  cRQ|͒S҃R[h
   121                                       PIC  X(008).
   122             03  cRQ|̑_ދ敪
   123                                       PIC  X(001).
   124             03  cRQ|R[h  PIC  X(009).
   125             03  cRQ|R[h  PIC  X(005).
   126             03  cRQ|evz      PIC S9(013) PACKED-DECIMAL.
   127             03  cRQ|evz|\  PIC S9(013) PACKED-DECIMAL.
Pro*COBOL: Release 9.2.0.1.0 - Production on  Oct 14 10:21:09 2004

Copyright (c) 1982, 2002, Oracle Corporation.  All rights reserved.

   128             03  cRQ|`    PIC  X(008).
   129             03  cRQ|`      PIC S9(003) PACKED-DECIMAL.
   130             03  cRQ|Еz
   131                                       PIC S9(013) PACKED-DECIMAL.
   132             03  cRQ|Еz
   133                                       PIC S9(013) PACKED-DECIMAL.
   134             03  cRQ|Е_񑍊z
   135                                       PIC S9(013) PACKED-DECIMAL.
   136             03  cRQ|Еőz
   137                                       PIC S9(013) PACKED-DECIMAL.
   138             03  cRQ|Ѝwz    PIC S9(013) PACKED-DECIMAL.
   139             03  cRQ|cݒz    PIC S9(013) PACKED-DECIMAL.
   140             03  cRQ|Ўcݒz
   141                                       PIC S9(013) PACKED-DECIMAL.
   142             03  cRQ|Љz    PIC S9(013) PACKED-DECIMAL.
   143             03  cRQ|Љz
   144                                       PIC S9(013) PACKED-DECIMAL.
   145             03  cRQ|Њz
   146                                       PIC S9(013) PACKED-DECIMAL.
   147             03  cRQ|Њvz
   148                                       PIC S9(013) PACKED-DECIMAL.
   149             03  cRQ|ă[X萔z
   150                                       PIC S9(013) PACKED-DECIMAL.
   151             03  cRQ|ă[X萔
   152                                       PIC  X(008).
   153             03  cRQ|p萔  PIC S9(013) PACKED-DECIMAL.
   154             03  cRQ|ă[XЎcݒz
   155                                       PIC S9(013) PACKED-DECIMAL.
   156             03  cRQ|ă[XЎcݒz
   157                                       PIC S9(013) PACKED-DECIMAL.
   158             03  cRQ|z
   159                                       PIC S9(013) PACKED-DECIMAL.
   160             03  cRQ|vz
   161                                       PIC S9(013) PACKED-DECIMAL.
   162             03  cRQ|z
   163                                       PIC S9(013) PACKED-DECIMAL.
   164             03  cRQ|vz
   165                                       PIC S9(013) PACKED-DECIMAL.
   166             03  cRQ|pz
   167                                       PIC S9(013) PACKED-DECIMAL.
   168             03  cRQ|菈R[h
   169                                       PIC  X(002).
   170             03  cRQ|Œ|
   171                                       PIC S9(013) PACKED-DECIMAL.
   172             03  cRQ|菈R[h
   173                                       PIC  X(002).
   174             03  cRQ|敪  PIC  X(001).
   175             03  cRQ|zz
   176                                       PIC S9(013) PACKED-DECIMAL.
   177             03  cRQ|Ŋzz
   178                                       PIC S9(013) PACKED-DECIMAL.
   179             03  cRQ|ŐVzz
   180                                       PIC S9(013) PACKED-DECIMAL.
   181             03  cRQ|ŐVŊzz
   182                                       PIC S9(013) PACKED-DECIMAL.
   183             03  cRQ|ŐV_񑍊zz
   184                                       PIC S9(013) PACKED-DECIMAL.
   185             03  cRQ|ŐVőzz
   186                                       PIC S9(013) PACKED-DECIMAL.
   187             03  cRQ|擾zz
   188                                       PIC S9(013) PACKED-DECIMAL.
   189             03  cRQ|擾zz
Pro*COBOL: Release 9.2.0.1.0 - Production on  Oct 14 10:21:09 2004

Copyright (c) 1982, 2002, Oracle Corporation.  All rights reserved.

   190                                       PIC S9(013) PACKED-DECIMAL.
   191             03  cRQ|ă[Xz
   192                                       PIC S9(013) PACKED-DECIMAL.
   193             03  cRQ|ă[Xőz
   194                                       PIC S9(013) PACKED-DECIMAL.
   195             03  cRQ|cTCg
   196                                       PIC S9(002)V9(002) PACKED-DECIMAL.
   197             03  cRQ|XPO_񑍊z
   198                                       PIC S9(013) PACKED-DECIMAL.
   199             03  cRQ|Œ敪
   200                                       PIC  X(001).
   201             03  cRQ|o^N    PIC  X(008).
   202             03  cRQ|o^      PIC  X(008).
   203             03  cRQ|o^S    PIC  X(008).
   204             03  cRQ|UzύXR
   205                                       PIC  X(002).
   206             03  cRQ|Еă[X
   207                                       PIC S9(013) PACKED-DECIMAL.
   208             03  cRQ|Еă[X
   209                                       PIC S9(013) PACKED-DECIMAL.
   210             03  cRQ|ݒuꏊ敪  PIC S9(001) PACKED-DECIMAL.
   211             03  cRQ|_񑍊zz
   212                                       PIC S9(013) PACKED-DECIMAL.
   213             03  cRQ|őzz
   214                                       PIC S9(013) PACKED-DECIMAL.
   215             03  cRQ|Ѝwz    PIC S9(013) PACKED-DECIMAL.
   216             03  cRQ|Ўcݒz
   217                                       PIC S9(013) PACKED-DECIMAL.
   218             03  cRQ|Ќ{z  PIC S9(013) PACKED-DECIMAL.
   219             03  cRQ|Д㗘z
   220                                       PIC S9(013) PACKED-DECIMAL.
   221             03  cRQ|Зz  PIC S9(013) PACKED-DECIMAL.
   222             03  cRQ|Џpz
   223                                       PIC S9(013) PACKED-DECIMAL.
   224             03  cRQ|ЌŒ莑Yőz
   225                                       PIC S9(013) PACKED-DECIMAL.
   226             03  cRQ|Гیz
   227                                       PIC S9(013) PACKED-DECIMAL.
   228             03  cRQ|Јϑێ痿z
   229                                       PIC S9(013) PACKED-DECIMAL.
   230             03  cRQ|Ђ̑pz
   231                                       PIC S9(013) PACKED-DECIMAL.
   232             03  cRQ|ЕxpKpv
   233                                       PIC S9(013) PACKED-DECIMAL.
   234             03  cRQ|Еxpʍv
   235                                       PIC S9(013) PACKED-DECIMAL.
   236             03  cRQ|{z      PIC S9(013) PACKED-DECIMAL.
   237             03  cRQ|z      PIC S9(013) PACKED-DECIMAL.
   238             03  cRQ|pz    PIC S9(013) PACKED-DECIMAL.
t@C: Z:\COB97\COPYLIB_DB\D32SAK.CBLN[Y
    48  000480     EXEC  SQL  INCLUDE  D34HNS.CBL            END-EXEC.          
    49  000490*                                                                 
t@C: Z:\COB97\COPYLIB_DB\D34HNS.CBLI[v
     1        *****************************************************************
     2        *   ϑ(D34HNS_TBL)
     3        *****************************************************************
     4         01  ϑ.
     5             03  cRS|_ԍ      PIC  X(010).
     6             03  cRS|ă[X  PIC S9(002) PACKED-DECIMAL.
     7             03  cRS|_      PIC  X(003).
     8             03  cRS|Jn        PIC S9(003) PACKED-DECIMAL.
     9             03  cRS|JnN      PIC  X(006).
Pro*COBOL: Release 9.2.0.1.0 - Production on  Oct 14 10:21:09 2004

Copyright (c) 1982, 2002, Oracle Corporation.  All rights reserved.

    10             03  cRS|I        PIC S9(003) PACKED-DECIMAL.
    11             03  cRS|IN      PIC  X(006).
    12             03  cRS|z          PIC S9(013) PACKED-DECIMAL.
    13             03  cRS|        PIC S9(013) PACKED-DECIMAL.
    14             03  cRS|XVN    PIC  X(008).
    15             03  cRS|XV      PIC  X(008).
    16             03  cRS|XV        PIC  X(008).
    17             03  cRS|͒S҃R[h
    18                                       PIC  X(008).
    19             03  cRS|o^N    PIC  X(008).
    20             03  cRS|o^      PIC  X(008).
    21             03  cRS|o^S    PIC  X(008).
t@C: Z:\COB97\COPYLIB_DB\D34HNS.CBLN[Y
    50  000500     EXEC  SQL  END  DECLARE          SECTION  END-EXEC.          
    51  000510*                                                                 
    52  000520*----------------------------------------------------------------*
    53  000530*    vnqjGA                                              *
    54  000540*----------------------------------------------------------------*
    55  000550 01  vnqj|GA.                                            
    56  000560*--< G[p >                                               
    57  000570     03  v|G[R[h             PIC S9(04).                 
    58  000580*                                                                 
    59  000590*--< tOAA >                                               
    60  000600     03  tOAA.                                            
    61  000610         05  v|I|tO         PIC  X(01).                 
    62  000620         05  v|ُI|tO     PIC  X(01).                 
    63  000630*                                                                 
    64  000640*--< GA >                                                 
    65  000650     03  GA.                                              
    66  000660         05  v|́|           PIC  9(09).                 
    67  000670         05  v|ó|           PIC  9(09).                 
    68  000680*                                                                 
    69  000690*--< L[GA >                                                 
    70  000700     03  jdx|GA.                                          
    71  000710        05  mdvL[.                                           
    72  000720            07 m|_ԍ           PIC  X(09).                 
    73  000730            07 m|ă[X       PIC  9(02).                 
    74  000740            07 m|_           PIC  X(03).                 
    75  000750            07 m|z             PIC  9(13).                 
    76  000760        05  nkcL[.                                           
    77  000770            07 n|_ԍ           PIC  X(09).                 
    78  000780            07 n|ă[X       PIC  9(02).                 
    79  000790            07 n|_           PIC  X(03).                 
    80  000800            07 n|z             PIC  9(13).                 
    81  000810*                                                                 
    82  000820*--< ʏ >                                                   
    83  000830 01  v|ʏ.                                                
    84  000840     03  v|VXet.                                        
    85  000850         05  v|I                 PIC  X(02) VALUE  "20".     
    86  000860         05  v|N               PIC  X(06).                 
    87  000870     03  v|VXe             PIC  X(08).                 
    88  000880     03  v|S                   PIC  X(08) VALUE "IKOPG   ".
    89  000890*                                                                 
    90  000900*----------------------------------------------------------------*
    91  000910*    Tu[`                                              *
    92  000920*----------------------------------------------------------------*
    93  000930 01  CALL-AREA.                                                   
    94  000940*--< ʃOTu[` >                                       
    95  000950     03  CLOCO001                     PIC  X(08) VALUE "CLOCO001".
    96  000960     03  COBCO001                     PIC  X(08) VALUE "COBCO001".
    97  000970*                                                                 
    98  000980*----------------------------------------------------------------*
Pro*COBOL: Release 9.2.0.1.0 - Production on  Oct 14 10:21:09 2004

Copyright (c) 1982, 2002, Oracle Corporation.  All rights reserved.

    99  000990*    bnoẍ                                                *
   100  001000*----------------------------------------------------------------*
   101  001010*--< ʃOpp[^ >                                       
   102  001020 01  IF-CHOCO001.                                                 
   103  001030     COPY  CHOCO001  REPLACING  ==()==  BY  ==P|==.           
   104  001040*                                                                 
   105  001050*----------------------------------------------------------------*
   106  001060*    hmht@CǍTu[`pp^̈                *
   107  001070*----------------------------------------------------------------*
   108  001080 01  PARA-AREA.                                                   
   109  001090     COPY CPBCO001.                                               
   110  001100******************************************************************
   111  001110*    萔pf[^`GA                                      *
   112  001120******************************************************************
   113  001130 CONSTANT                             SECTION.                    
   114  001140 01  萔̈.                                                    
   115  001150     03  萔|vOhc         PIC  X(08) VALUE "COBIS430".
   116  001160     03  萔|vO           PIC  X(80)                  
   117  001170                                      VALUE  "ϑڍs".        
   118  001180     03  萔|rpknj             PIC S9(04)  VALUE  ZERO.    
   119  001190     03  萔|rpkdmc           PIC S9(04)  VALUE  0100.    
   120  001200     03  萔|               PIC S9(04)  VALUE  ZERO.    
   121  001210     03  萔|ُ               PIC S9(04)  VALUE  0009.    
   122  001220******************************************************************
   123  001230*    oqnbdctqd            chuhrhnm              *
   124  001240******************************************************************
   125  001250 PROCEDURE                            DIVISION.                   
   126  001260*                                                                 
   127  001270     PERFORM  .                                           
   128  001280*                                                                 
   129  001290     PERFORM  又  UNTIL  v|I|tO  =  "Y".            
   130  001300*                                                                 
   131  001310     PERFORM  I.                                           
   132  001320*                                                                 
   133  001330     STOP     RUN.                                                
   134  001340*                                                                 
   135  001350******************************************************************
   136  001360*                                                        *
   137  001370******************************************************************
   138  001380                              SECTION.                    
   139  001390 |rs`qs.                                            
   140  001400*                                                                 
   141  001410*----------------------------------------------------------------*
   142  001420*    JnbZ[Wo͏                                      *
   143  001430*----------------------------------------------------------------*
   144  001440     INITIALIZE                       IF-CHOCO001.                
   145  001450     MOVE  "3"                        TO  P|Cxg.     
   146  001460     MOVE  萔|vOhc       TO  P|\[Xhc.       
   147  001470     MOVE  "0"                        TO  P|AR[h.       
   148  001480     MOVE  "START"                    TO  P|.         
   149  001490     MOVE  萔|vO         TO  P|̑bZ[W. 
   150  001500     CALL  CLOCO001                USING  IF-CHOCO001.            
   151  001510*                                                                 
   152  001520*----------------------------------------------------------------*
   153  001530*    Ɨ̈̏l                                        *
   154  001540*----------------------------------------------------------------*
   155  001550     MOVE  SPACE                      TO  vnqj|GA.       
   156  001560     INITIALIZE                           vnqj|GA.       
   157  001570*                                                                 
   158  001580     MOVE  LOW-VALUE                  TO  nkcL[.             
   159  001590*                                                                 
   160  001600*--< bott擾 >                                           
Pro*COBOL: Release 9.2.0.1.0 - Production on  Oct 14 10:21:09 2004

Copyright (c) 1982, 2002, Oracle Corporation.  All rights reserved.

   161  001610     ACCEPT  v|N               FROM  DATE.                 
   162  001620*                                                                 
   163  001630*--< bot擾 >                                           
   164  001640     ACCEPT  v|VXe         FROM  TIME.                 
   165  001650*----------------------------------------------------------------*
   166  001660*    nq`bkdڑ                                            *
   167  001670*----------------------------------------------------------------*
   168  001680     PERFORM   nq`bkdڑ.                                  
   169  001690*                                                                 
   170  001700*----------------------------------------------------------------*
   171  001710*    e[uJ[\`                                    *
   172  001720*----------------------------------------------------------------*
   173  001730     PERFORM  e[uJ[\`.                           
   174  001740*                                                                 
   175  001750*----------------------------------------------------------------*
   176  001760*    e[uJ[\Ǎ(1)                             *
   177  001770*----------------------------------------------------------------*
   178  001780     PERFORM  e[uJ[\Ǎ.                           
   179  001790*                                                                 
   180  001800 |dwhs.                                              
   181  001810     EXIT.                                                        
   182  001820******************************************************************
   183  001830*    nq`bkdڑ                                            *
   184  001840******************************************************************
   185  001850 nq`bkdڑ                     SECTION.                    
   186  001860 nq`bkdڑ|rs`qs.                                    
   187  001870*                                                                 
   188  001880*--< caڑp擾 >                                   
   189  001890     CALL  COBCO001                USING  PARA-AREA.              
   190  001900*                                                                 
   191  001910     MOVE  PARA-DBSTRING              TO  DB-STRING.              
   192  001920     MOVE  PARA-USERNAME              TO  USERNAME.               
   193  001930     MOVE  PARA-PASSWORD              TO  PASSWD.                 
   194  001940*                                                                 
   195  001950*----------------------------------------------------------------*
   196  001960*    Jnڑ                                                    *
   197  001970*----------------------------------------------------------------*
   198  001980     IF    DB-STRING  =  SPACE                                    
   199  001990        EXEC SQL                                                  
   200  002000           CONNECT  :USERNAME IDENTIFIED BY :PASSWD               
   201  002010        END-EXEC                                                  
   202  002020     ELSE                                                         
   203  002030        EXEC SQL                                                  
   204  002040           CONNECT  :USERNAME IDENTIFIED BY :PASSWD               
   205  002050             USING  :DB-STRING                                    
   206  002060        END-EXEC                                                  
   207  002070     END-IF.                                                      
   208  002080*                                                                 
   209  002090*----------------------------------------------------------------*
   210  002100*    ڑmF                                                    *
   211  002110*----------------------------------------------------------------*
   212  002120     EVALUATE  SQLCODE                                            
   213  002130        WHEN   萔|rpknj                                   
   214  002140           CONTINUE                                               
   215  002150        WHEN   OTHER                                              
   216  002160*--<       ڑG[ >                                           
   217  002170           MOVE     -10               TO  v|G[R[h        
   218  002180           PERFORM  G[菈                                
   219  002190     END-EVALUATE.                                                
   220  002200*                                                                 
   221  002210 nq`bkdڑ|dwhs.                                      
   222  002220     EXIT.                                                        
Pro*COBOL: Release 9.2.0.1.0 - Production on  Oct 14 10:21:09 2004

Copyright (c) 1982, 2002, Oracle Corporation.  All rights reserved.

   223  002230******************************************************************
   224  002240*        e[uJ[\`                                *
   225  002250******************************************************************
   226  002260 e[uJ[\`             SECTION.                    
   227  002270 e[uJ[\`|rs`qs.                            
   228  002280*                                                                 
   229  002290*----------------------------------------------------------------*
   230  002300*    J[\nodm                                        *
   231  002310*----------------------------------------------------------------*
   232  002320     EXEC SQL                                                     
   233  002330        DECLARE CUR1  CURSOR FOR                                  
   234  002340           SELECT  D411STK_TBL._ԍ                           
   235  002350                  ,D411STK_TBL.ă[X                       
   236  002360                  ,D411STK_TBL._                           
   237  002370                  ,D411STK_TBL.z                             
   238  002380                  ,D411STK_TBL.                         
   239  002390                  ,D411STK_TBL.N                           
   240  002400                  ,D411STK_TBL.A                               
   241  002410             FROM  D32SAK_TBL                                     
   242  002420                  ,D411STK_TBL                                    
   243  002430            WHERE  D32SAK_TBL.ϑ       =  '1'                 
   244  002440              AND  D32SAK_TBL._ԍ     =  D411STK_TBL._ԍ
   245  002450              AND  D32SAK_TBL.ă[X =                      
   246  002460                                          D411STK_TBL.ă[X
   247  002470              AND  D32SAK_TBL._     =  D411STK_TBL._
   248  002480         ORDER BY  D411STK_TBL._ԍ                           
   249  002490                  ,D411STK_TBL.ă[X                       
   250  002500                  ,D411STK_TBL._                           
   251  002510                  ,D411STK_TBL.z                             
   252  002520     END-EXEC.                                                    
   253  002530*                                                                 
   254  002540*----------------------------------------------------------------*
   255  002550*    J[\nodm                                        *
   256  002560*----------------------------------------------------------------*
   257  002570     EXEC  SQL                                                    
   258  002580        OPEN  CUR1                                                
   259  002590     END-EXEC.                                                    
   260  002600*                                                                 
   261  002610*----------------------------------------------------------------*
   262  002620*    J[\nodmmF                                        *
   263  002630*----------------------------------------------------------------*
   264  002640     EVALUATE  SQLCODE                                            
   265  002650        WHEN  萔|rpknj                                    
   266  002660*--<        >                                                 
   267  002670           CONTINUE                                               
   268  002680        WHEN  OTHER                                               
   269  002690*--<       J[\nodmG[ >                               
   270  002700           MOVE -20                   TO  v|G[R[h        
   271  002710           PERFORM  G[菈                                
   272  002720     END-EVALUATE.                                                
   273  002730*                                                                 
   274  002740 e[uJ[\`|dwhs.                              
   275  002750     EXIT.                                                        
   276  002760******************************************************************
   277  002770*    e[uJ[\Ǎ                                    *
   278  002780******************************************************************
   279  002790 e[uJ[\Ǎ             SECTION.                    
   280  002800 e[uJ[\Ǎ|rs`qs.                            
   281  002810*                                                                 
   282  002820*--< e[uJ[\Ǎ >                                   
   283  002830     EXEC SQL                                                     
   284  002840         FETCH  CUR1                                              
Pro*COBOL: Release 9.2.0.1.0 - Production on  Oct 14 10:21:09 2004

Copyright (c) 1982, 2002, Oracle Corporation.  All rights reserved.

   285  002850          INTO  :cSPP|_ԍ                               
   286  002860               ,:cSPP|ă[X                           
   287  002870               ,:cSPP|_                               
   288  002880               ,:cSPP|z                                 
   289  002890               ,:cSPP|                             
   290  002900               ,:cSPP|N                               
   291  002910               ,:cSPP|A                                   
   292  002920     END-EXEC.                                                    
   293  002930*                                                                 
   294  002940*----------------------------------------------------------------*
   295  002950*    e[uJ[\ǍmF                              *
   296  002960*----------------------------------------------------------------*
   297  002970     EVALUATE   SQLCODE                                           
   298  002980        WHEN   萔|rpknj                                   
   299  002990*--<        >                                                 
   300  003000           MOVE  cSPP|_ԍ   TO  m|_ԍ            
   301  003010           MOVE  cSPP|ă[X                           
   302  003020                                      TO  m|ă[X        
   303  003030           MOVE  cSPP|_   TO  m|_            
   304  003040           MOVE  cSPP|z     TO  m|z              
   305  003050*                                                                 
   306  003060           COMPUTE  v|́|  =  v|́|  +  1       
   307  003070        WHEN   萔|rpkdmc                                 
   308  003080*--<       ǍI >                                             
   309  003090           MOVE  "Y"                  TO  v|I|tO        
   310  003100        WHEN   OTHER                                              
   311  003110*--<       ǍG[ >                                           
   312  003120           MOVE     -30               TO  v|G[R[h        
   313  003130           PERFORM  G[菈                                
   314  003140     END-EVALUATE.                                                
   315  003150*                                                                 
   316  003160 e[uJ[\Ǎ|dwhs.                              
   317  003170     EXIT.                                                        
   318  003180******************************************************************
   319  003190*    又                                                      *
   320  003200******************************************************************
   321  003210 又                               SECTION.                    
   322  003220 又|rs`qs.                                              
   323  003230*                                                                 
   324  003240     PERFORM  ҏWo͏.                                       
   325  003250*                                                                 
   326  003260*--< e[uJ[\ǍiQڈȍ~j >                     
   327  003270     PERFORM  e[uJ[\Ǎ.                           
   328  003280*                                                                 
   329  003290     IF  v|I|tO  =  "Y"                                 
   330  003300*--<    ̓f[^I鎞 >                                      
   331  003310        PERFORM  o͏                                         
   332  003320     END-IF.                                                      
   333  003330*                                                                 
   334  003340 又|dwhs.                                                
   335  003350     EXIT.                                                        
   336  003360******************************************************************
   337  003370*     ҏWo͏                                               *
   338  003380******************************************************************
   339  003390 ҏWo͏                         SECTION.                    
   340  003400 ҏWo͏|rs`qs.                                        
   341  003410*                                                                 
   342  003420     IF  mdvL[  =  nkcL[                                
   343  003430*--<    No.06 >                                                   
   344  003440        MOVE  cSPP|A          TO  cRS|I          
   345  003450*--<    No.07 >                                                   
   346  003460        MOVE  cSPP|N      TO  cRS|IN        
Pro*COBOL: Release 9.2.0.1.0 - Production on  Oct 14 10:21:09 2004

Copyright (c) 1982, 2002, Oracle Corporation.  All rights reserved.

   347  003470     ELSE                                                         
   348  003480        IF  v|́|  >  1                                  
   349  003490*--<       Qڈȍ~AL[ς鎞Ao͂ >               
   350  003500           PERFORM  o͏                                      
   351  003510        END-IF                                                    
   352  003520*                                                                 
   353  003530*----------------------------------------------------------------*
   354  003540*                                                      *
   355  003550*----------------------------------------------------------------*
   356  003560        MOVE  SPACE                   TO  ϑ                  
   357  003570        INITIALIZE                        ϑ                  
   358  003580*                                                                 
   359  003590*----------------------------------------------------------------*
   360  003600*       ڕҏW                                             *
   361  003610*----------------------------------------------------------------*
   362  003620*--<    No.01 >                                                   
   363  003630        MOVE  cSPP|_ԍ(1:9) TO  cRS|_ԍ        
   364  003640*                                                                 
   365  003650*--<    No.02 >                                                   
   366  003660        MOVE  cSPP|ă[X  TO  cRS|ă[X    
   367  003670                                                                  
   368  003680*--<    No.03 >                                                   
   369  003690        MOVE  cSPP|_      TO  cRS|_        
   370  003700*                                                                 
   371  003710*--<    No.04 >                                                   
   372  003720        MOVE  cSPP|A          TO  cRS|Jn          
   373  003730*                                                                 
   374  003740*--<    No.05 >                                                   
   375  003750        MOVE  cSPP|N      TO  cRS|JnN        
   376  003760*                                                                 
   377  003770*--<    No.06 >                                                   
   378  003780        MOVE  cSPP|A          TO  cRS|I          
   379  003790*                                                                 
   380  003800*--<    No.07 >                                                   
   381  003810        MOVE  cSPP|N      TO  cRS|IN        
   382  003820*                                                                 
   383  003830*--<    No.08 >                                                   
   384  003840        MOVE  cSPP|z        TO  cRS|z            
   385  003850*                                                                 
   386  003860*--<    No.09 >                                                   
   387  003870        MOVE  cSPP|    TO  cRS|          
   388  003880*                                                                 
   389  003890*--<    No.10 >                                                   
   390  003900        MOVE  v|VXet        TO  cRS|XVN      
   391  003910*                                                                 
   392  003920*--<    No.11 >                                                   
   393  003930        MOVE  v|VXe        TO  cRS|XV        
   394  003940*                                                                 
   395  003950*--<    No.12 >                                                   
   396  003960        MOVE  v|S              TO  cRS|XV          
   397  003970*                                                                 
   398  003980*--<    No.13 >                                                   
   399  003990        MOVE  v|S              TO  cRS|͒S҃R[h
   400  004000*                                                                 
   401  004010*--<    No.14 >                                                   
   402  004020        MOVE  v|VXet        TO  cRS|o^N      
   403  004030*                                                                 
   404  004040*--<    No.15 >                                                   
   405  004050        MOVE  v|VXe        TO  cRS|o^        
   406  004060*                                                                 
   407  004070*--<    No.16 >                                                   
   408  004080        MOVE  v|S              TO  cRS|o^S      
Pro*COBOL: Release 9.2.0.1.0 - Production on  Oct 14 10:21:09 2004

Copyright (c) 1982, 2002, Oracle Corporation.  All rights reserved.

   409  004090*                                                                 
   410  004100     END-IF.                                                      
   411  004110*                                                                 
   412  004120     MOVE mdvL[                  TO  nkcL[.             
   413  004130*                                                                 
   414  004140 ҏWo͏|dwhs.                                          
   415  004150     EXIT.                                                        
   416  004160******************************************************************
   417  004170*    o͏                                                    *
   418  004180******************************************************************
   419  004190 o͏                             SECTION.                    
   420  004200 o͏|rs`qs.                                            
   421  004210*                                                                 
   422  004220       EXEC  SQL                                                  
   423  004230        INSERT  INTO  D34HNS_TBL                                  
   424  004240           ( _ԍ                                             
   425  004250            ,ă[X                                         
   426  004260            ,_                                             
   427  004270            ,Jn                                               
   428  004280            ,JnN                                             
   429  004290            ,I                                               
   430  004300            ,IN                                             
   431  004310            ,z                                                 
   432  004320            ,                                               
   433  004330            ,XVN                                           
   434  004340            ,XV                                             
   435  004350            ,XV                                               
   436  004360            ,͒S҃R[h                                     
   437  004370            ,o^N                                           
   438  004380            ,o^                                             
   439  004390            ,o^S)                                          
   440  004400       VALUES                                                     
   441  004410           ( :cRS|_ԍ                                    
   442  004420            ,:cRS|ă[X                                
   443  004430            ,:cRS|_                                    
   444  004440            ,:cRS|Jn                                      
   445  004450            ,:cRS|JnN                                    
   446  004460            ,:cRS|I                                      
   447  004470            ,:cRS|IN                                    
   448  004480            ,:cRS|z                                        
   449  004490            ,:cRS|                                      
   450  004500            ,:cRS|XVN                                  
   451  004510            ,:cRS|XV                                    
   452  004520            ,:cRS|XV                                      
   453  004530            ,:cRS|͒S҃R[h                            
   454  004540            ,:cRS|o^N                                  
   455  004550            ,:cRS|o^                                    
   456  004560            ,:cRS|o^S)                                 
   457  004570     END-EXEC.                                                    
   458  004580*                                                                 
   459  004590*----------------------------------------------------------------*
   460  004600*    ǉmF                                              *
   461  004610*----------------------------------------------------------------*
   462  004620     EVALUATE  SQLCODE                                            
   463  004630        WHEN   萔|rpknj                                   
   464  004640*--<       ǉ >                                             
   465  004650           COMPUTE  v|ó|  =  v|ó|  +  1       
   466  004660        WHEN   OTHER                                              
   467  004670*--<       ǉG[ >                                       
   468  004680           MOVE     -40               TO  v|G[R[h        
   469  004690           PERFORM  G[菈                                
   470  004700     END-EVALUATE.                                                
Pro*COBOL: Release 9.2.0.1.0 - Production on  Oct 14 10:21:09 2004

Copyright (c) 1982, 2002, Oracle Corporation.  All rights reserved.

   471  004710*                                                                 
   472  004720 o͏|dwhs.                                              
   473  004730     EXIT.                                                        
   474  004740******************************************************************
   475  004750*    I                                                    *
   476  004760******************************************************************
   477  004770 I                             SECTION.                    
   478  004780 I|rs`qs.                                            
   479  004790*                                                                 
   480  004800*--< caN[Y >                                               
   481  004810     PERFORM  caN[Y.                                   
   482  004820*                                                                 
   483  004830*--< caR~bg >                                           
   484  004840     PERFORM  caR~bg.                                   
   485  004850*                                                                 
   486  004860*--< IbZ[Wo͏ >                                     
   487  004870     PERFORM  IbZ[Wo.                                 
   488  004880*                                                                 
   489  004890*--< vOI >                                         
   490  004900     MOVE  萔|             TO  PROGRAM-STATUS.         
   491  004910*                                                                 
   492  004920 I|dwhs.                                              
   493  004930     EXIT.                                                        
   494  004940******************************************************************
   495  004950*    IbZ[Wo                                          *
   496  004960******************************************************************
   497  004970 IbZ[Wo                   SECTION.                    
   498  004980 IbZ[Wó|rs`qs.                                  
   499  004990*                                                                 
   500  005000*----------------------------------------------------------------*
   501  005010*    bZ[Wo͏                                      *
   502  005020*----------------------------------------------------------------*
   503  005030     INITIALIZE                       IF-CHOCO001.                
   504  005040     MOVE  "3"                        TO  P|Cxg.     
   505  005050     MOVE  萔|vOhc       TO  P|\[Xhc.       
   506  005060     MOVE  "0"                        TO  P|AR[h.       
   507  005070     MOVE  "D411STK"                  TO  P|e[uhc. 
   508  005080     MOVE  "COUNT"                    TO  P|.         
   509  005090     MOVE  v|́|             TO  P|f[^e.       
   510  005100     MOVE  "xAbvWJ͌"                         
   511  005110                                      TO  P|̑bZ[W. 
   512  005120     CALL  CLOCO001                USING  IF-CHOCO001.            
   513  005130*                                                                 
   514  005140     INITIALIZE                       IF-CHOCO001.                
   515  005150     MOVE  "3"                        TO  P|Cxg.     
   516  005160     MOVE  萔|vOhc       TO  P|\[Xhc.       
   517  005170     MOVE  "0"                        TO  P|AR[h.       
   518  005180     MOVE  "D34HNS"                   TO  P|e[uhc. 
   519  005190     MOVE  "COUNT"                    TO  P|.         
   520  005200     MOVE  v|ó|             TO  P|f[^e.       
   521  005210     MOVE  "ϑDBo͌"         TO  P|̑bZ[W. 
   522  005220     CALL  CLOCO001                USING  IF-CHOCO001.            
   523  005230*                                                                 
   524  005240*----------------------------------------------------------------*
   525  005250*    IbZ[Wo                                          *
   526  005260*----------------------------------------------------------------*
   527  005270     INITIALIZE                       IF-CHOCO001.                
   528  005280     MOVE  "3"                        TO  P|Cxg.     
   529  005290     MOVE  萔|vOhc       TO  P|\[Xhc.       
   530  005300     MOVE  "0"                        TO  P|AR[h.       
   531  005310     MOVE  "END"                      TO  P|.         
   532  005320     MOVE  萔|vO         TO  P|̑bZ[W. 
Pro*COBOL: Release 9.2.0.1.0 - Production on  Oct 14 10:21:09 2004

Copyright (c) 1982, 2002, Oracle Corporation.  All rights reserved.

   533  005330     CALL  CLOCO001                USING  IF-CHOCO001.            
   534  005340*                                                                 
   535  005350 IbZ[Wó|dwhs.                                    
   536  005360     EXIT.                                                        
   537  005370******************************************************************
   538  005380*    caN[Y                                                *
   539  005390******************************************************************
   540  005400 caN[Y                     SECTION.                    
   541  005410 caN[Y|rs`qs.                                    
   542  005420*                                                                 
   543  005430*--< J[\ N[Y >                                          
   544  005440     EXEC SQL                                                     
   545  005450        CLOSE  CUR1                                               
   546  005460     END-EXEC.                                                    
   547  005470*                                                                 
   548  005480 caN[Y|dwhs.                                      
   549  005490     EXIT.                                                        
   550  005500******************************************************************
   551  005510*    caR~bg                                            *
   552  005520******************************************************************
   553  005530 caR~bg                     SECTION.                    
   554  005540 caR~bg|rs`qs.                                    
   555  005550*                                                                 
   556  005560     EXEC  SQL                                                    
   557  005570        COMMIT  WORK  RELEASE                                     
   558  005580     END-EXEC.                                                    
   559  005590*                                                                 
   560  005600     INITIALIZE                       IF-CHOCO001.                
   561  005610     MOVE  "3"                        TO  P|Cxg.     
   562  005620     MOVE  萔|vOhc       TO  P|\[Xhc.       
   563  005630     MOVE  "0"                        TO  P|AR[h.       
   564  005640     MOVE  "COMMIT"                   TO  P|.         
   565  005650     MOVE  "R~bg{"             TO  P|̑bZ[W. 
   566  005660     CALL  CLOCO001                USING  IF-CHOCO001.            
   567  005670*                                                                 
   568  005680 caR~bg|dwhs.                                      
   569  005690     EXIT.                                                        
   570  005700******************************************************************
   571  005710*    ca[obN                                        *
   572  005720******************************************************************
   573  005730 ca[obN                 SECTION.                    
   574  005740 ca[obN|rs`qs.                                
   575  005750*                                                                 
   576  005760     EXEC  SQL                                                    
   577  005770        ROLLBACK WORK  RELEASE                                    
   578  005780     END-EXEC.                                                    
   579  005790*                                                                 
   580  005800     INITIALIZE                       IF-CHOCO001.                
   581  005810     MOVE  "1"                        TO  P|Cxg.     
   582  005820     MOVE  萔|vOhc       TO  P|\[Xhc.       
   583  005830     MOVE  "9"                        TO  P|AR[h.       
   584  005840     MOVE  "ROLLBACK"                 TO  P|.         
   585  005850     MOVE  "[obN{"         TO  P|̑bZ[W. 
   586  005860     CALL  CLOCO001                USING  IF-CHOCO001.            
   587  005870*                                                                 
   588  005880 ca[obN|dwhs.                                  
   589  005890     EXIT.                                                        
   590  005900******************************************************************
   591  005910*    G[                                                  *
   592  005920******************************************************************
   593  005930 G[菈                       SECTION.                    
   594  005940 G[菈|rs`qs.                                      
Pro*COBOL: Release 9.2.0.1.0 - Production on  Oct 14 10:21:09 2004

Copyright (c) 1982, 2002, Oracle Corporation.  All rights reserved.

   595  005950*                                                                 
   596  005960     MOVE  "Y"                        TO v|ُI|tO.    
   597  005970     INITIALIZE                       IF-CHOCO001.                
   598  005980*                                                                 
   599  005990     EVALUATE  v|G[R[h                                   
   600  006000        WHEN  -10                                                 
   601  006010*--<       nq`bkdڑs >                                 
   602  006020           MOVE  "1"                  TO  P|Cxg      
   603  006030           MOVE  萔|vOhc TO  P|\[Xhc        
   604  006040           MOVE  "9"                  TO  P|AR[h        
   605  006050           MOVE  "CONNECT"            TO  P|          
   606  006060           MOVE  SQLCODE              TO  P|f[^e        
   607  006070           MOVE  SQLERRMC             TO  P|̑bZ[W  
   608  006080           CALL  CLOCO001          USING  IF-CHOCO001             
   609  006090*                                                                 
   610  006100        WHEN  -20                                                 
   611  006110*--<       e[uJ[\I[vs >                     
   612  006120           MOVE  "1"                  TO  P|Cxg      
   613  006130           MOVE  萔|vOhc TO  P|\[Xhc        
   614  006140           MOVE  "9"                  TO  P|AR[h        
   615  006150           MOVE  "D32SAK"             TO  P|e[uhc  
   616  006160           MOVE  "OPEN"               TO  P|          
   617  006170           MOVE  SQLCODE              TO  P|f[^e        
   618  006180           MOVE  SQLERRMC             TO  P|̑bZ[W  
   619  006190           CALL  CLOCO001          USING  IF-CHOCO001             
   620  006200*                                                                 
   621  006210        WHEN  -30                                                 
   622  006220*--<       e[uǍs >                                 
   623  006230           MOVE  "1"                  TO  P|Cxg      
   624  006240           MOVE  萔|vOhc TO  P|\[Xhc        
   625  006250           MOVE  "9"                  TO  P|AR[h        
   626  006260           MOVE  "D11STK"             TO  P|e[uhc  
   627  006270           MOVE  "FETCH"              TO  P|          
   628  006280           MOVE  SQLCODE              TO  P|f[^e        
   629  006290           MOVE  SQLERRMC             TO  P|̑bZ[W  
   630  006300           CALL  CLOCO001          USING  IF-CHOCO001             
   631  006310*                                                                 
   632  006320        WHEN  -40                                                 
   633  006330*--<       ϑcaǉs >                                   
   634  006340           MOVE  "1"                  TO  P|Cxg      
   635  006350           MOVE  萔|vOhc TO  P|\[Xhc        
   636  006360           MOVE  "9"                  TO  P|AR[h        
   637  006370           MOVE  "D34HNS"             TO  P|e[uhc  
   638  006380           MOVE  "INSERT"             TO  P|          
   639  006390           MOVE  SQLCODE              TO  P|f[^e        
   640  006400           MOVE  SQLERRMC             TO  P|̑bZ[W  
   641  006410           CALL  CLOCO001          USING  IF-CHOCO001             
   642  006420*                                                                 
   643  006430        WHEN  OTHER                                               
   644  006440           MOVE  "N"                  TO v|ُI|tO     
   645  006450     END-EVALUATE.                                                
   646  006460*                                                                 
   647  006470     IF v|ُI|tO  =  "Y"                              
   648  006480        PERFORM  ca[obN                             
   649  006490*                                                                 
   650  006500        PERFORM  IbZ[Wo                               
   651  006510*                                                                 
   652  006520*--<    vO^[R[h >                                
   653  006530        MOVE  萔|ُ          TO  PROGRAM-STATUS          
   654  006540*                                                                 
   655  006550        EXIT  PROGRAM                                             
   656  006560     END-IF.                                                      
Pro*COBOL: Release 9.2.0.1.0 - Production on  Oct 14 10:21:09 2004

Copyright (c) 1982, 2002, Oracle Corporation.  All rights reserved.

   657  006570*                                                                 
   658  006580 G[|dwhs.                                            
   659  006590     EXIT.                                                        
   660  006600******************************************************************
   661  006610*                  END OF PROGRAM                                *
   662  006620******************************************************************
t@C: COBIS430.PCON[Y
Pro*COBOL: Release 9.2.0.1.0 - Production on  Oct 14 10:21:09 2004

Copyright (c) 1982, 2002, Oracle Corporation.  All rights reserved.


zXgϐ
--------------

01  DB-STRING                                           Charf(20)
  Z:\COB97\COPYLIB_DB\SQLCOM.CBL      3
  COBIS430.PCO    205

01  PASSWD                                              Charf(10)
  Z:\COB97\COPYLIB_DB\SQLCOM.CBL      5
  COBIS430.PCO    200    204

01  SQLSTATE                                            Charf(5)
  Z:\COB97\COPYLIB_DB\SQLCOM.CBL      2
  COBIS430.PCO    199    203    257    283    422    544    556    576

01  USERNAME                                            Charf(10)
  Z:\COB97\COPYLIB_DB\SQLCOM.CBL      4
  COBIS430.PCO    200    204

03  cRS|Jn OF ϑ                            Decimal(3,0)
  Z:\COB97\COPYLIB_DB\D34HNS.CBL      8
  COBIS430.PCO    444

03  cRS|JnN OF ϑ                          Charf(6)
  Z:\COB97\COPYLIB_DB\D34HNS.CBL      9
  COBIS430.PCO    445

03  cRS|z OF ϑ                              Decimal(13,0)
  Z:\COB97\COPYLIB_DB\D34HNS.CBL     12
  COBIS430.PCO    448

03  cRS|_ OF ϑ                          Charf(3)
  Z:\COB97\COPYLIB_DB\D34HNS.CBL      7
  COBIS430.PCO    443

03  cRS|_ԍ OF ϑ                          Charf(10)
  Z:\COB97\COPYLIB_DB\D34HNS.CBL      5
  COBIS430.PCO    441

03  cRS|XV OF ϑ                          Charf(8)
  Z:\COB97\COPYLIB_DB\D34HNS.CBL     15
  COBIS430.PCO    451

03  cRS|XV OF ϑ                            Charf(8)
  Z:\COB97\COPYLIB_DB\D34HNS.CBL     16
  COBIS430.PCO    452

03  cRS|XVN OF ϑ                        Charf(8)
  Z:\COB97\COPYLIB_DB\D34HNS.CBL     14
  COBIS430.PCO    450

03  cRS|ă[X OF ϑ                      Decimal(2,0)
  Z:\COB97\COPYLIB_DB\D34HNS.CBL      6
  COBIS430.PCO    442

03  cRS|I OF ϑ                            Decimal(3,0)
  Z:\COB97\COPYLIB_DB\D34HNS.CBL     10
  COBIS430.PCO    446

03  cRS|IN OF ϑ                          Charf(6)
  Z:\COB97\COPYLIB_DB\D34HNS.CBL     11
Pro*COBOL: Release 9.2.0.1.0 - Production on  Oct 14 10:21:09 2004

Copyright (c) 1982, 2002, Oracle Corporation.  All rights reserved.

  COBIS430.PCO    447

03  cRS| OF ϑ                            Decimal(13,0)
  Z:\COB97\COPYLIB_DB\D34HNS.CBL     13
  COBIS430.PCO    449

03  cRS|o^ OF ϑ                          Charf(8)
  Z:\COB97\COPYLIB_DB\D34HNS.CBL     20
  COBIS430.PCO    455

03  cRS|o^S OF ϑ                        Charf(8)
  Z:\COB97\COPYLIB_DB\D34HNS.CBL     21
  COBIS430.PCO    456

03  cRS|o^N OF ϑ                        Charf(8)
  Z:\COB97\COPYLIB_DB\D34HNS.CBL     19
  COBIS430.PCO    454

03  cRS|͒S҃R[h OF ϑ                  Charf(8)
  Z:\COB97\COPYLIB_DB\D34HNS.CBL     17
  COBIS430.PCO    453

03  cSPP|_ OF WJ                      Charf(3)
  Z:\COB97\COPYLIB_DB\D411STK.CBL      8
  COBIS430.PCO    287

03  cSPP|_ԍ OF WJ                      Charf(10)
  Z:\COB97\COPYLIB_DB\D411STK.CBL      5
  COBIS430.PCO    285

03  cSPP|ă[X OF WJ                  Decimal(2,0)
  Z:\COB97\COPYLIB_DB\D411STK.CBL      6
  COBIS430.PCO    286

03  cSPP|z OF WJ                        Decimal(13,0)
  Z:\COB97\COPYLIB_DB\D411STK.CBL     23
  COBIS430.PCO    288

03  cSPP| OF WJ                    Decimal(13,0)
  Z:\COB97\COPYLIB_DB\D411STK.CBL     24
  COBIS430.PCO    289

03  cSPP|N OF WJ                      Charf(6)
  Z:\COB97\COPYLIB_DB\D411STK.CBL     13
  COBIS430.PCO    290

03  cSPP|A OF WJ                          Decimal(3,0)
  Z:\COB97\COPYLIB_DB\D411STK.CBL      9
  COBIS430.PCO    291

Pro*COBOL: Release 9.2.0.1.0 - Production on  Oct 14 10:21:09 2004

Copyright (c) 1982, 2002, Oracle Corporation.  All rights reserved.


SQLʎq
---------------

CUR1                  CURSOR                        
  COBIS430.PCO    233    258    284    545    233

Pro*COBOL: Release 9.2.0.1.0 - Production on  Oct 14 10:21:09 2004

Copyright (c) 1982, 2002, Oracle Corporation.  All rights reserved.



                              vRpCEIvV
-------------------------------------------------------------------------------
IvV   ݂̐ݒl         ݒ
-------------------------------------------------------------------------------
asacc             no                ftHg                                  
assume_sqlcode    no                ftHg                                  
auto_connect      no                ftHg                                  
close_on_commit   yes               mode                                        
comp5             yes               D:\oracle\ora92\precomp\admin\pcbcfg.cfg    
config            default config    ftHg                                  
date_format       local             ftHg                                  
dbms              native            ftHg                                  
declare_section   yes               mode                                        
define            *Ȃ*            ftHg                                  
dynamic           ansi              mode                                        
end_of_fetch      100               mode                                        
eol_padding       yes               ftHg                                  
errors            yes               ftHg                                  
fips              no                ftHg                                  
format            ansi              ftHg                                  
hold_cursor       no                ftHg                                  
host              cobol             ftHg                                  
iname             COBIS430.PCO      R}hC                              
include           Z:\COB97\COPYLIB_DD:\oracle\ora92\precomp\admin\pcbcfg.cfg    
ireclen           132               D:\oracle\ora92\precomp\admin\pcbcfg.cfg    
litdelim          quote             ftHg                                  
lname             *Ȃ*            ftHg                                  
lreclen           132               ftHg                                  
ltype             long              ftHg                                  
maxliteral        160               D:\oracle\ora92\precomp\admin\pcbcfg.cfg    
maxopencursors    10                ftHg                                  
mode              ANSI              D:\oracle\ora92\precomp\admin\pcbcfg.cfg    
nested            yes               ftHg                                  
nls_local         yes               D:\oracle\ora92\precomp\admin\pcbcfg.cfg    
oname             COBIS430.COB      R}hC                              
oraca             no                ftHg                                  
oreclen           80                ftHg                                  
pagelen           66                ftHg                                  
picx              charf             ftHg                                  
prefetch          1                 ftHg                                  
release_cursor    no                ftHg                                  
select_error      yes               ftHg                                  
sqlcheck          FULL              D:\oracle\ora92\precomp\admin\pcbcfg.cfg    
threads           no                ftHg                                  
type_code         ansi              mode                                        
unsafe_null       no                ftHg                                  
userid            ren_dali/rdl@fip  D:\oracle\ora92\precomp\admin\pcbcfg.cfg    
varchar           no                ftHg                                  
xref              yes               ftHg                                  
Pro*COBOL: Release 9.2.0.1.0 - Production on  Oct 14 10:21:09 2004

Copyright (c) 1982, 2002, Oracle Corporation.  All rights reserved.


v\
----------

^[ER[h: 0
dv Ił̃bZ[W: 0
dv Wł̃bZ[W: 0
dv Eł̃bZ[W: 0
dv Fł̃bZ[W: 0
̓C̐: 1051
錾ꂽzXgϐ̐: 251
J[\̐: 1
̐: 0
gpő僁[(oCg): 298933
