COBOL97 診断機能

<<要約>>
 実行時ﾒｯｾｰｼﾞが発生しました:
  ｱﾌﾟﾘｹｰｼｮﾝ  : C:\COB97\SOC\COBIS630\COBIS630.EXE(PID=00000524)
  例外種別   : JMP0828I-U [PID:00000524 TID:000003E4] 属性と異なる形式のデータが格納されています．PGM=COBIS630. LINE=1150.1. OPD=入力２−束数.
  発生時間   : 2005/04/05(9:26:23)
  発生ﾓｼﾞｭｰﾙ : C:\COB97\SOC\COBIS630\COBIS630.EXE
  作成時間   : 2005/04/05(9:08:00)
  ﾌｧｲﾙｻｲｽﾞ   : 175156bytes

<<問題箇所>>
  ｽﾚｯﾄﾞID  : 000003E4
  ﾚｼﾞｽﾀ    : EAX=0012EF90  EBX=1C042688  ECX=E9999999  EDX=00000001  ESI=00000000
           : EDI=001956F8  EIP=77E5A4E1  ESP=0012EF88  EBP=0012EFE0  EFL=00000246
           : CS=001B  SS=0023  DS=0023  ES=0023  FS=0038  GS=0000
  ｽﾀｯｸｺﾐｯﾄ : 00010000 (ﾄｯﾌﾟ:00130000, ﾍﾞｰｽ:00120000)
  命令     :  ｱﾄﾞﾚｽ   +0 +1 +2 +3 +4 +5 +6 +7 +8 +9 +a +b +c +d +e +f
             77E5A4D1 01 8D 7D C4 F3 A5 8D 45 B0 50 FF 15 68 14 E5 77
     ﾌｫｰﾙﾄ ->77E5A4E1 E9 66 17 03 00 FF 74 24 08 FF 74 24 08 E8 62 FB

  ﾓｼﾞｭｰﾙﾌｧｲﾙ : C:\COB97\SOC\COBIS630\COBIS630.EXE
  ｾｸｼｮﾝ相対位置 : .text+00002E6D
  ｼﾝﾎﾞﾙ相対位置 : COBIS630+00002E6D
  翻訳情報 : ShiftJIS, ｼﾝｸﾞﾙｽﾚｯﾄﾞ, NOOPTIMIZE
  外部ﾌﾟﾛｸﾞﾗﾑ/ｸﾗｽ : COBIS630
  ｿｰｽﾌｧｲﾙ : COBIS630.COB
  文位置 : 1150

 <呼出経路>
[  1]---------------------------------------------------------------------------------
  ﾓｼﾞｭｰﾙﾌｧｲﾙ : E:\Program Files\PCOB97\F3BKATCH.dll
  ｾｸｼｮﾝ相対位置 : .text+000020E0
  EXPORT相対位置 : NotifyExecErrorInfo+00000146
[  2]---------------------------------------------------------------------------------
  ﾓｼﾞｭｰﾙﾌｧｲﾙ : E:\Program Files\PCOB97\F3BIPRCT.dll
  ｾｸｼｮﾝ相対位置 : .text+0000BBD7
  EXPORT相対位置 : JMP1MESS+00000927
[  3]---------------------------------------------------------------------------------
  ﾓｼﾞｭｰﾙﾌｧｲﾙ : E:\Program Files\PCOB97\F3BIDBG.dll
  ｾｸｼｮﾝ相対位置 : .text+000041AF
  EXPORT相対位置 : JMP7CHKD+0000068F
[  4]---------------------------------------------------------------------------------
  ﾓｼﾞｭｰﾙﾌｧｲﾙ : C:\COB97\SOC\COBIS630\COBIS630.EXE
  ｾｸｼｮﾝ相対位置 : .text+00002E71
  ｼﾝﾎﾞﾙ相対位置 : COBIS630+00002E71
  翻訳情報 : ShiftJIS, ｼﾝｸﾞﾙｽﾚｯﾄﾞ, NOOPTIMIZE
  外部ﾌﾟﾛｸﾞﾗﾑ/ｸﾗｽ : COBIS630
  ｿｰｽﾌｧｲﾙ : COBIS630.COB
  文位置 : 1150
[  5]---------------------------------------------------------------------------------
  ﾓｼﾞｭｰﾙﾌｧｲﾙ : C:\COB97\SOC\COBIS630\COBIS630.EXE
  ｾｸｼｮﾝ相対位置 : .text+0000000A
  ｼﾝﾎﾞﾙ相対位置 : COBIS630+0000000A
[  6]---------------------------------------------------------------------------------
  ﾓｼﾞｭｰﾙﾌｧｲﾙ : C:\COB97\SOC\COBIS630\COBIS630.EXE
  ｾｸｼｮﾝ相対位置 : .text+00019671
  ｼﾝﾎﾞﾙ相対位置 : _mainCRTStartup+000000B4
[  7]---------------------------------------------------------------------------------
  ﾓｼﾞｭｰﾙﾌｧｲﾙ : E:\WINNT\system32\KERNEL32.dll
  ｾｸｼｮﾝ相対位置 : .text+000077F5
  EXPORT相対位置 : DosDateTimeToFileTime+00000C64

<<ｼｽﾃﾑ情報>>
  ｺﾝﾋﾟｭｰﾀ名      : YAQIEDU-231
  ﾕｰｻﾞｰ名        : Administrator
  Windowsﾊﾞｰｼﾞｮﾝ : Microsoft Windows 2000
  ﾊﾞｰｼﾞｮﾝﾅﾝﾊﾞｰ   : 5.0.2195
  ｻｰﾋﾞｽﾊﾟｯｸ      : Service Pack 4

<<ｺﾏﾝﾄﾞﾗｲﾝ>>
  "C:\COB97\SOC\COBIS630\COBIS630.EXE" 

<<環境変数>>
  =::=::\
  @AllFileExclusive=NO
  @CnslBufLine=100
  @CnslWinSize=(80,24)
  @EnvSetWindow=UNUSE
  @IconName=COB85EXE
  @MessOutFile=C:\COB97\SOC\COBIS630\COBIS630_SYS.LOG
  @NoMessage=YES
  @ScrnSize=(80,24)
  @WinCloseMsg=ON
  ALLUSERSPROFILE=E:\Documents and Settings\All Users
  APPDATA=E:\Documents and Settings\Administrator\Application Data
  CommonProgramFiles=E:\Program Files\Common Files
  COMPUTERNAME=YAQIEDU-231
  ComSpec=E:\WINNT\system32\cmd.exe
  DBMSACS=C:\COB97\SOC\DBMSACS.INI
  HOMEDRIVE=E:
  HOMEPATH=\
  Include=E:\Program Files\PCOB97\INCLUDE;E:\Program Files\Microsoft Visual Studio\VC98\include;E:\Program Files\Microsoft Visual Studio\Common\MsDev\include;
  Lib=E:\Program Files\PCOB97\LIB;E:\Program Files\PCOB97;E:\Program Files\Microsoft Visual Studio\VC98\lib;E:\Program Files\Microsoft Visual Studio\Common\MsDev\lib
  LOGFILE=C:\COB97\SOC\COBIS630\COBIS630.LOG
  LOGONSERVER=\\YAQIEDU-231
  NUMBER_OF_PROCESSORS=1
  OS=Windows_NT
  Os2LibPath=E:\WINNT\system32\os2\dll;
  Path=D:\oracle\ora90\bin;E:\Program Files\Oracle\jre\1.1.8\bin;E:\Program Files\PCOB97\DBALIB\BIN;E:\Program Files\PCOB97\CLASSCOB\BIN;E:\Program Files\PCOB97;E:\Program Files\PCOB97\MEFTWEB;E:\Program Files\Microsoft Visual Studio\VC98\bin;E:\Program Files\Microsoft Visual Studio\Common\MsDev\bin;E:\WINNT\system32;E:\WINNT;E:\WINNT\System32\Wbem
  PATHEXT=.COM;.EXE;.BAT;.CMD;.VBS;.VBE;.JS;.JSE;.WSF;.WSH
  PROCESSOR_ARCHITECTURE=x86
  PROCESSOR_IDENTIFIER=x86 Family 6 Model 4 Stepping 2, AuthenticAMD
  PROCESSOR_LEVEL=6
  PROCESSOR_REVISION=0402
  ProgramFiles=E:\Program Files
  SystemDrive=E:
  SystemRoot=E:\WINNT
  TEMP=E:\DOCUME~1\ADMINI~1\LOCALS~1\Temp
  TMP=E:\DOCUME~1\ADMINI~1\LOCALS~1\Temp
  U01=C:\COB97\SOC\COBIS630\FFUIS630.TMP
  U02=C:\COB97\SOC\COBIS630\FFUIS631.TMP
  USERDOMAIN=YAQIEDU-231
  USERNAME=Administrator
  USERPROFILE=E:\Documents and Settings\Administrator
  WF_RESOURCES=D:\oracle\ora90\WF\RES\WFja.RES
  windir=E:\WINNT

<<実行環境情報>>
  実行ﾓｰﾄﾞ   : ShiftJIS, ｼﾝｸﾞﾙｽﾚｯﾄﾞ
  ﾌﾟﾛｸﾞﾗﾑ名  : COBIS630
  初期化ﾌｧｲﾙ : C:\COB97\SOC\COBIS630\COBOL85.CBR
    [COBIS630]
    @IconName=COB85EXE
    @ScrnSize=(80,24)
    @CnslWinSize=(80,24)
    @CnslBufLine=100
    @WinCloseMsg=ON
    @EnvSetWindow=UNUSE
    @AllFileExclusive=NO
    @NoMessage=YES
    @MessOutFile=C:\COB97\SOC\COBIS630\COBIS630_SYS.LOG
    DBMSACS=C:\COB97\SOC\DBMSACS.INI
    U01=C:\COB97\SOC\COBIS630\FFUIS630.TMP
    U02=C:\COB97\SOC\COBIS630\FFUIS631.TMP
    LOGFILE=C:\COB97\SOC\COBIS630\COBIS630.LOG
    [EOF]

<<STACK/HEAP情報>>
  ｽﾀｯｸ : 00100000
  ﾋｰﾌﾟ : 00100000

<<ﾀｽｸﾘｽﾄ>>
       0 Idle.exe
       8 System.exe
      88 smss.exe
      A4 csrss.exe
      A0 winlogon.exe
      D4 services.exe
      E0 lsass.exe
     198 svchost.exe
     1B0 spoolsv.exe
     1CC COBATSVC.exe
     1DC DefWatch.exe
     1F0 svchost.exe
     200 KVSrvXP.exe
     21C Rtvscan.exe
     288 regsvc.exe
     29C MSTask.exe
     2E4 WinMgmt.exe
     2F8 svchost.exe
     30C svchost.exe
     428 Explorer.exe
     4D0 vptray.exe
     4DC ctfmon.exe
     510 mdm.exe
     104 CWV4HOOK.exe
     508 conime.exe
     1A4 editplus.exe
     530 mmc.exe
     468 PLSQLDev.exe
     140 WISPTIS.exe
     4B8 Tflin32.exe
     54C F3BXMSRV.exe
     524 COBIS630.exe
     220 COBSNAP.exe
       0 _Total.exe

<<ﾓｼﾞｭｰﾙﾘｽﾄ>>
  00400000 - 00427000  C:\COB97\SOC\COBIS630\COBIS630.EXE
                         2005/04/05(9:08:00)
  77F80000 - 77FFB000  E:\WINNT\system32\ntdll.dll
                         Microsoft Corporation, Microsoft(R) Windows (R) 2000 Operating System, 5.00.2195.6685
                         2003/06/19(12:05:04)
  62600000 - 62675000  D:\oracle\ora90\bin\orasql9.dll
                         2002/04/26(18:56:32)
  610A0000 - 6113F000  D:\oracle\ora90\bin\oracore9.dll
                         2002/05/14(17:18:16)
  612A0000 - 61319000  D:\oracle\ora90\bin\oranls9.dll
                         2002/04/25(14:03:24)
  613A0000 - 613B1000  D:\oracle\ora90\bin\oraunls9.dll
                         2002/04/25(14:03:26)
  78000000 - 78045000  E:\WINNT\system32\MSVCRT.dll
                         Microsoft Corporation, Microsoft (R) Visual C++, 6.10.9844.0
                         2003/06/19(12:05:04)
  77E50000 - 77F38000  E:\WINNT\system32\KERNEL32.dll
                         Microsoft Corporation, Microsoft(R) Windows (R) 2000 Operating System, 5.00.2195.6688
                         2003/06/19(12:05:04)
  74FB0000 - 74FBA000  E:\WINNT\system32\WSOCK32.dll
                         Microsoft Corporation, Microsoft(R) Windows (R) 2000 Operating System, 5.00.2195.6603
                         2003/06/19(12:05:04)
  74F90000 - 74FA4000  E:\WINNT\system32\WS2_32.DLL
                         Microsoft Corporation, Microsoft(R) Windows (R) 2000 Operating System, 5.00.2195.6601
                         2003/06/19(12:05:04)
  79480000 - 794E2000  E:\WINNT\system32\ADVAPI32.DLL
                         Microsoft Corporation, Microsoft(R) Windows (R) 2000 Operating System, 5.00.2195.6710
                         2003/06/19(12:05:04)
  78780000 - 787F1000  E:\WINNT\system32\RPCRT4.DLL
                         Microsoft Corporation, Microsoft(R) Windows (R) 2000 Operating System, 5.00.2195.6701
                         2003/06/19(12:05:04)
  74F80000 - 74F88000  E:\WINNT\system32\WS2HELP.DLL
                         Microsoft Corporation, Microsoft(R) Windows (R) 2000 Operating System, 5.00.2134.1
                         1999/12/17(20:00:00)
  77A20000 - 77B17000  E:\WINNT\system32\ole32.dll
                         Microsoft Corporation, Microsoft(R) Windows (R) 2000 Operating System, 5.00.2195.6692
                         2003/06/19(12:05:04)
  77F40000 - 77F7C000  E:\WINNT\system32\GDI32.DLL
                         Microsoft Corporation, Microsoft(R) Windows (R) 2000 Operating System, 5.00.2195.6660
                         2003/06/19(12:05:04)
  77DE0000 - 77E45000  E:\WINNT\system32\USER32.DLL
                         Microsoft Corporation, Microsoft(R) Windows (R) 2000 Operating System, 5.00.2195.6688
                         2003/06/19(12:05:04)
  77520000 - 77550000  E:\WINNT\system32\WINMM.dll
                         Microsoft Corporation, Microsoft(R) Windows (R) 2000 Operating System, 5.00.2161.1
                         1999/12/17(20:00:00)
  60600000 - 60784000  D:\oracle\ora90\bin\oraclient9.dll
                         2002/04/28(16:13:48)
  60800000 - 60806000  D:\oracle\ora90\bin\oravsn9.dll
                         2002/04/28(16:13:50)
  60500000 - 60590000  D:\oracle\ora90\bin\oracommon9.dll
                         2002/04/28(16:12:16)
  00430000 - 00687000  D:\oracle\ora90\bin\orageneric9.dll
                         2002/05/05(17:23:26)
  62FC0000 - 6303D000  D:\oracle\ora90\bin\oraxml9.dll
                         2002/04/27(17:50:02)
  780A0000 - 780B2000  E:\WINNT\system32\MSVCIRT.dll
                         Microsoft Corporation, Microsoft (R) Visual C++, 6.10.8637.0
                         1999/12/17(20:00:00)
  630F0000 - 63110000  D:\oracle\ora90\bin\oraxsd9.dll
                         2002/04/27(17:50:14)
  615A0000 - 61629000  D:\oracle\ora90\bin\orannzsbb9.dll
                         2002/05/04(23:00:36)
  61480000 - 61534000  D:\oracle\ora90\bin\oran9.dll
                         2002/04/26(19:31:10)
  61400000 - 6142C000  D:\oracle\ora90\bin\oranl9.dll
                         2002/04/26(19:30:18)
  61960000 - 61971000  D:\oracle\ora90\bin\oranldap9.dll
                         2002/04/26(19:31:06)
  62000000 - 62024000  D:\oracle\ora90\bin\oraldapclnt9.dll
                         2002/04/26(21:19:42)
  616B0000 - 616C7000  D:\oracle\ora90\bin\orancrypt9.dll
                         2002/04/26(19:37:34)
  77980000 - 77A1B000  E:\WINNT\system32\OLEAUT32.dll
                         2003/06/19(12:05:04)
  62300000 - 6233E000  D:\oracle\ora90\bin\ORATRACE9.dll
                         2002/04/29(14:04:08)
  61730000 - 61766000  D:\oracle\ora90\bin\oranro9.dll
                         2002/04/26(19:30:14)
  617C0000 - 617C6000  D:\oracle\ora90\bin\oranhost9.dll
                         2002/04/26(19:31:02)
  617D0000 - 617D6000  D:\oracle\ora90\bin\oranoname9.dll
                         2002/04/26(19:31:04)
  616A0000 - 616A6000  D:\oracle\ora90\bin\orancds9.dll
                         2002/04/26(19:31:24)
  61820000 - 61827000  D:\oracle\ora90\bin\orantns9.dll
                         2002/04/26(19:30:58)
  64000000 - 64007000  D:\oracle\ora90\bin\oranms.dll
                         2002/04/26(17:29:30)
  64020000 - 64030000  D:\oracle\ora90\bin\oranmsp.dll
                         2002/04/26(17:29:30)
  60A00000 - 60D13000  D:\oracle\ora90\bin\orapls9.dll
                         2002/04/28(10:45:02)
  62500000 - 62507000  D:\oracle\ora90\bin\oraslax9.dll
                         2002/04/26(17:18:00)
  61350000 - 61360000  D:\oracle\ora90\bin\orasnls9.dll
                         2002/04/25(14:03:28)
  60810000 - 60816000  D:\oracle\ora90\bin\orawtc9.dll
                         2002/04/28(16:13:52)
  1C000000 - 1C04B000  E:\Program Files\PCOB97\F3BIPRCT.dll
                         FUJITSU LIMITED, COBOL97 RUNTIME SYSTEM, 61.20.0.0
                         2001/04/13(10:06:24)
  00690000 - 006CD000  E:\Program Files\PCOB97\F3BISCRN.dll
                         FUJITSU LIMITED, COBOL97 RUNTIME SYSTEM, 61.20.0.0
                         2001/04/03(19:24:58)
  10000000 - 10015000  E:\Program Files\PCOB97\F3BKATCH.dll
                         FUJITSU LIMITED, COBOL97 RUNTIME SYSTEM, 61.20.0.0
                         2001/04/25(14:02:52)
  76AE0000 - 76B1E000  E:\WINNT\system32\comdlg32.dll
                         Microsoft Corporation, Microsoft(R) Windows (R) 2000 Operating System, 5.00.3700.6693
                         2003/06/19(12:05:04)
  77C40000 - 77C8A000  E:\WINNT\system32\SHLWAPI.DLL
                         Microsoft Corporation, Microsoft(R) Windows (R) 2000 Operating System, 5.00.3502.6601
                         2003/06/19(12:05:04)
  77B20000 - 77BA9000  E:\WINNT\system32\COMCTL32.DLL
                         Microsoft Corporation, Microsoft(R) Windows (R) 2000 Operating System, 5.00.3502.6601
                         2003/06/19(12:05:04)
  73CC0000 - 73F08000  E:\WINNT\system32\SHELL32.DLL
                         Microsoft Corporation, Microsoft(R) Windows (R) 2000 Operating System, 5.00.3700.6705
                         2003/06/19(12:05:04)
  777D0000 - 777D7000  E:\WINNT\system32\VERSION.dll
                         Microsoft Corporation, Microsoft(R) Windows (R) 2000 Operating System, 5.00.2195.6623
                         2003/06/19(12:05:04)
  75940000 - 75946000  E:\WINNT\system32\LZ32.DLL
                         Microsoft Corporation, Microsoft(R) Windows (R) 2000 Operating System, 5.00.2195.6611
                         2003/06/19(12:05:04)
  006D0000 - 00704000  E:\Program Files\PCOB97\F3BILPIO.dll
                         FUJITSU LIMITED, COBOL97 RUNTIME SYSTEM, 61.20.0.0
                         2001/04/04(13:51:38)
  00710000 - 00715000  E:\Program Files\PCOB97\F3BIOVLD.dll
                         FUJITSU LIMITED, COBOL97 RUNTIME SYSTEM, 61.20.0.0
                         2001/04/16(20:06:28)
  777B0000 - 777CE000  E:\WINNT\system32\WINSPOOL.DRV
                         Microsoft Corporation, Microsoft(R) Windows (R) 2000 Operating System, 5.00.2195.6659
                         2003/06/19(12:05:04)
  798F0000 - 79901000  E:\WINNT\system32\MPR.DLL
                         Microsoft Corporation, Microsoft(R) Windows (R) 2000 Operating System, 5.00.2195.6611
                         2003/06/19(12:05:04)
  2C000000 - 2C034000  E:\Program Files\PCOB97\F3BIIO.dll
                         FUJITSU LIMITED, COBOL97 RUNTIME SYSTEM, 61.20.0.0
                         2001/04/06(10:49:56)
  3C000000 - 3C03B000  E:\Program Files\PCOB97\F3BIFRM.dll
                         FUJITSU LIMITED, COBOL97 RUNTIME SYSTEM, 61.20.0.0
                         2001/04/05(16:06:40)
  00720000 - 00736000  E:\Program Files\PCOB97\F3BIDBG.dll
                         FUJITSU LIMITED, COBOL97 RUNTIME SYSTEM, 61.20.0.0
                         2001/04/18(11:09:12)
  75DF0000 - 75E0A000  E:\WINNT\system32\IMM32.DLL
                         Microsoft Corporation, Microsoft(R) Windows (R) 2000 Operating System, 5.00.2195.6655
                         2003/06/19(12:05:04)
  012B0000 - 012B5000  E:\Program Files\PCOB97\F3BIPRSJ.DLL
                         FUJITSU LIMITED, COBOL97 RUNTIME SYSTEM, 61.20.0.0
                         2001/04/03(20:10:44)
  012C0000 - 012C4000  E:\Program Files\PCOB97\F3BIODSJ.DLL
                         FUJITSU LIMITED, COBOL97 RUNTIME SYSTEM, 61.20.0.0
                         2001/04/06(19:11:34)
  012D0000 - 012DA000  E:\Program Files\PCOB97\F3BIMSGJ.DLL
                         FUJITSU LIMITED, COBOL97 RUNTIME SYSTEM, 61.20.0.0
                         2001/04/03(20:31:54)
  01340000 - 0134D000  E:\Program Files\PCOB97\F3BILANP.dll
                         FUJITSU LIMITED, COBOL97 RUNTIME SYSTEM, 61.20.0.0
                         2001/05/22(20:09:36)
  60000000 - 6004B000  E:\WINNT\system32\MSCTF.dll
                         Microsoft Corporation, Microsoft(R) Windows NT(R) Operating System, 1.00.2409.34
                         2003/05/21(22:49:06)
  014D0000 - 01560000  E:\WINNT\system32\GBIMEV4.IME
                         KODENSHA CO., LTD., Chinese Writer V4 (CW), 4.00
                         1998/08/11(13:02:08)
  01560000 - 01589000  E:\WINNT\system32\KDS_JCCJ.dll
                         , KDS_JCCJ Dynamic Link Library, 1, 0, 0, 1
                         1998/06/05(18:23:54)
  01590000 - 01604000  E:\WINNT\system32\CHINATW.dll
                         KODENSHA CO,. LTD., CHINATW, 4.00
                         1998/09/08(10:38:52)
  01A30000 - 01A78000  E:\CHNWRTV4\JCSV4.DLL
                         , JCS Dynamic Link Library, 1, 0, 0, 1
                         1998/09/09(13:27:54)
  01A90000 - 01ABE000  E:\CHNWRTV4\GBPropV4.DLL
                         , GBKEYCUS Dynamic Link Library, 1, 0, 0, 1
                         1998/06/22(17:19:06)
  01AD0000 - 01ADE000  C:\COB97\SOC\COBIS630\CLOCO001.DLL
                         2004/06/07(9:15:50)
  01BF0000 - 01BFC000  C:\COB97\SOC\COBIS630\COBCO001.DLL
                         2004/06/07(9:15:42)
  61910000 - 6191C000  D:\oracle\ora90\bin\orantcp9.dll
                         2002/04/26(19:30:22)
  40000000 - 40029000  E:\WINNT\system32\KvWspXp.dll
                         JiangMin Ltd., JiangMin Ltd. KVWspXP, 9, 0, 0, 504
                         2005/03/16(16:54:38)
  68250000 - 6826D000  E:\WINNT\system32\NTMARTA.DLL
                         Microsoft Corporation, Microsoft(R) Windows (R) 2000 Operating System, 5.00.2195.6666
                         2003/06/19(12:05:04)
  77920000 - 7794A000  E:\WINNT\system32\WLDAP32.dll
                         Microsoft Corporation, Microsoft(R) Windows (R) 2000 Operating System, 5.00.2195.6666
                         2003/06/19(12:05:04)
  750C0000 - 750CF000  E:\WINNT\system32\SAMLIB.dll
                         Microsoft Corporation, Microsoft(R) Windows (R) 2000 Operating System, 5.00.2195.6666
                         2003/06/19(12:05:04)
  77BC0000 - 77BD1000  E:\WINNT\system32\NTDSAPI.dll
                         Microsoft Corporation, Microsoft(R) Windows (R) 2000 Operating System, 5.00.2195.6666
                         2003/06/19(12:05:04)
  77950000 - 77974000  E:\WINNT\system32\DNSAPI.DLL
                         Microsoft Corporation, Microsoft(R) Windows (R) 2000 Operating System, 5.00.2195.6680
                         2003/06/19(12:05:04)
  750E0000 - 7512F000  E:\WINNT\system32\NETAPI32.DLL
                         Microsoft Corporation, Microsoft(R) Windows (R) 2000 Operating System, 5.00.2195.6601
                         2003/06/19(12:05:04)
  79560000 - 7956F000  E:\WINNT\system32\SECUR32.DLL
                         Microsoft Corporation, Microsoft(R) Windows (R) 2000 Operating System, 5.00.2195.6695
                         2003/06/19(12:05:04)
  75130000 - 75136000  E:\WINNT\system32\NETRAP.DLL
                         Microsoft Corporation, Microsoft(R) Windows (R) 2000 Operating System, 5.00.2134.1
                         1999/12/17(20:00:00)
  74F30000 - 74F4E000  E:\WINNT\system32\msafd.dll
                         Microsoft Corporation, Microsoft(R) Windows (R) 2000 Operating System, 5.00.2195.6602
                         2003/06/19(12:05:04)
  772F0000 - 77303000  E:\WINNT\system32\Iphlpapi.dll
                         Microsoft Corporation, Microsoft(R) Windows (R) 2000 Operating System, 5.00.2195.6602
                         2003/06/19(12:05:04)
  774D0000 - 774D5000  E:\WINNT\system32\ICMP.DLL
                         Microsoft Corporation, Microsoft(R) Windows (R) 2000 Operating System, 5.00.2134.1
                         1999/12/17(20:00:00)
  772D0000 - 772E7000  E:\WINNT\system32\MPRAPI.DLL
                         Microsoft Corporation, Microsoft(R) Windows (R) 2000 Operating System, 5.00.2181.1
                         1999/12/17(20:00:00)
  77360000 - 7738F000  E:\WINNT\system32\ACTIVEDS.DLL
                         Microsoft Corporation, Microsoft(R) Windows (R) 2000 Operating System, 5.00.2195.6601
                         2003/06/19(12:05:04)
  77330000 - 77353000  E:\WINNT\system32\ADSLDPC.DLL
                         Microsoft Corporation, Microsoft(R) Windows (R) 2000 Operating System, 5.00.2195.6701
                         2003/06/19(12:05:04)
  777E0000 - 777EE000  E:\WINNT\system32\RTUTILS.DLL
                         Microsoft Corporation, Microsoft(R) Windows (R) 2000 Operating System, 5.00.2168.1
                         1999/12/17(20:00:00)
  78310000 - 783BE000  E:\WINNT\system32\SETUPAPI.DLL
                         Microsoft Corporation, Microsoft(R) Windows (R) 2000 Operating System, 5.00.2195.6622
                         2003/06/19(12:05:04)
  79280000 - 792E2000  E:\WINNT\system32\USERENV.DLL
                         Microsoft Corporation, Microsoft(R) Windows (R) 2000 Operating System, 5.00.2195.6711
                         2003/06/19(12:05:04)
  77490000 - 774C3000  E:\WINNT\system32\RASAPI32.DLL
                         Microsoft Corporation, Microsoft(R) Windows (R) 2000 Operating System, 5.00.2195.6625
                         2003/06/19(12:05:04)
  77470000 - 77481000  E:\WINNT\system32\RASMAN.DLL
                         Microsoft Corporation, Microsoft(R) Windows (R) 2000 Operating System, 5.00.2195.6604
                         2003/06/19(12:05:04)
  774E0000 - 77502000  E:\WINNT\system32\TAPI32.DLL
                         Microsoft Corporation, Microsoft(R) Windows (R) 2000 Operating System, 5.00.2195.6664
                         2003/06/19(12:05:04)
  77310000 - 77329000  E:\WINNT\system32\DHCPCSVC.DLL
                         Microsoft Corporation, Microsoft(R) Windows (R) 2000 Operating System, 5.00.2195.6685
                         2003/06/19(12:05:04)
  74F70000 - 74F77000  E:\WINNT\System32\wshtcpip.dll
                         Microsoft Corporation, Microsoft(R) Windows (R) 2000 Operating System, 5.00.2195.6601
                         2003/06/19(12:05:04)
  61890000 - 6189D000  D:\oracle\ora90\bin\orannts9.dll
                         2002/04/26(19:30:54)
  75470000 - 75474000  E:\WINNT\system32\security.dll
                         Microsoft Corporation, Microsoft(R) Windows (R) 2000 Operating System, 5.00.2154.1
                         1999/12/17(20:00:00)
  782D0000 - 782EF000  E:\WINNT\system32\msv1_0.dll
                         Microsoft Corporation, Microsoft(R) Windows (R) 2000 Operating System, 5.00.2195.6680
                         2003/06/19(12:05:04)
  773F0000 - 77468000  E:\WINNT\system32\CRYPT32.DLL
                         Microsoft Corporation, Microsoft(R) Windows (R) 2000 Operating System, 5.131.2195.6661
                         2003/06/19(12:05:04)
  773E0000 - 773F0000  E:\WINNT\system32\MSASN1.DLL
                         Microsoft Corporation, Microsoft(R) Windows (R) 2000 Operating System, 5.00.2195.6666
                         2003/06/19(12:05:04)

<<ｽﾀｯｸｻﾏﾘ>>
  FramePtr RetAddr  Param-01 Param-02 Param-03 Param-04 Param-05 Param-06 Param-07 Param-08 Module:Program
  0012EFE0 100030E0 E9999999 00000000 00000000 00000000 001956F8 0000007F 001956F8 00000000 KERNEL32.dll:RaiseException
  0012F018 1C00CBD7 00403E6D 00000010 001956F8 0000033C 00000000 0012FB8B 00000080 0042013C F3BKATCH.dll:NotifyExecErrorInfo
  0012F6D4 007251AF 001961F8 0000033C 00000001 001956F8 0012FBA2 0012FA0C 0012FB80 0012F908 F3BIPRCT.dll:JMP1MESS
  0012FBA8 00403E71 0042013C 0012FBB8 000280A0 0137761D 004254D0 01000108 01000100 01000100 F3BIDBG.dll:JMP7CHKD
  0012FF74 0040100A 00000000 0012FFC0 0041A671 00000001 01300D60 01300D98 00000000 00000000 COBIS630.EXE:COBIS630
  0012FF80 0041A671 00000001 01300D60 01300D98 00000000 00000000 7FFDF000 8043138F 00000000 COBIS630.EXE:COBIS630
  0012FFC0 77E587F5 00000000 00000000 7FFDF000 00000000 0012FFC8 00000000 FFFFFFFF 77E6F0B4 COBIS630.EXE:_mainCRTStartup
  0012FFF0 00000000 0041A5BD 00000000 000000C8 00000100 EEFFEEFF 00000002 00000000 0000FE00 KERNEL32.dll:DosDateTimeToFileTime

<<ｽﾀｯｸﾀﾞﾝﾌﾟ>>
  0012EF80  E1 A4 E5 77 90 EF 12 00 - F8 56 19 00 7F 00 00 00  ...w.....V......
  0012EF90  99 99 99 E9 00 00 00 00 - 00 00 00 00 E1 A4 E5 77  ...............w
  0012EFA0  00 00 00 00 FF FF FF FF - DC EF 12 00 FE 25 48 79  .............%Hy
  0012EFB0  28 00 00 00 F8 EB FD 7F - 00 00 00 00 19 00 02 00  (...............
  0012EFC0  10 F0 12 00 F8 56 19 00 - 7F 00 00 00 88 26 04 1C  .....V.......&..
  0012EFD0  26 00 27 00 58 56 00 10 - 00 00 00 00 18 F0 12 00  &.'.XV..........
  0012EFE0  18 F0 12 00 E0 30 00 10 - 99 99 99 E9 00 00 00 00  .....0..........
  0012EFF0  00 00 00 00 00 00 00 00 - F8 56 19 00 7F 00 00 00  .........V......
  0012F000  F8 56 19 00 00 00 00 00 - 00 00 00 00 02 00 00 00  .V..............
  0012F010  00 00 00 00 B8 CA 00 1C - D4 F6 12 00 D7 CB 00 1C  ................
  0012F020  6D 3E 40 00 10 00 00 00 - F8 56 19 00 3C 03 00 00  m>@......V..<...
  0012F030  00 00 00 00 8B FB 12 00 - 80 00 00 00 3C 01 42 00  ............<.B.
  0012F040  00 F3 12 00 14 5B 13 00 - 8E 5A 13 00 00 00 00 00  .....[...Z......
  0012F050  3C F6 12 00 00 00 00 00 - 0C 00 00 00 00 00 00 00  <...............
  0012F060  14 2D C4 01 10 00 00 00 - 00 2D C4 01 02 00 00 00  .-.......-......
  0012F070  00 00 00 00 DC 2C C4 01 - 13 00 00 00 C8 2C C4 01  .....,.......,..
  0012F080  01 00 00 00 00 00 00 00 - A8 2C C4 01 0F 00 00 00  .........,......
  0012F090  8C 2C C4 01 09 00 00 00 - 00 00 00 00 68 2C C4 01  .,..........h,..
  0012F0A0  13 00 00 00 54 2C C4 01 - 01 00 00 00 00 00 00 00  ....T,..........
  0012F0B0  2C 2C C4 01 15 00 00 00 - 00 00 00 00 00 00 00 00  ,,..............
  0012F0C0  00 00 00 00 0C 2C C4 01 - 0F 00 00 00 F8 2B C4 01  .....,.......+..
  0012F0D0  02 00 00 00 00 00 00 00 - D8 2B C4 01 0F 00 00 00  .........+......
  0012F0E0  C4 2B C4 01 02 00 00 00 - 00 00 00 00 00 00 00 00  .+..............
  0012F0F0  00 00 00 00 00 00 00 00 - 00 00 00 00 00 00 00 00  ................
  0012F100  00 00 00 00 00 00 00 00 - 00 00 00 00 00 00 00 00  ................
  0012F110  00 00 00 00 00 00 00 00 - 00 00 00 00 00 00 00 00  ................
  0012F120  00 00 00 00 00 00 00 00 - 00 00 00 00 00 00 00 00  ................
  0012F130  00 00 00 00 00 00 00 00 - 00 00 00 00 00 00 00 00  ................
  0012F140  43 3A 5C 43 4F 42 39 37 - 5C 53 4F 43 5C 43 4F 42  C:\COB97\SOC\COB
  0012F150  49 53 36 33 30 5C 46 46 - 55 49 53 36 33 31 2E 54  IS630\FFUIS631.T
  0012F160  4D 50 20 20 20 20 20 20 - 20 20 20 20 20 20 20 20  MP              
  0012F170  20 20 20 20 20 20 20 20 - 20 20 20 20 20 20 20 20                  
  0012F180  20 20 20 20 20 20 20 20 - 20 20 20 20 20 20 20 20                  
  0012F190  20 20 20 20 20 20 20 20 - 20 20 20 20 20 20 20 20                  
  0012F1A0  20 20 20 20 20 20 20 20 - 20 20 20 20 20 20 20 20                  
  0012F1B0  20 20 20 20 20 20 20 20 - 20 20 20 20 20 20 20 20                  
  0012F1C0  20 20 20 20 20 20 20 20 - 20 20 20 20 20 20 20 20                  
  0012F1D0  20 20 20 20 20 20 20 20 - 20 20 20 20 20 20 20 20                  
  0012F1E0  20 20 20 20 20 20 20 20 - 20 20 20 20 20 20 20 20                  
  0012F1F0  20 20 20 20 20 20 20 20 - 20 20 20 20 20 20 20 20                  
  0012F200  20 20 20 20 20 20 20 20 - 20 20 20 20 20 20 20 20                  
  0012F210  20 20 20 20 20 20 20 20 - 20 20 20 20 20 20 20 20                  
  0012F220  20 20 20 20 20 20 20 20 - 20 20 20 20 20 20 20 20                  
  0012F230  20 20 20 20 20 20 20 20 - 20 20 20 20 20 20 20 20                  
  0012F240  20 20 20 20 20 20 20 20 - 20 20 20 20 20 20 20 20                  
  0012F250  20 20 20 20 20 20 20 20 - 20 20 20 20 20 20 20 20                  
  0012F260  20 20 20 20 20 20 20 20 - 20 20 20 20 20 20 20 20                  
  0012F270  20 20 20 20 20 20 20 20 - 20 20 20 20 20 20 20 20                  
  0012F280  20 20 20 20 20 20 20 20 - 20 20 20 20 20 20 20 20                  
  0012F290  20 20 20 20 20 20 20 20 - 20 20 20 20 20 20 20 20                  
  0012F2A0  20 20 20 20 20 20 20 20 - 20 20 20 20 20 20 20 20                  
  0012F2B0  20 20 20 20 20 20 20 20 - 20 20 20 20 20 20 20 20                  
  0012F2C0  20 20 20 20 20 20 20 20 - 20 20 20 20 20 20 20 20                  
  0012F2D0  20 20 20 20 20 20 20 20 - 20 20 20 20 20 20 20 20                  
  0012F2E0  00 20 20 20 20 20 20 20 - 20 20 20 20 20 20 20 20  .               
  0012F2F0  20 20 20 20 4C F0 12 00 - 16 00 00 00 A4 F5 12 00      L...........
  0012F300  91 81 F9 77 28 16 F9 77 - FF FF FF FF B4 F5 12 00  ...w(..w........
  0012F310  83 33 F8 77 B8 7B 13 00 - 90 F5 12 00 04 34 F8 77  .3.w.{.......4.w
  0012F320  48 F3 FC 77 B9 33 F8 77 - 00 00 00 00 B8 68 19 00  H..w.3.w.....h..
  0012F330  B8 7B 13 00 00 E0 FD 7F - 00 00 00 00 2C 00 00 00  .{..........,...
  0012F340  00 E0 FD 7F 20 20 20 20 - 20 20 20 20 20 20 20 20  ....            
  0012F350  20 20 20 20 20 20 20 20 - 20 20 20 20 20 20 20 20                  
  0012F360  46 00 33 00 42 00 49 00 - 44 00 42 00 47 00 2E 00  F.3.B.I.D.B.G...
  0012F370  64 00 6C 00 6C 00 00 00 - 20 20 20 20 20 20 20 20  d.l.l...        
  0012F380  20 20 20 20 20 20 20 20 - 20 20 20 20 20 20 20 20                  
  0012F390  20 20 20 20 20 20 20 20 - 20 20 20 20 20 20 20 20                  
  0012F3A0  20 20 20 20 20 20 20 20 - 20 20 20 20 20 20 20 20                  
  0012F3B0  20 20 20 20 20 20 20 20 - 20 20 20 20 20 20 20 20                  
  0012F3C0  20 20 20 20 20 20 20 20 - 20 20 20 20 20 20 20 20                  
  0012F3D0  20 20 20 20 20 20 20 20 - 20 20 20 20 20 20 20 20                  
  0012F3E0  20 20 20 20 20 20 20 20 - 20 20 20 20 20 20 20 20                  
  0012F3F0  20 20 20 20 20 20 20 20 - 20 20 20 20 20 20 20 20                  
  0012F400  20 20 20 20 20 20 20 20 - 20 20 20 20 00 00 13 00              ....
  0012F410  68 77 19 00 78 01 13 00 - 13 03 00 00 80 C7 FC 77  hw..x..........w
  0012F420  9D C5 FC 77 B4 C5 FC 77 - AC 0E 00 00 00 00 01 00  ...w...w........
  0012F430  00 00 00 00 20 20 20 20 - 20 20 20 20 20 20 20 20  ....            
  0012F440  20 20 20 20 20 20 20 20 - 20 20 20 20 20 20 20 20                  
  0012F450  F8 56 19 00 78 01 13 00 - 20 20 20 20 20 20 20 20  .V..x...        
  0012F460  40 06 13 00 20 20 20 20 - AE 02 00 00 98 17 EB 77  @...    .......w
  0012F470  00 00 13 00 CC F4 12 00 - 15 B2 F8 77 F6 03 EB 77  ...........w...w
  0012F480  68 B2 F8 77 00 B2 F8 77 - 68 00 00 00 81 B1 F8 77  h..w...wh......w
  0012F490  98 16 EB 77 20 20 20 20 - 00 00 00 00 AE 02 B0 02  ...w    ........
  0012F4A0  36 70 19 00 00 F0 FD 7F - B8 7B 13 00 40 03 00 00  6p.......{..@...
  0012F4B0  E6 72 19 00 38 03 00 00 - 38 03 00 00 70 F5 12 00  .r..8...8...p...
  0012F4C0  91 81 F9 77 E8 7B 13 00 - 9B 10 F9 77 80 F5 12 00  ...w.{.....w....
  0012F4D0  EF CB E6 77 E8 7B 13 00 - A0 03 EB 77 04 03 00 00  ...w.{.....w....
  0012F4E0  00 00 00 00 B8 68 19 00 - 00 00 00 00 20 20 20 20  .....h......    
  0012F4F0  20 20 20 20 68 77 19 00 - B0 68 19 00 00 00 13 00      hw...h......
  0012F500  30 F5 12 00 00 00 00 00 - 64 99 F8 77 00 00 13 00  0.......d..w....
  0012F510  B0 7B 13 00 00 00 00 00 - 0C F5 12 00 88 06 13 00  .{..............
  0012F520  C0 F5 12 00 91 81 F9 77 - A0 99 F8 77 FF FF FF FF  .......w...w....
  0012F530  D0 F5 12 00 82 C8 FC 77 - 08 1A 13 00 B8 7B 13 00  .......w.....{..
  0012F540  00 00 00 00 00 00 00 00 - 00 00 00 00 01 00 00 00  ................
  0012F550  00 00 00 00 E0 00 72 00 - 48 F5 12 00 08 7F 13 00  ......r.H.......
  0012F560  3C F6 12 00 01 00 00 00 - 88 F5 12 00 74 22 F9 77  <...........t".w
  0012F570  00 00 72 00 01 00 00 00 - 4C F6 12 00 85 2C F9 77  ..r.....L....,.w
  0012F580  00 00 72 00 00 00 00 00 - 04 00 00 00 28 F6 12 00  ..r.........(...
  0012F590  30 13 73 00 1B 2D F9 77 - 48 F3 FC 77 D1 2C F9 77  0.s..-.wH..w.,.w
  0012F5A0  04 00 00 00 10 DA 03 1C - FF FF 00 00 00 E0 FD 7F  ................
  0012F5B0  01 FF FF FF 00 E0 FD 7F - 4D 53 47 49 44 5F 30 38  ........MSGID_08
  0012F5C0  32 38 00 00 08 18 19 00 - 18 18 19 00 FF FF FF FF  28..............
  0012F5D0  00 00 00 00 77 01 00 00 - 00 00 13 00 20 5B 50 49  ....w....... [PI
  0012F5E0  44 3A 30 30 30 30 30 35 - 32 34 20 54 49 44 3A 30  D:00000524 TID:0
  0012F5F0  30 30 30 30 33 45 34 5D - 00 00 00 00 01 00 00 00  00003E4]........
  0012F600  50 F6 12 00 A2 77 DE 77 - 7C F6 12 00 01 00 00 00  P....w.w|.......
  0012F610  F7 77 DE 77 7C F6 11 04 - 7C F6 12 00 62 FB 03 00  .w.w|...|...b...
  0012F620  C2 F6 12 00 05 00 00 00 - 00 76 41 00 00 00 00 00  .........vA.....
  0012F630  00 00 00 00 00 00 00 00 - 01 00 00 00 FD FF FF FF  ................
  0012F640  A2 FB 12 00 0C FA 12 00 - 80 FB 12 00 08 F9 12 00  ................
  0012F650  DC F5 12 00 40 F0 12 00 - E8 62 04 1C E8 62 04 1C  ....@....b...b..
  0012F660  E8 62 04 1C E8 62 04 1C - 80 F6 12 00 00 23 73 00  .b...b.......#s.
  0012F670  01 00 00 00 62 FB 12 00 - C2 F6 12 00 31 00 00 00  ....b.......1...
  0012F680  30 38 32 38 00 00 00 00 - 31 31 35 30 06 00 00 00  0828....1150....
  0012F690  84 00 CC 00 62 59 FF FE - 00 00 00 00 00 F6 12 00  ....bY..........
  0012F6A0  3C 03 00 A0 7E 04 00 00 - 18 49 2D 01 01 00 00 00  <...~....I-.....
  0012F6B0  94 06 31 01 F8 56 19 00 - 00 00 00 00 00 00 00 00  ..1..V..........
  0012F6C0  3C 01 42 00 30 30 30 30 - 00 00 2D 01 6D 3E 40 00  <.B.0000..-.m>@.
  0012F6D0  7F 00 00 00 A8 FB 12 00 - AF 51 72 00 F8 61 19 00  .........Qr..a..
  0012F6E0  3C 03 00 00 01 00 00 00 - F8 56 19 00 A2 FB 12 00  <........V......
  0012F6F0  0C FA 12 00 80 FB 12 00 - 08 F9 12 00 D0 54 42 00  .............TB.
  0012F700  48 00 42 00 00 F0 FD 7F - 20 20 20 20 20 20 20 20  H.B.....        
  0012F710  20 20 20 20 20 20 20 20 - 20 20 20 20 20 20 20 20                  
  0012F720  20 20 20 20 20 20 20 20 - 20 20 20 20 20 20 20 20                  
  0012F730  20 20 20 20 20 20 20 20 - 20 20 20 20 20 20 20 20                  
  0012F740  20 20 20 20 20 20 20 20 - 20 20 20 20 20 20 20 20                  
  0012F750  20 20 20 20 20 20 20 20 - 20 20 20 20 20 20 20 20                  
  0012F760  20 20 20 20 20 20 20 20 - 20 20 20 20 20 20 20 20                  
  0012F770  20 20 20 20 20 20 20 20 - 20 20 20 20 20 20 20 20                  

<<ｽﾚｯﾄﾞ情報>>
  ｽﾚｯﾄﾞID  : 00000540
  ﾚｼﾞｽﾀ    : EAX=777E21FE  EBX=00000003  ECX=0000004C  EDX=00000000  ESI=77F93233
           : EDI=00000003  EIP=77F9323E  ESP=01E5FD24  EBP=01E5FD70  EFL=00000246
           : CS=001B  SS=0023  DS=0023  ES=0023  FS=0038  GS=0000
  ｽﾀｯｸｺﾐｯﾄ : 00001000 (ﾄｯﾌﾟ:01E60000, ﾍﾞｰｽ:01E5F000)
  ﾓｼﾞｭｰﾙﾌｧｲﾙ : E:\WINNT\system32\ntdll.dll
  ｾｸｼｮﾝ相対位置 : .text+0001223E
  EXPORT相対位置 : ZwWaitForMultipleObjects+0000000B

 <呼出経路>
[  1]---------------------------------------------------------------------------------
  ﾓｼﾞｭｰﾙﾌｧｲﾙ : E:\WINNT\system32\KERNEL32.dll
  ｾｸｼｮﾝ相対位置 : .text+00019BFB
  EXPORT相対位置 : WaitForMultipleObjects+00000017
[  2]---------------------------------------------------------------------------------
  ﾓｼﾞｭｰﾙﾌｧｲﾙ : E:\WINNT\system32\KERNEL32.dll
  ｾｸｼｮﾝ相対位置 : .text+0000887C
  EXPORT相対位置 : SetThreadExecutionState+00000227

<<ｽﾀｯｸｻﾏﾘ>>
  FramePtr RetAddr  Param-01 Param-02 Param-03 Param-04 Param-05 Param-06 Param-07 Param-08 Module:Program
  01E5FD70 77E6ABFB 01E5FD48 00000001 00000000 00000000 00000000 777E22B2 00000003 01E5FEB0 ntdll.dll:ZwWaitForMultipleObjects
  01E5FFB4 77E5987C 00000004 000B000A 794802A7 0018EF50 7FFDD000 0000004C 01E5FFC0 0000004C KERNEL32.dll:WaitForMultipleObjects
  01E5FFEC 00000000 777E21FE 0018EF50 00000000 000000C8 00000100 EEFFEEFF 00001002 00000000 KERNEL32.dll:SetThreadExecutionState

<<ｽﾀｯｸﾀﾞﾝﾌﾟ>>
  01E5FD20  D3 15 FA 77 D7 BD E5 77 - 03 00 00 00 48 FD E5 01  ...w...w....H...
  01E5FD30  01 00 00 00 00 00 00 00 - 00 00 00 00 00 00 00 00  ................
  01E5FD40  50 EF 18 00 01 00 00 00 - 54 02 00 00 58 02 00 00  P.......T...X...
  01E5FD50  68 02 00 00 44 9D 8F ED - 8C 0B 46 80 90 2F 40 80  h...D.....F../@.
  01E5FD60  FF FF FF FF D0 9A 8F ED - 3D 16 45 80 B0 0B 87 81  ........=.E.....
  01E5FD70  B4 FF E5 01 FB AB E6 77 - 48 FD E5 01 01 00 00 00  .......wH.......
  01E5FD80  00 00 00 00 00 00 00 00 - 00 00 00 00 B2 22 7E 77  ............."~w
  01E5FD90  03 00 00 00 B0 FE E5 01 - 00 00 00 00 FF FF FF FF  ................
  01E5FDA0  50 EF 18 00 A7 02 48 79 - 0A 00 0B 00 98 00 00 00  P.....Hy........
  01E5FDB0  F8 00 00 00 98 00 00 00 - 00 00 00 00 00 00 00 00  ................
  01E5FDC0  38 00 00 00 23 00 00 00 - 23 00 00 00 0A 00 0B 00  8...#...#.......
  01E5FDD0  A7 02 48 79 50 EF 18 00 - 68 02 48 79 4C 00 00 00  ..HyP...h.HyL...
  01E5FDE0  FE 21 7E 77 F8 EB FD 7F - 24 98 E5 77 1B 00 00 00  .!~w....$..w....
  01E5FDF0  00 02 00 00 FC FF E5 01 - 23 00 00 00 00 E4 46 80  ........#.....F.
  01E5FE00  A8 E7 85 81 54 9C 8F ED - 18 73 00 E1 00 00 00 00  ....T....s......
  01E5FE10  00 00 00 00 58 9B 8F ED - 1B 1A 45 80 01 00 00 00  ....X.....E.....
  01E5FE20  E0 A9 85 81 00 00 00 00 - 10 00 F8 00 0A C7 85 81  ................
  01E5FE30  7C 00 F8 00 1A C7 85 81 - 98 9B 8F ED 18 73 00 E1  |............s..
  01E5FE40  A8 E7 85 81 30 73 00 E1 - 00 00 00 00 1F 00 00 00  ....0s..........
  01E5FE50  10 E8 85 81 10 E8 85 81 - 00 00 00 00 01 00 00 00  ................
  01E5FE60  B4 9B 8F ED 00 00 00 00 - B8 E3 3D E3 78 9B 8F ED  ..........=.x...
  01E5FE70  00 00 00 00 63 53 41 80 - 30 E9 85 81 E0 A9 85 81  ....cSA.0.......
  01E5FE80  68 9C 8F ED 7A 0D 45 80 - 04 00 00 00 08 C7 85 81  h...z.E.........
  01E5FE90  24 4F 4A 80 80 F3 12 00 - 00 00 00 00 48 F3 12 00  $OJ.........H...
  01E5FEA0  D4 56 0E 00 00 00 00 00 - 00 00 00 00 00 00 00 00  .V..............
  01E5FEB0  54 02 00 00 58 02 00 00 - 68 02 00 00 00 00 00 00  T...X...h.......
  01E5FEC0  00 00 00 00 00 00 00 00 - 24 05 00 00 00 00 00 00  ........$.......
  01E5FED0  0C 9C 8F ED 00 00 00 00 - 00 00 00 00 00 00 00 00  ................
  01E5FEE0  00 00 00 00 00 00 00 00 - 00 00 00 00 00 00 00 00  ................
  01E5FEF0  00 00 00 00 00 00 00 00 - 00 00 00 00 00 00 00 00  ................
  01E5FF00  00 00 00 00 00 00 00 00 - C8 37 50 C0 F2 00 00 00  .........7P.....
  01E5FF10  00 20 50 C0 CC 9B 8F ED - 19 00 02 00 48 04 00 00  . P.........H...
  01E5FF20  C8 37 50 C0 01 00 00 00 - 00 20 50 C0 80 63 5B 81  .7P...... P..c[.
  01E5FF30  20 6A 5A 81 00 00 00 00 - B0 6B 5A 81 60 9C 8F ED   jZ......kZ.`...
  01E5FF40  46 02 00 00 F2 DE 42 80 - 10 2F 06 80 80 6B 5A 81  F.....B../...kZ.
  01E5FF50  20 6A 5A 81 70 9C 8F ED - 28 11 F4 77 00 20 50 C0   jZ.p...(..w. P.
  01E5FF60  A0 06 8A 81 00 00 00 00 - AC 9C 8F ED 00 00 00 00  ................
  01E5FF70  B0 6B 5A 81 05 00 00 00 - 00 00 00 00 00 00 00 00  .kZ.............
  01E5FF80  00 00 00 00 D6 11 43 80 - 00 00 00 00 97 02 00 00  ......C.........
  01E5FF90  0F 12 43 80 80 63 5B 81 - 20 6A 5A 81 FF FF FF FF  ..C..c[. jZ.....
  01E5FFA0  8F 13 43 80 00 00 00 00 - 00 00 00 00 00 00 7E 77  ..C...........~w
  01E5FFB0  90 F0 18 00 EC FF E5 01 - 7C 98 E5 77 04 00 00 00  ........|..w....
  01E5FFC0  0A 00 0B 00 A7 02 48 79 - 50 EF 18 00 00 D0 FD 7F  ......HyP.......
  01E5FFD0  4C 00 00 00 C0 FF E5 01 - 4C 00 00 00 FF FF FF FF  L.......L.......
  01E5FFE0  B4 F0 E6 77 60 D3 E5 77 - 00 00 00 00 00 00 00 00  ...w`..w........
  01E5FFF0  00 00 00 00 FE 21 7E 77 - 50 EF 18 00 00 00 00 00  .....!~wP.......

