

***********************************************************************
Fatal NI connect error 12541, connecting to:
 (DESCRIPTION=(ADDRESS=(PROTOCOL=TCP)(HOST=192.168.0.208)(PORT=1521))(CONNECT_DATA=(SERVICE_NAME=DMKFIP)(CID=(PROGRAM=D:\oracle\ora90\BIN\procob.exe)(HOST=YAQIEDU-231)(USER=Administrator))))

  VERSION INFORMATION:
	TNS for 32-bit Windows: Version 9.2.0.1.0 - Production
	Windows NT TCP/IP NT Protocol Adapter for 32-bit Windows: Version 9.2.0.1.0 - Production
  Time: 07-APR-2005 09:57:15
  Tracing not turned on.
  Tns error struct:
    nr err code: 0
    ns main err code: 12541
    TNS-12541: TNS: リスナーがありません。
    ns secondary err code: 12560
    nt main err code: 511
    TNS-00511: リスナーがありません。
    nt secondary err code: 61
    nt OS err code: 0


***********************************************************************
Fatal NI connect error 12541, connecting to:
 (DESCRIPTION=(ADDRESS=(PROTOCOL=TCP)(HOST=192.168.0.208)(PORT=1521))(CONNECT_DATA=(SERVICE_NAME=DMKFIP)(CID=(PROGRAM=D:\oracle\ora90\BIN\procob.exe)(HOST=YAQIEDU-231)(USER=Administrator))))

  VERSION INFORMATION:
	TNS for 32-bit Windows: Version 9.2.0.1.0 - Production
	Windows NT TCP/IP NT Protocol Adapter for 32-bit Windows: Version 9.2.0.1.0 - Production
  Time: 07-APR-2005 09:57:46
  Tracing not turned on.
  Tns error struct:
    nr err code: 0
    ns main err code: 12541
    TNS-12541: TNS: リスナーがありません。
    ns secondary err code: 12560
    nt main err code: 511
    TNS-00511: リスナーがありません。
    nt secondary err code: 61
    nt OS err code: 0


***********************************************************************
Fatal NI connect error 12541, connecting to:
 (DESCRIPTION=(ADDRESS=(PROTOCOL=TCP)(HOST=192.168.0.208)(PORT=1521))(CONNECT_DATA=(SERVICE_NAME=DMKFIP)(CID=(PROGRAM=D:\oracle\ora90\BIN\procob.exe)(HOST=YAQIEDU-231)(USER=Administrator))))

  VERSION INFORMATION:
	TNS for 32-bit Windows: Version 9.2.0.1.0 - Production
	Windows NT TCP/IP NT Protocol Adapter for 32-bit Windows: Version 9.2.0.1.0 - Production
  Time: 07-APR-2005 09:58:01
  Tracing not turned on.
  Tns error struct:
    nr err code: 0
    ns main err code: 12541
    TNS-12541: TNS: リスナーがありません。
    ns secondary err code: 12560
    nt main err code: 511
    TNS-00511: リスナーがありません。
    nt secondary err code: 61
    nt OS err code: 0
