Pro*COBOL: Release 9.2.0.1.0 - Production on y Apr 9 14:37:49 2005

Copyright (c) 1982, 2002, Oracle Corporation.  All rights reserved.

t@C: COBIS670.PCOI[v
     1  000010
     2  000020******************************************************************
     3  000030*         CP(A)                                     *
     4  000040*      1. vO    FǗ^MWJڍs                 *
     5  000050*      2. vOID    FCOBIS670                             *
     6  000060*      3. Tv        FFOCUS.^M(WJ)̂ɑSΏ     *
     7  000070*                           ƂāAǗ^MWJ쐬B     *
     8  000080*                                                                *
     9  000090*      4. 쐬          F                                 *
    10  000100*      5. 쐬          F2005.04.02                           *
    11  000110******************************************************************
    12  000120*                                                                *
    13  000130******************************************************************
    14  000140*    hcdmshehb`shnm  chuhrhnm              *
    15  000150******************************************************************
    16  000160 IDENTIFICATION                       DIVISION.                   
    17  000170*                                                                 
    18  000180 PROGRAM-ID.                          COBIS670.                   
    19  000190******************************************************************
    20  000200*    dmuhqnmldms        chuhrhnm              *
    21  000210******************************************************************
    22  000220 ENVIRONMENT                          DIVISION.                   
    23  000230******************************************************************
    24  000240*    hmots|ntsots      rdbshnm                *
    25  000250******************************************************************
    26  000260 INPUT-OUTPUT                         SECTION.                    
    27  000270 FILE-CONTROL.                                                    
    28  000280*                                                                 
    29  000290     SELECT    o̓t@C           ASSIGN    TO     U11        
    30  000300     FILE      STATUS     IS          v|                    
    31  000310     ORGANIZATION         IS          LINE      SEQUENTIAL.       
    32  000320*                                                                 
    33  000330******************************************************************
    34  000340*    c`s`                      chuhrhnm              *
    35  000350******************************************************************
    36  000360 DATA                                 DIVISION.                   
    37  000370******************************************************************
    38  000380*    ehkd                      rdbshnm                *
    39  000390******************************************************************
    40  000400 FILE                                 SECTION.                    
    41  000410*----------------------------------------------------------------*
    42  000420*    o̓t@C                                                *
    43  000430*----------------------------------------------------------------*
    44  000440 FD  o̓t@C                                                 
    45  000450     LABEL     RECORD     IS          STANDARD                    
    46  000460     BLOCK     CONTAINS   0           RECORDS.                    
    47  000470*                                                                 
    48  000480 01  ó|R[h.                                              
    49  000490     COPY  CISUF670  REPLACING  ==()==  BY  ==oJ|==.           
    50  000500*                                                                 
    51  000510******************************************************************
    52  000520*  vnqjhmf|rsnq`fd  rdbshnm                *
    53  000530******************************************************************
    54  000540 WORKING-STORAGE                      SECTION.                    
    55  000550*----------------------------------------------------------------*
    56  000560*    zXgϐ`GA                                        *
    57  000570*----------------------------------------------------------------*
    58  000580     EXEC  SQL  BEGIN  DECLARE        SECTION  END-EXEC.          
    59  000590 01  vr|Ǘ^MR[h           PIC  X(08).                 
    60  000600*--< nq`bkdʕϐ >                                       
    61  000610     EXEC  SQL  INCLUDE  SQLCOM.CBL            END-EXEC.          
Pro*COBOL: Release 9.2.0.1.0 - Production on y Apr 9 14:37:49 2005

Copyright (c) 1982, 2002, Oracle Corporation.  All rights reserved.

    62  000620*                                                                 
    63  000630*--< nq`bkd  rpks >                               
t@C: Z:\COB97\COPYLIB_DB\SQLCOM.CBLI[v
     1  000010*--rpkʕϐ
     2  000030   01  SQLSTATE                      PIC  X(005).
     3  000040   01  DB-STRING                     PIC  X(020).
     4  000050   01  USERNAME                      PIC  X(010).
     5  000060   01  PASSWD                        PIC  X(010).
     6  000070*
t@C: Z:\COB97\COPYLIB_DB\SQLCOM.CBLN[Y
    64  000640     EXEC  SQL  INCLUDE  SQLCA.COB             END-EXEC.          
    65  000650*                                                                 
    66  000660*--< ϊe[u >                                               
    67  000670     EXEC  SQL  INCLUDE  IKOTBL001.CBL         END-EXEC.          
    68  000680*                                                                 
    69  000690*--< ϊe[u >                                               
t@C: Z:\COB97\COPYLIB_DB\IKOTBL001.CBLI[v
     1  000010************************************************
     2  000020* ϊe[u(IKOTBL001)
     3  000030************************************************
     4  000040 01  hjnOOP|R[h PIC  X(008).
     5  000050 01  hjnOOP|ړIbc PIC  X(001).
     6  000060 01  hjnOOP|VR[h PIC  X(007).
     7  000070 01  hjnOOP|} PIC  X(003).
     8  000080 01  hjnOOP|^MR[h PIC  X(007).
     9  000090 01  hjnOOP|񂹃R[h PIC  X(008).
    10  000100 01  hjnOOP|[UR[h PIC  X(008).
    11  000110 01  hjnOOP|ʂbc PIC  X(001).
t@C: Z:\COB97\COPYLIB_DB\IKOTBL001.CBLN[Y
    70  000700     EXEC  SQL  INCLUDE  IKOTBL002.CBL         END-EXEC.          
    71  000710*                                                                 
    72  000720*--< ^M() >                                                 
t@C: Z:\COB97\COPYLIB_DB\IKOTBL002.CBLI[v
     1  000010************************************************
     2  000020* _ޓϊe[u(IKOTBL002)
     3  000030************************************************
     4  000040 01  hjnOOQ|_mn PIC  X(009).
     5  000050 01  hjnOOQ|ă[XR[h PIC S9(001) COMP-3.
     6  000060 01  hjnOOQ|菈R[h PIC S9(002) COMP-3.
     7  000070 01  hjnOOQ|菈R[h PIC S9(002) COMP-3.
     8  000080 01  hjnOOQ|ă[X PIC S9(002) COMP-3.
     9  000090 01  hjnOOQ|菈R[h PIC S9(002) COMP-3.
    10  000100 01  hjnOOQ|菈R[h PIC S9(002) COMP-3.
    11  000110 01  hjnOOQ|_ PIC  X(003).
    12  000120 01  hjnOOQ|_敪 PIC  X(001).
    13  000130 01  hjnOOQ|菇 PIC  X(001).
t@C: Z:\COB97\COPYLIB_DB\IKOTBL002.CBLN[Y
    73  000730     EXEC  SQL  INCLUDE  YOSHINMEISAI.CBL      END-EXEC.          
    74  000740*                                                                 
    75  000750*--< ^M(WJ) >                                                 
t@C: Z:\COB97\COPYLIB_DB\YOSHINMEISAI.CBLI[v
     1  000010************************************************
     2  000020* ^M()(YOSHINMEISAI)
     3  000030************************************************
     4  000040 01  xnrghmldhr`h|Ǘ^MR[h  PIC  X(008).
     5  000050 01  xnrghmldhr`h|Ǘ^M敪  PIC  X(001).
     6  000060 01  xnrghmldhr`h|^M敪  PIC  X(001).
     7  000070 01  xnrghmldhr`h|̓  PIC  X(008).
     8  000080 01  xnrghmldhr`h|_mn  PIC  X(009).
     9  000090 01  xnrghmldhr`h|R[h  PIC  X(002).
    10  000100 01  xnrghmldhr`h|ƏR[h  PIC  X(004).
    11  000110 01  xnrghmldhr`h|tOP  PIC  X(002).
Pro*COBOL: Release 9.2.0.1.0 - Production on y Apr 9 14:37:49 2005

Copyright (c) 1982, 2002, Oracle Corporation.  All rights reserved.

    12  000120 01  xnrghmldhr`h|tOQ  PIC  X(002).
    13  000130 01  xnrghmldhr`h|  PIC  X(060).
    14  000140 01  xnrghmldhr`h|_  PIC  X(008).
    15  000150 01  xnrghmldhr`h|  PIC  X(008).
    16  000160 01  xnrghmldhr`h|  PIC  X(008).
    17  000170 01  xnrghmldhr`h|؊Jn  PIC  X(008).
    18  000180 01  xnrghmldhr`h|ݕtʌ  PIC S9(013) COMP-3.
    19  000190 01  xnrghmldhr`h|ғY  PIC S9(013) COMP-3.
    20  000200 01  xnrghmldhr`h|i  PIC S9(013) COMP-3.
    21  000210 01  xnrghmldhr`h|Mpیtۋ敪  PIC  X(001).
    22  000220 01  xnrghmldhr`h|Mpی  PIC S9(013) 
    23  000230                                                     COMP-3.
    24  000240 01  xnrghmldhr`h|_z  PIC S9(013) COMP-3.
    25  000250 01  xnrghmldhr`h|cz  PIC S9(013) COMP-3.
    26  000260 01  xnrghmldhr`h|  PIC  X(002).
    27  000270 01  xnrghmldhr`h|Jn  PIC  X(001).
    28  000280 01  xnrghmldhr`h|׎x  PIC  X(003).
    29  000290 01  xnrghmldhr`h|vZ  PIC  X(001).
    30  000300 01  xnrghmldhr`h|TCN  PIC  X(002).
    31  000310 01  xnrghmldhr`h|k  PIC S9(013) COMP-3.
    32  000320 01  xnrghmldhr`h|Nx敪  PIC  X(001).
    33  000330 01  xnrghmldhr`h|̍c  PIC S9(013) COMP-3.
    34  000340 01  xnrghmldhr`h|̌{c  PIC S9(013) COMP-3.
    35  000350 01  xnrghmldhr`h|c  PIC S9(013) COMP-3.
    36  000360 01  xnrghmldhr`h|{c  PIC S9(013) COMP-3.
    37  000370 01  xnrghmldhr`h|mc  PIC S9(013) COMP-3.
    38  000380 01  xnrghmldhr`h|m{c  PIC S9(013) COMP-3.
    39  000390 01  xnrghmldhr`h|{  PIC S9(013) COMP-3.
    40  000400 01  xnrghmldhr`h|  PIC S9(013) COMP-3.
    41  000410 01  xnrghmldhr`h|  PIC S9(013) COMP-3.
    42  000420 01  xnrghmldhr`h|a  PIC S9(013) COMP-3.
    43  000430 01  xnrghmldhr`h|pz  PIC S9(013) COMP-3.
    44  000440 01  xnrghmldhr`h|XVt  PIC  X(008).
    45  000450 01  xnrghmldhr`h|Œ藘  PIC S9(003)V9(8) 
    46  000460                                                    COMP-3.
    47  000470 01  xnrghmldhr`h|ϓ敪  PIC  X(001).
    48  000480 01  xnrghmldhr`h|Xvbh  PIC S9(003)V9(8) 
    49  000490                                                    COMP-3.
    50  000500 01  xnrghmldhr`h|A敪  PIC  X(001).
t@C: Z:\COB97\COPYLIB_DB\YOSHINMEISAI.CBLN[Y
    76  000760     EXEC  SQL  INCLUDE  YOSHINTENKAI.CBL      END-EXEC.          
    77  000770*                                                                 
t@C: Z:\COB97\COPYLIB_DB\YOSHINTENKAI.CBLI[v
     1  000010************************************************
     2  000020* ^M(WJ)(YOSHINTENKAI)
     3  000030************************************************
     4  000040 01  xnrghmsdmj`h|Ǘ^MR[h  PIC  X(008).
     5  000050 01  xnrghmsdmj`h|Ǘ^M敪  PIC  X(001).
     6  000060 01  xnrghmsdmj`h|^M敪  PIC  X(001).
     7  000070 01  xnrghmsdmj`h|̓  PIC  X(008).
     8  000080 01  xnrghmsdmj`h|_mn  PIC  X(009).
     9  000090 01  xnrghmsdmj`h|R[h  PIC  X(002).
    10  000100 01  xnrghmsdmj`h|WJN  PIC  X(006).
    11  000110 01  xnrghmsdmj`h|WJt  PIC  X(002).
    12  000120 01  xnrghmsdmj`h|tO  PIC  X(002).
    13  000130 01  xnrghmsdmj`h|WJx  PIC  X(003).
    14  000140 01  xnrghmsdmj`h|[X  PIC S9(013) COMP-3.
    15  000150 01  xnrghmsdmj`h|z  PIC S9(013) COMP-3.
    16  000160 01  xnrghmsdmj`h|{  PIC S9(013) COMP-3.
    17  000170 01  xnrghmsdmj`h|{c  PIC S9(013) COMP-3.
    18  000180 01  xnrghmsdmj`h|c  PIC S9(013) COMP-3.
    19  000190 01  xnrghmsdmj`h|p  PIC S9(013) COMP-3.
Pro*COBOL: Release 9.2.0.1.0 - Production on y Apr 9 14:37:49 2005

Copyright (c) 1982, 2002, Oracle Corporation.  All rights reserved.

    20  000200 01  xnrghmsdmj`h|藘  PIC S9(011) COMP-3.
    21  000210 01  xnrghmsdmj`h|̌  PIC S9(013) COMP-3.
t@C: Z:\COB97\COPYLIB_DB\YOSHINTENKAI.CBLN[Y
    78  000780     EXEC  SQL  END      DECLARE      SECTION  END-EXEC.          
    79  000790*----------------------------------------------------------------*
    80  000800*   Ɨ̈`                                                 *
    81  000810*----------------------------------------------------------------*
    82  000820 01  vnqj|GA.                                            
    83  000830*--< G[R[h >                                               
    84  000840     03  v|G[R[h             PIC S9(04).                 
    85  000850*                                                                 
    86  000860*--< t@C >                                               
    87  000870     03 v|                      PIC  X(02).                 
    88  000880     03 v|Ǘ^M              PIC  X(02).                 
    89  000890*                                                                 
    90  000900*--< GA >                                                 
    91  000910     03 GA.                                               
    92  000920        05  v|́|P          PIC  9(09).                 
    93  000930        05  v|́|Q          PIC  9(09).                 
    94  000940        05  v|ó|            PIC  9(09).                 
    95  000950*                                                                 
    96  000960*--< tOAA >                                               
    97  000970     03 tO|GA.                                           
    98  000980        05  v|I|tO          PIC  X(01).                 
    99  000990        05  ُI|tO          PIC  X(01).                 
   100  001000*                                                                 
   101  001010*--< L[GA >                                                 
   102  001020     03  jdx|GA.                                          
   103  001030        05  mdvL[.                                           
   104  001040            07 vm|^MǗR[h PIC  X(09).                 
   105  001050            07 vm|_ԍ         PIC  X(10).                 
   106  001060            07 vm|ă[X     PIC S9(02).                 
   107  001070            07 vm|_         PIC  X(03).                 
   108  001080        05  nkcL[.                                           
   109  001090            07 vn|^MǗR[h PIC  X(09).                 
   110  001100            07 vn|_ԍ         PIC  X(10).                 
   111  001110            07 vn|ă[X     PIC S9(02).                 
   112  001120            07 vn|_         PIC  X(03).                 
   113  001130*                                                                 
   114  001140*--< A >                                                       
   115  001150     03 v|A                      PIC  9(03).                 
   116  001160*                                                                 
   117  001170*----------------------------------------------------------------*
   118  001180*   Ԓ`                                                 *
   119  001190*----------------------------------------------------------------*
   120  001200*--< ʏ >                                                   
   121  001210 01  v|ʏ.                                                
   122  001220     03  v|VXet.                                        
   123  001230         05  v|I                 PIC  X(02) VALUE  "20".     
   124  001240         05  v|N               PIC  X(06).                 
   125  001250     03  v|VXe             PIC  X(08).                 
   126  001260     03  v|S                   PIC  X(08) VALUE "IKOPG   ".
   127  001270*----------------------------------------------------------------*
   128  001280*    Tu[`                                              *
   129  001290*----------------------------------------------------------------*
   130  001300 01  CALL-AREA.                                                   
   131  001310*--< ʃOTu[` >                                       
   132  001320     03  CLOCO001                     PIC  X(08) VALUE "CLOCO001".
   133  001330     03  COBCO001                     PIC  X(08) VALUE "COBCO001".
   134  001340*----------------------------------------------------------------*
   135  001350*    bnoẍ                                                *
   136  001360*----------------------------------------------------------------*
Pro*COBOL: Release 9.2.0.1.0 - Production on y Apr 9 14:37:49 2005

Copyright (c) 1982, 2002, Oracle Corporation.  All rights reserved.

   137  001370*--< ʃOpp[^ >                                       
   138  001380 01  IF-CHOCO001.                                                 
   139  001390     COPY  CHOCO001  REPLACING  ==()==  BY  ==P|==.           
   140  001400*                                                                 
   141  001410*----------------------------------------------------------------*
   142  001420*    hmht@CǍTu[`pp^̈                *
   143  001430*----------------------------------------------------------------*
   144  001440 01  PARA-AREA.                                                   
   145  001450     COPY CPBCO001.                                               
   146  001460******************************************************************
   147  001470*    萔pf[^`GA                                      *
   148  001480******************************************************************
   149  001490 CONSTANT                             SECTION.                    
   150  001500 01  萔̈.                                                    
   151  001510     03  萔|vOhc         PIC  X(08) VALUE "COBIS670".
   152  001520     03  萔|vO           PIC  X(80)                  
   153  001530                                    VALUE  "Ǘ^MWJڍs".
   154  001540     03  萔|rpknj             PIC  9(04)  VALUE  ZERO.    
   155  001550     03  萔|rpkdmc           PIC  9(04)  VALUE  0100.    
   156  001560     03  萔|               PIC  9(04)  VALUE  ZERO.    
   157  001570     03  萔|ُ               PIC  9(04)  VALUE  0009.    
   158  001580******************************************************************
   159  001590*    oqnbdctqd            chuhrhnm              *
   160  001600******************************************************************
   161  001610 PROCEDURE                            DIVISION.                   
   162  001620*                                                                 
   163  001630     PERFORM   .                                          
   164  001640*                                                                 
   165  001650     PERFORM   又  UNTIL  v|I|tO  =  "Y".           
   166  001660*                                                                 
   167  001670     PERFORM   I.                                          
   168  001680*                                                                 
   169  001690     STOP RUN.                                                    
   170  001700*                                                                 
   171  001710******************************************************************
   172  001720*                                                <1.0>   *
   173  001730******************************************************************
   174  001740                              SECTION.                    
   175  001750 |rs`qs.                                            
   176  001760*                                                                 
   177  001770*----------------------------------------------------------------*
   178  001780*    JnbZ[Wo                                          *
   179  001790*----------------------------------------------------------------*
   180  001800     INITIALIZE                       IF-CHOCO001.                
   181  001810     MOVE  "3"                        TO  P|Cxg.     
   182  001820     MOVE  萔|vOhc       TO  P|\[Xhc.       
   183  001830     MOVE  "ZERO"                     TO  P|AR[h.       
   184  001840     MOVE  "START"                    TO  P|.         
   185  001850     MOVE  萔|vO         TO  P|̑bZ[W. 
   186  001860     CALL  CLOCO001                USING  IF-CHOCO001.            
   187  001870*                                                                 
   188  001880*----------------------------------------------------------------*
   189  001890*    Ɨ̈̏lݒ                                        *
   190  001900*----------------------------------------------------------------*
   191  001910     MOVE  SPACE                      TO  vnqj|GA.       
   192  001920     INITIALIZE                           vnqj|GA.       
   193  001930*                                                                 
   194  001940*--< bott擾 >                                           
   195  001950     ACCEPT  v|N               FROM  DATE.                 
   196  001960*                                                                 
   197  001970*--< bot擾 >                                           
   198  001980     ACCEPT  v|VXe         FROM  TIME.                 
Pro*COBOL: Release 9.2.0.1.0 - Production on y Apr 9 14:37:49 2005

Copyright (c) 1982, 2002, Oracle Corporation.  All rights reserved.

   199  001990*----------------------------------------------------------------*
   200  002000*    nq`bkdڑ                                    <1.1>   *
   201  002010*----------------------------------------------------------------*
   202  002020     PERFORM  nq`bkdڑ.                                   
   203  002030*                                                                 
   204  002040*----------------------------------------------------------------*
   205  002050*    e[uJ[\錾                            <1.2>   *
   206  002060*----------------------------------------------------------------*
   207  002070     PERFORM  J[\錾.                                       
   208  002080*                                                                 
   209  002090*----------------------------------------------------------------*
   210  002100*    t@CI[v                                    <1.3>   *
   211  002110*----------------------------------------------------------------*
   212  002120     PERFORM  t@CI[v.                                   
   213  002130*                                                                 
   214  002140*----------------------------------------------------------------*
   215  002150*    e[uǍiPځj                          <C.1>   *
   216  002160*----------------------------------------------------------------*
   217  002170     PERFORM  e[uǍ.                                   
   218  002180*                                                                 
   219  002190******************************************************************
   220  002200*    又                                              <2.0>   *
   221  002210******************************************************************
   222  002220 又                               SECTION.                    
   223  002230 又|rs`qs.                                              
   224  002240*----------------------------------------------------------------*
   225  002250*    ҏW                                            <2.1>   *
   226  002260*----------------------------------------------------------------*
   227  002270     PERFORM  ҏW.                                           
   228  002280*                                                                 
   229  002290*----------------------------------------------------------------*
   230  002300*    Ǘ^MWJo͏                                <2.2>   *
   231  002310*----------------------------------------------------------------*
   232  002320     PERFORM  Ǘ^MWJo͏.                               
   233  002330*                                                                 
   234  002340*----------------------------------------------------------------*
   235  002350*    e[uǍ. (Qڈȍ~)                      <C.1>   *
   236  002360*----------------------------------------------------------------*
   237  002370     PERFORM   e[uǍ.                                  
   238  002380*                                                                 
   239  002390 又|dwhs.                                                
   240  002400     EXIT.                                                        
   241  002410******************************************************************
   242  002420*    I                                            <3.0>   *
   243  002430******************************************************************
   244  002440 I                             SECTION.                    
   245  002450 I|rs`qs.                                            
   246  002460*                                                                 
   247  002470*----------------------------------------------------------------*
   248  002480*    caN[Y                                        <3.1>   *
   249  002490*----------------------------------------------------------------*
   250  002500     PERFORM   caN[Y.                                      
   251  002510*                                                                 
   252  002520*--< t@CN[Y >                                           
   253  002530     CLOSE  o̓t@C.                                         
   254  002540*                                                                 
   255  002550*----------------------------------------------------------------*
   256  002560*    IbZ[Wo͏                              <C.3>   *
   257  002570*----------------------------------------------------------------*
   258  002580     PERFORM  IbZ[Wo.                                 
   259  002590*                                                                 
   260  002600*--< vOI >                                         
Pro*COBOL: Release 9.2.0.1.0 - Production on y Apr 9 14:37:49 2005

Copyright (c) 1982, 2002, Oracle Corporation.  All rights reserved.

   261  002610     MOVE  萔|             TO  PROGRAM-STATUS.         
   262  002620*                                                                 
   263  002630 I|dwhs.                                              
   264  002640     EXIT.                                                        
   265  002650******************************************************************
   266  002660*    nq`bkdڑ                                    <1.1>   *
   267  002670******************************************************************
   268  002680 nq`bkdڑ                     SECTION.                    
   269  002690 nq`bkdڑ|rs`qs.                                    
   270  002700*                                                                 
   271  002710*--< hmht@CǍTu[`Ăяo >                     
   272  002720     CALL  COBCO001                USING  PARA-AREA.              
   273  002730*                                                                 
   274  002740     MOVE  PARA-DBSTRING              TO  DB-STRING.              
   275  002750     MOVE  PARA-USERNAME              TO  USERNAME.               
   276  002760     MOVE  PARA-PASSWORD              TO  PASSWD.                 
   277  002770*                                                                 
   278  002780*----------------------------------------------------------------*
   279  002790*    Jnڑ                                                    *
   280  002800*----------------------------------------------------------------*
   281  002810     IF  DB-STRING  =  SPACE                                      
   282  002820        EXEC  SQL                                                 
   283  002830           CONNECT  :USERNAME  IDENTIFIED  BY  :PASSWD            
   284  002840        END-EXEC                                                  
   285  002850     ELSE                                                         
   286  002860        EXEC  SQL                                                 
   287  002870           CONNECT  :USERNAME  IDENTIFIED  BY  :PASSWD            
   288  002880             USING  :DB-STRING                                    
   289  002890        END-EXEC                                                  
   290  002900     END-IF.                                                      
   291  002910*                                                                 
   292  002920*----------------------------------------------------------------*
   293  002930*    ڑԔ                                                *
   294  002940*----------------------------------------------------------------*
   295  002950     EVALUATE  SQLCODE                                            
   296  002960        WHEN  萔|rpknj                                    
   297  002970*--<       ڑ >                                             
   298  002980           CONTINUE                                               
   299  002990        WHEN  OTHER                                               
   300  003000*--<       ڑG[ >                                           
   301  003010           MOVE     -10               TO  v|G[R[h        
   302  003020           PERFORM  G[                                    
   303  003030     END-EVALUATE.                                                
   304  003040*                                                                 
   305  003050 nq`bkdڑ|dwhs.                                      
   306  003060     EXIT.                                                        
   307  003070******************************************************************
   308  003080*    e[uJ[\錾                            <1.2>   *
   309  003090******************************************************************
   310  003100*                                                                 
   311  003110 J[\錾                         SECTION.                    
   312  003120 J[\錾|rs`qs.                                        
   313  003130*                                                                 
   314  003140*----------------------------------------------------------------*
   315  003150*    J[\錾                                                *
   316  003160*----------------------------------------------------------------*
   317  003170     EXEC  SQL                                                    
   318  003180        DECLARE  CUR1  CURSOR  FOR                                
   319  003190           SELECT  YOSHINMEISAI.Ǘ^MR[h                  
   320  003200                  ,YOSHINTENKAI._mn                          
   321  003210                  ,YOSHINTENKAI.WJN                          
   322  003220                  ,YOSHINTENKAI.WJt                          
Pro*COBOL: Release 9.2.0.1.0 - Production on y Apr 9 14:37:49 2005

Copyright (c) 1982, 2002, Oracle Corporation.  All rights reserved.

   323  003230                  ,YOSHINTENKAI.tO                        
   324  003240                  ,YOSHINTENKAI.WJx                      
   325  003250                  ,YOSHINTENKAI.[X                        
   326  003260                  ,YOSHINTENKAI.z                            
   327  003270                  ,YOSHINTENKAI.{                          
   328  003280                  ,YOSHINTENKAI.{c                            
   329  003290                  ,YOSHINTENKAI.c                            
   330  003300                  ,YOSHINTENKAI.p                            
   331  003310                  ,YOSHINTENKAI.藘                          
   332  003320                  ,YOSHINTENKAI.̌                        
   333  003330             FROM  YOSHINTENKAI                                   
   334  003340                  ,YOSHINMEISAI                                   
   335  003350            WHERE  YOSHINTENKAI.Ǘ^MR[h =                
   336  003360                            YOSHINMEISAI.Ǘ^MR[h         
   337  003370              AND  YOSHINTENKAI.Ǘ^M敪  =                   
   338  003380                            YOSHINMEISAI.Ǘ^M敪           
   339  003390              AND  YOSHINTENKAI.^M敪  =                   
   340  003400                            YOSHINMEISAI.^M敪           
   341  003410              AND  YOSHINTENKAI.̓ =                          
   342  003420                            YOSHINMEISAI.̓                      
   343  003430              AND  YOSHINTENKAI._mn =                        
   344  003440                            YOSHINMEISAI._mn             
   345  003450              AND  YOSHINTENKAI.R[h =                      
   346  003460                            YOSHINMEISAI.R[h            
   347  003470*                                                                 
   348  003480     END-EXEC.                                                    
   349  003490*                                                                 
   350  003500*----------------------------------------------------------------*
   351  003510*    J[\I[v                                            *
   352  003520*----------------------------------------------------------------*
   353  003530     EXEC  SQL                                                    
   354  003540        OPEN  CUR1                                                
   355  003550     END-EXEC.                                                    
   356  003560*                                                                 
   357  003570*----------------------------------------------------------------*
   358  003580*    J[\I[vmF                                      *
   359  003590*----------------------------------------------------------------*
   360  003600     EVALUATE   SQLCODE                                           
   361  003610        WHEN   萔|rpknj                                   
   362  003620*--<        >                                                 
   363  003630           CONTINUE                                               
   364  003640        WHEN   OTHER                                              
   365  003650*--<       J[\I[vsAvOُI >           
   366  003660           MOVE      -20              TO  v|G[R[h        
   367  003670           PERFORM   G[                                   
   368  003680     END-EVALUATE.                                                
   369  003690*                                                                 
   370  003700 J[\錾|dwhs.                                          
   371  003710     EXIT.                                                        
   372  003720*                                                                 
   373  003730******************************************************************
   374  003740*    o̓t@Cnodm                                <1.3>   *
   375  003750******************************************************************
   376  003760 t@CI[v                     SECTION.                    
   377  003770 t@CI[v|rs`qs.                                    
   378  003780     OPEN             OUTPUT          o̓t@C.               
   379  003790*----------------------------------------------------------------*
   380  003800*    Ǘ^MWJt@CI[vmF                            *
   381  003810*----------------------------------------------------------------*
   382  003820     EVALUATE  v|                                           
   383  003830        WHEN  ZERO                                                
   384  003840*--<        >                                                 
Pro*COBOL: Release 9.2.0.1.0 - Production on y Apr 9 14:37:49 2005

Copyright (c) 1982, 2002, Oracle Corporation.  All rights reserved.

   385  003850           CONTINUE                                               
   386  003860        WHEN  OTHER                                               
   387  003870*--<       Ǘ^MWJt@CnodmG[ >                   
   388  003880           MOVE -30                   TO  v|G[R[h        
   389  003890           PERFORM  G[                                    
   390  003900     END-EVALUATE.                                                
   391  003910*                                                                 
   392  003920 t@CI[v|dwhs.                                      
   393  003930     EXIT.                                                        
   394  003940*                                                                 
   395  003950******************************************************************
   396  003960*    e[uǍ                                    <C.1>   *
   397  003970******************************************************************
   398  003980 e[uǍ                     SECTION.                    
   399  003990 e[uǍ|rs`qs.                                    
   400  004000*                                                                 
   401  004010*--< e[uǍ >                                           
   402  004020     EXEC SQL                                                     
   403  004030         FETCH  CUR1                                              
   404  004040          INTO     :xnrghmldhr`h|Ǘ^MR[h    
   405  004050                  ,:xnrghmsdmj`h|_mn            
   406  004060                  ,:xnrghmsdmj`h|WJN             
   407  004070                  ,:xnrghmsdmj`h|WJt            
   408  004080                  ,:xnrghmsdmj`h|tO            
   409  004090                  ,:xnrghmsdmj`h|WJx        
   410  004100                  ,:xnrghmsdmj`h|[X          
   411  004110                  ,:xnrghmsdmj`h|z              
   412  004120                  ,:xnrghmsdmj`h|{            
   413  004130                  ,:xnrghmsdmj`h|{c              
   414  004140                  ,:xnrghmsdmj`h|c              
   415  004150                  ,:xnrghmsdmj`h|p              
   416  004160                  ,:xnrghmsdmj`h|藘             
   417  004170                  ,:xnrghmsdmj`h|̌          
   418  004180     END-EXEC.                                                    
   419  004190*                                                                 
   420  004200*----------------------------------------------------------------*
   421  004210*    e[uǍmF                                      *
   422  004220*----------------------------------------------------------------*
   423  004230     EVALUATE   SQLCODE                                           
   424  004240        WHEN   萔|rpknj                                   
   425  004250*--<          >                                               
   426  004260           COMPUTE  v|́|P  =  v|́|P  +  1   
   427  004270           COMPUTE  v|́|Q  =  v|́|Q  +  1   
   428  004280        WHEN   萔|rpkdmc                                 
   429  004290*--<       ǍI   >                                           
   430  004300           MOVE  "Y"                  TO  v|I|tO        
   431  004310        WHEN   OTHER                                              
   432  004320*--<       e[uǍG[   >                             
   433  004330           MOVE     -40               TO  v|G[R[h        
   434  004340           PERFORM  G[                                    
   435  004350     END-EVALUATE.                                                
   436  004360*                                                                 
   437  004370 e[uǍ|dwhs.                                      
   438  004380     EXIT.                                                        
   439  004390******************************************************************
   440  004400*    ҏW                                            <2.1>   *
   441  004410******************************************************************
   442  004420 ҏW                             SECTION.                    
   443  004430 ҏW|rs`qs.                                            
   444  004440*                                                                 
   445  004450*--< o̓R[h >                                       
   446  004460*                                                                 
Pro*COBOL: Release 9.2.0.1.0 - Production on y Apr 9 14:37:49 2005

Copyright (c) 1982, 2002, Oracle Corporation.  All rights reserved.

   447  004470     MOVE  SPACE                      TO  ó|R[h.         
   448  004480     INITIALIZE                           ó|R[h.         
   449  004490*                                                                 
   450  004500*----------------------------------------------------------------*
   451  004510*    ҏW                                                    *
   452  004520*----------------------------------------------------------------*
   453  004530*--< No.01 >                                                      
   454  004540     PERFORM  Ǘ^MR[h.                                   
   455  004550     IF v|Ǘ^M = "Y"                                    
   456  004560        PERFORM  e[uǍ                                 
   457  004570        PERFORM  Ǘ^MR[h                                 
   458  004580     END-IF.                                                      
   459  004590     MOVE     vr|Ǘ^MR[h                              
   460  004600                                      TO  oJ|^MǗR[h. 
   461  004610*                                                                 
   462  004620*--< No.02 >                                                      
   463  004630     MOVE     xnrghmsdmj`h|_mn                  
   464  004640                                      TO  oJ|_ԍ.         
   465  004650*                                                                 
   466  004660*--< No.03 >                                                      
   467  004670     PERFORM  ă[X񐔏.                                   
   468  004680     MOVE     hjnOOQ|ă[X                          
   469  004690                                      TO  oJ|ă[X.     
   470  004700*                                                                 
   471  004710*--< No.04 >                                                      
   472  004720     PERFORM  _ޏ.                                       
   473  004730     MOVE    hjnOOQ|_   TO  oJ|_.         
   474  004740*                                                                 
   475  004750*--< No.05 >                                                      
   476  004760     PERFORM  Aԏ.                                           
   477  004770     MOVE     v|A                TO  oJ|A.             
   478  004780*                                                                 
   479  004790*--< No.06 >                                                      
   480  004800     MOVE  xnrghmsdmj`h|WJN                     
   481  004810                                      TO  oJ|WJN.         
   482  004820*                                                                 
   483  004830*--< No.07 >                                                      
   484  004840     MOVE  xnrghmsdmj`h|WJt                     
   485  004850                                      TO  oJ|WJt.         
   486  004860*                                                                 
   487  004870*--< No.08 >                                                      
   488  004880     MOVE  xnrghmsdmj`h|tO                   
   489  004890                                      TO  oJ|tO.       
   490  004900*                                                                 
   491  004910*--< No.09 >                                                      
   492  004920     MOVE  xnrghmsdmj`h|WJx                 
   493  004930                                      TO  oJ|WJx.     
   494  004940*                                                                 
   495  004950*--< No.10 >                                                      
   496  004960     MOVE  xnrghmsdmj`h|[X                   
   497  004970                                      TO  oJ|[X.       
   498  004980*                                                                 
   499  004990*--< No.11 >                                                      
   500  005000     MOVE  xnrghmsdmj`h|z                       
   501  005010                                      TO  oJ|z.           
   502  005020*                                                                 
   503  005030*--< No.12 >                                                      
   504  005040     MOVE  xnrghmsdmj`h|{                     
   505  005050                                      TO  oJ|{.         
   506  005060*                                                                 
   507  005070*--< No.13 >                                                      
   508  005080     MOVE  xnrghmsdmj`h|{c                       
Pro*COBOL: Release 9.2.0.1.0 - Production on y Apr 9 14:37:49 2005

Copyright (c) 1982, 2002, Oracle Corporation.  All rights reserved.

   509  005090                                      TO  oJ|{c.           
   510  005100*                                                                 
   511  005110*--< No.14 >                                                      
   512  005120     MOVE  xnrghmsdmj`h|c                       
   513  005130                                      TO  oJ|c.           
   514  005140*                                                                 
   515  005150*--< No.15 >                                                      
   516  005160     MOVE  xnrghmsdmj`h|p                       
   517  005170                                      TO  oJ|p.           
   518  005180*                                                                 
   519  005190*--< No.16 >                                                      
   520  005200     MOVE  xnrghmsdmj`h|藘                     
   521  005210                                      TO  oJ|藘.         
   522  005220*                                                                 
   523  005230*--< No.17 >                                                      
   524  005240     MOVE  xnrghmsdmj`h|̌                   
   525  005250                                      TO  oJ|̌.       
   526  005260*                                                                 
   527  005270*--< No.18 >                                                      
   528  005280     MOVE  v|VXet           TO  oJ|o^N.       
   529  005290*                                                                 
   530  005300*--< No.19 >                                                      
   531  005310     MOVE  v|VXe           TO  oJ|o^.         
   532  005320*                                                                 
   533  005330*--< No.20 >                                                      
   534  005340     MOVE  v|S                 TO  oJ|o^S.       
   535  005350*                                                                 
   536  005360*--< No.21 >                                                      
   537  005370     MOVE  v|VXet           TO  oJ|XVN.       
   538  005380*                                                                 
   539  005390*--< No.22 >                                                      
   540  005400     MOVE  v|VXe           TO  oJ|XV.         
   541  005410*                                                                 
   542  005420*--< No.23 >                                                      
   543  005430     MOVE  v|S                 TO  oJ|XV.           
   544  005440*                                                                 
   545  005450*--< No.24 >                                                      
   546  005460     MOVE  v|S                 TO                          
   547  005470                                      oJ|͒S҃R[h.     
   548  005480*                                                                 
   549  005490 ҏW|dwhs.                                              
   550  005500     EXIT.                                                        
   551  005510******************************************************************
   552  005520*    Ǘ^MR[h                                <No.01> *
   553  005530******************************************************************
   554  005540 Ǘ^MR[h                     SECTION.                    
   555  005550 Ǘ^MR[h|rs`qs.                                    
   556  005551           MOVE "N" TO  v|Ǘ^M                          
   557  005560     EVALUATE  xnrghmldhr`h|Ǘ^MR[h         
   558  005570        WHEN     "02683250"                                       
   559  005580           MOVE  "02683233"           TO                          
   560  005590                       vr|Ǘ^MR[h                     
   561  005600        WHEN     "T2677944"                                       
   562  005610           MOVE  "T2672500"           TO                          
   563  005620                       vr|Ǘ^MR[h                     
   564  005630        WHEN     "S1519455"                                       
   565  005640           MOVE  "S1519684"           TO                          
   566  005650                       vr|Ǘ^MR[h                     
   567  005660        WHEN OTHER                                                
   568  005670        PERFORM  ϊe[u                                 
   569  005680     END-EVALUATE.                                                
   570  005690 Ǘ^MR[h|dwhs.                                      
Pro*COBOL: Release 9.2.0.1.0 - Production on y Apr 9 14:37:49 2005

Copyright (c) 1982, 2002, Oracle Corporation.  All rights reserved.

   571  005700     EXIT.                                                        
   572  005710******************************************************************
   573  005720*    ϊe[u                                            *
   574  005730******************************************************************
   575  005740 ϊe[u                     SECTION.                    
   576  005750 ϊe[u|rs`qs.                                    
   577  005760     EXEC SQL                                                     
   578  005770        SELECT VR[h                                     
   579  005780              ,R[h                                       
   580  005790          INTO :hjnOOP|VR[h                      
   581  005800              ,:hjnOOP|R[h                        
   582  005810          FROM IKOTBL001                                          
   583  005820         WHERE R[h =                                     
   584  005830                      :xnrghmldhr`h|Ǘ^MR[h 
   585  005840           AND ړIbc = '2'                                     
   586  005850     END-EXEC.                                                    
   587  005860*----------------------------------------------------------------*
   588  005870*    ϊe[umF                                        *
   589  005880*----------------------------------------------------------------*
   590  005890     EVALUATE   SQLCODE                                           
   591  005900        WHEN   萔|rpknj                                   
   592  005910*--<          >                                               
   593  005920           MOVE  hjnOOP|VR[h  TO                 
   594  005930                 vr|Ǘ^MR[h                                      CONTINUE                                            
           
   595  005960        WHEN   OTHER                                              
   596  005970*--<       ϊe[uǍG[   >                             
   597  005980           DISPLAY                                                
   598  005990               "^MǗR[hϊG[ƂĊǗ^MR[h" 
   599  006000           DISPLAY                                                
   600  006010               hjnOOP|R[h "="                     
   601  006020               xnrghmldhr`h|Ǘ^MR[h         
   602  006030            DISPLAY  "ړIbc = '2'"                             
   603  006040            MOVE "Y" TO  v|Ǘ^M                         
   604  006050     END-EVALUATE.                                                
   605  006060*                                                                 
   606  006070 ϊe[u|dwhs.                                      
   607  006080     EXIT.                                                        
   608  006090*                                                                 
   609  006100******************************************************************
   610  006110*    ă[X񐔏                                    <No.03> *
   611  006120******************************************************************
   612  006130 ă[X񐔏                     SECTION.                    
   613  006140 ă[X񐔏|rs`qs.                                    
   614  006141     MOVE oJ|_ԍ     TO   hjnOOQ|_mn.         
   615  006150     EXEC SQL                                                     
   616  006160        SELECT MAX(ă[X)                                  
   617  006170          INTO :hjnOOQ|ă[X                        
   618  006180          FROM IKOTBL002                                          
   619  006190         WHERE _mn = :hjnOOQ|_mn                 
   620  006200     END-EXEC.                                                    
   621  006210*----------------------------------------------------------------*
   622  006220*    ă[X񐔏mF                                        *
   623  006230*----------------------------------------------------------------*
   624  006240     EVALUATE   SQLCODE                                           
   625  006250        WHEN   萔|rpknj                                   
   626  006260*--<          >                                               
   627  006270           CONTINUE                                               
   628  006280        WHEN   OTHER                                              
   629  006290*--<       ă[X񐔓ǍG[   >                             
   630  006300           MOVE       -50           TO    v|G[R[h        
   631  006310           PERFORM  G[                                    
Pro*COBOL: Release 9.2.0.1.0 - Production on y Apr 9 14:37:49 2005

Copyright (c) 1982, 2002, Oracle Corporation.  All rights reserved.

   632  006320           MOVE       ZERO          TO    oJ|ă[X      
   633  006330     END-EVALUATE.                                                
   634  006340*                                                                 
   635  006350 ă[X񐔏|dwhs.                                      
   636  006360     EXIT.                                                        
   637  006370*                                                                 
   638  006380******************************************************************
   639  006390*    _ޏ                                        <No.04> *
   640  006400******************************************************************
   641  006410 _ޏ                         SECTION.                    
   642  006420 _ޏ|rs`qs.                                        
   643  006421     MOVE oJ|ă[X    TO   hjnOOQ|ă[X.  
   644  006430     EXEC SQL                                                     
   645  006440        SELECT MIN(_)                                      
   646  006450          INTO :hjnOOQ|_                            
   647  006460          FROM IKOTBL002                                          
   648  006470         WHERE ă[X = :hjnOOQ|ă[X         
   649  006480     END-EXEC.                                                    
   650  006490*----------------------------------------------------------------*
   651  006500*    _ޏmF                                            *
   652  006510*----------------------------------------------------------------*
   653  006520     EVALUATE   SQLCODE                                           
   654  006530        WHEN   萔|rpknj                                   
   655  006540*--<          >                                               
   656  006550            CONTINUE  
   657  006560        WHEN   OTHER                                              
   658  006570*--<       _ޓǍG[   >                                 
   659  006580           MOVE       -60           TO    v|G[R[h        
   660  006590           PERFORM  G[                                    
   661  006600     END-EVALUATE.                                                
   662  006610*                                                                 
   663  006620 _ޏ|dwhs.                                          
   664  006630     EXIT.                                                        
   665  006640******************************************************************
   666  006650*    Aԏ                                            <No.05> *
   667  006660******************************************************************
   668  006670 Aԏ                             SECTION.                    
   669  006680 Aԏ|rs`qs.                                            
   670  006690     MOVE vr|Ǘ^MR[h                                  
   671  006700                                      TO vm|^MǗR[h   
   672  006710     MOVE vr|Ǘ^MR[h                                  
   673  006720                                      TO vm|_ԍ           
   674  006730     MOVE hjnOOQ|ă[X  TO vm|ă[X       
   675  006740     MOVE hjnOOQ|_      TO vm|_           
   676  006750     IF mdvL[    NOT   =   nkcL[                        
   677  006760        MOVE          1               TO v|A                 
   678  006770        MOVE     mdvL[           TO nkcL[               
   679  006780     ELSE                                                         
   680  006790        COMPUTE  v|A  =  v|A  +  1.                     
   681  006800*                                                                 
   682  006810 Aԏ|dwhs.                                              
   683  006820     EXIT.                                                        
   684  006830******************************************************************
   685  006840*    Ǘ^MWJo͏                                   <2.2>  *
   686  006850******************************************************************
   687  006860 Ǘ^MWJo͏                 SECTION.                    
   688  006870 Ǘ^MWJ|rs`qs.                                        
   689  006880*                                                                 
   690  006890     WRITE  ó|R[h.                                       
   691  006900*                                                                 
   692  006910*--< o͏̏Ԕ >                                         
   693  006920     EVALUATE  v|                                           
Pro*COBOL: Release 9.2.0.1.0 - Production on y Apr 9 14:37:49 2005

Copyright (c) 1982, 2002, Oracle Corporation.  All rights reserved.

   694  006930        WHEN  ZERO                                                
   695  006940*--<       o͏̉Z >                                       
   696  006950           COMPUTE   v|ó|  =  v|ó|  + 1       
   697  006960        WHEN  OTHER                                               
   698  006970*--<       t@Co̓G[ >                                   
   699  006980           MOVE     -70                TO  v|G[R[h       
   700  006990           PERFORM  G[                                    
   701  007000     END-EVALUATE.                                                
   702  007010 Ǘ^MWJ|dwhs.                                          
   703  007020     EXIT.                                                        
   704  007030******************************************************************
   705  007040*    caN[Y                                        <3.1>   *
   706  007050******************************************************************
   707  007060 caN[Y                         SECTION.                    
   708  007070 caN[Y|rs`qs.                                        
   709  007080*                                                                 
   710  007090*--< J[\̃N[Y >                                         
   711  007100     EXEC  SQL                                                    
   712  007110        CLOSE  CUR1                                               
   713  007120     END-EXEC.                                                    
   714  007130*                                                                 
   715  007140 caN[Y|dwhs.                                          
   716  007150     EXIT.                                                        
   717  007160*                                                                 
   718  007170******************************************************************
   719  007180*    IbZ[Wo                                  <C.3>   *
   720  007190******************************************************************
   721  007200  IbZ[Wo                  SECTION.                    
   722  007210  IbZ[Wó|rs`qs.                                 
   723  007220*                                                                 
   724  007230*----------------------------------------------------------------*
   725  007240*    ^M()t@C͌                                  *
   726  007250*----------------------------------------------------------------*
   727  007260     INITIALIZE                       IF-CHOCO001.                
   728  007270     MOVE  "3"                        TO  P|Cxg.     
   729  007280     MOVE  萔|vOhc       TO  P|\[Xhc.       
   730  007290     MOVE  "0"                        TO  P|AR[h.       
   731  007300     MOVE  "YOSHINME"                 TO  P|e[uhc. 
   732  007310     MOVE  "COUNT"                    TO  P|.         
   733  007320     MOVE  v|́|P           TO  P|f[^e.       
   734  007330     MOVE  "^M()Ǎ"       TO  P|̑bZ[W. 
   735  007340     CALL  CLOCO001                USING  IF-CHOCO001.            
   736  007350*                                                                 
   737  007360*----------------------------------------------------------------*
   738  007370*    ^M(WJ)t@C͌                                  *
   739  007380*----------------------------------------------------------------*
   740  007390     INITIALIZE                       IF-CHOCO001.                
   741  007400     MOVE  "3"                        TO  P|Cxg.     
   742  007410     MOVE  萔|vOhc       TO  P|\[Xhc.       
   743  007420     MOVE  "0"                        TO  P|AR[h.       
   744  007430     MOVE  "YOSHINTE"                 TO  P|e[uhc. 
   745  007440     MOVE  "COUNT"                    TO  P|.         
   746  007450     MOVE  v|́|Q           TO  P|f[^e.       
   747  007460     MOVE  "^M(WJ)Ǎ"       TO  P|̑bZ[W. 
   748  007470     CALL  CLOCO001                USING  IF-CHOCO001.            
   749  007480*                                                                 
   750  007490*----------------------------------------------------------------*
   751  007500*    Ǘ^MWJ}X^o͌                                  *
   752  007510*----------------------------------------------------------------*
   753  007520     INITIALIZE                       IF-CHOCO001.                
   754  007530     MOVE  "3"                        TO  P|Cxg.     
   755  007540     MOVE  萔|vOhc       TO  P|\[Xhc.       
Pro*COBOL: Release 9.2.0.1.0 - Production on y Apr 9 14:37:49 2005

Copyright (c) 1982, 2002, Oracle Corporation.  All rights reserved.

   756  007550     MOVE  "0"                        TO  P|AR[h.       
   757  007560     MOVE  "FFUSI670"                 TO  P|e[uhc. 
   758  007570     MOVE  "COUNT"                    TO  P|.         
   759  007580     MOVE  v|ó|             TO  P|f[^e.       
   760  007590     MOVE  "Ǘ^MWJo͌"     TO  P|̑bZ[W. 
   761  007600     CALL  CLOCO001                USING  IF-CHOCO001.            
   762  007610*                                                                 
   763  007620*----------------------------------------------------------------*
   764  007630*    IbZ[W o                                         *
   765  007640*----------------------------------------------------------------*
   766  007650     INITIALIZE                       IF-CHOCO001.                
   767  007660     MOVE  "3"                        TO  P|Cxg.     
   768  007670     MOVE  萔|vOhc       TO  P|\[Xhc.       
   769  007680     MOVE  "0"                        TO  P|AR[h.       
   770  007690     MOVE  "END"                      TO  P|.         
   771  007700     MOVE  萔|vO         TO  P|̑bZ[W. 
   772  007710     CALL  CLOCO001                USING  IF-CHOCO001.            
   773  007720*                                                                 
   774  007730 IbZ[Wó|dwhs.                                    
   775  007740     EXIT.                                                        
   776  007750******************************************************************
   777  007760*    G[                                          <4.0>   *
   778  007770******************************************************************
   779  007780 G[                           SECTION.                    
   780  007790 G[|rs`qs.                                          
   781  007800*                                                                 
   782  007810     MOVE  "Y"                        TO  ُI|tO.       
   783  007820     INITIALIZE                       IF-CHOCO001.                
   784  007830*                                                                 
   785  007840     EVALUATE  v|G[R[h                                   
   786  007850*                                                                 
   787  007860*                                                                 
   788  007870        WHEN  -10                                                 
   789  007880*--<       nq`bkdڑs >                                 
   790  007890           MOVE  "1"                  TO  P|Cxg      
   791  007900           MOVE  萔|vOhc TO  P|\[Xhc        
   792  007910           MOVE  "9"                  TO  P|AR[h        
   793  007920           MOVE  "CONNECT"            TO  P|          
   794  007930           MOVE  SQLCODE              TO  P|f[^e        
   795  007940           MOVE  SQLERRMC             TO  P|̑bZ[W  
   796  007950           CALL  CLOCO001          USING  IF-CHOCO001             
   797  007960*                                                                 
   798  007970        WHEN  -20                                                 
   799  007980*--<       J[\I[vs >                                 
   800  007990           MOVE  "1"                  TO  P|Cxg      
   801  008000           MOVE  萔|vOhc TO  P|\[Xhc        
   802  008010           MOVE  "9"                  TO  P|AR[h        
   803  008020           MOVE  "YOSHINTE"           TO  P|e[uhc  
   804  008030           MOVE  "OPEN"               TO  P|          
   805  008040           MOVE  SQLCODE              TO  P|f[^e        
   806  008050           MOVE  SQLERRMC             TO  P|̑bZ[W  
   807  008060           CALL  CLOCO001          USING  IF-CHOCO001             
   808  008070*                                                                 
   809  008080        WHEN  -30                                                 
   810  008090*--<       Ǘ^MWJt@Cnodms >                     
   811  008100           MOVE  "1"                  TO  P|Cxg      
   812  008110           MOVE  萔|vOhc TO  P|\[Xhc        
   813  008120           MOVE  "9"                  TO  P|AR[h        
   814  008130           MOVE  "CISUF670"           TO  P|e[uhc  
   815  008140           MOVE  "OPEN"               TO  P|          
   816  008150           MOVE  v|         TO  P|f[^e            
   817  008160           MOVE  "Ǘ^MWJt@CI[vs"               
Pro*COBOL: Release 9.2.0.1.0 - Production on y Apr 9 14:37:49 2005

Copyright (c) 1982, 2002, Oracle Corporation.  All rights reserved.

   818  008170                                      TO  P|̑bZ[W  
   819  008180           CALL  CLOCO001          USING  IF-CHOCO001             
   820  008190*                                                                 
   821  008200        WHEN  -40                                                 
   822  008210*--<       e[uǍs >                                 
   823  008220           MOVE  "1"                  TO  P|Cxg      
   824  008230           MOVE  萔|vOhc TO  P|\[Xhc        
   825  008240           MOVE  "9"                  TO  P|AR[h        
   826  008250           MOVE  "YOSHINTE"           TO  P|e[uhc  
   827  008260           MOVE  "FETCH"              TO  P|          
   828  008270           MOVE  SQLCODE              TO  P|f[^e        
   829  008280           MOVE  SQLERRMC             TO  P|̑bZ[W  
   830  008290           CALL  CLOCO001          USING  IF-CHOCO001             
   831  008300*                                                                 
   832  008310        WHEN  -50                                                 
   833  008320*--<       ă[X񐔓Ǎs >                                 
   834  008330           MOVE  "2"                  TO  P|Cxg      
   835  008340           MOVE  萔|vOhc TO  P|\[Xhc        
   836  008350           MOVE  "9"                  TO  P|AR[h        
   837  008360           MOVE  "IKO002"             TO  P|e[uhc  
   838  008370           MOVE  "SELECT"             TO  P|          
   839  008380           MOVE  SQLCODE              TO  P|f[^e        
   840  008390           MOVE  SQLERRMC             TO  P|̑bZ[W  
   841  008400           CALL  CLOCO001          USING  IF-CHOCO001             
   842  008410           MOVE  "N"                  TO  ُI|tO        
   843  008420*                                                                 
   844  008430        WHEN  -60                                                 
   845  008440*--<       _ޓǍs >                                     
   846  008450           MOVE  "2"                  TO  P|Cxg      
   847  008460           MOVE  萔|vOhc TO  P|\[Xhc        
   848  008470           MOVE  "9"                  TO  P|AR[h        
   849  008480           MOVE  "IKO002"             TO  P|e[uhc  
   850  008490           MOVE  "SELECT"             TO  P|          
   851  008500           MOVE  SQLCODE              TO  P|f[^e        
   852  008510           MOVE  SQLERRMC             TO  P|̑bZ[W  
   853  008520           CALL  CLOCO001          USING  IF-CHOCO001             
   854  008530           MOVE  "N"                  TO  ُI|tO        
   855  008540*                                                                 
   856  008550        WHEN  -70                                                 
   857  008560*--<       Ǘ^MWJt@Co͏s >                     
   858  008570           MOVE  "1"                  TO  P|Cxg      
   859  008580           MOVE  萔|vOhc TO  P|\[Xhc        
   860  008590           MOVE  "9"                  TO  P|AR[h        
   861  008600           MOVE  "FFUSI670"           TO  P|e[uhc  
   862  008610           MOVE  "WRITE"              TO  P|          
   863  008620           MOVE  v|         TO  P|f[^e            
   864  008630           MOVE  "Ǘ^MWJt@Co͏s"               
   865  008640                                      TO  P|̑bZ[W  
   866  008650           CALL  CLOCO001          USING  IF-CHOCO001             
   867  008660*                                                                 
   868  008670        WHEN  OTHER                                               
   869  008680           MOVE  "N"                  TO  ُI|tO        
   870  008690     END-EVALUATE.                                                
   871  008700*                                                                 
   872  008710     IF  ُI|tO  =  "Y"                                 
   873  008720*----------------------------------------------------------------*
   874  008730*    Io͏                                                *
   875  008740*----------------------------------------------------------------*
   876  008750        PERFORM  IbZ[Wo                               
   877  008760*                                                                 
   878  008770*--<    vO^[R[h >                                
   879  008780        MOVE  萔|ُ          TO  PROGRAM-STATUS          
Pro*COBOL: Release 9.2.0.1.0 - Production on y Apr 9 14:37:49 2005

Copyright (c) 1982, 2002, Oracle Corporation.  All rights reserved.

   880  008790        EXIT  PROGRAM                                             
   881  008800     END-IF.                                                      
   882  008810*                                                                 
   883  008820 G[|dwhs.                                            
   884  008830      EXIT.                                                       
   885  008840******************************************************************
   886  008850*                  END OF PROGRAM                                *
   887  008860******************************************************************
t@C: COBIS670.PCON[Y
Pro*COBOL: Release 9.2.0.1.0 - Production on y Apr 9 14:37:49 2005

Copyright (c) 1982, 2002, Oracle Corporation.  All rights reserved.


zXgϐ
--------------

01  DB-STRING                                           Charf(20)
  Z:\COB97\COPYLIB_DB\SQLCOM.CBL      3
  COBIS670.PCO    288

01  PASSWD                                              Charf(10)
  Z:\COB97\COPYLIB_DB\SQLCOM.CBL      5
  COBIS670.PCO    283    287

01  SQLSTATE                                            Charf(5)
  Z:\COB97\COPYLIB_DB\SQLCOM.CBL      2
  COBIS670.PCO    282    286    353    402    577    615    644    711

01  USERNAME                                            Charf(10)
  Z:\COB97\COPYLIB_DB\SQLCOM.CBL      4
  COBIS670.PCO    283    287

01  hjnOOP|R[h                          Charf(8)
  Z:\COB97\COPYLIB_DB\IKOTBL001.CBL      4
  COBIS670.PCO    581

01  hjnOOP|VR[h                        Charf(7)
  Z:\COB97\COPYLIB_DB\IKOTBL001.CBL      6
  COBIS670.PCO    580

01  hjnOOQ|_mn                              Charf(9)
  Z:\COB97\COPYLIB_DB\IKOTBL002.CBL      4
  COBIS670.PCO    619

01  hjnOOQ|_                              Charf(3)
  Z:\COB97\COPYLIB_DB\IKOTBL002.CBL     11
  COBIS670.PCO    646

01  hjnOOQ|ă[X                          Decimal(2,0)
  Z:\COB97\COPYLIB_DB\IKOTBL002.CBL      8
  COBIS670.PCO    617    648

01  xnrghmldhr`h|Ǘ^MR[            Charf(8)
  Z:\COB97\COPYLIB_DB\YOSHINMEISAI.CBL      4
  COBIS670.PCO    404    584

01  xnrghmsdmj`h|_mn                  Charf(9)
  Z:\COB97\COPYLIB_DB\YOSHINTENKAI.CBL      8
  COBIS670.PCO    405

01  xnrghmsdmj`h|{c                    Decimal(13,0)
  Z:\COB97\COPYLIB_DB\YOSHINTENKAI.CBL     17
  COBIS670.PCO    413

01  xnrghmsdmj`h|{                  Decimal(13,0)
  Z:\COB97\COPYLIB_DB\YOSHINTENKAI.CBL     16
  COBIS670.PCO    412

01  xnrghmsdmj`h|c                    Decimal(13,0)
  Z:\COB97\COPYLIB_DB\YOSHINTENKAI.CBL     18
  COBIS670.PCO    414

01  xnrghmsdmj`h|̌                Decimal(13,0)
  Z:\COB97\COPYLIB_DB\YOSHINTENKAI.CBL     21
Pro*COBOL: Release 9.2.0.1.0 - Production on y Apr 9 14:37:49 2005

Copyright (c) 1982, 2002, Oracle Corporation.  All rights reserved.

  COBIS670.PCO    417

01  xnrghmsdmj`h|[X                Decimal(13,0)
  Z:\COB97\COPYLIB_DB\YOSHINTENKAI.CBL     14
  COBIS670.PCO    410

01  xnrghmsdmj`h|p                    Decimal(13,0)
  Z:\COB97\COPYLIB_DB\YOSHINTENKAI.CBL     19
  COBIS670.PCO    415

01  xnrghmsdmj`h|WJx              Charf(3)
  Z:\COB97\COPYLIB_DB\YOSHINTENKAI.CBL     13
  COBIS670.PCO    409

01  xnrghmsdmj`h|WJt                  Charf(2)
  Z:\COB97\COPYLIB_DB\YOSHINTENKAI.CBL     11
  COBIS670.PCO    407

01  xnrghmsdmj`h|WJN                  Charf(6)
  Z:\COB97\COPYLIB_DB\YOSHINTENKAI.CBL     10
  COBIS670.PCO    406

01  xnrghmsdmj`h|tO                Charf(2)
  Z:\COB97\COPYLIB_DB\YOSHINTENKAI.CBL     12
  COBIS670.PCO    408

01  xnrghmsdmj`h|藘                  Decimal(11,0)
  Z:\COB97\COPYLIB_DB\YOSHINTENKAI.CBL     20
  COBIS670.PCO    416

01  xnrghmsdmj`h|z                    Decimal(13,0)
  Z:\COB97\COPYLIB_DB\YOSHINTENKAI.CBL     15
  COBIS670.PCO    411

Pro*COBOL: Release 9.2.0.1.0 - Production on y Apr 9 14:37:49 2005

Copyright (c) 1982, 2002, Oracle Corporation.  All rights reserved.


SQLʎq
---------------

CUR1                  CURSOR                        
  COBIS670.PCO    318    354    403    712    318

Pro*COBOL: Release 9.2.0.1.0 - Production on y Apr 9 14:37:49 2005

Copyright (c) 1982, 2002, Oracle Corporation.  All rights reserved.



                              vRpCEIvV
-------------------------------------------------------------------------------
IvV   ݂̐ݒl         ݒ
-------------------------------------------------------------------------------
asacc             no                ftHg                                  
assume_sqlcode    no                ftHg                                  
auto_connect      no                ftHg                                  
close_on_commit   yes               mode                                        
comp5             yes               D:\oracle\ora90\precomp\admin\pcbcfg.cfg    
config            default config    ftHg                                  
date_format       local             ftHg                                  
dbms              native            ftHg                                  
declare_section   yes               mode                                        
define            *Ȃ*            ftHg                                  
dynamic           ansi              mode                                        
end_of_fetch      100               mode                                        
eol_padding       yes               ftHg                                  
errors            yes               ftHg                                  
fips              no                ftHg                                  
format            ansi              ftHg                                  
hold_cursor       no                ftHg                                  
host              cobol             ftHg                                  
iname             COBIS670.PCO      R}hC                              
include           Z:\COB97\COPYLIB  D:\oracle\ora90\precomp\admin\pcbcfg.cfg    
                  Z:\COB97\COPYLIB_DD:\oracle\ora90\precomp\admin\pcbcfg.cfg    
                  *Ȃ*            D:\oracle\ora90\precomp\admin\pcbcfg.cfg    
ireclen           132               D:\oracle\ora90\precomp\admin\pcbcfg.cfg    
litdelim          quote             ftHg                                  
lname             *Ȃ*            ftHg                                  
lreclen           132               ftHg                                  
ltype             long              ftHg                                  
maxliteral        160               D:\oracle\ora90\precomp\admin\pcbcfg.cfg    
maxopencursors    10                ftHg                                  
mode              ANSI              D:\oracle\ora90\precomp\admin\pcbcfg.cfg    
nested            yes               ftHg                                  
nls_local         yes               D:\oracle\ora90\precomp\admin\pcbcfg.cfg    
oname             COBIS670          R}hC                              
oraca             no                ftHg                                  
oreclen           80                ftHg                                  
pagelen           66                ftHg                                  
picx              charf             ftHg                                  
prefetch          1                 ftHg                                  
release_cursor    no                ftHg                                  
select_error      yes               ftHg                                  
sqlcheck          FULL              D:\oracle\ora90\precomp\admin\pcbcfg.cfg    
threads           no                ftHg                                  
type_code         ansi              mode                                        
unsafe_null       no                ftHg                                  
userid            LIUJIA/LJ@FIP     D:\oracle\ora90\precomp\admin\pcbcfg.cfg    
varchar           no                ftHg                                  
xref              yes               ftHg                                  
Pro*COBOL: Release 9.2.0.1.0 - Production on y Apr 9 14:37:49 2005

Copyright (c) 1982, 2002, Oracle Corporation.  All rights reserved.


v\
----------

^[ER[h: 0
dv Ił̃bZ[W: 0
dv Wł̃bZ[W: 0
dv Eł̃bZ[W: 0
dv Fł̃bZ[W: 0
̓C̐: 988
錾ꂽzXgϐ̐: 85
J[\̐: 1
̐: 0
gpő僁[(oCg): 192888
