COBOL97 診断機能

<<要約>>
 実行時ﾒｯｾｰｼﾞが発生しました:
  ｱﾌﾟﾘｹｰｼｮﾝ  : C:\COB97\SOC\AAASED25\AAASED25.EXE(PID=00000524)
  例外種別   : JMP0828I-U [PID:00000524 TID:000003A8] 属性と異なる形式のデータが格納されています．PGM=AAASED25. LINE=2523.1. OPD=Ｍ４０−前月末残高他社.
  発生時間   : 2005/03/29(10:29:11)
  発生ﾓｼﾞｭｰﾙ : C:\COB97\SOC\AAASED25\AAASED25.EXE
  作成時間   : 2005/03/29(10:29:06)
  ﾌｧｲﾙｻｲｽﾞ   : 154516bytes

<<問題箇所>>
  ｽﾚｯﾄﾞID  : 000003A8
  ﾚｼﾞｽﾀ    : EAX=0012F020  EBX=1C042688  ECX=E9999999  EDX=00000001  ESI=00000000
           : EDI=0018ECA8  EIP=77E5A4E1  ESP=0012F018  EBP=0012F070  EFL=00000246
           : CS=001B  SS=0023  DS=0023  ES=0023  FS=0038  GS=0000
  ｽﾀｯｸｺﾐｯﾄ : 00010000 (ﾄｯﾌﾟ:00130000, ﾍﾞｰｽ:00120000)
  命令     :  ｱﾄﾞﾚｽ   +0 +1 +2 +3 +4 +5 +6 +7 +8 +9 +a +b +c +d +e +f
             77E5A4D1 01 8D 7D C4 F3 A5 8D 45 B0 50 FF 15 68 14 E5 77
     ﾌｫｰﾙﾄ ->77E5A4E1 E9 66 17 03 00 FF 74 24 08 FF 74 24 08 E8 62 FB

  ﾓｼﾞｭｰﾙﾌｧｲﾙ : C:\COB97\SOC\AAASED25\AAASED25.EXE
  ｾｸｼｮﾝ相対位置 : .text+0000CACD
  ｼﾝﾎﾞﾙ相対位置 : AAASED25+0000CACD
  翻訳情報 : ShiftJIS, ｼﾝｸﾞﾙｽﾚｯﾄﾞ, NOOPTIMIZE
  外部ﾌﾟﾛｸﾞﾗﾑ/ｸﾗｽ : AAASED25
  ｿｰｽﾌｧｲﾙ : AAASED25.COB
  文位置 : 2523

 <呼出経路>
[  1]---------------------------------------------------------------------------------
  ﾓｼﾞｭｰﾙﾌｧｲﾙ : E:\Program Files\PCOB97\F3BKATCH.dll
  ｾｸｼｮﾝ相対位置 : .text+000020E0
  EXPORT相対位置 : NotifyExecErrorInfo+00000146
[  2]---------------------------------------------------------------------------------
  ﾓｼﾞｭｰﾙﾌｧｲﾙ : E:\Program Files\PCOB97\F3BIPRCT.dll
  ｾｸｼｮﾝ相対位置 : .text+0000BBD7
  EXPORT相対位置 : JMP1MESS+00000927
[  3]---------------------------------------------------------------------------------
  ﾓｼﾞｭｰﾙﾌｧｲﾙ : E:\Program Files\PCOB97\F3BIDBG.dll
  ｾｸｼｮﾝ相対位置 : .text+000041AF
  EXPORT相対位置 : JMP7CHKD+0000068F
[  4]---------------------------------------------------------------------------------
  ﾓｼﾞｭｰﾙﾌｧｲﾙ : C:\COB97\SOC\AAASED25\AAASED25.EXE
  ｾｸｼｮﾝ相対位置 : .text+0000CAD1
  ｼﾝﾎﾞﾙ相対位置 : AAASED25+0000CAD1
  翻訳情報 : ShiftJIS, ｼﾝｸﾞﾙｽﾚｯﾄﾞ, NOOPTIMIZE
  外部ﾌﾟﾛｸﾞﾗﾑ/ｸﾗｽ : AAASED25
  ｿｰｽﾌｧｲﾙ : AAASED25.COB
  文位置 : 2523
[  5]---------------------------------------------------------------------------------
  ﾓｼﾞｭｰﾙﾌｧｲﾙ : C:\COB97\SOC\AAASED25\AAASED25.EXE
  ｾｸｼｮﾝ相対位置 : .text+0000000A
  ｼﾝﾎﾞﾙ相対位置 : AAASED25+0000000A
[  6]---------------------------------------------------------------------------------
  ﾓｼﾞｭｰﾙﾌｧｲﾙ : C:\COB97\SOC\AAASED25\AAASED25.EXE
  ｾｸｼｮﾝ相対位置 : .text+00012779
  ｼﾝﾎﾞﾙ相対位置 : _mainCRTStartup+000000B4
[  7]---------------------------------------------------------------------------------
  ﾓｼﾞｭｰﾙﾌｧｲﾙ : E:\WINNT\system32\KERNEL32.dll
  ｾｸｼｮﾝ相対位置 : .text+000077F5
  EXPORT相対位置 : DosDateTimeToFileTime+00000C64

<<ｼｽﾃﾑ情報>>
  ｺﾝﾋﾟｭｰﾀ名      : YAQIEDU-216
  ﾕｰｻﾞｰ名        : Administrator
  Windowsﾊﾞｰｼﾞｮﾝ : Microsoft Windows 2000
  ﾊﾞｰｼﾞｮﾝﾅﾝﾊﾞｰ   : 5.0.2195
  ｻｰﾋﾞｽﾊﾟｯｸ      : Service Pack 4

<<ｺﾏﾝﾄﾞﾗｲﾝ>>
  "AAASED25.EXE"

<<環境変数>>
  =::=::\
  @AllFileExclusive=NO
  @CnslBufLine=100
  @CnslWinSize=(80,24)
  @EnvSetWindow=UNUSE
  @IconName=COB85EXE
  @MessOutFile=C:\COB97\SOC\AAASED25\AAASED25_SYS.LOG
  @NoMessage=YES
  @ScrnSize=(80,24)
  @WinCloseMsg=ON
  ALLUSERSPROFILE=E:\Documents and Settings\All Users
  APPDATA=E:\Documents and Settings\Administrator\Application Data
  CommonProgramFiles=E:\Program Files\Common Files
  COMPUTERNAME=YAQIEDU-216
  ComSpec=E:\WINNT\system32\cmd.exe
  DBMSACS=C:\COB97\SOC\DBMSACS.INI
  HOMEDRIVE=E:
  HOMEPATH=\
  Include=E:\PROGRA~1\Ocf21\ifaspro\include;E:\Program Files\PCOB97\INCLUDE;E:\Program Files\Microsoft Visual Studio\VC98\include;E:\Program Files\Microsoft Visual Studio\Common\MsDev\include;
  Lib=E:\PROGRA~1\Ocf21\ifaspro\lib;E:\PROGRA~1\Ocf21\WEBCBL\lib;E:\PROGRA~1\Ocf21\SQLEXT\lib;E:\Program Files\PCOB97\LIB;E:\Program Files\PCOB97;E:\PROGRA~1\Ocf21\cbl85pro\lib;E:\Program Files\Microsoft Visual Studio\VC98\lib;E:\Program Files\Microsoft Visual Studio\Common\MsDev\lib
  LOGFILE=C:\COB97\SOC\AAASED25\AAASED25.LOG
  LOGONSERVER=\\YAQIEDU-216
  NUMBER_OF_PROCESSORS=1
  OS=Windows_NT
  Os2LibPath=E:\WINNT\system32\os2\dll;
  Path=D:\oracle\bin;E:\Program Files\Oracle\jre\1.1.8\bin;E:\PROGRA~1\Ocf21\ifaspro\bin;E:\PROGRA~1\Ocf21\COBOLC~1\bin;E:\PROGRA~1\Ocf21\SQLEXT\bin;E:\Program Files\PCOB97\DBALIB\BIN;E:\Program Files\PCOB97\CLASSCOB\BIN;E:\Program Files\PCOB97;E:\Program Files\PCOB97\MEFTWEB;E:\PROGRA~1\Ocf21\cbl85pro\bin;E:\Program Files\Microsoft Visual Studio\VC98\bin;E:\Program Files\Microsoft Visual Studio\Common\MsDev\bin;E:\WINNT\system32;E:\WINNT;E:\WINNT\System32\Wbem
  PATHEXT=.COM;.EXE;.BAT;.CMD;.VBS;.VBE;.JS;.JSE;.WSF;.WSH
  PROCESSOR_ARCHITECTURE=x86
  PROCESSOR_IDENTIFIER=x86 Family 6 Model 4 Stepping 2, AuthenticAMD
  PROCESSOR_LEVEL=6
  PROCESSOR_REVISION=0402
  ProgramFiles=E:\Program Files
  SystemDrive=E:
  SystemRoot=E:\WINNT
  TEMP=E:\DOCUME~1\ADMINI~1\LOCALS~1\Temp
  TMP=E:\DOCUME~1\ADMINI~1\LOCALS~1\Temp
  U11=C:\COB97\SOC\AAASED25\SFHSED25.TMP
  USERDOMAIN=YAQIEDU-216
  USERNAME=Administrator
  USERPROFILE=E:\Documents and Settings\Administrator
  WF_RESOURCES=D:\oracle\WF\RES\WFja.RES
  windir=E:\WINNT

<<実行環境情報>>
  実行ﾓｰﾄﾞ   : ShiftJIS, ｼﾝｸﾞﾙｽﾚｯﾄﾞ
  ﾌﾟﾛｸﾞﾗﾑ名  : AAASED25
  初期化ﾌｧｲﾙ : C:\COB97\SOC\AAASED25\COBOL85.CBR
    [AAASED25.ENTRY]
    CLOCO001=C:\COB97\SOC\AAASED25\CLOCO001.DLL
    COBCO001=C:\COB97\SOC\AAASED25\COBCO001.DLL
    [AAASED25]
    @IconName=COB85EXE
    @ScrnSize=(80,24)
    @CnslWinSize=(80,24)
    @CnslBufLine=100
    @WinCloseMsg=ON
    @EnvSetWindow=UNUSE
    @AllFileExclusive=NO
    @NoMessage=YES
    @MessOutFile=C:\COB97\SOC\AAASED25\AAASED25_SYS.LOG
    DBMSACS=C:\COB97\SOC\DBMSACS.INI
    U11=C:\COB97\SOC\AAASED25\SFHSED25.TMP
    LOGFILE=C:\COB97\SOC\AAASED25\AAASED25.LOG
    [EOF]

<<STACK/HEAP情報>>
  ｽﾀｯｸ : 00100000
  ﾋｰﾌﾟ : 00100000

<<ﾀｽｸﾘｽﾄ>>
       0 Idle.exe
       8 System.exe
      88 smss.exe
      A0 csrss.exe
      9C winlogon.exe
      D0 services.exe
      DC lsass.exe
     190 svchost.exe
     1A8 spoolsv.exe
     1C4 COBATSVC.exe
     1D8 svchost.exe
     1E8 IFASINIT.exe
     1F8 KVSrvXP.exe
     210 IFASLOGW.exe
     23C regsvc.exe
     254 MSTask.exe
     284 WinMgmt.exe
     2D8 svchost.exe
      F8 Explorer.exe
     448 KVMonXP.kxp.exe
     470 ctfmon.exe
     4B4 xdict.exe
     4C0 CWV7hook.exe
     4CC acrotray.exe
     4D4 svchost.exe
     378 ipmsg.exe
     49C TrojDie.kxp.exe
     520 KRegEx.exe
     3D8 DllHost.exe
     480 conime.exe
     314 mdm.exe
     340 F3BXVFRM.exe
     474 F3BXMSRV.exe
     490 F3BXTF00.exe
     524 AAASED25.exe
     138 COBSNAP.exe
       0 _Total.exe

<<ﾓｼﾞｭｰﾙﾘｽﾄ>>
  00400000 - 00421000  C:\COB97\SOC\AAASED25\AAASED25.EXE
                         2005/03/29(10:29:06)
  77F80000 - 77FFB000  E:\WINNT\system32\ntdll.dll
                         Microsoft Corporation, Microsoft(R) Windows (R) 2000 Operating System, 5.00.2195.6685
                         2003/06/19(12:05:04)
  62600000 - 62675000  D:\oracle\bin\orasql9.dll
                         2002/04/26(18:56:32)
  610A0000 - 6113F000  D:\oracle\bin\oracore9.dll
                         2002/05/14(17:18:16)
  612A0000 - 61319000  D:\oracle\bin\oranls9.dll
                         2002/04/25(14:03:24)
  613A0000 - 613B1000  D:\oracle\bin\oraunls9.dll
                         2002/04/25(14:03:26)
  78000000 - 78045000  E:\WINNT\system32\MSVCRT.dll
                         Microsoft Corporation, Microsoft (R) Visual C++, 6.10.9844.0
                         2003/06/19(12:05:04)
  77E50000 - 77F38000  E:\WINNT\system32\KERNEL32.dll
                         Microsoft Corporation, Microsoft(R) Windows (R) 2000 Operating System, 5.00.2195.6688
                         2003/06/19(12:05:04)
  74FB0000 - 74FBA000  E:\WINNT\system32\WSOCK32.dll
                         Microsoft Corporation, Microsoft(R) Windows (R) 2000 Operating System, 5.00.2195.6603
                         2003/06/19(12:05:04)
  74F90000 - 74FA4000  E:\WINNT\system32\WS2_32.DLL
                         Microsoft Corporation, Microsoft(R) Windows (R) 2000 Operating System, 5.00.2195.6601
                         2003/06/19(12:05:04)
  79480000 - 794E2000  E:\WINNT\system32\ADVAPI32.DLL
                         Microsoft Corporation, Microsoft(R) Windows (R) 2000 Operating System, 5.00.2195.6710
                         2003/06/19(12:05:04)
  78780000 - 787F1000  E:\WINNT\system32\RPCRT4.DLL
                         Microsoft Corporation, Microsoft(R) Windows (R) 2000 Operating System, 5.00.2195.6701
                         2003/06/19(12:05:04)
  74F80000 - 74F88000  E:\WINNT\system32\WS2HELP.DLL
                         Microsoft Corporation, Microsoft(R) Windows (R) 2000 Operating System, 5.00.2134.1
                         1999/12/17(20:00:00)
  77A20000 - 77B17000  E:\WINNT\system32\ole32.dll
                         Microsoft Corporation, Microsoft(R) Windows (R) 2000 Operating System, 5.00.2195.6692
                         2003/06/19(12:05:04)
  77F40000 - 77F7C000  E:\WINNT\system32\GDI32.DLL
                         Microsoft Corporation, Microsoft(R) Windows (R) 2000 Operating System, 5.00.2195.6660
                         2003/06/19(12:05:04)
  77DE0000 - 77E45000  E:\WINNT\system32\USER32.DLL
                         Microsoft Corporation, Microsoft(R) Windows (R) 2000 Operating System, 5.00.2195.6688
                         2003/06/19(12:05:04)
  77520000 - 77550000  E:\WINNT\system32\WINMM.dll
                         Microsoft Corporation, Microsoft(R) Windows (R) 2000 Operating System, 5.00.2161.1
                         1999/12/17(20:00:00)
  60600000 - 60784000  D:\oracle\bin\oraclient9.dll
                         2002/04/28(16:13:48)
  60800000 - 60806000  D:\oracle\bin\oravsn9.dll
                         2002/04/28(16:13:50)
  60500000 - 60590000  D:\oracle\bin\oracommon9.dll
                         2002/04/28(16:12:16)
  00430000 - 00687000  D:\oracle\bin\orageneric9.dll
                         2002/05/05(17:23:26)
  62FC0000 - 6303D000  D:\oracle\bin\oraxml9.dll
                         2002/04/27(17:50:02)
  780A0000 - 780B2000  E:\WINNT\system32\MSVCIRT.dll
                         Microsoft Corporation, Microsoft (R) Visual C++, 6.10.8637.0
                         1999/12/17(20:00:00)
  630F0000 - 63110000  D:\oracle\bin\oraxsd9.dll
                         2002/04/27(17:50:14)
  615A0000 - 61629000  D:\oracle\bin\orannzsbb9.dll
                         2002/05/04(23:00:36)
  61480000 - 61534000  D:\oracle\bin\oran9.dll
                         2002/04/26(19:31:10)
  61400000 - 6142C000  D:\oracle\bin\oranl9.dll
                         2002/04/26(19:30:18)
  61960000 - 61971000  D:\oracle\bin\oranldap9.dll
                         2002/04/26(19:31:06)
  62000000 - 62024000  D:\oracle\bin\oraldapclnt9.dll
                         2002/04/26(21:19:42)
  616B0000 - 616C7000  D:\oracle\bin\orancrypt9.dll
                         2002/04/26(19:37:34)
  77980000 - 77A1B000  E:\WINNT\system32\OLEAUT32.dll
                         2003/06/19(12:05:04)
  62300000 - 6233E000  D:\oracle\bin\ORATRACE9.dll
                         2002/04/29(14:04:08)
  61730000 - 61766000  D:\oracle\bin\oranro9.dll
                         2002/04/26(19:30:14)
  617C0000 - 617C6000  D:\oracle\bin\oranhost9.dll
                         2002/04/26(19:31:02)
  617D0000 - 617D6000  D:\oracle\bin\oranoname9.dll
                         2002/04/26(19:31:04)
  616A0000 - 616A6000  D:\oracle\bin\orancds9.dll
                         2002/04/26(19:31:24)
  61820000 - 61827000  D:\oracle\bin\orantns9.dll
                         2002/04/26(19:30:58)
  64000000 - 64007000  D:\oracle\bin\oranms.dll
                         2002/04/26(17:29:30)
  64020000 - 64030000  D:\oracle\bin\oranmsp.dll
                         2002/04/26(17:29:30)
  60A00000 - 60D13000  D:\oracle\bin\orapls9.dll
                         2002/04/28(10:45:02)
  62500000 - 62507000  D:\oracle\bin\oraslax9.dll
                         2002/04/26(17:18:00)
  61350000 - 61360000  D:\oracle\bin\orasnls9.dll
                         2002/04/25(14:03:28)
  60810000 - 60816000  D:\oracle\bin\orawtc9.dll
                         2002/04/28(16:13:52)
  1C000000 - 1C04B000  E:\Program Files\PCOB97\F3BIPRCT.dll
                         FUJITSU LIMITED, COBOL97 RUNTIME SYSTEM, 61.20.0.0
                         2001/04/13(10:06:24)
  00690000 - 006CD000  E:\Program Files\PCOB97\F3BISCRN.dll
                         FUJITSU LIMITED, COBOL97 RUNTIME SYSTEM, 61.20.0.0
                         2001/04/03(19:24:58)
  10000000 - 10015000  E:\Program Files\PCOB97\F3BKATCH.dll
                         FUJITSU LIMITED, COBOL97 RUNTIME SYSTEM, 61.20.0.0
                         2001/04/25(14:02:52)
  76AE0000 - 76B1E000  E:\WINNT\system32\comdlg32.dll
                         Microsoft Corporation, Microsoft(R) Windows (R) 2000 Operating System, 5.00.3700.6693
                         2003/06/19(12:05:04)
  77C40000 - 77C8A000  E:\WINNT\system32\SHLWAPI.DLL
                         Microsoft Corporation, Microsoft(R) Windows (R) 2000 Operating System, 5.00.3502.6601
                         2003/06/19(12:05:04)
  77B20000 - 77BA9000  E:\WINNT\system32\COMCTL32.DLL
                         Microsoft Corporation, Microsoft(R) Windows (R) 2000 Operating System, 5.00.3502.6601
                         2003/06/19(12:05:04)
  73CC0000 - 73F08000  E:\WINNT\system32\SHELL32.DLL
                         Microsoft Corporation, Microsoft(R) Windows (R) 2000 Operating System, 5.00.3700.6705
                         2003/06/19(12:05:04)
  777D0000 - 777D7000  E:\WINNT\system32\VERSION.dll
                         Microsoft Corporation, Microsoft(R) Windows (R) 2000 Operating System, 5.00.2195.6623
                         2003/06/19(12:05:04)
  75940000 - 75946000  E:\WINNT\system32\LZ32.DLL
                         Microsoft Corporation, Microsoft(R) Windows (R) 2000 Operating System, 5.00.2195.6611
                         2003/06/19(12:05:04)
  006D0000 - 00704000  E:\Program Files\PCOB97\F3BILPIO.dll
                         FUJITSU LIMITED, COBOL97 RUNTIME SYSTEM, 61.20.0.0
                         2001/04/04(13:51:38)
  00710000 - 00715000  E:\Program Files\PCOB97\F3BIOVLD.dll
                         FUJITSU LIMITED, COBOL97 RUNTIME SYSTEM, 61.20.0.0
                         2001/04/16(20:06:28)
  777B0000 - 777CE000  E:\WINNT\system32\WINSPOOL.DRV
                         Microsoft Corporation, Microsoft(R) Windows (R) 2000 Operating System, 5.00.2195.6659
                         2003/06/19(12:05:04)
  798F0000 - 79901000  E:\WINNT\system32\MPR.DLL
                         Microsoft Corporation, Microsoft(R) Windows (R) 2000 Operating System, 5.00.2195.6611
                         2003/06/19(12:05:04)
  2C000000 - 2C034000  E:\Program Files\PCOB97\F3BIIO.dll
                         FUJITSU LIMITED, COBOL97 RUNTIME SYSTEM, 61.20.0.0
                         2001/04/06(10:49:56)
  3C000000 - 3C03B000  E:\Program Files\PCOB97\F3BIFRM.dll
                         FUJITSU LIMITED, COBOL97 RUNTIME SYSTEM, 61.20.0.0
                         2001/04/05(16:06:40)
  00720000 - 00736000  E:\Program Files\PCOB97\F3BIDBG.dll
                         FUJITSU LIMITED, COBOL97 RUNTIME SYSTEM, 61.20.0.0
                         2001/04/18(11:09:12)
  75DF0000 - 75E0A000  E:\WINNT\system32\IMM32.DLL
                         Microsoft Corporation, Microsoft(R) Windows (R) 2000 Operating System, 5.00.2195.6655
                         2003/06/19(12:05:04)
  012B0000 - 012B5000  E:\Program Files\PCOB97\F3BIPRSJ.DLL
                         FUJITSU LIMITED, COBOL97 RUNTIME SYSTEM, 61.20.0.0
                         2001/04/03(20:10:44)
  012C0000 - 012C4000  E:\Program Files\PCOB97\F3BIODSJ.DLL
                         FUJITSU LIMITED, COBOL97 RUNTIME SYSTEM, 61.20.0.0
                         2001/04/06(19:11:34)
  012D0000 - 012DA000  E:\Program Files\PCOB97\F3BIMSGJ.DLL
                         FUJITSU LIMITED, COBOL97 RUNTIME SYSTEM, 61.20.0.0
                         2001/04/03(20:31:54)
  01340000 - 0134D000  E:\Program Files\PCOB97\F3BILANP.dll
                         FUJITSU LIMITED, COBOL97 RUNTIME SYSTEM, 61.20.0.0
                         2001/05/22(20:09:36)
  60000000 - 6004B000  E:\WINNT\system32\MSCTF.dll
                         Microsoft Corporation, Microsoft(R) Windows NT(R) Operating System, 1.00.2409.34
                         2003/05/21(22:49:06)
  37F00000 - 37F13000  E:\Program Files\Kingsoft\XdictEJC\Cjktl32.dll
                         2000/09/29(12:05:40)
  3A600000 - 3A676000  E:\WINNT\system32\IMJP9.IME
                         Microsoft Corporation, Microsoft IME 2003, 9.0.5516.0
                         2003/07/23(22:40:04)
  3A690000 - 3A760000  E:\WINNT\system32\imjp9k.dll
                         Microsoft Corporation, Microsoft IME 2003, 9.0.5510.0
                         2003/07/14(23:03:54)
  015F0000 - 015FE000  C:\COB97\SOC\AAASED25\CLOCO001.DLL
                         2004/06/07(9:15:50)
  01710000 - 0171C000  C:\COB97\SOC\AAASED25\COBCO001.DLL
                         2004/06/07(9:15:42)
  61910000 - 6191C000  D:\oracle\bin\orantcp9.dll
                         2002/04/26(19:30:22)
  40000000 - 40029000  E:\WINNT\system32\KvWspXp.dll
                         JiangMin Ltd., JiangMin Ltd. KVWspXP, 9, 0, 0, 504
                         2005/03/16(16:54:38)
  68250000 - 6826D000  E:\WINNT\system32\NTMARTA.DLL
                         Microsoft Corporation, Microsoft(R) Windows (R) 2000 Operating System, 5.00.2195.6666
                         2003/06/19(12:05:04)
  77920000 - 7794A000  E:\WINNT\system32\WLDAP32.dll
                         Microsoft Corporation, Microsoft(R) Windows (R) 2000 Operating System, 5.00.2195.6666
                         2003/06/19(12:05:04)
  750C0000 - 750CF000  E:\WINNT\system32\SAMLIB.dll
                         Microsoft Corporation, Microsoft(R) Windows (R) 2000 Operating System, 5.00.2195.6666
                         2003/06/19(12:05:04)
  77BC0000 - 77BD1000  E:\WINNT\system32\NTDSAPI.dll
                         Microsoft Corporation, Microsoft(R) Windows (R) 2000 Operating System, 5.00.2195.6666
                         2003/06/19(12:05:04)
  77950000 - 77974000  E:\WINNT\system32\DNSAPI.DLL
                         Microsoft Corporation, Microsoft(R) Windows (R) 2000 Operating System, 5.00.2195.6680
                         2003/06/19(12:05:04)
  750E0000 - 7512F000  E:\WINNT\system32\NETAPI32.DLL
                         Microsoft Corporation, Microsoft(R) Windows (R) 2000 Operating System, 5.00.2195.6601
                         2003/06/19(12:05:04)
  79560000 - 7956F000  E:\WINNT\system32\SECUR32.DLL
                         Microsoft Corporation, Microsoft(R) Windows (R) 2000 Operating System, 5.00.2195.6695
                         2003/06/19(12:05:04)
  75130000 - 75136000  E:\WINNT\system32\NETRAP.DLL
                         Microsoft Corporation, Microsoft(R) Windows (R) 2000 Operating System, 5.00.2134.1
                         1999/12/17(20:00:00)
  74F30000 - 74F4E000  E:\WINNT\system32\msafd.dll
                         Microsoft Corporation, Microsoft(R) Windows (R) 2000 Operating System, 5.00.2195.6602
                         2003/06/19(12:05:04)
  772F0000 - 77303000  E:\WINNT\system32\Iphlpapi.dll
                         Microsoft Corporation, Microsoft(R) Windows (R) 2000 Operating System, 5.00.2195.6602
                         2003/06/19(12:05:04)
  774D0000 - 774D5000  E:\WINNT\system32\ICMP.DLL
                         Microsoft Corporation, Microsoft(R) Windows (R) 2000 Operating System, 5.00.2134.1
                         1999/12/17(20:00:00)
  772D0000 - 772E7000  E:\WINNT\system32\MPRAPI.DLL
                         Microsoft Corporation, Microsoft(R) Windows (R) 2000 Operating System, 5.00.2181.1
                         1999/12/17(20:00:00)
  77360000 - 7738F000  E:\WINNT\system32\ACTIVEDS.DLL
                         Microsoft Corporation, Microsoft(R) Windows (R) 2000 Operating System, 5.00.2195.6601
                         2003/06/19(12:05:04)
  77330000 - 77353000  E:\WINNT\system32\ADSLDPC.DLL
                         Microsoft Corporation, Microsoft(R) Windows (R) 2000 Operating System, 5.00.2195.6701
                         2003/06/19(12:05:04)
  777E0000 - 777EE000  E:\WINNT\system32\RTUTILS.DLL
                         Microsoft Corporation, Microsoft(R) Windows (R) 2000 Operating System, 5.00.2168.1
                         1999/12/17(20:00:00)
  78310000 - 783BE000  E:\WINNT\system32\SETUPAPI.DLL
                         Microsoft Corporation, Microsoft(R) Windows (R) 2000 Operating System, 5.00.2195.6622
                         2003/06/19(12:05:04)
  79280000 - 792E2000  E:\WINNT\system32\USERENV.DLL
                         Microsoft Corporation, Microsoft(R) Windows (R) 2000 Operating System, 5.00.2195.6711
                         2003/06/19(12:05:04)
  77490000 - 774C3000  E:\WINNT\system32\RASAPI32.DLL
                         Microsoft Corporation, Microsoft(R) Windows (R) 2000 Operating System, 5.00.2195.6625
                         2003/06/19(12:05:04)
  77470000 - 77481000  E:\WINNT\system32\RASMAN.DLL
                         Microsoft Corporation, Microsoft(R) Windows (R) 2000 Operating System, 5.00.2195.6604
                         2003/06/19(12:05:04)
  774E0000 - 77502000  E:\WINNT\system32\TAPI32.DLL
                         Microsoft Corporation, Microsoft(R) Windows (R) 2000 Operating System, 5.00.2195.6664
                         2003/06/19(12:05:04)
  77310000 - 77329000  E:\WINNT\system32\DHCPCSVC.DLL
                         Microsoft Corporation, Microsoft(R) Windows (R) 2000 Operating System, 5.00.2195.6685
                         2003/06/19(12:05:04)
  74F70000 - 74F77000  E:\WINNT\System32\wshtcpip.dll
                         Microsoft Corporation, Microsoft(R) Windows (R) 2000 Operating System, 5.00.2195.6601
                         2003/06/19(12:05:04)
  61890000 - 6189D000  D:\oracle\bin\orannts9.dll
                         2002/04/26(19:30:54)
  75470000 - 75474000  E:\WINNT\system32\security.dll
                         Microsoft Corporation, Microsoft(R) Windows (R) 2000 Operating System, 5.00.2154.1
                         1999/12/17(20:00:00)
  782D0000 - 782EF000  E:\WINNT\system32\msv1_0.dll
                         Microsoft Corporation, Microsoft(R) Windows (R) 2000 Operating System, 5.00.2195.6680
                         2003/06/19(12:05:04)
  773F0000 - 77468000  E:\WINNT\system32\CRYPT32.DLL
                         Microsoft Corporation, Microsoft(R) Windows (R) 2000 Operating System, 5.131.2195.6661
                         2003/06/19(12:05:04)
  773E0000 - 773F0000  E:\WINNT\system32\MSASN1.DLL
                         Microsoft Corporation, Microsoft(R) Windows (R) 2000 Operating System, 5.00.2195.6666
                         2003/06/19(12:05:04)

<<ｽﾀｯｸｻﾏﾘ>>
  FramePtr RetAddr  Param-01 Param-02 Param-03 Param-04 Param-05 Param-06 Param-07 Param-08 Module:Program
  0012F070 100030E0 E9999999 00000000 00000000 00000000 0018ECA8 00000089 0018ECA8 00000000 KERNEL32.dll:RaiseException
  0012F0A8 1C00CBD7 0040DACD 00000010 0018ECA8 0000033C 00000000 0012FC1B 00000080 00419120 F3BKATCH.dll:NotifyExecErrorInfo
  0012F764 007251AF 0018F7A8 0000033C 00000001 0018ECA8 0012FC32 0012FA9C 0012FC10 0012F998 F3BIPRCT.dll:JMP1MESS
  0012FC38 0040DAD1 00419120 0012FC48 00078090 0041A198 0041F3C0 2F2E2D08 33323130 37363534 F3BIDBG.dll:JMP7CHKD
  0012FF74 0040100A 00000000 0012FFC0 00413779 00000001 01300E60 01300E88 00000000 0014AD7C AAASED25.EXE:AAASED25
  0012FF80 00413779 00000001 01300E60 01300E88 00000000 0014AD7C 7FFDF000 8043138F 00000000 AAASED25.EXE:AAASED25
  0012FFC0 77E587F5 00000000 0014AD7C 7FFDF000 00000000 0012FFC8 00000000 FFFFFFFF 77E6F0B4 AAASED25.EXE:_mainCRTStartup
  0012FFF0 00000000 004136C5 00000000 000000C8 00000100 EEFFEEFF 00000002 00000000 0000FE00 KERNEL32.dll:DosDateTimeToFileTime

<<ｽﾀｯｸﾀﾞﾝﾌﾟ>>
  0012F010  E1 A4 E5 77 20 F0 12 00 - A8 EC 18 00 89 00 00 00  ...w ...........
  0012F020  99 99 99 E9 00 00 00 00 - 00 00 00 00 E1 A4 E5 77  ...............w
  0012F030  00 00 00 00 FF FF FF FF - 6C F0 12 00 FE 25 48 79  ........l....%Hy
  0012F040  28 00 00 00 F8 EB FD 7F - 00 00 00 00 19 00 02 00  (...............
  0012F050  A0 F0 12 00 A8 EC 18 00 - 89 00 00 00 88 26 04 1C  .............&..
  0012F060  26 00 27 00 58 56 00 10 - 00 00 00 00 A8 F0 12 00  &.'.XV..........
  0012F070  A8 F0 12 00 E0 30 00 10 - 99 99 99 E9 00 00 00 00  .....0..........
  0012F080  00 00 00 00 00 00 00 00 - A8 EC 18 00 89 00 00 00  ................
  0012F090  A8 EC 18 00 00 00 00 00 - 00 00 00 00 02 00 00 00  ................
  0012F0A0  00 00 00 00 B8 CA 00 1C - 64 F7 12 00 D7 CB 00 1C  ........d.......
  0012F0B0  CD DA 40 00 10 00 00 00 - A8 EC 18 00 3C 03 00 00  ..@.........<...
  0012F0C0  00 00 00 00 1B FC 12 00 - 80 00 00 00 20 91 41 00  ............ .A.
  0012F0D0  00 F4 12 00 BC 4F 13 00 - 36 4F 13 00 00 00 00 00  .....O..6O......
  0012F0E0  CC F6 12 00 00 00 00 00 - D8 9C 41 00 03 00 00 00  ..........A.....
  0012F0F0  00 00 00 00 E8 9B 41 00 - A8 FB 12 00 A7 1D 63 62  ......A.......cb
  0012F100  80 0D 67 62 B8 E8 85 00 - C8 EA 85 00 10 95 41 00  ..gb..........A.
  0012F110  03 00 00 00 01 00 00 00 - 28 A9 77 01 08 95 41 00  ........(.w...A.
  0012F120  48 90 41 00 00 F0 FD 7F - 00 00 00 00 68 2C 76 01  H.A.........h,v.
  0012F130  13 00 00 00 54 2C 76 01 - 01 00 00 00 00 00 00 00  ....T,v.........
  0012F140  2C 2C 76 01 15 00 00 00 - 00 00 00 00 00 00 00 00  ,,v.............
  0012F150  00 00 00 00 0C 2C 76 01 - 0F 00 00 00 F8 2B 76 01  .....,v......+v.
  0012F160  02 00 00 00 00 00 00 00 - D8 2B 76 01 0F 00 00 00  .........+v.....
  0012F170  C4 2B 76 01 03 00 00 00 - 00 00 00 00 00 00 00 00  .+v.............
  0012F180  00 00 00 00 00 00 00 00 - 00 00 00 00 00 00 00 00  ................
  0012F190  00 00 00 00 00 00 00 00 - 00 00 00 00 00 00 00 00  ................
  0012F1A0  00 00 00 00 00 00 00 00 - 00 00 00 00 00 00 00 00  ................
  0012F1B0  00 00 00 00 00 00 00 00 - 00 00 00 00 00 00 00 00  ................
  0012F1C0  00 00 00 00 00 00 00 00 - 00 00 00 00 00 00 00 00  ................
  0012F1D0  43 3A 5C 43 4F 42 39 37 - 5C 53 4F 43 5C 41 41 41  C:\COB97\SOC\AAA
  0012F1E0  53 45 44 32 35 5C 53 46 - 48 53 45 44 32 35 2E 54  SED25\SFHSED25.T
  0012F1F0  4D 50 20 20 20 20 20 20 - 20 20 20 20 20 20 20 20  MP              
  0012F200  20 20 20 20 20 20 20 20 - 20 20 20 20 20 20 20 20                  
  0012F210  20 20 20 20 20 20 20 20 - 20 20 20 20 20 20 20 20                  
  0012F220  20 20 20 20 20 20 20 20 - 20 20 20 20 20 20 20 20                  
  0012F230  20 20 20 20 20 20 20 20 - 20 20 20 20 20 20 20 20                  
  0012F240  20 20 20 20 20 20 20 20 - 20 20 20 20 20 20 20 20                  
  0012F250  20 20 20 20 20 20 20 20 - 20 20 20 20 20 20 20 20                  
  0012F260  20 20 20 20 20 20 20 20 - 20 20 20 20 20 20 20 20                  
  0012F270  20 20 20 20 00 00 85 00 - 10 70 80 01 78 01 85 00      .....p..x...
  0012F280  FE 09 00 00 80 C7 FC 77 - 9D C5 FC 77 B4 C5 FC 77  .......w...w...w
  0012F290  00 00 00 00 28 A9 77 01 - 00 00 00 00 20 20 20 20  ....(.w.....    
  0012F2A0  20 20 20 20 20 20 20 20 - 20 20 20 20 20 20 20 20                  
  0012F2B0  20 20 20 20 20 20 20 20 - 78 01 85 00 78 01 85 00          x...x...
  0012F2C0  20 20 20 20 20 20 20 20 - 00 00 73 01 20 20 20 20          ..s.    
  0012F2D0  20 20 20 20 20 20 20 20 - 20 20 20 20 20 20 20 20                  
  0012F2E0  20 20 20 20 20 20 20 20 - 20 20 20 20 20 20 20 20                  
  0012F2F0  20 20 20 20 20 20 20 20 - 20 20 20 20 20 20 20 20                  
  0012F300  20 20 20 20 20 20 20 20 - 20 20 20 20 20 20 20 20                  
  0012F310  20 20 20 20 20 20 20 20 - 20 20 20 20 20 20 20 20                  
  0012F320  20 20 20 20 20 20 20 20 - 20 20 20 20 78 01 85 00              x...
  0012F330  78 01 85 00 78 01 85 00 - 78 01 85 00 20 20 20 20  x...x...x...    
  0012F340  20 20 20 20 20 20 20 20 - 20 20 20 20 20 20 20 20                  
  0012F350  20 20 20 20 20 20 20 20 - 20 20 20 20 20 20 20 20                  
  0012F360  20 20 20 20 20 20 20 20 - 20 20 20 20 20 20 20 20                  
  0012F370  00 20 20 20 20 20 20 20 - 20 20 20 20 20 20 20 20  .               
  0012F380  20 20 20 20 DC F0 12 00 - 16 00 00 00 34 F6 12 00      ........4...
  0012F390  91 81 F9 77 28 16 F9 77 - FF FF FF FF 44 F6 12 00  ...w(..w....D...
  0012F3A0  83 33 F8 77 A8 EC 18 00 - 20 F6 12 00 04 34 F8 77  .3.w.... ....4.w
  0012F3B0  48 F3 FC 77 B9 33 F8 77 - 00 00 00 00 00 FC 18 00  H..w.3.w........
  0012F3C0  A8 EC 18 00 00 E0 FD 7F - 00 00 00 00 2C 00 00 00  ............,...
  0012F3D0  00 E0 FD 7F 50 60 80 01 - 48 60 80 01 20 20 20 20  ....P`..H`..    
  0012F3E0  00 20 20 20 F9 01 00 00 - 20 20 20 20 78 01 13 00  .   ....    x...
  0012F3F0  46 00 33 00 42 00 49 00 - 44 00 42 00 47 00 2E 00  F.3.B.I.D.B.G...
  0012F400  64 00 6C 00 6C 00 00 00 - C8 0F 00 00 20 20 20 20  d.l.l.......    
  0012F410  BC 0F 00 00 BC 0F 00 00 - 58 F4 12 00 91 81 F9 77  ........X......w
  0012F420  40 96 F8 77 FF FF FF FF - 68 F4 12 00 32 15 00 78  @..w....h...2..x
  0012F430  00 00 85 00 00 00 00 00 - 78 01 13 00 78 01 13 00  ........x...x...
  0012F440  78 01 13 00 78 01 13 00 - 20 20 20 20 20 20 20 20  x...x...        
  0012F450  20 20 20 20 20 20 20 20 - B0 FF 12 00 6A BD 00 78          ....j..x
  0012F460  50 22 03 78 FF FF FF FF - 98 F4 12 00 CF 14 00 78  P".x...........x
  0012F470  BC 0F 00 00 00 00 00 00 - A6 B6 60 62 60 60 80 01  ..........`b``..
  0012F480  00 00 00 00 A6 0F 00 00 - 60 60 80 01 20 20 20 20  ........``..    
  0012F490  08 70 80 01 00 00 00 00 - EF E1 62 62 00 00 13 00  .p........bb....
  0012F4A0  F8 FB 18 00 0F 02 00 00 - 50 F6 12 00 51 C6 FC 77  ........P...Q..w
  0012F4B0  9D C5 FC 77 B4 C5 FC 77 - 6A 10 00 00 00 00 47 01  ...w...wj.....G.
  0012F4C0  00 00 00 00 20 20 20 20 - 20 20 20 20 20 20 20 20  ....            
  0012F4D0  20 20 20 20 20 20 20 20 - 20 20 20 20 20 20 20 20                  
  0012F4E0  A8 EC 18 00 78 01 13 00 - BC 10 67 62 F8 F4 12 00  ....x.....gb....
  0012F4F0  40 06 13 00 BC 10 67 62 - 94 03 00 00 98 17 EB 77  @.....gb.......w
  0012F500  00 00 13 00 0F 01 00 00 - A8 EC 18 00 A0 EC 18 00  ................
  0012F510  68 B2 F8 77 00 B2 F8 77 - 85 00 00 00 81 B1 F8 77  h..w...w.......w
  0012F520  00 16 EB 77 00 00 00 00 - C8 F0 18 00 40 F9 18 00  ...w........@...
  0012F530  78 01 13 00 A0 EC 18 00 - A8 EC 18 00 28 04 00 00  x...........(...
  0012F540  46 08 19 00 1E 04 00 00 - 1E 04 00 00 00 F6 12 00  F...............
  0012F550  91 81 F9 77 D8 EC 18 00 - 9B 10 F9 77 10 F6 12 00  ...w.......w....
  0012F560  EF CB E6 77 D8 EC 18 00 - A0 03 EB 77 EA 03 00 00  ...w.......w....
  0012F570  00 00 00 00 00 FC 18 00 - 00 00 00 00 20 20 20 20  ............    
  0012F580  0A 00 00 00 70 0C 19 00 - F8 FB 18 00 00 00 13 00  ....p...........
  0012F590  C8 F0 18 00 A0 EC 18 00 - 00 00 13 00 B8 F5 12 00  ................
  0012F5A0  2E CA FC 77 0F 01 00 00 - C8 F0 18 00 00 00 13 00  ...w............
  0012F5B0  A0 EC 18 00 00 00 00 00 - 00 00 13 00 00 00 13 00  ................
  0012F5C0  78 01 13 00 C0 C9 FC 77 - 08 06 13 00 25 C9 FC 77  x......w....%..w
  0012F5D0  00 00 00 00 00 00 00 00 - 00 00 00 00 01 00 00 00  ................
  0012F5E0  00 00 00 00 E0 00 72 00 - D8 F5 12 00 38 70 13 00  ......r.....8p..
  0012F5F0  CC F6 12 00 01 00 00 00 - 18 F6 12 00 74 22 F9 77  ............t".w
  0012F600  00 00 72 00 01 00 00 00 - DC F6 12 00 85 2C F9 77  ..r..........,.w
  0012F610  00 00 72 00 00 00 00 00 - 04 00 00 00 B8 F6 12 00  ..r.............
  0012F620  30 13 73 00 1B 2D F9 77 - 48 F3 FC 77 D1 2C F9 77  0.s..-.wH..w.,.w
  0012F630  04 00 00 00 10 DA 03 1C - FF FF 00 00 00 E0 FD 7F  ................
  0012F640  01 FF FF FF 00 E0 FD 7F - 4D 53 47 49 44 5F 30 38  ........MSGID_08
  0012F650  32 38 00 00 08 9D 18 00 - 18 9D 18 00 FF FF FF FF  28..............
  0012F660  00 00 00 00 77 01 00 00 - 00 00 13 00 20 5B 50 49  ....w....... [PI
  0012F670  44 3A 30 30 30 30 30 35 - 32 34 20 54 49 44 3A 30  D:00000524 TID:0
  0012F680  30 30 30 30 33 41 38 5D - 00 00 00 00 01 00 00 00  00003A8]........
  0012F690  E0 F6 12 00 A2 77 DE 77 - 0C F7 12 00 01 00 00 00  .....w.w........
  0012F6A0  F7 77 DE 77 0C F7 11 04 - 0C F7 12 00 F2 FB 03 00  .w.w............
  0012F6B0  52 F7 12 00 05 00 00 00 - 4C 1D 41 00 00 00 00 00  R.......L.A.....
  0012F6C0  00 00 00 00 00 00 00 00 - 01 00 00 00 FD FF FF FF  ................
  0012F6D0  32 FC 12 00 9C FA 12 00 - 10 FC 12 00 98 F9 12 00  2...............
  0012F6E0  6C F6 12 00 D0 F0 12 00 - E8 62 04 1C E8 62 04 1C  l........b...b..
  0012F6F0  E8 62 04 1C E8 62 04 1C - 10 F7 12 00 00 23 73 00  .b...b.......#s.
  0012F700  01 00 00 00 F2 FB 12 00 - 52 F7 12 00 31 00 00 00  ........R...1...
  0012F710  30 38 32 38 00 00 00 00 - 32 35 32 33 06 00 00 00  0828....2523....
  0012F720  4C 00 CC 00 62 59 FF FE - 00 00 00 00 00 F7 12 00  L...bY..........
  0012F730  3C 03 00 A0 DB 09 00 00 - 18 49 2D 01 01 00 00 00  <........I-.....
  0012F740  94 06 31 01 A8 EC 18 00 - 00 00 00 00 00 00 00 00  ..1.............
  0012F750  20 91 41 00 30 30 30 30 - 00 00 2D 01 CD DA 40 00   .A.0000..-...@.
  0012F760  89 00 00 00 38 FC 12 00 - AF 51 72 00 A8 F7 18 00  ....8....Qr.....
  0012F770  3C 03 00 00 01 00 00 00 - A8 EC 18 00 32 FC 12 00  <...........2...
  0012F780  9C FA 12 00 10 FC 12 00 - 98 F9 12 00 C0 F3 41 00  ..............A.
  0012F790  48 90 41 00 BC 05 37 01 - 8C F7 12 00 88 06 85 00  H.A...7.........
  0012F7A0  40 F8 12 00 91 81 F9 77 - A0 99 F8 77 FF FF FF FF  @......w...w....
  0012F7B0  50 F8 12 00 82 C8 FC 77 - 38 08 85 00 E8 E3 80 01  P......w8.......
  0012F7C0  00 00 00 00 E8 E3 80 01 - 00 00 00 00 0A 00 00 00  ................
  0012F7D0  20 20 20 20 20 20 20 20 - 20 20 20 20 09 00 00 00              ....
  0012F7E0  20 20 20 20 00 00 85 00 - 7B 03 00 00 E8 E3 80 01      ....{.......
  0012F7F0  E0 E3 80 01 68 01 85 00 - 00 20 20 20 09 00 00 00  ....h....   ....
  0012F800  09 00 00 00 00 20 20 20 - 00 00 00 00 DC F1 41 00  .....   ......A.

<<ｽﾚｯﾄﾞ情報>>
  ｽﾚｯﾄﾞID  : 000001DC
  ﾚｼﾞｽﾀ    : EAX=0008000E  EBX=00000003  ECX=00000000  EDX=00000000  ESI=77F93233
           : EDI=00000003  EIP=77F9323E  ESP=0197FD24  EBP=0197FD70  EFL=00000246
           : CS=001B  SS=0023  DS=0023  ES=0023  FS=0038  GS=0000
  ｽﾀｯｸｺﾐｯﾄ : 00001000 (ﾄｯﾌﾟ:01980000, ﾍﾞｰｽ:0197F000)
  ﾓｼﾞｭｰﾙﾌｧｲﾙ : E:\WINNT\system32\ntdll.dll
  ｾｸｼｮﾝ相対位置 : .text+0001223E
  EXPORT相対位置 : ZwWaitForMultipleObjects+0000000B

 <呼出経路>
[  1]---------------------------------------------------------------------------------
  ﾓｼﾞｭｰﾙﾌｧｲﾙ : E:\WINNT\system32\KERNEL32.dll
  ｾｸｼｮﾝ相対位置 : .text+00019BFB
  EXPORT相対位置 : WaitForMultipleObjects+00000017
[  2]---------------------------------------------------------------------------------
  ﾓｼﾞｭｰﾙﾌｧｲﾙ : E:\WINNT\system32\KERNEL32.dll
  ｾｸｼｮﾝ相対位置 : .text+0000887C
  EXPORT相対位置 : SetThreadExecutionState+00000227

<<ｽﾀｯｸｻﾏﾘ>>
  FramePtr RetAddr  Param-01 Param-02 Param-03 Param-04 Param-05 Param-06 Param-07 Param-08 Module:Program
  0197FD70 77E6ABFB 0197FD48 00000001 00000000 00000000 00000000 777E22B2 00000003 0197FEB0 ntdll.dll:ZwWaitForMultipleObjects
  0197FFB4 77E5987C 00000004 000B000A 794802A7 00187670 7FFDD000 0000004C 0197FFC0 0000004C KERNEL32.dll:WaitForMultipleObjects
  0197FFEC 00000000 777E21FE 00187670 00000000 000000C8 00000100 EEFFEEFF 00001002 00000000 KERNEL32.dll:SetThreadExecutionState

<<ｽﾀｯｸﾀﾞﾝﾌﾟ>>
  0197FD20  D3 15 FA 77 D7 BD E5 77 - 03 00 00 00 48 FD 97 01  ...w...w....H...
  0197FD30  01 00 00 00 00 00 00 00 - 00 00 00 00 00 00 00 00  ................
  0197FD40  70 76 18 00 01 00 00 00 - 3C 02 00 00 40 02 00 00  pv......<...@...
  0197FD50  54 02 00 00 44 8D 3F F7 - 8C 0B 46 80 90 2F 40 80  T...D.?...F../@.
  0197FD60  FF FF FF FF D0 8A 3F F7 - 3D 16 45 80 50 7B 89 81  ......?.=.E.P{..
  0197FD70  B4 FF 97 01 FB AB E6 77 - 48 FD 97 01 01 00 00 00  .......wH.......
  0197FD80  00 00 00 00 00 00 00 00 - 00 00 00 00 B2 22 7E 77  ............."~w
  0197FD90  03 00 00 00 B0 FE 97 01 - 00 00 00 00 FF FF FF FF  ................
  0197FDA0  70 76 18 00 A7 02 48 79 - 0A 00 0B 00 98 00 00 00  pv....Hy........
  0197FDB0  00 8B 3F F7 05 00 00 00 - 00 00 00 00 00 00 00 00  ..?.............
  0197FDC0  38 00 00 00 23 00 00 00 - 23 00 00 00 0A 00 0B 00  8...#...#.......
  0197FDD0  A7 02 48 79 70 76 18 00 - 68 02 48 79 4C 00 00 00  ..Hypv..h.HyL...
  0197FDE0  FE 21 7E 77 F8 EB FD 7F - 24 98 E5 77 1B 00 00 00  .!~w....$..w....
  0197FDF0  00 02 00 00 FC FF 97 01 - 23 00 00 00 4C 8C 3F F7  ........#...L.?.
  0197FE00  18 73 00 E1 00 00 00 00 - 00 00 00 00 50 8B 3F F7  .s..........P.?.
  0197FE10  1B 1A 45 80 01 00 00 00 - E0 69 8A 81 00 00 00 00  ..E......i......
  0197FE20  10 00 F8 00 CA AD 7A 81 - 7C 00 F8 00 DA AD 7A 81  ......z.|.....z.
  0197FE30  90 8B 3F F7 18 73 00 E1 - A8 A7 8A 81 30 73 00 E1  ..?..s......0s..
  0197FE40  00 00 00 00 1F 00 00 00 - 10 A8 8A 81 10 A8 8A 81  ................
  0197FE50  00 00 00 00 01 00 00 00 - AC 8B 3F F7 00 00 00 00  ..........?.....
  0197FE60  B8 75 C9 E2 70 8B 3F F7 - 00 00 00 00 63 53 41 80  .u..p.?.....cSA.
  0197FE70  30 A9 8A 81 E0 69 8A 81 - 60 8C 3F F7 7A 0D 45 80  0....i..`.?.z.E.
  0197FE80  04 00 00 00 C8 AD 7A 81 - 24 4F 4A 80 80 F3 12 00  ......z.$OJ.....
  0197FE90  00 00 00 00 48 F3 12 00 - A9 FA 14 00 00 00 00 00  ....H...........
  0197FEA0  00 00 00 00 01 00 00 00 - 19 00 02 00 00 00 00 00  ................
  0197FEB0  3C 02 00 00 40 02 00 00 - 54 02 00 00 00 00 00 00  <...@...T.......
  0197FEC0  24 05 00 00 00 00 00 00 - 04 8C 3F F7 00 00 00 00  $.........?.....
  0197FED0  00 00 00 00 00 00 00 00 - 00 00 00 00 00 00 00 00  ................
  0197FEE0  00 00 00 00 00 00 00 00 - 00 00 00 00 00 00 00 00  ................
  0197FEF0  00 00 00 00 00 00 00 00 - 00 00 00 00 00 00 00 00  ................
  0197FF00  00 00 00 00 00 00 00 00 - C0 37 50 C0 F2 00 00 00  .........7P.....
  0197FF10  00 20 50 C0 06 00 02 00 - 19 00 02 00 46 04 00 00  . P.........F...
  0197FF20  C0 37 50 C0 01 00 00 00 - 00 20 50 C0 00 01 7E FE  .7P...... P...~.
  0197FF30  A0 65 7C FE 00 00 00 00 - 30 67 7C FE 60 8C 3F F7  .e|.....0g|.`.?.
  0197FF40  46 02 00 00 F2 DE 42 80 - 10 2F 06 80 00 67 7C FE  F.....B../...g|.
  0197FF50  A0 65 7C FE 70 8C 3F F7 - 28 11 F4 77 00 20 50 C0  .e|.p.?.(..w. P.
  0197FF60  A0 50 95 81 00 00 00 00 - AC 8C 3F F7 00 00 00 00  .P........?.....
  0197FF70  30 67 7C FE 05 00 00 00 - 00 00 00 00 00 00 00 00  0g|.............
  0197FF80  00 00 00 00 D6 11 43 80 - 00 00 00 00 97 02 00 00  ......C.........
  0197FF90  0F 12 43 80 00 01 7E FE - A0 65 7C FE FF FF FF FF  ..C...~..e|.....
  0197FFA0  8F 13 43 80 00 00 00 00 - 00 00 00 00 00 00 7E 77  ..C...........~w
  0197FFB0  B0 77 18 00 EC FF 97 01 - 7C 98 E5 77 04 00 00 00  .w......|..w....
  0197FFC0  0A 00 0B 00 A7 02 48 79 - 70 76 18 00 00 D0 FD 7F  ......Hypv......
  0197FFD0  4C 00 00 00 C0 FF 97 01 - 4C 00 00 00 FF FF FF FF  L.......L.......
  0197FFE0  B4 F0 E6 77 60 D3 E5 77 - 00 00 00 00 00 00 00 00  ...w`..w........
  0197FFF0  00 00 00 00 FE 21 7E 77 - 70 76 18 00 00 00 00 00  .....!~wpv......

