COBOL97 診断機能

<<要約>>
 実行時ﾒｯｾｰｼﾞが発生しました:
  ｱﾌﾟﾘｹｰｼｮﾝ  : C:\COB97\SOC\COBIS130\COBIS130.EXE(PID=00000558)
  例外種別   : JMP0310I-U [PID:00000558 TID:0000054C] 'DBMSACS'ファイルで'OPEN'エラーが発生しました．'NON-FILE  ' PGM=COBCO001 ADR=01701296
  発生時間   : 2001/01/24(10:13:53)
  発生ﾓｼﾞｭｰﾙ : C:\COB97\SOC\COBIS130\COBCO001.DLL
  作成時間   : 2004/06/07(9:15:42)
  ﾌｧｲﾙｻｲｽﾞ   : 49152bytes

<<問題箇所>>
  ｽﾚｯﾄﾞID  : 0000054C
  ﾚｼﾞｽﾀ    : EAX=0012D66C  EBX=1C042688  ECX=E9999999  EDX=00000001  ESI=00000000
           : EDI=001847F8  EIP=77E5A4E1  ESP=0012D664  EBP=0012D6BC  EFL=00000246
           : CS=001B  SS=0023  DS=0023  ES=0023  FS=0038  GS=0000
  ｽﾀｯｸｺﾐｯﾄ : 00004000 (ﾄｯﾌﾟ:00130000, ﾍﾞｰｽ:0012C000)
  命令     :  ｱﾄﾞﾚｽ   +0 +1 +2 +3 +4 +5 +6 +7 +8 +9 +a +b +c +d +e +f
             77E5A4D1 01 8D 7D C4 F3 A5 8D 45 B0 50 FF 15 68 14 E5 77
     ﾌｫｰﾙﾄ ->77E5A4E1 E9 66 17 03 00 FF 74 24 08 FF 74 24 08 E8 62 FB

  ﾓｼﾞｭｰﾙﾌｧｲﾙ : C:\COB97\SOC\COBIS130\COBCO001.DLL
  ｾｸｼｮﾝ相対位置 : .text+00000296
  EXPORT相対位置 : COBCO001+0000025E

 <呼出経路>
[  1]---------------------------------------------------------------------------------
  ﾓｼﾞｭｰﾙﾌｧｲﾙ : E:\Program Files\PCOB97\F3BKATCH.dll
  ｾｸｼｮﾝ相対位置 : .text+000020E0
  EXPORT相対位置 : NotifyExecErrorInfo+00000146
[  2]---------------------------------------------------------------------------------
  ﾓｼﾞｭｰﾙﾌｧｲﾙ : E:\Program Files\PCOB97\F3BIPRCT.dll
  ｾｸｼｮﾝ相対位置 : .text+0000BBD7
  EXPORT相対位置 : JMP1MESS+00000927
[  3]---------------------------------------------------------------------------------
  ﾓｼﾞｭｰﾙﾌｧｲﾙ : E:\Program Files\PCOB97\F3BIPRCT.dll
  ｾｸｼｮﾝ相対位置 : .text+00020FF2
  EXPORT相対位置 : JMP5IOER+00000E72
[  4]---------------------------------------------------------------------------------
  ﾓｼﾞｭｰﾙﾌｧｲﾙ : E:\Program Files\PCOB97\F3BILPIO.dll
  ｾｸｼｮﾝ相対位置 : .text+0000409C
  EXPORT相対位置 : JMP5PTXT+0000409C
[  5]---------------------------------------------------------------------------------
  ﾓｼﾞｭｰﾙﾌｧｲﾙ : E:\Program Files\PCOB97\F3BILPIO.dll
  ｾｸｼｮﾝ相対位置 : .text+000006FB
  EXPORT相対位置 : JMP5PTXT+000006FB
[  6]---------------------------------------------------------------------------------
  ﾓｼﾞｭｰﾙﾌｧｲﾙ : E:\Program Files\PCOB97\F3BILPIO.dll
  ｾｸｼｮﾝ相対位置 : .text+000001FA
  EXPORT相対位置 : JMP5PTXT+000001FA
[  7]---------------------------------------------------------------------------------
  ﾓｼﾞｭｰﾙﾌｧｲﾙ : E:\Program Files\PCOB97\F3BILPIO.dll
  ｾｸｼｮﾝ相対位置 : .text+0000A954
  EXPORT相対位置 : JMP5PCHK+00001024
[  8]---------------------------------------------------------------------------------
  ﾓｼﾞｭｰﾙﾌｧｲﾙ : C:\COB97\SOC\COBIS130\COBCO001.DLL
  ｾｸｼｮﾝ相対位置 : .text+0000029A
  EXPORT相対位置 : COBCO001+00000262
[  9]---------------------------------------------------------------------------------
  ﾓｼﾞｭｰﾙﾌｧｲﾙ : C:\COB97\SOC\COBIS130\COBIS130.EXE
  ｾｸｼｮﾝ相対位置 : .text+00001266
  ｼﾝﾎﾞﾙ相対位置 : COBIS130+00001266
  翻訳情報 : ShiftJIS, ｼﾝｸﾞﾙｽﾚｯﾄﾞ, NOOPTIMIZE
  外部ﾌﾟﾛｸﾞﾗﾑ/ｸﾗｽ : COBIS130
  ｿｰｽﾌｧｲﾙ : COBIS130.COB
  文位置 : 798
[ 10]---------------------------------------------------------------------------------
  ﾓｼﾞｭｰﾙﾌｧｲﾙ : C:\COB97\SOC\COBIS130\COBIS130.EXE
  ｾｸｼｮﾝ相対位置 : .text+0000000A
  ｼﾝﾎﾞﾙ相対位置 : COBIS130+0000000A
[ 11]---------------------------------------------------------------------------------
  ﾓｼﾞｭｰﾙﾌｧｲﾙ : C:\COB97\SOC\COBIS130\COBIS130.EXE
  ｾｸｼｮﾝ相対位置 : .text+0000FD91
  ｼﾝﾎﾞﾙ相対位置 : _mainCRTStartup+000000B4
[ 12]---------------------------------------------------------------------------------
  ﾓｼﾞｭｰﾙﾌｧｲﾙ : E:\WINNT\system32\KERNEL32.dll
  ｾｸｼｮﾝ相対位置 : .text+000077F5
  EXPORT相対位置 : DosDateTimeToFileTime+00000C64

<<ｼｽﾃﾑ情報>>
  ｺﾝﾋﾟｭｰﾀ名      : YAQIEDU-215
  ﾕｰｻﾞｰ名        : Administrator
  Windowsﾊﾞｰｼﾞｮﾝ : Microsoft Windows 2000
  ﾊﾞｰｼﾞｮﾝﾅﾝﾊﾞｰ   : 5.0.2195
  ｻｰﾋﾞｽﾊﾟｯｸ      : Service Pack 4

<<ｺﾏﾝﾄﾞﾗｲﾝ>>
  C:\COB97\SOC\COBIS130\COBIS130.EXE "C:\COB97\SOC\COBIS130\COBIS130.MSG"

<<環境変数>>
  =::=::\
  @AllFileExclusive=NO
  @CnslBufLine=100
  @CnslWinSize=(80,24)
  @EnvSetWindow=UNUSE
  @IconName=COB85EXE
  @MessOutFile=C:\COB97\SOC\COBIS130\COBIS130_SYS.LOG
  @MGPRM="C:\COB97\SOC\COBIS130\COBIS130.MSG"
  @NoMessage=YES
  @ScrnSize=(80,24)
  @WinCloseMsg=ON
  ALLUSERSPROFILE=E:\Documents and Settings\All Users
  APPDATA=E:\Documents and Settings\Administrator\Application Data
  CommonProgramFiles=E:\Program Files\Common Files
  COMPUTERNAME=YAQIEDU-215
  ComSpec=E:\WINNT\system32\cmd.exe
  DBMSACS=C:\COB97\SOC\DBMSACS.INI
  HOMEDRIVE=E:
  HOMEPATH=\
  Include=E:\PROGRA~1\Ocf21\ifaspro\include;E:\Program Files\PCOB97\INCLUDE;E:\Program Files\Microsoft Visual Studio\VC98\include;E:\Program Files\Microsoft Visual Studio\Common\MsDev\include;
  Lib=E:\PROGRA~1\Ocf21\ifaspro\lib;E:\PROGRA~1\Ocf21\WEBCBL\lib;E:\PROGRA~1\Ocf21\SQLEXT\lib;E:\Program Files\PCOB97\LIB;E:\Program Files\PCOB97;E:\PROGRA~1\Ocf21\cbl85pro\lib;E:\Program Files\Microsoft Visual Studio\VC98\lib;E:\Program Files\Microsoft Visual Studio\Common\MsDev\lib
  LOGFILE=C:\COB97\SOC\COBIS130\COBIS130.LOG
  LOGONSERVER=\\YAQIEDU-215
  NUMBER_OF_PROCESSORS=1
  OS=Windows_NT
  Os2LibPath=E:\WINNT\system32\os2\dll;
  Path=D:\ORACLE\bin;E:\Program Files\Oracle\jre\1.1.8\bin;D:\ORACLE\Apache\Perl\5.00503\bin\mswin32-x86;E:\PROGRA~1\Ocf21\ifaspro\bin;E:\PROGRA~1\Ocf21\COBOLC~1\bin;E:\PROGRA~1\Ocf21\SQLEXT\bin;E:\Program Files\PCOB97\DBALIB\BIN;E:\Program Files\PCOB97\CLASSCOB\BIN;E:\Program Files\PCOB97;E:\Program Files\PCOB97\MEFTWEB;E:\PROGRA~1\Ocf21\cbl85pro\bin;E:\Program Files\Microsoft Visual Studio\VC98\bin;E:\Program Files\Microsoft Visual Studio\Common\MsDev\bin;E:\WINNT\system32;E:\WINNT;E:\WINNT\System32\Wbem
  PATHEXT=.COM;.EXE;.BAT;.CMD;.VBS;.VBE;.JS;.JSE;.WSF;.WSH
  PROCESSOR_ARCHITECTURE=x86
  PROCESSOR_IDENTIFIER=x86 Family 6 Model 4 Stepping 2, AuthenticAMD
  PROCESSOR_LEVEL=6
  PROCESSOR_REVISION=0402
  ProgramFiles=E:\Program Files
  SystemDrive=E:
  SystemRoot=E:\WINNT
  TEMP=E:\DOCUME~1\ADMINI~1\LOCALS~1\Temp
  TMP=E:\DOCUME~1\ADMINI~1\LOCALS~1\Temp
  U05=C:\COB97\SOC\COBIS130\TESTDATA\Input\FFUISA01
  USERDOMAIN=YAQIEDU-215
  USERNAME=Administrator
  USERPROFILE=E:\Documents and Settings\Administrator
  WF_RESOURCES=D:\ORACLE\WF\RES\WFja.RES
  windir=E:\WINNT

<<実行環境情報>>
  実行ﾓｰﾄﾞ   : ShiftJIS, ｼﾝｸﾞﾙｽﾚｯﾄﾞ
  ﾌﾟﾛｸﾞﾗﾑ名  : COBIS130
  初期化ﾌｧｲﾙ : C:\COB97\SOC\COBIS130\COBOL85.CBR
    [COBIS130.ENTRY]
    CLOCO001=C:\COB97\SOC\COBIS130\CLOCO001.DLL
    COBCO001=C:\COB97\SOC\COBIS130\COBCO001.DLL
    [COBIS130]
    @IconName=COB85EXE
    @ScrnSize=(80,24)
    @CnslWinSize=(80,24)
    @CnslBufLine=100
    @WinCloseMsg=ON
    @EnvSetWindow=UNUSE
    @AllFileExclusive=NO
    @NoMessage=YES
    @MessOutFile=C:\COB97\SOC\COBIS130\COBIS130_SYS.LOG
    DBMSACS=C:\COB97\SOC\DBMSACS.INI
    U05=C:\COB97\SOC\COBIS130\TESTDATA\Input\FFUISA01
    LOGFILE=C:\COB97\SOC\COBIS130\COBIS130.LOG
    [EOF]

<<STACK/HEAP情報>>
  ｽﾀｯｸ : 00100000
  ﾋｰﾌﾟ : 00100000

<<ﾀｽｸﾘｽﾄ>>
       0 Idle.exe
       8 System.exe
      88 smss.exe
      A0 csrss.exe
      9C winlogon.exe
      D0 services.exe
      DC lsass.exe
     190 svchost.exe
     1A8 spoolsv.exe
     1C4 COBATSVC.exe
     1D8 svchost.exe
     1E8 IFASINIT.exe
     1FC KVSrvXP.exe
     20C IFASLOGW.exe
     284 regsvc.exe
     294 MSTask.exe
     2C4 WinMgmt.exe
     2E8 svchost.exe
     3B8 Explorer.exe
     404 KVMonXP.kxp.exe
     414 ctfmon.exe
     3F8 xdict.exe
     428 CWV7hook.exe
     43C acrotray.exe
     440 ipmsg.exe
     528 TrojDie.kxp.exe
     418 KRegEx.exe
     430 DllHost.exe
     3DC conime.exe
     544 mdm.exe
     360 Acrobat.exe
     3E4 WISPTIS.exe
     47C EXCEL.exe
     318 PLSQLDev.exe
     4B4 F3BXVFRM.exe
     4B8 F3BXMSRV.exe
      F8 F3BXTF00.exe
     53C F3BXBBLD.exe
     558 COBIS130.exe
     26C COBSNAP.exe
       0 _Total.exe

<<ﾓｼﾞｭｰﾙﾘｽﾄ>>
  00400000 - 0041C000  C:\COB97\SOC\COBIS130\COBIS130.EXE
                         2001/01/24(9:51:34)
  77F80000 - 77FFB000  E:\WINNT\system32\ntdll.dll
                         Microsoft Corporation, Microsoft(R) Windows (R) 2000 Operating System, 5.00.2195.6685
                         2003/06/19(12:05:04)
  62600000 - 62675000  D:\ORACLE\bin\orasql9.dll
                         2002/04/26(18:56:32)
  610A0000 - 6113F000  D:\ORACLE\bin\oracore9.dll
                         2002/05/14(17:18:16)
  612A0000 - 61319000  D:\ORACLE\bin\oranls9.dll
                         2002/04/25(14:03:24)
  613A0000 - 613B1000  D:\ORACLE\bin\oraunls9.dll
                         2002/04/25(14:03:26)
  78000000 - 78045000  E:\WINNT\system32\MSVCRT.dll
                         Microsoft Corporation, Microsoft (R) Visual C++, 6.10.9844.0
                         2003/06/19(12:05:04)
  77E50000 - 77F38000  E:\WINNT\system32\KERNEL32.dll
                         Microsoft Corporation, Microsoft(R) Windows (R) 2000 Operating System, 5.00.2195.6688
                         2003/06/19(12:05:04)
  74FB0000 - 74FBA000  E:\WINNT\system32\WSOCK32.dll
                         Microsoft Corporation, Microsoft(R) Windows (R) 2000 Operating System, 5.00.2195.6603
                         2003/06/19(12:05:04)
  74F90000 - 74FA4000  E:\WINNT\system32\WS2_32.DLL
                         Microsoft Corporation, Microsoft(R) Windows (R) 2000 Operating System, 5.00.2195.6601
                         2003/06/19(12:05:04)
  79480000 - 794E2000  E:\WINNT\system32\ADVAPI32.DLL
                         Microsoft Corporation, Microsoft(R) Windows (R) 2000 Operating System, 5.00.2195.6710
                         2003/06/19(12:05:04)
  78780000 - 787F1000  E:\WINNT\system32\RPCRT4.DLL
                         Microsoft Corporation, Microsoft(R) Windows (R) 2000 Operating System, 5.00.2195.6701
                         2003/06/19(12:05:04)
  74F80000 - 74F88000  E:\WINNT\system32\WS2HELP.DLL
                         Microsoft Corporation, Microsoft(R) Windows (R) 2000 Operating System, 5.00.2134.1
                         1999/12/17(20:00:00)
  77A20000 - 77B17000  E:\WINNT\system32\ole32.dll
                         Microsoft Corporation, Microsoft(R) Windows (R) 2000 Operating System, 5.00.2195.6692
                         2003/06/19(12:05:04)
  77F40000 - 77F7C000  E:\WINNT\system32\GDI32.DLL
                         Microsoft Corporation, Microsoft(R) Windows (R) 2000 Operating System, 5.00.2195.6660
                         2003/06/19(12:05:04)
  77DE0000 - 77E45000  E:\WINNT\system32\USER32.DLL
                         Microsoft Corporation, Microsoft(R) Windows (R) 2000 Operating System, 5.00.2195.6688
                         2003/06/19(12:05:04)
  77520000 - 77550000  E:\WINNT\system32\WINMM.dll
                         Microsoft Corporation, Microsoft(R) Windows (R) 2000 Operating System, 5.00.2161.1
                         1999/12/17(20:00:00)
  60600000 - 60784000  D:\ORACLE\bin\oraclient9.dll
                         2002/04/28(16:13:48)
  60800000 - 60806000  D:\ORACLE\bin\oravsn9.dll
                         2002/04/28(16:13:50)
  60500000 - 60590000  D:\ORACLE\bin\oracommon9.dll
                         2002/04/28(16:12:16)
  00420000 - 00677000  D:\ORACLE\bin\orageneric9.dll
                         2002/05/05(17:23:26)
  62FC0000 - 6303D000  D:\ORACLE\bin\oraxml9.dll
                         2002/04/27(17:50:02)
  780A0000 - 780B2000  E:\WINNT\system32\MSVCIRT.dll
                         Microsoft Corporation, Microsoft (R) Visual C++, 6.10.8637.0
                         1999/12/17(20:00:00)
  630F0000 - 63110000  D:\ORACLE\bin\oraxsd9.dll
                         2002/04/27(17:50:14)
  615A0000 - 61629000  D:\ORACLE\bin\orannzsbb9.dll
                         2002/05/04(23:00:36)
  61480000 - 61534000  D:\ORACLE\bin\oran9.dll
                         2002/04/26(19:31:10)
  61400000 - 6142C000  D:\ORACLE\bin\oranl9.dll
                         2002/04/26(19:30:18)
  61960000 - 61971000  D:\ORACLE\bin\oranldap9.dll
                         2002/04/26(19:31:06)
  62000000 - 62024000  D:\ORACLE\bin\oraldapclnt9.dll
                         2002/04/26(21:19:42)
  616B0000 - 616C7000  D:\ORACLE\bin\orancrypt9.dll
                         2002/04/26(19:37:34)
  77980000 - 77A1B000  E:\WINNT\system32\OLEAUT32.dll
                         2003/06/19(12:05:04)
  62300000 - 6233E000  D:\ORACLE\bin\ORATRACE9.dll
                         2002/04/29(14:04:08)
  61730000 - 61766000  D:\ORACLE\bin\oranro9.dll
                         2002/04/26(19:30:14)
  617C0000 - 617C6000  D:\ORACLE\bin\oranhost9.dll
                         2002/04/26(19:31:02)
  617D0000 - 617D6000  D:\ORACLE\bin\oranoname9.dll
                         2002/04/26(19:31:04)
  616A0000 - 616A6000  D:\ORACLE\bin\orancds9.dll
                         2002/04/26(19:31:24)
  61820000 - 61827000  D:\ORACLE\bin\orantns9.dll
                         2002/04/26(19:30:58)
  64000000 - 64007000  D:\ORACLE\bin\oranms.dll
                         2002/04/26(17:29:30)
  64020000 - 64030000  D:\ORACLE\bin\oranmsp.dll
                         2002/04/26(17:29:30)
  60A00000 - 60D13000  D:\ORACLE\bin\orapls9.dll
                         2002/04/28(10:45:02)
  62500000 - 62507000  D:\ORACLE\bin\oraslax9.dll
                         2002/04/26(17:18:00)
  61350000 - 61360000  D:\ORACLE\bin\orasnls9.dll
                         2002/04/25(14:03:28)
  60810000 - 60816000  D:\ORACLE\bin\orawtc9.dll
                         2002/04/28(16:13:52)
  1C000000 - 1C04B000  E:\Program Files\PCOB97\F3BIPRCT.dll
                         FUJITSU LIMITED, COBOL97 RUNTIME SYSTEM, 61.20.0.0
                         2001/04/13(10:06:24)
  00680000 - 006BD000  E:\Program Files\PCOB97\F3BISCRN.dll
                         FUJITSU LIMITED, COBOL97 RUNTIME SYSTEM, 61.20.0.0
                         2001/04/03(19:24:58)
  10000000 - 10015000  E:\Program Files\PCOB97\F3BKATCH.dll
                         FUJITSU LIMITED, COBOL97 RUNTIME SYSTEM, 61.20.0.0
                         2001/04/25(14:02:52)
  76AE0000 - 76B1E000  E:\WINNT\system32\comdlg32.dll
                         Microsoft Corporation, Microsoft(R) Windows (R) 2000 Operating System, 5.00.3700.6693
                         2003/06/19(12:05:04)
  77C40000 - 77C8A000  E:\WINNT\system32\SHLWAPI.DLL
                         Microsoft Corporation, Microsoft(R) Windows (R) 2000 Operating System, 5.00.3502.6601
                         2003/06/19(12:05:04)
  77B20000 - 77BA9000  E:\WINNT\system32\COMCTL32.DLL
                         Microsoft Corporation, Microsoft(R) Windows (R) 2000 Operating System, 5.00.3502.6601
                         2003/06/19(12:05:04)
  73CC0000 - 73F08000  E:\WINNT\system32\SHELL32.DLL
                         Microsoft Corporation, Microsoft(R) Windows (R) 2000 Operating System, 5.00.3700.6705
                         2003/06/19(12:05:04)
  777D0000 - 777D7000  E:\WINNT\system32\VERSION.dll
                         Microsoft Corporation, Microsoft(R) Windows (R) 2000 Operating System, 5.00.2195.6623
                         2003/06/19(12:05:04)
  75940000 - 75946000  E:\WINNT\system32\LZ32.DLL
                         Microsoft Corporation, Microsoft(R) Windows (R) 2000 Operating System, 5.00.2195.6611
                         2003/06/19(12:05:04)
  006C0000 - 006F4000  E:\Program Files\PCOB97\F3BILPIO.dll
                         FUJITSU LIMITED, COBOL97 RUNTIME SYSTEM, 61.20.0.0
                         2001/04/04(13:51:38)
  00700000 - 00705000  E:\Program Files\PCOB97\F3BIOVLD.dll
                         FUJITSU LIMITED, COBOL97 RUNTIME SYSTEM, 61.20.0.0
                         2001/04/16(20:06:28)
  777B0000 - 777CE000  E:\WINNT\system32\WINSPOOL.DRV
                         Microsoft Corporation, Microsoft(R) Windows (R) 2000 Operating System, 5.00.2195.6659
                         2003/06/19(12:05:04)
  798F0000 - 79901000  E:\WINNT\system32\MPR.DLL
                         Microsoft Corporation, Microsoft(R) Windows (R) 2000 Operating System, 5.00.2195.6611
                         2003/06/19(12:05:04)
  2C000000 - 2C034000  E:\Program Files\PCOB97\F3BIIO.dll
                         FUJITSU LIMITED, COBOL97 RUNTIME SYSTEM, 61.20.0.0
                         2001/04/06(10:49:56)
  3C000000 - 3C03B000  E:\Program Files\PCOB97\F3BIFRM.dll
                         FUJITSU LIMITED, COBOL97 RUNTIME SYSTEM, 61.20.0.0
                         2001/04/05(16:06:40)
  00710000 - 00726000  E:\Program Files\PCOB97\F3BIDBG.dll
                         FUJITSU LIMITED, COBOL97 RUNTIME SYSTEM, 61.20.0.0
                         2001/04/18(11:09:12)
  75DF0000 - 75E0A000  E:\WINNT\system32\IMM32.DLL
                         Microsoft Corporation, Microsoft(R) Windows (R) 2000 Operating System, 5.00.2195.6655
                         2003/06/19(12:05:04)
  012A0000 - 012A5000  E:\Program Files\PCOB97\F3BIPRSJ.DLL
                         FUJITSU LIMITED, COBOL97 RUNTIME SYSTEM, 61.20.0.0
                         2001/04/03(20:10:44)
  012B0000 - 012B4000  E:\Program Files\PCOB97\F3BIODSJ.DLL
                         FUJITSU LIMITED, COBOL97 RUNTIME SYSTEM, 61.20.0.0
                         2001/04/06(19:11:34)
  012C0000 - 012CA000  E:\Program Files\PCOB97\F3BIMSGJ.DLL
                         FUJITSU LIMITED, COBOL97 RUNTIME SYSTEM, 61.20.0.0
                         2001/04/03(20:31:54)
  01330000 - 0133D000  E:\Program Files\PCOB97\F3BILANP.dll
                         FUJITSU LIMITED, COBOL97 RUNTIME SYSTEM, 61.20.0.0
                         2001/05/22(20:09:36)
  60000000 - 6004B000  E:\WINNT\system32\MSCTF.dll
                         Microsoft Corporation, Microsoft(R) Windows NT(R) Operating System, 1.00.2409.34
                         2003/05/21(22:49:06)
  37F00000 - 37F13000  E:\Program Files\Kingsoft\XdictEJC\Cjktl32.dll
                         2000/09/29(12:05:40)
  3A600000 - 3A676000  E:\WINNT\system32\IMJP9.IME
                         Microsoft Corporation, Microsoft IME 2003, 9.0.5516.0
                         2003/07/23(22:40:04)
  3A690000 - 3A760000  E:\WINNT\system32\imjp9k.dll
                         Microsoft Corporation, Microsoft IME 2003, 9.0.5510.0
                         2003/07/14(23:03:54)
  015E0000 - 015EE000  C:\COB97\SOC\COBIS130\CLOCO001.DLL
                         2004/06/07(9:15:50)
  01700000 - 0170C000  C:\COB97\SOC\COBIS130\COBCO001.DLL
                         2004/06/07(9:15:42)

<<ｽﾀｯｸｻﾏﾘ>>
  FramePtr RetAddr  Param-01 Param-02 Param-03 Param-04 Param-05 Param-06 Param-07 Param-08 Module:Program
  0012D6BC 100030E0 E9999999 00000000 00000000 00000000 001847F8 0000007C 001847F8 00000000 KERNEL32.dll:RaiseException
  0012D6F4 1C00CBD7 01701296 00000010 001847F8 00000136 00000000 0012EA97 017090F4 0170612C F3BKATCH.dll:NotifyExecErrorInfo
  0012DDB0 1C021FF2 001852F8 00120136 00000000 001847F8 0012EECA 0012EE98 0012EA90 0012E9F0 F3BIPRCT.dll:JMP1MESS
  0012EEB8 006C509C 01706074 00000100 0055612C 00007F04 01300694 017090B8 01709060 01452528 F3BIPRCT.dll:JMP5IOER
  0012EEEC 006C16FB 01706074 0170612C 0170612C 00000001 01300694 FFFFFFFF 00000001 0132FFD0 F3BILPIO.dll:JMP5PTXT
  0012EF14 006C11FA 01706074 0132FFC8 00000000 00000001 006C0000 01300694 00000000 0012FBD4 F3BILPIO.dll:JMP5PTXT
  0012EF4C 006CB954 01706074 00000001 0132FFC8 0170612C 01709040 7FFDF000 77E6CBEF 00140678 F3BILPIO.dll:JMP5PTXT
  0012FBD4 0170129A 01706074 00000001 0012FBE8 00000001 0170612C 00000010 00416038 0012FC94 F3BILPIO.dll:JMP5PCHK
  0012FCA0 00402266 00416E10 20202008 20202020 20202020 20202020 20202020 20202020 20202020 COBCO001.DLL:COBCO001
  0012FF74 0040100A 00000000 0012FFC0 00410D91 00000002 012F0E90 012F0EF8 00000020 00000000 COBIS130.EXE:COBIS130
  0012FF80 00410D91 00000002 012F0E90 012F0EF8 00000020 00000000 7FFDF000 8043138F 00000000 COBIS130.EXE:COBIS130
  0012FFC0 77E587F5 00000020 00000000 7FFDF000 00000000 0012FFC8 00000000 FFFFFFFF 77E6F0B4 COBIS130.EXE:_mainCRTStartup
  0012FFF0 00000000 00410CDD 00000000 000000C8 00000100 EEFFEEFF 00000002 00000000 0000FE00 KERNEL32.dll:DosDateTimeToFileTime

<<ｽﾀｯｸﾀﾞﾝﾌﾟ>>
  0012D660  6C D6 12 00 F8 47 18 00 - 7C 00 00 00 99 99 99 E9  l....G..|.......
  0012D670  00 00 00 00 00 00 00 00 - E1 A4 E5 77 00 00 00 00  ...........w....
  0012D680  FF FF FF FF B8 D6 12 00 - FE 25 48 79 D8 03 00 00  .........%Hy....
  0012D690  F8 EB FD 7F 00 00 00 00 - 19 00 02 00 EC D6 12 00  ................
  0012D6A0  F8 47 18 00 7C 00 00 00 - 88 26 04 1C 26 00 27 00  .G..|....&..&.'.
  0012D6B0  58 56 00 10 00 00 00 00 - F4 D6 12 00 F4 D6 12 00  XV..............
  0012D6C0  E0 30 00 10 99 99 99 E9 - 00 00 00 00 00 00 00 00  .0..............
  0012D6D0  00 00 00 00 F8 47 18 00 - 7C 00 00 00 F8 47 18 00  .....G..|....G..
  0012D6E0  00 00 00 00 00 00 00 00 - 02 00 00 00 00 00 00 00  ................
  0012D6F0  B8 CA 00 1C B0 DD 12 00 - D7 CB 00 1C 96 12 70 01  ..............p.
  0012D700  10 00 00 00 F8 47 18 00 - 36 01 00 00 00 00 00 00  .....G..6.......
  0012D710  97 EA 12 00 F4 90 70 01 - 2C 61 70 01 20 50 47 4D  ......p.,ap. PGM
  0012D720  3D 43 4F 42 43 4F 30 30 - 31 20 41 44 52 3D 30 31  =COBCO001 ADR=01
  0012D730  37 30 31 32 39 36 00 00 - 47 E8 12 00 C8 56 31 01  701296..G....V1.
  0012D740  0F 00 10 00 80 D7 12 00 - 00 00 00 00 00 00 00 00  ................
  0012D750  74 CE FC 77 FF FF FF FF - 00 00 13 00 38 5F 17 00  t..w........8_..
  0012D760  19 24 00 00 EF BA FC 77 - 00 00 13 00 38 5F 17 00  .$.....w....8_..
  0012D770  00 00 13 00 38 5F 17 00 - 00 1D 00 00 40 06 13 00  ....8_......@...
  0012D780  19 06 00 00 B4 D7 12 00 - 07 CE FC 77 19 24 00 00  ...........w.$..
  0012D790  10 5F 17 00 00 00 00 00 - 78 01 13 00 00 00 13 00  ._......x.......
  0012D7A0  17 1D 00 00 00 00 13 00 - 38 5F 17 00 00 00 13 00  ........8_......
  0012D7B0  F0 47 18 00 02 07 00 00 - D9 38 F9 77 3B 39 F9 77  .G.......8.w;9.w
  0012D7C0  6B 39 F9 77 00 00 13 00 - 28 00 CB 00 20 01 EB 77  k9.w....(... ..w
  0012D7D0  00 00 00 00 20 01 EB 77 - 00 00 00 00 00 00 00 00  .... ..w........
  0012D7E0  00 00 00 00 00 00 00 00 - 00 00 00 00 00 00 00 00  ................
  0012D7F0  00 00 00 00 00 00 00 00 - 00 00 00 00 00 00 00 00  ................
  0012D800  00 00 00 00 00 00 00 00 - 40 06 13 00 00 00 00 00  ........@.......
  0012D810  40 06 13 00 00 00 00 00 - 00 00 00 00 00 00 00 00  @...............
  0012D820  00 00 00 00 00 00 00 00 - 00 00 00 00 00 00 00 00  ................
  0012D830  00 00 00 00 00 00 00 00 - 00 00 00 00 00 00 00 00  ................
  0012D840  00 00 00 00 00 00 00 00 - 00 00 00 00 00 00 00 00  ................
  0012D850  00 00 00 00 00 00 00 00 - 00 00 00 00 00 00 00 00  ................
  0012D860  00 00 00 00 00 00 00 00 - 78 01 13 00 78 01 13 00  ........x...x...
  0012D870  78 01 13 00 78 01 13 00 - 78 01 13 00 78 01 13 00  x...x...x...x...
  0012D880  78 01 13 00 78 01 13 00 - 00 00 00 00 00 00 00 00  x...x...........
  0012D890  00 00 00 00 00 00 00 00 - 00 00 00 00 00 00 00 00  ................
  0012D8A0  78 01 13 00 78 01 13 00 - 78 01 13 00 78 01 13 00  x...x...x...x...
  0012D8B0  00 00 00 00 00 00 00 00 - 00 00 00 00 00 00 00 00  ................
  0012D8C0  00 00 00 00 00 00 00 00 - 00 00 00 00 00 00 00 00  ................
  0012D8D0  00 00 00 00 00 00 00 00 - 00 00 00 00 00 00 00 00  ................
  0012D8E0  00 00 00 00 02 00 00 00 - 60 4D 13 00 01 00 00 00  ........`M......
  0012D8F0  11 04 00 00 00 00 00 00 - 00 00 00 00 00 00 00 00  ................
  0012D900  00 00 00 00 00 00 00 00 - 00 00 00 00 00 00 00 00  ................
  0012D910  00 00 00 00 00 00 00 00 - 00 00 00 00 00 00 13 00  ................
  0012D920  02 07 00 00 78 01 13 00 - 38 5F 17 00 00 01 13 00  ....x...8_......
  0012D930  50 F5 13 00 17 1D 00 00 - 23 00 00 00 40 0D 00 00  P.......#...@...
  0012D940  00 00 00 00 00 00 00 00 - F0 47 18 00 FF FF FF E7  .........G......
  0012D950  00 00 00 00 78 01 13 00 - 38 5F 17 00 40 5F 17 00  ....x...8_..@_..
  0012D960  B8 E8 00 00 E8 47 18 00 - C4 D7 12 00 68 DB 12 00  .....G......h...
  0012D970  1C DB 12 00 91 81 F9 77 - 90 39 F9 77 FF FF FF FF  .......w.9.w....
  0012D980  2C DB 12 00 67 B1 FC 77 - 00 00 13 00 01 03 10 00  ,...g..w........
  0012D990  A8 E8 00 00 00 00 00 00 - 28 00 CB 00 20 01 EB 77  ........(... ..w
  0012D9A0  00 00 00 00 20 01 EB 77 - 02 00 00 00 00 00 00 00  .... ..w........
  0012D9B0  24 0F 2E 01 00 00 00 00 - 00 00 00 00 00 00 00 00  $...............
  0012D9C0  00 00 00 00 00 00 00 00 - 00 00 00 00 00 00 00 00  ................
  0012D9D0  00 00 00 00 00 00 00 00 - 00 00 00 00 00 00 00 00  ................
  0012D9E0  00 00 00 00 00 00 00 00 - 60 4D 13 00 2C DA 12 00  ........`M..,...
  0012D9F0  78 31 03 3C 9B 10 F9 77 - C0 DA 12 00 DE 51 E6 77  x1.<...w.....Q.w
  0012DA00  D0 31 03 3C 6C DA 12 00 - 40 00 00 00 00 00 00 00  .1.<l...@.......
  0012DA10  00 00 00 00 E4 FD FF FF - 71 67 AC 4E 20 00 28 00  ........qg.N .(.
  0012DA20  19 6A 96 6E 01 00 00 00 - E0 31 03 3C 19 0D 03 3C  .j.n.....1.<...<
  0012DA30  00 00 31 01 A8 1A 36 01 - 78 01 31 01 AB 04 00 00  ..1...6.x.1.....
  0012DA40  80 C7 FC 77 00 00 31 01 - B4 C5 FC 77 F8 0B 00 00  ...w..1....w....
  0012DA50  88 26 04 1C 8D 27 E6 77 - DC DA 12 00 84 DA 12 00  .&...'.w........
  0012DA60  00 00 00 00 09 00 00 00 - 00 EC FD 7F B4 DA 12 00  ................
  0012DA70  F0 B3 F8 77 70 E9 35 01 - 78 01 31 01 CC DA 12 00  ...wp.5.x.1.....
  0012DA80  00 00 00 00 00 00 35 01 - C2 33 F9 77 E8 DA 12 00  ......5..3.w....
  0012DA90  08 00 00 00 BC DA 12 00 - 10 EC FD 7F 10 00 00 00  ................
  0012DAA0  05 01 00 00 F8 EB FD 7F - 00 00 00 00 00 00 00 00  ................
  0012DAB0  D4 DA 12 00 88 58 E6 77 - CC DA 12 00 08 00 00 00  .....X.w........
  0012DAC0  00 00 00 00 4D E8 12 00 - 01 FF 02 2C 08 00 05 01  ....M......,....
  0012DAD0  00 00 13 00 4D E8 12 00 - 00 00 13 00 60 39 03 3C  ....M.......`9.<
  0012DAE0  30 1F F8 77 46 1F F8 77 - 78 01 31 01 70 E9 35 01  0..wF..wx.1.p.5.
  0012DAF0  78 01 31 01 78 01 31 01 - 68 E9 35 01 00 00 13 00  x.1.x.1.h.5.....
  0012DB00  00 00 00 00 01 00 13 00 - 38 5F 17 00 E8 47 18 00  ........8_...G..
  0012DB10  68 DB 12 00 68 DB 12 00 - 4C DB 12 00 03 00 00 00  h...h...L.......
  0012DB20  54 2A F9 77 00 00 13 00 - 18 07 13 00 03 00 00 00  T*.w............
  0012DB30  80 DE 13 00 24 DB 12 00 - 00 02 00 00 E0 DC 12 00  ....$...........
  0012DB40  91 81 F9 77 98 2A F9 77 - FF FF FF FF F0 DC 12 00  ...w.*.w........
  0012DB50  5C C3 FC 77 18 07 13 00 - 3C DD 12 00 44 DD 12 00  \..w....<...D...
  0012DB60  00 00 00 00 30 DC 12 00 - 00 00 13 00 F8 57 18 00  ....0........W..
  0012DB70  78 01 13 00 01 05 00 00 - 80 C7 FC 77 9D C5 FC 77  x..........w...w
  0012DB80  B4 C5 FC 77 AD C2 FC 77 - C7 30 45 01 00 00 00 00  ...w...w.0E.....
  0012DB90  B0 0E 36 01 A8 0E 36 01 - 34 DC 12 00 00 00 00 00  ..6...6.4.......
  0012DBA0  80 01 00 00 23 00 00 00 - 00 00 00 00 78 01 13 00  ....#.......x...
  0012DBB0  78 01 13 00 23 00 00 00 - 78 01 31 01 40 06 13 00  x...#...x.1.@...
  0012DBC0  B0 0E 36 01 00 0C 00 00 - 05 00 00 00 50 06 31 01  ..6.........P.1.
  0012DBD0  50 06 31 01 B0 FF 12 00 - 91 81 F9 77 40 96 F8 77  P.1........w@..w
  0012DBE0  FF FF FF FF 0C DC 12 00 - B5 BD 00 1C 00 00 31 01  ..............1.
  0012DBF0  09 00 00 00 F8 0B 00 00 - 4D E8 12 00 01 FF 02 2C  ........M......,
  0012DC00  2C 61 70 01 00 00 00 80 - 10 00 00 00 C8 E7 12 00  ,ap.............
  0012DC10  F6 0D 02 2C 88 26 04 1C - 00 A0 00 80 24 DC 12 00  ...,.&......$...
  0012DC20  78 01 13 00 78 01 13 00 - 78 01 13 00 78 01 13 00  x...x...x...x...
  0012DC30  02 FF 09 00 64 DC 12 00 - 00 00 00 00 64 99 F8 77  ....d.......d..w
  0012DC40  00 00 13 00 78 DE 13 00 - 00 00 00 00 F8 57 18 00  ....x........W..
  0012DC50  F0 47 18 00 00 00 13 00 - 74 DC 12 00 2E CA FC 77  .G......t......w
  0012DC60  01 05 00 00 F8 57 18 00 - 00 00 13 00 F0 47 18 00  .....W.......G..
  0012DC70  00 00 00 00 00 00 13 00 - 00 00 13 00 78 01 13 00  ............x...
  0012DC80  C0 C9 FC 77 08 06 13 00 - 25 C9 FC 77 00 00 00 00  ...w....%..w....
  0012DC90  7C E5 12 00 4D 53 47 49 - 44 5F 30 33 31 30 00 00  |...MSGID_0310..
  0012DCA0  13 00 00 00 00 00 00 00 - 00 00 00 00 03 00 00 00  ................
  0012DCB0  00 00 00 00 00 00 00 00 - 20 5B 50 49 44 3A 30 30  ........ [PID:00
  0012DCC0  30 30 30 35 35 38 20 54 - 49 44 3A 30 30 30 30 30  000558 TID:00000
  0012DCD0  35 34 43 5D 00 00 00 00 - 00 C2 FC 77 C7 30 45 01  54C].......w.0E.
  0012DCE0  00 00 00 00 54 DD 12 00 - 00 00 13 00 02 07 00 00  ....T...........
  0012DCF0  01 DD 11 04 C2 33 F9 77 - F0 47 03 00 01 00 00 00  .....3.w.G......
  0012DD00  28 DD 12 00 8C DC 12 00 - 18 00 00 00 B0 FF 12 00  (...............
  0012DD10  91 81 F9 77 50 96 F8 77 - FF FF FF FF CA EE 12 00  ...wP..w........
  0012DD20  98 EE 12 00 90 EA 12 00 - F0 E9 12 00 B8 DC 12 00  ................
  0012DD30  1C D7 12 00 E8 62 04 1C - E8 62 04 1C E8 62 04 1C  .....b...b...b..
  0012DD40  E8 62 04 1C 5C DD 12 00 - 00 00 00 00 18 00 00 08  .b..\...........
  0012DD50  7C E5 12 00 30 00 FE 0F - F8 47 18 00 30 33 31 30  |...0....G..0310
  0012DD60  00 3F 00 1C 00 00 00 00 - 06 00 00 00 34 00 CB 00  .?..........4...
  0012DD70  6C F9 FF FE 00 00 00 00 - 00 61 70 01 36 01 00 A0  l........ap.6...
  0012DD80  41 43 53 00 50 47 2C 01 - 00 00 00 00 94 06 30 01  ACS.PG,.......0.
  0012DD90  F8 47 18 00 00 00 00 00 - 00 00 00 00 74 60 70 01  .G..........t`p.
  0012DDA0  00 00 00 00 00 00 2C 01 - 96 12 70 01 7C 00 00 00  ......,...p.|...
  0012DDB0  B8 EE 12 00 F2 1F 02 1C - F8 52 18 00 36 01 12 00  .........R..6...
  0012DDC0  00 00 00 00 F8 47 18 00 - CA EE 12 00 98 EE 12 00  .....G..........
  0012DDD0  90 EA 12 00 F0 E9 12 00 - 6C F9 12 00 74 60 70 01  ........l...t`p.
  0012DDE0  2C 61 70 01 00 00 00 00 - 00 00 00 00 00 00 00 00  ,ap.............
  0012DDF0  00 00 00 00 00 00 00 00 - 00 00 00 00 00 00 00 00  ................
  0012DE00  00 00 00 00 00 00 00 00 - 00 00 00 00 00 00 00 00  ................
  0012DE10  00 00 00 00 00 00 00 00 - 00 00 00 00 00 00 00 00  ................
  0012DE20  00 00 00 00 00 00 00 00 - 00 00 00 00 00 00 00 00  ................
  0012DE30  00 00 00 00 00 00 00 00 - 00 00 00 00 00 00 00 00  ................
  0012DE40  00 00 00 00 00 00 00 00 - 00 00 00 00 00 00 00 00  ................
  0012DE50  00 00 00 00 00 00 00 00 - 00 00 00 00 00 00 00 00  ................
