COBOL97 診断機能

<<要約>>
 実行時ﾒｯｾｰｼﾞが発生しました:
  ｱﾌﾟﾘｹｰｼｮﾝ  : C:\COB97\SOC\AAASED25\AAASED25.EXE(PID=000001E4)
  例外種別   : JMP0311I-U [PID:000001E4 TID:00000494] 'DBMSACS'ファイルが割り当てられていません． PGM=COBCO001 ADR=015F1296
  発生時間   : 2005/03/26(12:56:22)
  発生ﾓｼﾞｭｰﾙ : C:\COB97\SOC\AAASED25\COBCO001.DLL
  作成時間   : 2004/06/07(9:15:42)
  ﾌｧｲﾙｻｲｽﾞ   : 49152bytes

<<問題箇所>>
  ｽﾚｯﾄﾞID  : 00000494
  ﾚｼﾞｽﾀ    : EAX=0012D698  EBX=1C042688  ECX=E9999999  EDX=00000001  ESI=00000000
           : EDI=0013FF38  EIP=77E5A4E1  ESP=0012D690  EBP=0012D6E8  EFL=00000246
           : CS=001B  SS=0023  DS=0023  ES=0023  FS=0038  GS=0000
  ｽﾀｯｸｺﾐｯﾄ : 00004000 (ﾄｯﾌﾟ:00130000, ﾍﾞｰｽ:0012C000)
  命令     :  ｱﾄﾞﾚｽ   +0 +1 +2 +3 +4 +5 +6 +7 +8 +9 +a +b +c +d +e +f
             77E5A4D1 01 8D 7D C4 F3 A5 8D 45 B0 50 FF 15 68 14 E5 77
     ﾌｫｰﾙﾄ ->77E5A4E1 E9 66 17 03 00 FF 74 24 08 FF 74 24 08 E8 62 FB

  ﾓｼﾞｭｰﾙﾌｧｲﾙ : C:\COB97\SOC\AAASED25\COBCO001.DLL
  ｾｸｼｮﾝ相対位置 : .text+00000296
  EXPORT相対位置 : COBCO001+0000025E

 <呼出経路>
[  1]---------------------------------------------------------------------------------
  ﾓｼﾞｭｰﾙﾌｧｲﾙ : E:\Program Files\PCOB97\F3BKATCH.dll
  ｾｸｼｮﾝ相対位置 : .text+000020E0
  EXPORT相対位置 : NotifyExecErrorInfo+00000146
[  2]---------------------------------------------------------------------------------
  ﾓｼﾞｭｰﾙﾌｧｲﾙ : E:\Program Files\PCOB97\F3BIPRCT.dll
  ｾｸｼｮﾝ相対位置 : .text+0000BBD7
  EXPORT相対位置 : JMP1MESS+00000927
[  3]---------------------------------------------------------------------------------
  ﾓｼﾞｭｰﾙﾌｧｲﾙ : E:\Program Files\PCOB97\F3BIPRCT.dll
  ｾｸｼｮﾝ相対位置 : .text+00020F6C
  EXPORT相対位置 : JMP5IOER+00000DEC
[  4]---------------------------------------------------------------------------------
  ﾓｼﾞｭｰﾙﾌｧｲﾙ : E:\Program Files\PCOB97\F3BILPIO.dll
  ｾｸｼｮﾝ相対位置 : .text+0000A88C
  EXPORT相対位置 : JMP5PCHK+00000F5C
[  5]---------------------------------------------------------------------------------
  ﾓｼﾞｭｰﾙﾌｧｲﾙ : C:\COB97\SOC\AAASED25\COBCO001.DLL
  ｾｸｼｮﾝ相対位置 : .text+0000029A
  EXPORT相対位置 : COBCO001+00000262
[  6]---------------------------------------------------------------------------------
  ﾓｼﾞｭｰﾙﾌｧｲﾙ : C:\COB97\SOC\AAASED25\AAASED25.EXE
  ｾｸｼｮﾝ相対位置 : .text+000005F1
  ｼﾝﾎﾞﾙ相対位置 : AAASED25+000005F1
  翻訳情報 : ShiftJIS, ｼﾝｸﾞﾙｽﾚｯﾄﾞ, NOOPTIMIZE
  外部ﾌﾟﾛｸﾞﾗﾑ/ｸﾗｽ : AAASED25
  ｿｰｽﾌｧｲﾙ : AAASED25.COB
  文位置 : 1445
[  7]---------------------------------------------------------------------------------
  ﾓｼﾞｭｰﾙﾌｧｲﾙ : C:\COB97\SOC\AAASED25\AAASED25.EXE
  ｾｸｼｮﾝ相対位置 : .text+0000000A
  ｼﾝﾎﾞﾙ相対位置 : AAASED25+0000000A
[  8]---------------------------------------------------------------------------------
  ﾓｼﾞｭｰﾙﾌｧｲﾙ : C:\COB97\SOC\AAASED25\AAASED25.EXE
  ｾｸｼｮﾝ相対位置 : .text+00012B09
  ｼﾝﾎﾞﾙ相対位置 : _mainCRTStartup+000000B4
[  9]---------------------------------------------------------------------------------
  ﾓｼﾞｭｰﾙﾌｧｲﾙ : E:\WINNT\system32\KERNEL32.dll
  ｾｸｼｮﾝ相対位置 : .text+000077F5
  EXPORT相対位置 : DosDateTimeToFileTime+00000C64

<<ｼｽﾃﾑ情報>>
  ｺﾝﾋﾟｭｰﾀ名      : YAQIEDU-209
  ﾕｰｻﾞｰ名        : Administrator
  Windowsﾊﾞｰｼﾞｮﾝ : Microsoft Windows 2000
  ﾊﾞｰｼﾞｮﾝﾅﾝﾊﾞｰ   : 5.0.2195
  ｻｰﾋﾞｽﾊﾟｯｸ      : Service Pack 4

<<ｺﾏﾝﾄﾞﾗｲﾝ>>
  "AAASED25.EXE" 

<<環境変数>>
  =::=::\
  ALLUSERSPROFILE=E:\Documents and Settings\All Users
  APPDATA=E:\Documents and Settings\Administrator\Application Data
  CommonProgramFiles=E:\Program Files\Common Files
  COMPUTERNAME=YAQIEDU-209
  ComSpec=E:\WINNT\system32\cmd.exe
  HOMEDRIVE=E:
  HOMEPATH=\
  Include=E:\Program Files\PCOB97\INCLUDE;E:\Program Files\Microsoft Visual Studio\VC98\include;E:\Program Files\Microsoft Visual Studio\Common\MsDev\include;
  Lib=E:\Program Files\PCOB97\LIB;E:\Program Files\PCOB97;E:\Program Files\Microsoft Visual Studio\VC98\lib;E:\Program Files\Microsoft Visual Studio\Common\MsDev\lib
  LOGONSERVER=\\YAQIEDU-209
  NUMBER_OF_PROCESSORS=1
  OS=Windows_NT
  Os2LibPath=E:\WINNT\system32\os2\dll;
  Path=D:\oracle\ora90\bin;E:\Program Files\Oracle\jre\1.1.8\bin;E:\Program Files\PCOB97\DBALIB\BIN;E:\Program Files\PCOB97\CLASSCOB\BIN;E:\Program Files\PCOB97;E:\Program Files\PCOB97\MEFTWEB;E:\Program Files\Microsoft Visual Studio\VC98\bin;E:\Program Files\Microsoft Visual Studio\Common\MsDev\bin;E:\WINNT\system32;E:\WINNT;E:\WINNT\System32\Wbem
  PATHEXT=.COM;.EXE;.BAT;.CMD;.VBS;.VBE;.JS;.JSE;.WSF;.WSH
  PROCESSOR_ARCHITECTURE=x86
  PROCESSOR_IDENTIFIER=x86 Family 6 Model 4 Stepping 2, AuthenticAMD
  PROCESSOR_LEVEL=6
  PROCESSOR_REVISION=0402
  ProgramFiles=E:\Program Files
  SystemDrive=E:
  SystemRoot=E:\WINNT
  TEMP=E:\DOCUME~1\ADMINI~1\LOCALS~1\Temp
  TMP=E:\DOCUME~1\ADMINI~1\LOCALS~1\Temp
  USERDOMAIN=YAQIEDU-209
  USERNAME=Administrator
  USERPROFILE=E:\Documents and Settings\Administrator
  windir=E:\WINNT

<<実行環境情報>>
  実行ﾓｰﾄﾞ   : ShiftJIS, ｼﾝｸﾞﾙｽﾚｯﾄﾞ
  ﾌﾟﾛｸﾞﾗﾑ名  : なし
  初期化ﾌｧｲﾙ : なし

<<STACK/HEAP情報>>
  ｽﾀｯｸ : 00100000
  ﾋｰﾌﾟ : 00100000

<<ﾀｽｸﾘｽﾄ>>
       0 Idle.exe
       8 System.exe
      88 smss.exe
      A0 csrss.exe
      9C winlogon.exe
      D0 services.exe
      DC lsass.exe
     188 svchost.exe
     1A0 spoolsv.exe
     1BC COBATSVC.exe
     1CC DefWatch.exe
     1E0 svchost.exe
     1F8 Rtvscan.exe
     25C regsvc.exe
     270 MSTask.exe
     2A4 WinMgmt.exe
     2C8 svchost.exe
     3EC Explorer.exe
     450 vptray.exe
     474 ctfmon.exe
     490 mdm.exe
     2E0 F3BXVFRM.exe
     4A0 F3BXMSRV.exe
     44C F3BXTF00.exe
      6C conime.exe
     1E4 AAASED25.exe
     4C0 COBSNAP.exe
       0 _Total.exe

<<ﾓｼﾞｭｰﾙﾘｽﾄ>>
  00400000 - 00421000  C:\COB97\SOC\AAASED25\AAASED25.EXE
                         2005/03/26(12:54:56)
  77F80000 - 77FFB000  E:\WINNT\system32\ntdll.dll
                         Microsoft Corporation, Microsoft(R) Windows (R) 2000 Operating System, 5.00.2195.6685
                         2003/06/19(12:05:04)
  62600000 - 62675000  D:\oracle\ora90\bin\orasql9.dll
                         2002/04/26(18:56:32)
  610A0000 - 6113F000  D:\oracle\ora90\bin\oracore9.dll
                         2002/05/14(17:18:16)
  612A0000 - 61319000  D:\oracle\ora90\bin\oranls9.dll
                         2002/04/25(14:03:24)
  613A0000 - 613B1000  D:\oracle\ora90\bin\oraunls9.dll
                         2002/04/25(14:03:26)
  78000000 - 78045000  E:\WINNT\system32\MSVCRT.dll
                         Microsoft Corporation, Microsoft (R) Visual C++, 6.10.9844.0
                         2003/06/19(12:05:04)
  77E50000 - 77F38000  E:\WINNT\system32\KERNEL32.dll
                         Microsoft Corporation, Microsoft(R) Windows (R) 2000 Operating System, 5.00.2195.6688
                         2003/06/19(12:05:04)
  74FB0000 - 74FBA000  E:\WINNT\system32\WSOCK32.dll
                         Microsoft Corporation, Microsoft(R) Windows (R) 2000 Operating System, 5.00.2195.6603
                         2003/06/19(12:05:04)
  74F90000 - 74FA4000  E:\WINNT\system32\WS2_32.DLL
                         Microsoft Corporation, Microsoft(R) Windows (R) 2000 Operating System, 5.00.2195.6601
                         2003/06/19(12:05:04)
  79480000 - 794E2000  E:\WINNT\system32\ADVAPI32.DLL
                         Microsoft Corporation, Microsoft(R) Windows (R) 2000 Operating System, 5.00.2195.6710
                         2003/06/19(12:05:04)
  78780000 - 787F1000  E:\WINNT\system32\RPCRT4.DLL
                         Microsoft Corporation, Microsoft(R) Windows (R) 2000 Operating System, 5.00.2195.6701
                         2003/06/19(12:05:04)
  74F80000 - 74F88000  E:\WINNT\system32\WS2HELP.DLL
                         Microsoft Corporation, Microsoft(R) Windows (R) 2000 Operating System, 5.00.2134.1
                         1999/12/17(20:00:00)
  77A20000 - 77B17000  E:\WINNT\system32\ole32.dll
                         Microsoft Corporation, Microsoft(R) Windows (R) 2000 Operating System, 5.00.2195.6692
                         2003/06/19(12:05:04)
  77F40000 - 77F7C000  E:\WINNT\system32\GDI32.DLL
                         Microsoft Corporation, Microsoft(R) Windows (R) 2000 Operating System, 5.00.2195.6660
                         2003/06/19(12:05:04)
  77DE0000 - 77E45000  E:\WINNT\system32\USER32.DLL
                         Microsoft Corporation, Microsoft(R) Windows (R) 2000 Operating System, 5.00.2195.6688
                         2003/06/19(12:05:04)
  77520000 - 77550000  E:\WINNT\system32\WINMM.dll
                         Microsoft Corporation, Microsoft(R) Windows (R) 2000 Operating System, 5.00.2161.1
                         1999/12/17(20:00:00)
  60600000 - 60784000  D:\oracle\ora90\bin\oraclient9.dll
                         2002/04/28(16:13:48)
  60800000 - 60806000  D:\oracle\ora90\bin\oravsn9.dll
                         2002/04/28(16:13:50)
  60500000 - 60590000  D:\oracle\ora90\bin\oracommon9.dll
                         2002/04/28(16:12:16)
  00430000 - 00687000  D:\oracle\ora90\bin\orageneric9.dll
                         2002/05/05(17:23:26)
  62FC0000 - 6303D000  D:\oracle\ora90\bin\oraxml9.dll
                         2002/04/27(17:50:02)
  780A0000 - 780B2000  E:\WINNT\system32\MSVCIRT.dll
                         Microsoft Corporation, Microsoft (R) Visual C++, 6.10.8637.0
                         1999/12/17(20:00:00)
  630F0000 - 63110000  D:\oracle\ora90\bin\oraxsd9.dll
                         2002/04/27(17:50:14)
  615A0000 - 61629000  D:\oracle\ora90\bin\orannzsbb9.dll
                         2002/05/04(23:00:36)
  61480000 - 61534000  D:\oracle\ora90\bin\oran9.dll
                         2002/04/26(19:31:10)
  61400000 - 6142C000  D:\oracle\ora90\bin\oranl9.dll
                         2002/04/26(19:30:18)
  61960000 - 61971000  D:\oracle\ora90\bin\oranldap9.dll
                         2002/04/26(19:31:06)
  62000000 - 62024000  D:\oracle\ora90\bin\oraldapclnt9.dll
                         2002/04/26(21:19:42)
  616B0000 - 616C7000  D:\oracle\ora90\bin\orancrypt9.dll
                         2002/04/26(19:37:34)
  77980000 - 77A1B000  E:\WINNT\system32\OLEAUT32.dll
                         2003/06/19(12:05:04)
  62300000 - 6233E000  D:\oracle\ora90\bin\ORATRACE9.dll
                         2002/04/29(14:04:08)
  61730000 - 61766000  D:\oracle\ora90\bin\oranro9.dll
                         2002/04/26(19:30:14)
  617C0000 - 617C6000  D:\oracle\ora90\bin\oranhost9.dll
                         2002/04/26(19:31:02)
  617D0000 - 617D6000  D:\oracle\ora90\bin\oranoname9.dll
                         2002/04/26(19:31:04)
  616A0000 - 616A6000  D:\oracle\ora90\bin\orancds9.dll
                         2002/04/26(19:31:24)
  61820000 - 61827000  D:\oracle\ora90\bin\orantns9.dll
                         2002/04/26(19:30:58)
  64000000 - 64007000  D:\oracle\ora90\bin\oranms.dll
                         2002/04/26(17:29:30)
  64020000 - 64030000  D:\oracle\ora90\bin\oranmsp.dll
                         2002/04/26(17:29:30)
  60A00000 - 60D13000  D:\oracle\ora90\bin\orapls9.dll
                         2002/04/28(10:45:02)
  62500000 - 62507000  D:\oracle\ora90\bin\oraslax9.dll
                         2002/04/26(17:18:00)
  61350000 - 61360000  D:\oracle\ora90\bin\orasnls9.dll
                         2002/04/25(14:03:28)
  60810000 - 60816000  D:\oracle\ora90\bin\orawtc9.dll
                         2002/04/28(16:13:52)
  1C000000 - 1C04B000  E:\Program Files\PCOB97\F3BIPRCT.dll
                         FUJITSU LIMITED, COBOL97 RUNTIME SYSTEM, 61.20.0.0
                         2001/04/13(10:06:24)
  00690000 - 006CD000  E:\Program Files\PCOB97\F3BISCRN.dll
                         FUJITSU LIMITED, COBOL97 RUNTIME SYSTEM, 61.20.0.0
                         2001/04/03(19:24:58)
  10000000 - 10015000  E:\Program Files\PCOB97\F3BKATCH.dll
                         FUJITSU LIMITED, COBOL97 RUNTIME SYSTEM, 61.20.0.0
                         2001/04/25(14:02:52)
  76AE0000 - 76B1E000  E:\WINNT\system32\comdlg32.dll
                         Microsoft Corporation, Microsoft(R) Windows (R) 2000 Operating System, 5.00.3700.6693
                         2003/06/19(12:05:04)
  77C40000 - 77C8A000  E:\WINNT\system32\SHLWAPI.DLL
                         Microsoft Corporation, Microsoft(R) Windows (R) 2000 Operating System, 5.00.3502.6601
                         2003/06/19(12:05:04)
  77B20000 - 77BA9000  E:\WINNT\system32\COMCTL32.DLL
                         Microsoft Corporation, Microsoft(R) Windows (R) 2000 Operating System, 5.00.3502.6601
                         2003/06/19(12:05:04)
  73CC0000 - 73F08000  E:\WINNT\system32\SHELL32.DLL
                         Microsoft Corporation, Microsoft(R) Windows (R) 2000 Operating System, 5.00.3700.6705
                         2003/06/19(12:05:04)
  777D0000 - 777D7000  E:\WINNT\system32\VERSION.dll
                         Microsoft Corporation, Microsoft(R) Windows (R) 2000 Operating System, 5.00.2195.6623
                         2003/06/19(12:05:04)
  75940000 - 75946000  E:\WINNT\system32\LZ32.DLL
                         Microsoft Corporation, Microsoft(R) Windows (R) 2000 Operating System, 5.00.2195.6611
                         2003/06/19(12:05:04)
  006D0000 - 00704000  E:\Program Files\PCOB97\F3BILPIO.dll
                         FUJITSU LIMITED, COBOL97 RUNTIME SYSTEM, 61.20.0.0
                         2001/04/04(13:51:38)
  00710000 - 00715000  E:\Program Files\PCOB97\F3BIOVLD.dll
                         FUJITSU LIMITED, COBOL97 RUNTIME SYSTEM, 61.20.0.0
                         2001/04/16(20:06:28)
  777B0000 - 777CE000  E:\WINNT\system32\WINSPOOL.DRV
                         Microsoft Corporation, Microsoft(R) Windows (R) 2000 Operating System, 5.00.2195.6659
                         2003/06/19(12:05:04)
  798F0000 - 79901000  E:\WINNT\system32\MPR.DLL
                         Microsoft Corporation, Microsoft(R) Windows (R) 2000 Operating System, 5.00.2195.6611
                         2003/06/19(12:05:04)
  2C000000 - 2C034000  E:\Program Files\PCOB97\F3BIIO.dll
                         FUJITSU LIMITED, COBOL97 RUNTIME SYSTEM, 61.20.0.0
                         2001/04/06(10:49:56)
  3C000000 - 3C03B000  E:\Program Files\PCOB97\F3BIFRM.dll
                         FUJITSU LIMITED, COBOL97 RUNTIME SYSTEM, 61.20.0.0
                         2001/04/05(16:06:40)
  00720000 - 00736000  E:\Program Files\PCOB97\F3BIDBG.dll
                         FUJITSU LIMITED, COBOL97 RUNTIME SYSTEM, 61.20.0.0
                         2001/04/18(11:09:12)
  75DF0000 - 75E0A000  E:\WINNT\system32\IMM32.DLL
                         Microsoft Corporation, Microsoft(R) Windows (R) 2000 Operating System, 5.00.2195.6655
                         2003/06/19(12:05:04)
  012B0000 - 012B5000  E:\Program Files\PCOB97\F3BIPRSJ.DLL
                         FUJITSU LIMITED, COBOL97 RUNTIME SYSTEM, 61.20.0.0
                         2001/04/03(20:10:44)
  012C0000 - 012C4000  E:\Program Files\PCOB97\F3BIODSJ.DLL
                         FUJITSU LIMITED, COBOL97 RUNTIME SYSTEM, 61.20.0.0
                         2001/04/06(19:11:34)
  012D0000 - 012DA000  E:\Program Files\PCOB97\F3BIMSGJ.DLL
                         FUJITSU LIMITED, COBOL97 RUNTIME SYSTEM, 61.20.0.0
                         2001/04/03(20:31:54)
  01340000 - 0134D000  E:\Program Files\PCOB97\F3BILANP.dll
                         FUJITSU LIMITED, COBOL97 RUNTIME SYSTEM, 61.20.0.0
                         2001/05/22(20:09:36)
  60000000 - 6004B000  E:\WINNT\system32\MSCTF.dll
                         Microsoft Corporation, Microsoft(R) Windows NT(R) Operating System, 1.00.2409.34
                         2003/05/21(22:49:06)
  3A600000 - 3A676000  E:\WINNT\system32\IMJP9.IME
                         Microsoft Corporation, Microsoft IME 2003, 9.0.5516.0
                         2003/07/23(22:40:04)
  3A690000 - 3A760000  E:\WINNT\system32\imjp9k.dll
                         Microsoft Corporation, Microsoft IME 2003, 9.0.5510.0
                         2003/07/14(23:03:54)
  014D0000 - 014DE000  C:\COB97\SOC\AAASED25\CLOCO001.DLL
                         2004/06/07(9:15:50)
  015F0000 - 015FC000  C:\COB97\SOC\AAASED25\COBCO001.DLL
                         2004/06/07(9:15:42)

<<ｽﾀｯｸｻﾏﾘ>>
  FramePtr RetAddr  Param-01 Param-02 Param-03 Param-04 Param-05 Param-06 Param-07 Param-08 Module:Program
  0012D6E8 100030E0 E9999999 00000000 00000000 00000000 0013FF38 0000006C 0013FF38 00000000 KERNEL32.dll:RaiseException
  0012D720 1C00CBD7 015F1296 00000010 0013FF38 00000137 00000000 0012EABB 015F90F4 015F612C F3BKATCH.dll:NotifyExecErrorInfo
  0012DDDC 1C021F6C 00140A38 00120137 00000000 0013FF38 0012EEEE 0012EAB4 0012F8FC 015F6074 F3BIPRCT.dll:JMP1MESS
  0012EEDC 006DB88C 015F6074 00000100 0055612C 015F612C 015F9040 7FFDF000 77E6CBEF 00137B70 F3BIPRCT.dll:JMP5IOER
  0012FB64 015F129A 015F6074 00000001 0012FB78 00000001 015F612C 01000110 01000100 01000110 F3BILPIO.dll:JMP5PCHK
  0012FC30 004015F1 0041BFA0 17161508 1B1A1918 1F1E1D1C 23222120 27262524 2B2A2928 2F2E2D2C COBCO001.DLL:COBCO001
  0012FF74 0040100A 00000000 0012FFC0 00413B09 00000001 01300D30 01300D58 00000000 0017AAEC AAASED25.EXE:AAASED25
  0012FF80 00413B09 00000001 01300D30 01300D58 00000000 0017AAEC 7FFDF000 8043138F 00000000 AAASED25.EXE:AAASED25
  0012FFC0 77E587F5 00000000 0017AAEC 7FFDF000 00000000 0012FFC8 00000000 FFFFFFFF 77E6F0B4 AAASED25.EXE:_mainCRTStartup
  0012FFF0 00000000 00413A55 00000000 000000C8 00000100 EEFFEEFF 00000002 00000000 0000FE00 KERNEL32.dll:DosDateTimeToFileTime

<<ｽﾀｯｸﾀﾞﾝﾌﾟ>>
  0012D690  38 FF 13 00 6C 00 00 00 - 99 99 99 E9 00 00 00 00  8...l...........
  0012D6A0  00 00 00 00 E1 A4 E5 77 - 00 00 00 00 FF FF FF FF  .......w........
  0012D6B0  E4 D6 12 00 FE 25 48 79 - 28 00 00 00 F8 EB FD 7F  .....%Hy(.......
  0012D6C0  00 00 00 00 19 00 02 00 - 18 D7 12 00 38 FF 13 00  ............8...
  0012D6D0  6C 00 00 00 88 26 04 1C - 26 00 27 00 58 56 00 10  l....&..&.'.XV..
  0012D6E0  00 00 00 00 20 D7 12 00 - 20 D7 12 00 E0 30 00 10  .... ... ....0..
  0012D6F0  99 99 99 E9 00 00 00 00 - 00 00 00 00 00 00 00 00  ................
  0012D700  38 FF 13 00 6C 00 00 00 - 38 FF 13 00 00 00 00 00  8...l...8.......
  0012D710  00 00 00 00 02 00 00 00 - 00 00 00 00 B8 CA 00 1C  ................
  0012D720  DC DD 12 00 D7 CB 00 1C - 96 12 5F 01 10 00 00 00  .........._.....
  0012D730  38 FF 13 00 37 01 00 00 - 00 00 00 00 BB EA 12 00  8...7...........
  0012D740  F4 90 5F 01 2C 61 5F 01 - 20 50 47 4D 3D 43 4F 42  .._.,a_. PGM=COB
  0012D750  43 4F 30 30 31 20 41 44 - 52 3D 30 31 35 46 31 32  CO001 ADR=015F12
  0012D760  39 36 00 00 01 06 00 00 - 80 C7 FC 77 9D C5 FC 77  96.........w...w
  0012D770  B4 C5 FC 77 AD C2 FC 77 - 89 01 04 1C 00 00 00 00  ...w...w........
  0012D780  FF FF FF FF 28 D9 12 00 - 5C C3 FC 77 78 13 13 00  ....(...\..wx...
  0012D790  0A 02 00 00 1A 02 00 00 - 00 00 00 00 78 01 13 00  ............x...
  0012D7A0  78 01 13 00 00 00 00 00 - 00 00 00 00 40 06 13 00  x...........@...
  0012D7B0  00 00 00 00 00 00 00 00 - 00 00 00 00 00 00 00 00  ................
  0012D7C0  00 00 00 00 00 00 00 00 - 00 00 00 00 00 00 00 00  ................
  0012D7D0  00 00 00 00 00 00 00 00 - 00 00 00 00 00 00 00 00  ................
  0012D7E0  00 00 00 00 00 00 00 00 - 00 00 00 00 00 00 00 00  ................
  0012D7F0  00 00 00 00 00 00 00 00 - 00 00 00 00 00 00 00 00  ................
  0012D800  00 00 00 00 00 00 00 00 - 00 00 00 00 00 00 00 00  ................
  0012D810  78 01 13 00 78 01 13 00 - 78 01 13 00 78 01 13 00  x...x...x...x...
  0012D820  18 00 00 00 54 D8 12 00 - 00 00 00 00 64 99 F8 77  ....T.......d..w
  0012D830  00 00 13 00 78 C7 13 00 - 00 00 00 00 F8 EF 13 00  ....x...........
  0012D840  F0 DF 13 00 00 00 13 00 - 64 D8 12 00 2E CA FC 77  ........d......w
  0012D850  01 06 00 00 F8 EF 13 00 - 00 00 13 00 F0 DF 13 00  ................
  0012D860  00 00 00 00 00 00 13 00 - 00 00 13 00 78 01 13 00  ............x...
  0012D870  C0 C9 FC 77 08 06 13 00 - 25 C9 FC 77 AD C2 FC 77  ...w....%..w...w
  0012D880  23 00 00 C0 D3 C7 FC 77 - 00 00 00 00 00 00 00 00  #......w........
  0012D890  01 00 00 00 22 00 00 00 - 00 00 00 00 03 00 00 00  ...."...........
  0012D8A0  00 00 00 00 00 00 00 00 - 10 00 00 00 78 01 13 00  ............x...
  0012D8B0  78 01 13 00 78 01 13 00 - 78 01 13 00 70 F1 FC 77  x...x...x...p..w
  0012D8C0  30 DA 12 00 38 DA 12 00 - 00 00 00 00 F8 D8 12 00  0...8...........
  0012D8D0  C2 33 F9 77 F8 EB 12 00 - 0E 00 00 00 04 D9 12 00  .3.w............
  0012D8E0  44 D9 12 00 1C 00 00 00 - 9C 00 00 00 F8 EB 12 00  D...............
  0012D8F0  00 00 5F 01 00 00 00 00 - 40 DA 12 00 CD 3C E6 77  .._.....@....<.w
  0012D900  38 DA 12 00 0E 00 00 00 - 00 00 00 00 00 00 00 00  8...............
  0012D910  01 00 00 00 1C 01 00 00 - 05 00 00 00 00 00 00 00  ................
  0012D920  93 08 00 00 02 00 00 00 - 53 00 65 00 72 00 76 00  ........S.e.r.v.
  0012D930  69 00 63 00 65 00 20 00 - 50 00 61 00 63 00 6B 00  i.c.e. .P.a.c.k.
  0012D940  20 00 34 00 00 00 FE 0F - F8 DF 13 00 6C E9 12 00   .4.........l...
  0012D950  1E 3F 00 1C 00 01 00 C0 - 6C E1 12 00 00 08 00 00  .?......l.......
  0012D960  60 00 36 01 D8 5E 32 01 - C8 5E 32 01 40 47 4F 50  `.6..^2..^2.@GOP
  0012D970  54 00 00 00 00 00 00 00 - 00 00 00 00 00 00 00 00  T...............
  0012D980  00 00 00 00 00 00 00 00 - 00 00 00 00 00 00 00 00  ................
  0012D990  00 00 00 00 00 00 00 00 - 00 00 00 00 00 00 00 00  ................
  0012D9A0  00 00 00 00 00 00 00 00 - 00 00 00 00 00 00 00 00  ................
  0012D9B0  00 00 00 00 00 00 00 00 - 00 00 00 00 00 00 00 00  ................
  0012D9C0  00 00 00 00 00 00 00 00 - 00 00 00 00 00 00 00 00  ................
  0012D9D0  00 00 00 00 00 00 00 00 - 00 00 00 00 00 00 00 00  ................
  0012D9E0  00 00 00 00 00 00 00 00 - 00 00 00 00 00 00 00 00  ................
  0012D9F0  00 00 00 00 00 00 00 00 - 00 00 00 00 00 00 00 00  ................
  0012DA00  00 00 00 00 00 00 00 00 - 00 00 00 00 00 00 00 00  ................
  0012DA10  00 00 00 00 00 00 00 00 - 00 00 00 00 00 00 00 00  ................
  0012DA20  00 00 00 00 00 00 00 00 - 04 00 00 00 00 00 01 00  ................
  0012DA30  1C 00 1E 00 28 D9 12 00 - 0E 00 80 00 F8 EB 12 00  ....(...........
  0012DA40  7C EC 12 00 1C 18 5F 01 - 01 00 00 00 00 00 5F 01  |....._......._.
  0012DA50  00 00 00 00 00 00 00 00 - 00 00 00 00 00 00 00 00  ................
  0012DA60  00 00 00 00 00 00 00 00 - 00 00 00 00 00 00 00 00  ................
  0012DA70  00 00 00 00 00 00 00 00 - 00 00 00 00 00 00 00 00  ................
  0012DA80  00 00 00 00 00 00 00 00 - 00 00 00 00 00 00 00 00  ................
  0012DA90  00 00 00 00 00 00 00 00 - 00 00 00 00 00 00 00 00  ................
  0012DAA0  00 00 00 00 00 00 00 00 - 00 00 00 00 00 00 00 00  ................
  0012DAB0  00 00 00 00 00 00 00 00 - 00 00 00 00 00 00 00 00  ................
  0012DAC0  00 00 00 00 00 00 00 00 - 00 00 00 00 00 00 00 00  ................
  0012DAD0  00 00 00 00 00 00 00 00 - 00 00 00 00 00 00 00 00  ................
  0012DAE0  00 00 00 00 00 00 00 00 - 00 00 00 00 00 00 00 00  ................
  0012DAF0  00 00 00 00 00 00 00 00 - 00 00 00 00 00 00 00 00  ................
  0012DB00  00 00 00 00 00 00 00 00 - 00 00 00 00 00 00 00 00  ................
  0012DB10  00 00 00 00 00 00 00 00 - 00 00 00 00 00 00 00 00  ................
  0012DB20  00 00 00 00 00 00 00 00 - 00 00 00 00 00 00 00 00  ................
  0012DB30  00 00 00 00 00 00 00 00 - 00 00 00 00 00 00 00 00  ................
  0012DB40  00 00 00 00 00 00 00 00 - 00 00 00 00 00 00 00 00  ................
  0012DB50  00 00 00 00 00 00 00 00 - 00 00 00 00 00 00 00 00  ................
  0012DB60  00 00 00 00 00 00 00 00 - 9C DB 12 00 06 00 00 00  ................
  0012DB70  54 2A F9 77 A8 DB 12 00 - 06 00 00 00 54 2A F9 77  T*.w........T*.w
  0012DB80  00 00 13 00 A8 07 13 00 - 06 00 00 00 48 D8 13 00  ............H...
  0012DB90  80 DB 12 00 00 02 00 00 - 3C DD 12 00 91 81 F9 77  ........<......w
  0012DBA0  98 2A F9 77 FF FF FF FF - 4C DD 12 00 5C C3 FC 77  .*.w....L...\..w
  0012DBB0  A8 07 13 00 98 DD 12 00 - A0 DD 12 00 00 00 00 00  ................
  0012DBC0  78 01 13 00 00 00 13 00 - F8 EF 13 00 78 01 13 00  x...........x...
  0012DBD0  01 06 00 00 80 C7 FC 77 - 9D C5 FC 77 B4 C5 FC 77  .......w...w...w
  0012DBE0  AD C2 FC 77 AA 08 04 1C - 00 00 00 00 00 00 00 00  ...w............
  0012DBF0  00 00 00 00 00 00 00 00 - 00 00 00 00 78 01 13 00  ............x...
  0012DC00  78 01 13 00 00 00 00 00 - 78 01 13 00 78 01 13 00  x.......x...x...
  0012DC10  00 00 00 00 00 00 00 00 - 40 06 13 00 00 00 00 00  ........@.......
  0012DC20  00 00 00 00 00 00 00 00 - 00 00 00 00 00 00 00 00  ................
  0012DC30  00 00 00 00 00 00 00 00 - 6C DC 12 00 03 00 00 00  ........l.......
  0012DC40  54 2A F9 77 00 00 13 00 - 18 07 13 00 03 00 00 00  T*.w............
  0012DC50  A8 DF 13 00 44 DC 12 00 - 00 02 00 00 00 DE 12 00  ....D...........
  0012DC60  91 81 F9 77 98 2A F9 77 - FF FF FF FF 10 DE 12 00  ...w.*.w........
  0012DC70  5C C3 FC 77 18 07 13 00 - 5C DE 12 00 64 DE 12 00  \..w....\...d...
  0012DC80  00 00 00 00 78 01 13 00 - 00 00 13 00 38 0F 14 00  ....x.......8...
  0012DC90  78 01 13 00 19 02 00 00 - 80 C7 FC 77 9D C5 FC 77  x..........w...w
  0012DCA0  B4 C5 FC 77 AD C2 FC 77 - F4 90 5F 01 00 00 00 00  ...w...w.._.....
  0012DCB0  00 00 13 00 D0 DC 12 00 - 2E CA FC 77 01 06 00 00  ...........w....
  0012DCC0  4D 53 47 49 44 5F 30 33 - 31 31 00 00 13 00 13 00  MSGID_0311......
  0012DCD0  78 01 13 00 00 00 13 00 - 78 01 13 00 40 06 13 00  x.......x...@...
  0012DCE0  08 06 13 00 20 5B 50 49 - 44 3A 30 30 30 30 30 31  .... [PID:000001
  0012DCF0  45 34 20 54 49 44 3A 30 - 30 30 30 30 34 39 34 5D  E4 TID:00000494]
  0012DD00  00 00 00 00 00 00 00 00 - 06 00 00 00 78 01 13 00  ............x...
  0012DD10  78 01 13 00 10 00 00 00 - 78 01 13 00 78 01 11 04  x.......x...x...
  0012DD20  78 01 13 00 78 01 03 00 - 70 F1 FC 77 00 00 13 00  x...x...p..w....
  0012DD30  06 00 00 00 00 C2 FC 77 - AA 08 04 1C 00 00 00 00  .......w........
  0012DD40  78 01 13 00 78 01 13 00 - EE EE 12 00 B4 EA 12 00  x...x...........
  0012DD50  E4 DC 12 00 48 D7 12 00 - E8 62 04 1C E8 62 04 1C  ....H....b...b..
  0012DD60  E8 62 04 1C E8 62 04 1C - E8 62 04 1C E8 62 04 1C  .b...b...b...b..
  0012DD70  88 DD 12 00 00 00 13 00 - 94 DD 12 00 2E CA FC 77  ...............w
  0012DD80  19 02 00 00 38 0F 14 00 - 30 33 31 31 00 FF 13 00  ....8...0311....
  0012DD90  00 00 00 00 04 00 00 00 - 0C 00 CC 00 78 01 FF FE  ............x...
  0012DDA0  00 00 00 00 00 06 13 00 - 37 01 00 A0 AD C2 FC 77  ........7......w
  0012DDB0  58 47 2D 01 D3 C7 FC 77 - 94 06 31 01 38 FF 13 00  XG-....w..1.8...
  0012DDC0  00 00 00 00 00 00 00 00 - 74 60 5F 01 03 00 00 00  ........t`_.....
  0012DDD0  00 00 2D 01 96 12 5F 01 - 6C 00 00 00 DC EE 12 00  ..-..._.l.......
  0012DDE0  6C 1F 02 1C 38 0A 14 00 - 37 01 12 00 00 00 00 00  l...8...7.......
  0012DDF0  38 FF 13 00 EE EE 12 00 - B4 EA 12 00 FC F8 12 00  8...............
  0012DE00  74 60 5F 01 2C 61 5F 01 - 00 00 13 00 1A 04 00 00  t`_.,a_.........
  0012DE10  01 FF 12 00 B0 FF 12 00 - 30 FF 13 00 01 96 F8 77  ........0......w
  0012DE20  AD C2 FC 77 23 00 00 C0 - 38 DE 12 00 D3 C7 FC 77  ...w#...8......w
  0012DE30  4A D0 F8 77 00 01 00 C0 - 7C DE 12 00 0D BC E5 77  J..w....|......w
  0012DE40  CB 00 00 00 23 00 00 C0 - 25 62 E5 77 00 01 00 C0  ....#...%b.w....
  0012DE50  A3 DE 12 00 F4 90 5F 01 - C8 56 32 01 07 00 08 00  ......_..V2.....
  0012DE60  9C DE 12 00 00 00 00 00 - 00 00 00 00 01 06 00 00  ................
  0012DE70  80 C7 FC 77 9D C5 FE 0F - 38 FF 13 00 9C EE 12 00  ...w....8.......
  0012DE80  1E 3F 00 1C 00 01 00 C0 - 9C E6 12 00 00 08 00 00  .?..............
